<?xml version="1.0" encoding="UTF-8"?>
<testsuites name="jest tests" tests="130" failures="26" errors="0" time="97.06">
  <testsuite name="Critical User Flow End-to-End Tests" errors="0" failures="10" skipped="0" timestamp="2025-10-28T12:37:31" time="21.199" tests="11">
    <testcase classname="Critical User Flow End-to-End Tests Existing User Daily Horoscope Flow should generate real daily horoscope for existing user" name="Critical User Flow End-to-End Tests Existing User Daily Horoscope Flow should generate real daily horoscope for existing user" time="0.203">
      <failure>Error: expected 200 &quot;OK&quot;, got 500 &quot;Internal Server Error&quot;
    at Object.expect (/Users/mohitmendiratta/Projects/bots/w1/astro-whatsapp-bot/tests/e2e/critical-user-flow.test.js:215:10)
    at Promise.then.completed (/Users/mohitmendiratta/Projects/bots/w1/astro-whatsapp-bot/node_modules/jest-circus/build/utils.js:298:28)
    at new Promise (&lt;anonymous&gt;)
    at callAsyncCircusFn (/Users/mohitmendiratta/Projects/bots/w1/astro-whatsapp-bot/node_modules/jest-circus/build/utils.js:231:10)
    at _callCircusTest (/Users/mohitmendiratta/Projects/bots/w1/astro-whatsapp-bot/node_modules/jest-circus/build/run.js:316:40)
    at processTicksAndRejections (node:internal/process/task_queues:105:5)
    at _runTest (/Users/mohitmendiratta/Projects/bots/w1/astro-whatsapp-bot/node_modules/jest-circus/build/run.js:252:3)
    at _runTestsForDescribeBlock (/Users/mohitmendiratta/Projects/bots/w1/astro-whatsapp-bot/node_modules/jest-circus/build/run.js:126:9)
    at _runTestsForDescribeBlock (/Users/mohitmendiratta/Projects/bots/w1/astro-whatsapp-bot/node_modules/jest-circus/build/run.js:121:9)
    at _runTestsForDescribeBlock (/Users/mohitmendiratta/Projects/bots/w1/astro-whatsapp-bot/node_modules/jest-circus/build/run.js:121:9)
    at run (/Users/mohitmendiratta/Projects/bots/w1/astro-whatsapp-bot/node_modules/jest-circus/build/run.js:71:3)
    at runAndTransformResultsToJestFormat (/Users/mohitmendiratta/Projects/bots/w1/astro-whatsapp-bot/node_modules/jest-circus/build/legacy-code-todo-rewrite/jestAdapterInit.js:122:21)
    at jestAdapter (/Users/mohitmendiratta/Projects/bots/w1/astro-whatsapp-bot/node_modules/jest-circus/build/legacy-code-todo-rewrite/jestAdapter.js:79:19)
    at runTestInternal (/Users/mohitmendiratta/Projects/bots/w1/astro-whatsapp-bot/node_modules/jest-runner/build/runTest.js:367:16)
    at runTest (/Users/mohitmendiratta/Projects/bots/w1/astro-whatsapp-bot/node_modules/jest-runner/build/runTest.js:444:34)
----
    at Test._assertStatus (/Users/mohitmendiratta/Projects/bots/w1/astro-whatsapp-bot/node_modules/supertest/lib/test.js:252:14)
    at /Users/mohitmendiratta/Projects/bots/w1/astro-whatsapp-bot/node_modules/supertest/lib/test.js:308:13
    at Test._assertFunction (/Users/mohitmendiratta/Projects/bots/w1/astro-whatsapp-bot/node_modules/supertest/lib/test.js:285:13)
    at Test.assert (/Users/mohitmendiratta/Projects/bots/w1/astro-whatsapp-bot/node_modules/supertest/lib/test.js:164:23)
    at Server.localAssert (/Users/mohitmendiratta/Projects/bots/w1/astro-whatsapp-bot/node_modules/supertest/lib/test.js:120:14)
    at Object.onceWrapper (node:events:622:28)
    at Server.emit (node:events:508:28)
    at emitCloseNT (node:net:2419:8)
    at processTicksAndRejections (node:internal/process/task_queues:89:21)</failure>
    </testcase>
    <testcase classname="Critical User Flow End-to-End Tests Interactive Button Flow should process interactive button reply for compatibility checking" name="Critical User Flow End-to-End Tests Interactive Button Flow should process interactive button reply for compatibility checking" time="1.044">
      <failure>Error: expect(jest.fn()).toHaveBeenCalled()

Expected number of calls: &gt;= 1
Received number of calls:    0
    at Object.toHaveBeenCalled (/Users/mohitmendiratta/Projects/bots/w1/astro-whatsapp-bot/tests/e2e/critical-user-flow.test.js:308:27)</failure>
    </testcase>
    <testcase classname="Critical User Flow End-to-End Tests Error Handling Flow should handle processing errors gracefully" name="Critical User Flow End-to-End Tests Error Handling Flow should handle processing errors gracefully" time="3.026">
      <failure>Error: expect(jest.fn()).toHaveBeenCalledWith(...expected)

Expected: &quot;5566778899&quot;, &quot;I&apos;m sorry, I encountered an error processing your message. Please try again later!&quot;

Number of calls: 0
    at Object.toHaveBeenCalledWith (/Users/mohitmendiratta/Projects/bots/w1/astro-whatsapp-bot/tests/e2e/critical-user-flow.test.js:375:27)
    at processTicksAndRejections (node:internal/process/task_queues:105:5)</failure>
    </testcase>
    <testcase classname="Critical User Flow End-to-End Tests Performance and Scalability Flow should handle high volume of messages without crashing" name="Critical User Flow End-to-End Tests Performance and Scalability Flow should handle high volume of messages without crashing" time="3.509">
      <failure>Error: expect(jest.fn()).toHaveBeenCalledTimes(expected)

Expected number of calls: 20
Received number of calls: 0
    at Object.toHaveBeenCalledTimes (/Users/mohitmendiratta/Projects/bots/w1/astro-whatsapp-bot/tests/e2e/critical-user-flow.test.js:480:27)</failure>
    </testcase>
    <testcase classname="Critical User Flow End-to-End Tests Security and Compliance Flow should validate webhook signatures when provided" name="Critical User Flow End-to-End Tests Security and Compliance Flow should validate webhook signatures when provided" time="0.013">
    </testcase>
    <testcase classname="Critical User Flow End-to-End Tests Subscription and Payment Flow should handle subscription plan inquiry" name="Critical User Flow End-to-End Tests Subscription and Payment Flow should handle subscription plan inquiry" time="1.032">
      <failure>Error: expect(jest.fn()).toHaveBeenCalled()

Expected number of calls: &gt;= 1
Received number of calls:    0
    at Object.toHaveBeenCalled (/Users/mohitmendiratta/Projects/bots/w1/astro-whatsapp-bot/tests/e2e/critical-user-flow.test.js:638:27)</failure>
    </testcase>
    <testcase classname="Critical User Flow End-to-End Tests Subscription and Payment Flow should handle premium subscription request" name="Critical User Flow End-to-End Tests Subscription and Payment Flow should handle premium subscription request" time="1.049">
      <failure>Error: expect(jest.fn()).toHaveBeenCalledTimes(expected)

Expected number of calls: 2
Received number of calls: 0
    at Object.toHaveBeenCalledTimes (/Users/mohitmendiratta/Projects/bots/w1/astro-whatsapp-bot/tests/e2e/critical-user-flow.test.js:703:27)</failure>
    </testcase>
    <testcase classname="Critical User Flow End-to-End Tests Astrology Readings Flow Profile Management Flow should handle profile viewing request" name="Critical User Flow End-to-End Tests Astrology Readings Flow Profile Management Flow should handle profile viewing request" time="1.078">
      <failure>Error: expect(jest.fn()).toHaveBeenCalled()

Expected number of calls: &gt;= 1
Received number of calls:    0
    at Object.toHaveBeenCalled (/Users/mohitmendiratta/Projects/bots/w1/astro-whatsapp-bot/tests/e2e/critical-user-flow.test.js:794:29)</failure>
    </testcase>
    <testcase classname="Critical User Flow End-to-End Tests Astrology Readings Flow should handle tarot reading request" name="Critical User Flow End-to-End Tests Astrology Readings Flow should handle tarot reading request" time="1.024">
      <failure>Error: expect(jest.fn()).toHaveBeenCalled()

Expected number of calls: &gt;= 1
Received number of calls:    0
    at Object.toHaveBeenCalled (/Users/mohitmendiratta/Projects/bots/w1/astro-whatsapp-bot/tests/e2e/critical-user-flow.test.js:869:27)</failure>
    </testcase>
    <testcase classname="Critical User Flow End-to-End Tests Astrology Readings Flow should handle palmistry reading request" name="Critical User Flow End-to-End Tests Astrology Readings Flow should handle palmistry reading request" time="1.028">
      <failure>Error: expect(jest.fn()).toHaveBeenCalled()

Expected number of calls: &gt;= 1
Received number of calls:    0
    at Object.toHaveBeenCalled (/Users/mohitmendiratta/Projects/bots/w1/astro-whatsapp-bot/tests/e2e/critical-user-flow.test.js:927:27)</failure>
    </testcase>
    <testcase classname="Critical User Flow End-to-End Tests Astrology Readings Flow should handle numerology report request" name="Critical User Flow End-to-End Tests Astrology Readings Flow should handle numerology report request" time="1.044">
      <failure>Error: expect(jest.fn()).toHaveBeenCalled()

Expected number of calls: &gt;= 1
Received number of calls:    0
    at Object.toHaveBeenCalled (/Users/mohitmendiratta/Projects/bots/w1/astro-whatsapp-bot/tests/e2e/critical-user-flow.test.js:985:27)</failure>
    </testcase>
  </testsuite>
  <testsuite name="REAL WhatsApp Bot End-to-End Flow Tests" errors="0" failures="3" skipped="0" timestamp="2025-10-28T12:37:52" time="15.415" tests="5">
    <testcase classname="REAL WhatsApp Bot End-to-End Flow Tests Complete User Onboarding Flow should complete full onboarding and generate real astrology reading" name="REAL WhatsApp Bot End-to-End Flow Tests Complete User Onboarding Flow should complete full onboarding and generate real astrology reading" time="7.311">
      <failure>Error: expect(received).toBe(expected) // Object.is equality

Expected: true
Received: false
    at Object.toBe (/Users/mohitmendiratta/Projects/bots/w1/astro-whatsapp-bot/tests/e2e/real-whatsapp-flow.test.js:224:36)
    at processTicksAndRejections (node:internal/process/task_queues:105:5)</failure>
    </testcase>
    <testcase classname="REAL WhatsApp Bot End-to-End Flow Tests Existing User Astrology Requests should generate real daily horoscope for existing user" name="REAL WhatsApp Bot End-to-End Flow Tests Existing User Astrology Requests should generate real daily horoscope for existing user" time="4.5">
      <failure>Error: expect(received).toContain(expected) // indexOf

Expected substring: &quot;🔮 *Your Daily Horoscope*&quot;
Received string:    &quot;[object Promise]·
[object Promise]·
[object Promise]
[object Promise]
[object Promise]
[object Promise]
[object Promise]
[object Promise][object Promise]&quot;
    at Object.toContain (/Users/mohitmendiratta/Projects/bots/w1/astro-whatsapp-bot/tests/e2e/real-whatsapp-flow.test.js:309:37)
    at processTicksAndRejections (node:internal/process/task_queues:105:5)</failure>
    </testcase>
    <testcase classname="REAL WhatsApp Bot End-to-End Flow Tests Existing User Astrology Requests should handle compatibility request with real calculations" name="REAL WhatsApp Bot End-to-End Flow Tests Existing User Astrology Requests should handle compatibility request with real calculations" time="0.068">
      <failure>Error: expect(received).toContain(expected) // indexOf

Expected substring: &quot;💕 *Compatibility Analysis*&quot;
Received string:    &quot;messages.compatibility.error&quot;
    at Object.toContain (/Users/mohitmendiratta/Projects/bots/w1/astro-whatsapp-bot/tests/e2e/real-whatsapp-flow.test.js:349:27)
    at processTicksAndRejections (node:internal/process/task_queues:105:5)</failure>
    </testcase>
    <testcase classname="REAL WhatsApp Bot End-to-End Flow Tests Error Handling and Edge Cases should handle invalid webhook payload gracefully" name="REAL WhatsApp Bot End-to-End Flow Tests Error Handling and Edge Cases should handle invalid webhook payload gracefully" time="0.018">
    </testcase>
    <testcase classname="REAL WhatsApp Bot End-to-End Flow Tests Error Handling and Edge Cases should handle malformed messages gracefully" name="REAL WhatsApp Bot End-to-End Flow Tests Error Handling and Edge Cases should handle malformed messages gracefully" time="0.043">
    </testcase>
  </testsuite>
  <testsuite name="External API Integration Tests - SAFE VALIDATION" errors="0" failures="9" skipped="0" timestamp="2025-10-28T12:38:08" time="5.284" tests="15">
    <testcase classname="External API Integration Tests - SAFE VALIDATION Google Maps Integration - SAFE TESTING should validate Google Maps client setup" name="External API Integration Tests - SAFE VALIDATION Google Maps Integration - SAFE TESTING should validate Google Maps client setup" time="0.006">
    </testcase>
    <testcase classname="External API Integration Tests - SAFE VALIDATION Google Maps Integration - SAFE TESTING should handle astrocartography requests safely" name="External API Integration Tests - SAFE VALIDATION Google Maps Integration - SAFE TESTING should handle astrocartography requests safely" time="0.226">
      <failure>Error: expect(jest.fn()).toHaveBeenCalled()

Expected number of calls: &gt;= 1
Received number of calls:    0
    at Object.toHaveBeenCalled (/Users/mohitmendiratta/Projects/bots/w1/astro-whatsapp-bot/tests/e2e/external-api-integration.test.js:96:33)
    at processTicksAndRejections (node:internal/process/task_queues:105:5)</failure>
    </testcase>
    <testcase classname="External API Integration Tests - SAFE VALIDATION OpenAI/Gemini Integration - SAFE TESTING should validate AI service imports" name="External API Integration Tests - SAFE VALIDATION OpenAI/Gemini Integration - SAFE TESTING should validate AI service imports" time="0.004">
    </testcase>
    <testcase classname="External API Integration Tests - SAFE VALIDATION OpenAI/Gemini Integration - SAFE TESTING should handle AI-powered readings safely" name="External API Integration Tests - SAFE VALIDATION OpenAI/Gemini Integration - SAFE TESTING should handle AI-powered readings safely" time="0.023">
      <failure>Error: expect(jest.fn()).toHaveBeenCalled()

Expected number of calls: &gt;= 1
Received number of calls:    0
    at Object.toHaveBeenCalled (/Users/mohitmendiratta/Projects/bots/w1/astro-whatsapp-bot/tests/e2e/external-api-integration.test.js:151:33)
    at processTicksAndRejections (node:internal/process/task_queues:105:5)</failure>
    </testcase>
    <testcase classname="External API Integration Tests - SAFE VALIDATION WhatsApp API Integration - SAFE TESTING should validate WhatsApp service setup" name="External API Integration Tests - SAFE VALIDATION WhatsApp API Integration - SAFE TESTING should validate WhatsApp service setup" time="0.005">
    </testcase>
    <testcase classname="External API Integration Tests - SAFE VALIDATION WhatsApp API Integration - SAFE TESTING should handle WhatsApp message processing" name="External API Integration Tests - SAFE VALIDATION WhatsApp API Integration - SAFE TESTING should handle WhatsApp message processing" time="0.01">
      <failure>Error: expect(jest.fn()).toHaveBeenCalled()

Expected number of calls: &gt;= 1
Received number of calls:    0
    at Object.toHaveBeenCalled (/Users/mohitmendiratta/Projects/bots/w1/astro-whatsapp-bot/tests/e2e/external-api-integration.test.js:199:33)
    at processTicksAndRejections (node:internal/process/task_queues:105:5)</failure>
    </testcase>
    <testcase classname="External API Integration Tests - SAFE VALIDATION Database Integration - REAL MONGO OPERATIONS should perform REAL database CRUD operations" name="External API Integration Tests - SAFE VALIDATION Database Integration - REAL MONGO OPERATIONS should perform REAL database CRUD operations" time="0.226">
      <failure>Error: expect(received).toBe(expected) // Object.is equality

Expected: &quot;es&quot;
Received: undefined
    at Object.toBe (/Users/mohitmendiratta/Projects/bots/w1/astro-whatsapp-bot/tests/e2e/external-api-integration.test.js:222:36)
    at processTicksAndRejections (node:internal/process/task_queues:105:5)</failure>
    </testcase>
    <testcase classname="External API Integration Tests - SAFE VALIDATION Database Integration - REAL MONGO OPERATIONS should handle database connection errors gracefully" name="External API Integration Tests - SAFE VALIDATION Database Integration - REAL MONGO OPERATIONS should handle database connection errors gracefully" time="0.008">
    </testcase>
    <testcase classname="External API Integration Tests - SAFE VALIDATION Payment Integration - SAFE TESTING should validate payment service setup" name="External API Integration Tests - SAFE VALIDATION Payment Integration - SAFE TESTING should validate payment service setup" time="0.001">
    </testcase>
    <testcase classname="External API Integration Tests - SAFE VALIDATION Payment Integration - SAFE TESTING should handle payment-related requests safely" name="External API Integration Tests - SAFE VALIDATION Payment Integration - SAFE TESTING should handle payment-related requests safely" time="0.023">
      <failure>Error: expect(jest.fn()).toHaveBeenCalled()

Expected number of calls: &gt;= 1
Received number of calls:    0
    at Object.toHaveBeenCalled (/Users/mohitmendiratta/Projects/bots/w1/astro-whatsapp-bot/tests/e2e/external-api-integration.test.js:262:33)
    at processTicksAndRejections (node:internal/process/task_queues:105:5)</failure>
    </testcase>
    <testcase classname="External API Integration Tests - SAFE VALIDATION Error Handling &amp; Resilience should handle network timeouts gracefully" name="External API Integration Tests - SAFE VALIDATION Error Handling &amp; Resilience should handle network timeouts gracefully" time="0.02">
      <failure>Error: expect(jest.fn()).toHaveBeenCalled()

Expected number of calls: &gt;= 1
Received number of calls:    0
    at Object.toHaveBeenCalled (/Users/mohitmendiratta/Projects/bots/w1/astro-whatsapp-bot/tests/e2e/external-api-integration.test.js:295:33)
    at processTicksAndRejections (node:internal/process/task_queues:105:5)</failure>
    </testcase>
    <testcase classname="External API Integration Tests - SAFE VALIDATION Error Handling &amp; Resilience should handle malformed data gracefully" name="External API Integration Tests - SAFE VALIDATION Error Handling &amp; Resilience should handle malformed data gracefully" time="0.004">
      <failure>CastError: Cast to string failed for value &quot;{ phoneNumber: &apos;+incomplete&apos;, profileComplete: false }&quot; (type Object) at path &quot;phoneNumber&quot; for model &quot;User&quot;
    at SchemaString.Object.&lt;anonymous&gt;.SchemaString.cast (/Users/mohitmendiratta/Projects/bots/w1/astro-whatsapp-bot/node_modules/mongoose/lib/schema/string.js:606:11)
    at SchemaString.Object.&lt;anonymous&gt;.SchemaType.applySetters (/Users/mohitmendiratta/Projects/bots/w1/astro-whatsapp-bot/node_modules/mongoose/lib/schematype.js:1219:12)
    at SchemaString.Object.&lt;anonymous&gt;.SchemaString.castForQuery (/Users/mohitmendiratta/Projects/bots/w1/astro-whatsapp-bot/node_modules/mongoose/lib/schema/string.js:691:15)
    at cast (/Users/mohitmendiratta/Projects/bots/w1/astro-whatsapp-bot/node_modules/mongoose/lib/cast.js:318:34)
    at model.Query.Object.&lt;anonymous&gt;.Query.cast (/Users/mohitmendiratta/Projects/bots/w1/astro-whatsapp-bot/node_modules/mongoose/lib/query.js:4927:12)
    at model.Query.Object.&lt;anonymous&gt;.Query._castConditions (/Users/mohitmendiratta/Projects/bots/w1/astro-whatsapp-bot/node_modules/mongoose/lib/query.js:2237:10)
    at model.Query._findOne (/Users/mohitmendiratta/Projects/bots/w1/astro-whatsapp-bot/node_modules/mongoose/lib/query.js:2533:8)
    at model.Query.exec (/Users/mohitmendiratta/Projects/bots/w1/astro-whatsapp-bot/node_modules/mongoose/lib/query.js:4447:28)
    at processTicksAndRejections (node:internal/process/task_queues:105:5)
    at Object.createUser (/Users/mohitmendiratta/Projects/bots/w1/astro-whatsapp-bot/src/models/userModel.js:19:26)
    at Object.&lt;anonymous&gt; (/Users/mohitmendiratta/Projects/bots/w1/astro-whatsapp-bot/tests/e2e/external-api-integration.test.js:310:32)</failure>
    </testcase>
    <testcase classname="External API Integration Tests - SAFE VALIDATION Performance &amp; Scalability should handle concurrent requests efficiently" name="External API Integration Tests - SAFE VALIDATION Performance &amp; Scalability should handle concurrent requests efficiently" time="0.12">
      <failure>Error: expect(jest.fn()).toHaveBeenCalled()

Expected number of calls: &gt;= 1
Received number of calls:    0
    at Object.toHaveBeenCalled (/Users/mohitmendiratta/Projects/bots/w1/astro-whatsapp-bot/tests/e2e/external-api-integration.test.js:384:33)
    at processTicksAndRejections (node:internal/process/task_queues:105:5)</failure>
    </testcase>
    <testcase classname="External API Integration Tests - SAFE VALIDATION Performance &amp; Scalability should handle high-volume user load testing" name="External API Integration Tests - SAFE VALIDATION Performance &amp; Scalability should handle high-volume user load testing" time="0.557">
      <failure>Error: expect(jest.fn()).toHaveBeenCalled()

Expected number of calls: &gt;= 1
Received number of calls:    0
    at Object.toHaveBeenCalled (/Users/mohitmendiratta/Projects/bots/w1/astro-whatsapp-bot/tests/e2e/external-api-integration.test.js:454:33)
    at processTicksAndRejections (node:internal/process/task_queues:105:5)</failure>
    </testcase>
    <testcase classname="External API Integration Tests - SAFE VALIDATION Performance &amp; Scalability should maintain response times under load" name="External API Integration Tests - SAFE VALIDATION Performance &amp; Scalability should maintain response times under load" time="0.061">
    </testcase>
  </testsuite>
  <testsuite name="COMPREHENSIVE MENU TREE VALIDATION - REAL CALCULATIONS ONLY" errors="0" failures="0" skipped="0" timestamp="2025-10-28T12:38:14" time="22.698" tests="17">
    <testcase classname="COMPREHENSIVE MENU TREE VALIDATION - REAL CALCULATIONS ONLY Complete Menu Tree Traversal - All Paths Tested should traverse ALL main menu paths and validate responses" name="COMPREHENSIVE MENU TREE VALIDATION - REAL CALCULATIONS ONLY Complete Menu Tree Traversal - All Paths Tested should traverse ALL main menu paths and validate responses" time="1.213">
    </testcase>
    <testcase classname="COMPREHENSIVE MENU TREE VALIDATION - REAL CALCULATIONS ONLY Complete Menu Tree Traversal - All Paths Tested should traverse ALL Western astrology sub-menu paths" name="COMPREHENSIVE MENU TREE VALIDATION - REAL CALCULATIONS ONLY Complete Menu Tree Traversal - All Paths Tested should traverse ALL Western astrology sub-menu paths" time="2.237">
    </testcase>
    <testcase classname="COMPREHENSIVE MENU TREE VALIDATION - REAL CALCULATIONS ONLY Complete Menu Tree Traversal - All Paths Tested should traverse ALL Vedic astrology sub-menu paths" name="COMPREHENSIVE MENU TREE VALIDATION - REAL CALCULATIONS ONLY Complete Menu Tree Traversal - All Paths Tested should traverse ALL Vedic astrology sub-menu paths" time="0.127">
    </testcase>
    <testcase classname="COMPREHENSIVE MENU TREE VALIDATION - REAL CALCULATIONS ONLY Complete Menu Tree Traversal - All Paths Tested should traverse ALL divination &amp; mystic sub-menu paths" name="COMPREHENSIVE MENU TREE VALIDATION - REAL CALCULATIONS ONLY Complete Menu Tree Traversal - All Paths Tested should traverse ALL divination &amp; mystic sub-menu paths" time="0.118">
    </testcase>
    <testcase classname="COMPREHENSIVE MENU TREE VALIDATION - REAL CALCULATIONS ONLY Complete Menu Tree Traversal - All Paths Tested should traverse ALL relationships &amp; groups sub-menu paths" name="COMPREHENSIVE MENU TREE VALIDATION - REAL CALCULATIONS ONLY Complete Menu Tree Traversal - All Paths Tested should traverse ALL relationships &amp; groups sub-menu paths" time="0.099">
    </testcase>
    <testcase classname="COMPREHENSIVE MENU TREE VALIDATION - REAL CALCULATIONS ONLY Complete Menu Tree Traversal - All Paths Tested should traverse ALL numerology &amp; special sub-menu paths" name="COMPREHENSIVE MENU TREE VALIDATION - REAL CALCULATIONS ONLY Complete Menu Tree Traversal - All Paths Tested should traverse ALL numerology &amp; special sub-menu paths" time="0.106">
    </testcase>
    <testcase classname="COMPREHENSIVE MENU TREE VALIDATION - REAL CALCULATIONS ONLY Real Calculation Validation - All Services Tested should validate ALL real calculation services perform actual computations" name="COMPREHENSIVE MENU TREE VALIDATION - REAL CALCULATIONS ONLY Real Calculation Validation - All Services Tested should validate ALL real calculation services perform actual computations" time="2.523">
    </testcase>
    <testcase classname="COMPREHENSIVE MENU TREE VALIDATION - REAL CALCULATIONS ONLY Real Calculation Validation - All Services Tested should validate calculation accuracy with known astronomical data" name="COMPREHENSIVE MENU TREE VALIDATION - REAL CALCULATIONS ONLY Real Calculation Validation - All Services Tested should validate calculation accuracy with known astronomical data" time="0.035">
    </testcase>
    <testcase classname="COMPREHENSIVE MENU TREE VALIDATION - REAL CALCULATIONS ONLY Menu Tree Performance &amp; Load Testing should handle rapid menu navigation through all paths efficiently" name="COMPREHENSIVE MENU TREE VALIDATION - REAL CALCULATIONS ONLY Menu Tree Performance &amp; Load Testing should handle rapid menu navigation through all paths efficiently" time="2.726">
    </testcase>
    <testcase classname="COMPREHENSIVE MENU TREE VALIDATION - REAL CALCULATIONS ONLY Menu Tree Performance &amp; Load Testing should validate menu tree consistency across multiple user sessions" name="COMPREHENSIVE MENU TREE VALIDATION - REAL CALCULATIONS ONLY Menu Tree Performance &amp; Load Testing should validate menu tree consistency across multiple user sessions" time="0.126">
    </testcase>
    <testcase classname="COMPREHENSIVE MENU TREE VALIDATION - REAL CALCULATIONS ONLY Real Database Integration Throughout Menu Tree should validate database operations for all menu interactions" name="COMPREHENSIVE MENU TREE VALIDATION - REAL CALCULATIONS ONLY Real Database Integration Throughout Menu Tree should validate database operations for all menu interactions" time="0.112">
    </testcase>
    <testcase classname="COMPREHENSIVE MENU TREE VALIDATION - REAL CALCULATIONS ONLY Real Database Integration Throughout Menu Tree should validate user profile updates through menu interactions" name="COMPREHENSIVE MENU TREE VALIDATION - REAL CALCULATIONS ONLY Real Database Integration Throughout Menu Tree should validate user profile updates through menu interactions" time="0.035">
    </testcase>
    <testcase classname="COMPREHENSIVE MENU TREE VALIDATION - REAL CALCULATIONS ONLY Geocoding Integration Throughout Menu Tree should validate geocoding service integration for location-based calculations" name="COMPREHENSIVE MENU TREE VALIDATION - REAL CALCULATIONS ONLY Geocoding Integration Throughout Menu Tree should validate geocoding service integration for location-based calculations" time="4.305">
    </testcase>
    <testcase classname="COMPREHENSIVE MENU TREE VALIDATION - REAL CALCULATIONS ONLY Geocoding Integration Throughout Menu Tree should validate timezone calculations for global astrology accuracy" name="COMPREHENSIVE MENU TREE VALIDATION - REAL CALCULATIONS ONLY Geocoding Integration Throughout Menu Tree should validate timezone calculations for global astrology accuracy" time="5.216">
    </testcase>
    <testcase classname="COMPREHENSIVE MENU TREE VALIDATION - REAL CALCULATIONS ONLY Comprehensive Error Handling Validation should handle all error scenarios gracefully throughout menu tree" name="COMPREHENSIVE MENU TREE VALIDATION - REAL CALCULATIONS ONLY Comprehensive Error Handling Validation should handle all error scenarios gracefully throughout menu tree" time="0.054">
    </testcase>
    <testcase classname="COMPREHENSIVE MENU TREE VALIDATION - REAL CALCULATIONS ONLY Comprehensive Error Handling Validation should validate incomplete profile handling for calculation services" name="COMPREHENSIVE MENU TREE VALIDATION - REAL CALCULATIONS ONLY Comprehensive Error Handling Validation should validate incomplete profile handling for calculation services" time="0.074">
    </testcase>
    <testcase classname="COMPREHENSIVE MENU TREE VALIDATION - REAL CALCULATIONS ONLY Final Comprehensive Validation Summary should provide comprehensive test coverage summary" name="COMPREHENSIVE MENU TREE VALIDATION - REAL CALCULATIONS ONLY Final Comprehensive Validation Summary should provide comprehensive test coverage summary" time="0.014">
    </testcase>
  </testsuite>
  <testsuite name="Astrology Library Integration Tests" errors="0" failures="0" skipped="0" timestamp="2025-10-28T12:38:37" time="8.953" tests="16">
    <testcase classname="Astrology Library Integration Tests Tarot Reader Integration should generate valid single card tarot reading" name="Astrology Library Integration Tests Tarot Reader Integration should generate valid single card tarot reading" time="0.006">
    </testcase>
    <testcase classname="Astrology Library Integration Tests Tarot Reader Integration should generate valid three-card spread reading" name="Astrology Library Integration Tests Tarot Reader Integration should generate valid three-card spread reading" time="0.004">
    </testcase>
    <testcase classname="Astrology Library Integration Tests Tarot Reader Integration should generate valid Celtic cross reading" name="Astrology Library Integration Tests Tarot Reader Integration should generate valid Celtic cross reading" time="0.004">
    </testcase>
    <testcase classname="Astrology Library Integration Tests Tarot Reader Integration should handle invalid spread type gracefully" name="Astrology Library Integration Tests Tarot Reader Integration should handle invalid spread type gracefully" time="0.003">
    </testcase>
    <testcase classname="Astrology Library Integration Tests Palmistry Reader Integration should generate valid palmistry reading" name="Astrology Library Integration Tests Palmistry Reader Integration should generate valid palmistry reading" time="0.004">
    </testcase>
    <testcase classname="Astrology Library Integration Tests Palmistry Reader Integration should generate sample reading when no user provided" name="Astrology Library Integration Tests Palmistry Reader Integration should generate sample reading when no user provided" time="0.003">
    </testcase>
    <testcase classname="Astrology Library Integration Tests Nadi Reader Integration should generate valid Nadi astrology reading" name="Astrology Library Integration Tests Nadi Reader Integration should generate valid Nadi astrology reading" time="0.004">
    </testcase>
    <testcase classname="Astrology Library Integration Tests Nadi Reader Integration should handle missing birth date" name="Astrology Library Integration Tests Nadi Reader Integration should handle missing birth date" time="0.002">
    </testcase>
    <testcase classname="Astrology Library Integration Tests Chinese Calculator Integration should calculate valid Chinese zodiac sign" name="Astrology Library Integration Tests Chinese Calculator Integration should calculate valid Chinese zodiac sign" time="0.004">
    </testcase>
    <testcase classname="Astrology Library Integration Tests Chinese Calculator Integration should handle different birth dates correctly" name="Astrology Library Integration Tests Chinese Calculator Integration should handle different birth dates correctly" time="0.003">
    </testcase>
    <testcase classname="Astrology Library Integration Tests Vedic Calculator Integration should calculate valid Vedic birth chart" name="Astrology Library Integration Tests Vedic Calculator Integration should calculate valid Vedic birth chart" time="5.097">
    </testcase>
    <testcase classname="Astrology Library Integration Tests Vedic Calculator Integration should handle invalid birth data gracefully" name="Astrology Library Integration Tests Vedic Calculator Integration should handle invalid birth data gracefully" time="0.729">
    </testcase>
    <testcase classname="Astrology Library Integration Tests Numerology Service Integration should generate valid numerology report" name="Astrology Library Integration Tests Numerology Service Integration should generate valid numerology report" time="0.008">
    </testcase>
    <testcase classname="Astrology Library Integration Tests Numerology Service Integration should handle user without name" name="Astrology Library Integration Tests Numerology Service Integration should handle user without name" time="0.004">
    </testcase>
    <testcase classname="Astrology Library Integration Tests Cross-System Compatibility should generate compatible readings across different systems" name="Astrology Library Integration Tests Cross-System Compatibility should generate compatible readings across different systems" time="0.007">
    </testcase>
    <testcase classname="Astrology Library Integration Tests Cross-System Compatibility should handle edge cases consistently across systems" name="Astrology Library Integration Tests Cross-System Compatibility should handle edge cases consistently across systems" time="0.004">
    </testcase>
  </testsuite>
  <testsuite name="Comprehensive Menu Tree Validation - REAL LIBRARIES &amp; DATABASE" errors="0" failures="4" skipped="0" timestamp="2025-10-28T12:38:46" time="11.428" tests="26">
    <testcase classname="Comprehensive Menu Tree Validation - REAL LIBRARIES &amp; DATABASE Menu Structure Validation should validate complete menu tree structure" name="Comprehensive Menu Tree Validation - REAL LIBRARIES &amp; DATABASE Menu Structure Validation should validate complete menu tree structure" time="0.042">
    </testcase>
    <testcase classname="Comprehensive Menu Tree Validation - REAL LIBRARIES &amp; DATABASE Main Menu Navigation should display main menu with all 6 categories" name="Comprehensive Menu Tree Validation - REAL LIBRARIES &amp; DATABASE Main Menu Navigation should display main menu with all 6 categories" time="0.561">
      <failure>Error: expect(jest.fn()).toHaveBeenCalled()

Expected number of calls: &gt;= 1
Received number of calls:    0
    at Object.toHaveBeenCalled (/Users/mohitmendiratta/Projects/bots/w1/astro-whatsapp-bot/tests/e2e/comprehensive-menu-tree-validation.test.js:297:31)
    at processTicksAndRejections (node:internal/process/task_queues:105:5)</failure>
    </testcase>
    <testcase classname="Comprehensive Menu Tree Validation - REAL LIBRARIES &amp; DATABASE Main Menu Navigation should navigate to all main menu categories" name="Comprehensive Menu Tree Validation - REAL LIBRARIES &amp; DATABASE Main Menu Navigation should navigate to all main menu categories" time="0.058">
    </testcase>
    <testcase classname="Comprehensive Menu Tree Validation - REAL LIBRARIES &amp; DATABASE Western Astrology Menu Tree should navigate through Western astrology sub-menus" name="Comprehensive Menu Tree Validation - REAL LIBRARIES &amp; DATABASE Western Astrology Menu Tree should navigate through Western astrology sub-menus" time="0.091">
    </testcase>
    <testcase classname="Comprehensive Menu Tree Validation - REAL LIBRARIES &amp; DATABASE Western Astrology Menu Tree should calculate REAL Western birth chart with astrology libraries" name="Comprehensive Menu Tree Validation - REAL LIBRARIES &amp; DATABASE Western Astrology Menu Tree should calculate REAL Western birth chart with astrology libraries" time="0.03">
    </testcase>
    <testcase classname="Comprehensive Menu Tree Validation - REAL LIBRARIES &amp; DATABASE Western Astrology Menu Tree should generate REAL daily horoscope with Vedic calculations" name="Comprehensive Menu Tree Validation - REAL LIBRARIES &amp; DATABASE Western Astrology Menu Tree should generate REAL daily horoscope with Vedic calculations" time="0.016">
    </testcase>
    <testcase classname="Comprehensive Menu Tree Validation - REAL LIBRARIES &amp; DATABASE Western Astrology Menu Tree should navigate back to main menu from Western astrology sub-menu" name="Comprehensive Menu Tree Validation - REAL LIBRARIES &amp; DATABASE Western Astrology Menu Tree should navigate back to main menu from Western astrology sub-menu" time="0.029">
      <failure>Error: expect(received).toContain(expected) // indexOf

Matcher error: received value must not be null nor undefined

Received has value: undefined
    at Object.toContain (/Users/mohitmendiratta/Projects/bots/w1/astro-whatsapp-bot/tests/e2e/comprehensive-menu-tree-validation.test.js:488:33)
    at processTicksAndRejections (node:internal/process/task_queues:105:5)</failure>
    </testcase>
    <testcase classname="Comprehensive Menu Tree Validation - REAL LIBRARIES &amp; DATABASE Vedic Astrology Menu Tree should navigate through Vedic astrology sub-menus" name="Comprehensive Menu Tree Validation - REAL LIBRARIES &amp; DATABASE Vedic Astrology Menu Tree should navigate through Vedic astrology sub-menus" time="0.072">
    </testcase>
    <testcase classname="Comprehensive Menu Tree Validation - REAL LIBRARIES &amp; DATABASE Vedic Astrology Menu Tree should calculate REAL Vedic Kundli with astrology libraries" name="Comprehensive Menu Tree Validation - REAL LIBRARIES &amp; DATABASE Vedic Astrology Menu Tree should calculate REAL Vedic Kundli with astrology libraries" time="0.016">
    </testcase>
    <testcase classname="Comprehensive Menu Tree Validation - REAL LIBRARIES &amp; DATABASE Divination &amp; Mystic Menu Tree should navigate through divination sub-menus" name="Comprehensive Menu Tree Validation - REAL LIBRARIES &amp; DATABASE Divination &amp; Mystic Menu Tree should navigate through divination sub-menus" time="0.065">
    </testcase>
    <testcase classname="Comprehensive Menu Tree Validation - REAL LIBRARIES &amp; DATABASE Divination &amp; Mystic Menu Tree should generate REAL Tarot reading with tarot library" name="Comprehensive Menu Tree Validation - REAL LIBRARIES &amp; DATABASE Divination &amp; Mystic Menu Tree should generate REAL Tarot reading with tarot library" time="0.015">
    </testcase>
    <testcase classname="Comprehensive Menu Tree Validation - REAL LIBRARIES &amp; DATABASE Relationships &amp; Groups Menu Tree should navigate through relationships sub-menus" name="Comprehensive Menu Tree Validation - REAL LIBRARIES &amp; DATABASE Relationships &amp; Groups Menu Tree should navigate through relationships sub-menus" time="0.065">
    </testcase>
    <testcase classname="Comprehensive Menu Tree Validation - REAL LIBRARIES &amp; DATABASE Numerology &amp; Special Menu Tree should navigate through numerology sub-menus" name="Comprehensive Menu Tree Validation - REAL LIBRARIES &amp; DATABASE Numerology &amp; Special Menu Tree should navigate through numerology sub-menus" time="0.062">
    </testcase>
    <testcase classname="Comprehensive Menu Tree Validation - REAL LIBRARIES &amp; DATABASE Numerology &amp; Special Menu Tree should calculate REAL numerology report with numerology library" name="Comprehensive Menu Tree Validation - REAL LIBRARIES &amp; DATABASE Numerology &amp; Special Menu Tree should calculate REAL numerology report with numerology library" time="0.02">
    </testcase>
    <testcase classname="Comprehensive Menu Tree Validation - REAL LIBRARIES &amp; DATABASE Real Database Operations should perform REAL MongoDB user creation and retrieval" name="Comprehensive Menu Tree Validation - REAL LIBRARIES &amp; DATABASE Real Database Operations should perform REAL MongoDB user creation and retrieval" time="0.023">
      <failure>Error: expect(received).toBe(expected) // Object.is equality

Expected: &quot;Test User&quot;
Received: &quot;Cosmic Explorer&quot;
    at Object.toBe (/Users/mohitmendiratta/Projects/bots/w1/astro-whatsapp-bot/tests/e2e/comprehensive-menu-tree-validation.test.js:765:34)
    at processTicksAndRejections (node:internal/process/task_queues:105:5)</failure>
    </testcase>
    <testcase classname="Comprehensive Menu Tree Validation - REAL LIBRARIES &amp; DATABASE Real Database Operations should perform REAL MongoDB user profile updates" name="Comprehensive Menu Tree Validation - REAL LIBRARIES &amp; DATABASE Real Database Operations should perform REAL MongoDB user profile updates" time="0.048">
    </testcase>
    <testcase classname="Comprehensive Menu Tree Validation - REAL LIBRARIES &amp; DATABASE Geocoding Integration Tests should test REAL Google Maps geocoding for birth places" name="Comprehensive Menu Tree Validation - REAL LIBRARIES &amp; DATABASE Geocoding Integration Tests should test REAL Google Maps geocoding for birth places" time="2.534">
    </testcase>
    <testcase classname="Comprehensive Menu Tree Validation - REAL LIBRARIES &amp; DATABASE Geocoding Integration Tests should handle geocoding errors gracefully" name="Comprehensive Menu Tree Validation - REAL LIBRARIES &amp; DATABASE Geocoding Integration Tests should handle geocoding errors gracefully" time="3.696">
    </testcase>
    <testcase classname="Comprehensive Menu Tree Validation - REAL LIBRARIES &amp; DATABASE Error Handling &amp; Edge Cases should handle incomplete user profiles gracefully" name="Comprehensive Menu Tree Validation - REAL LIBRARIES &amp; DATABASE Error Handling &amp; Edge Cases should handle incomplete user profiles gracefully" time="0.038">
    </testcase>
    <testcase classname="Comprehensive Menu Tree Validation - REAL LIBRARIES &amp; DATABASE Error Handling &amp; Edge Cases should handle invalid menu selections" name="Comprehensive Menu Tree Validation - REAL LIBRARIES &amp; DATABASE Error Handling &amp; Edge Cases should handle invalid menu selections" time="0.013">
    </testcase>
    <testcase classname="Comprehensive Menu Tree Validation - REAL LIBRARIES &amp; DATABASE Error Handling &amp; Edge Cases should handle malformed messages" name="Comprehensive Menu Tree Validation - REAL LIBRARIES &amp; DATABASE Error Handling &amp; Edge Cases should handle malformed messages" time="0.023">
      <failure>Error: expect(jest.fn()).toHaveBeenCalled()

Expected number of calls: &gt;= 1
Received number of calls:    0
    at Object.toHaveBeenCalled (/Users/mohitmendiratta/Projects/bots/w1/astro-whatsapp-bot/tests/e2e/comprehensive-menu-tree-validation.test.js:891:33)
    at processTicksAndRejections (node:internal/process/task_queues:105:5)</failure>
    </testcase>
    <testcase classname="Comprehensive Menu Tree Validation - REAL LIBRARIES &amp; DATABASE Concurrent User Sessions should handle multiple concurrent users navigating menus" name="Comprehensive Menu Tree Validation - REAL LIBRARIES &amp; DATABASE Concurrent User Sessions should handle multiple concurrent users navigating menus" time="0.114">
    </testcase>
    <testcase classname="Comprehensive Menu Tree Validation - REAL LIBRARIES &amp; DATABASE Performance &amp; Load Testing should handle rapid menu navigation efficiently" name="Comprehensive Menu Tree Validation - REAL LIBRARIES &amp; DATABASE Performance &amp; Load Testing should handle rapid menu navigation efficiently" time="0.054">
    </testcase>
    <testcase classname="Comprehensive Menu Tree Validation - REAL LIBRARIES &amp; DATABASE Astrology Library Integration Tests should validate REAL Vedic calculator integration" name="Comprehensive Menu Tree Validation - REAL LIBRARIES &amp; DATABASE Astrology Library Integration Tests should validate REAL Vedic calculator integration" time="0.007">
    </testcase>
    <testcase classname="Comprehensive Menu Tree Validation - REAL LIBRARIES &amp; DATABASE Astrology Library Integration Tests should validate REAL Tarot reader integration" name="Comprehensive Menu Tree Validation - REAL LIBRARIES &amp; DATABASE Astrology Library Integration Tests should validate REAL Tarot reader integration" time="0.003">
    </testcase>
    <testcase classname="Comprehensive Menu Tree Validation - REAL LIBRARIES &amp; DATABASE Astrology Library Integration Tests should validate REAL numerology service integration" name="Comprehensive Menu Tree Validation - REAL LIBRARIES &amp; DATABASE Astrology Library Integration Tests should validate REAL numerology service integration" time="0.003">
    </testcase>
  </testsuite>
  <testsuite name="Comprehensive Menu Integration Tests - REAL LIBRARIES" errors="0" failures="0" skipped="0" timestamp="2025-10-28T12:38:58" time="5.125" tests="19">
    <testcase classname="Comprehensive Menu Integration Tests - REAL LIBRARIES Menu Structure Validation should load all menu configurations correctly" name="Comprehensive Menu Integration Tests - REAL LIBRARIES Menu Structure Validation should load all menu configurations correctly" time="0.031">
    </testcase>
    <testcase classname="Comprehensive Menu Integration Tests - REAL LIBRARIES Main Menu Navigation should display main menu with 6 categories" name="Comprehensive Menu Integration Tests - REAL LIBRARIES Main Menu Navigation should display main menu with 6 categories" time="0.038">
    </testcase>
    <testcase classname="Comprehensive Menu Integration Tests - REAL LIBRARIES Western Astrology Menu - REAL CALCULATIONS should navigate to Western Astrology menu" name="Comprehensive Menu Integration Tests - REAL LIBRARIES Western Astrology Menu - REAL CALCULATIONS should navigate to Western Astrology menu" time="0.183">
    </testcase>
    <testcase classname="Comprehensive Menu Integration Tests - REAL LIBRARIES Western Astrology Menu - REAL CALCULATIONS should calculate REAL birth chart" name="Comprehensive Menu Integration Tests - REAL LIBRARIES Western Astrology Menu - REAL CALCULATIONS should calculate REAL birth chart" time="0.012">
    </testcase>
    <testcase classname="Comprehensive Menu Integration Tests - REAL LIBRARIES Vedic Astrology Menu - REAL CALCULATIONS should navigate to Vedic Astrology menu" name="Comprehensive Menu Integration Tests - REAL LIBRARIES Vedic Astrology Menu - REAL CALCULATIONS should navigate to Vedic Astrology menu" time="0.037">
    </testcase>
    <testcase classname="Comprehensive Menu Integration Tests - REAL LIBRARIES Vedic Astrology Menu - REAL CALCULATIONS should calculate REAL Vedic birth chart (Kundli)" name="Comprehensive Menu Integration Tests - REAL LIBRARIES Vedic Astrology Menu - REAL CALCULATIONS should calculate REAL Vedic birth chart (Kundli)" time="0.159">
    </testcase>
    <testcase classname="Comprehensive Menu Integration Tests - REAL LIBRARIES Divination &amp; Mystic Menu - REAL READINGS should navigate to Divination menu" name="Comprehensive Menu Integration Tests - REAL LIBRARIES Divination &amp; Mystic Menu - REAL READINGS should navigate to Divination menu" time="0.025">
    </testcase>
    <testcase classname="Comprehensive Menu Integration Tests - REAL LIBRARIES Divination &amp; Mystic Menu - REAL READINGS should generate REAL Tarot reading" name="Comprehensive Menu Integration Tests - REAL LIBRARIES Divination &amp; Mystic Menu - REAL READINGS should generate REAL Tarot reading" time="0.023">
    </testcase>
    <testcase classname="Comprehensive Menu Integration Tests - REAL LIBRARIES Relationships &amp; Groups Menu - REAL COMPATIBILITY should navigate to Relationships menu" name="Comprehensive Menu Integration Tests - REAL LIBRARIES Relationships &amp; Groups Menu - REAL COMPATIBILITY should navigate to Relationships menu" time="0.087">
    </testcase>
    <testcase classname="Comprehensive Menu Integration Tests - REAL LIBRARIES Numerology &amp; Special Menu - REAL CALCULATIONS should navigate to Numerology menu" name="Comprehensive Menu Integration Tests - REAL LIBRARIES Numerology &amp; Special Menu - REAL CALCULATIONS should navigate to Numerology menu" time="0.026">
    </testcase>
    <testcase classname="Comprehensive Menu Integration Tests - REAL LIBRARIES Numerology &amp; Special Menu - REAL CALCULATIONS should calculate REAL numerology report" name="Comprehensive Menu Integration Tests - REAL LIBRARIES Numerology &amp; Special Menu - REAL CALCULATIONS should calculate REAL numerology report" time="0.081">
    </testcase>
    <testcase classname="Comprehensive Menu Integration Tests - REAL LIBRARIES Database Operations - REAL MONGO CALLS should create and retrieve user from REAL database" name="Comprehensive Menu Integration Tests - REAL LIBRARIES Database Operations - REAL MONGO CALLS should create and retrieve user from REAL database" time="0.009">
    </testcase>
    <testcase classname="Comprehensive Menu Integration Tests - REAL LIBRARIES Database Operations - REAL MONGO CALLS should update user profile in REAL database" name="Comprehensive Menu Integration Tests - REAL LIBRARIES Database Operations - REAL MONGO CALLS should update user profile in REAL database" time="0.026">
    </testcase>
    <testcase classname="Comprehensive Menu Integration Tests - REAL LIBRARIES Error Handling &amp; Edge Cases should handle invalid menu selection gracefully" name="Comprehensive Menu Integration Tests - REAL LIBRARIES Error Handling &amp; Edge Cases should handle invalid menu selection gracefully" time="0.107">
    </testcase>
    <testcase classname="Comprehensive Menu Integration Tests - REAL LIBRARIES Error Handling &amp; Edge Cases should handle malformed messages gracefully" name="Comprehensive Menu Integration Tests - REAL LIBRARIES Error Handling &amp; Edge Cases should handle malformed messages gracefully" time="0.02">
    </testcase>
    <testcase classname="Comprehensive Menu Integration Tests - REAL LIBRARIES Error Handling &amp; Edge Cases should handle incomplete user profiles gracefully" name="Comprehensive Menu Integration Tests - REAL LIBRARIES Error Handling &amp; Edge Cases should handle incomplete user profiles gracefully" time="0.053">
    </testcase>
    <testcase classname="Comprehensive Menu Integration Tests - REAL LIBRARIES Error Handling &amp; Edge Cases should handle network-like failures gracefully" name="Comprehensive Menu Integration Tests - REAL LIBRARIES Error Handling &amp; Edge Cases should handle network-like failures gracefully" time="0.019">
    </testcase>
    <testcase classname="Comprehensive Menu Integration Tests - REAL LIBRARIES Error Handling &amp; Edge Cases should handle concurrent user sessions" name="Comprehensive Menu Integration Tests - REAL LIBRARIES Error Handling &amp; Edge Cases should handle concurrent user sessions" time="0.08">
    </testcase>
    <testcase classname="Comprehensive Menu Integration Tests - REAL LIBRARIES Performance &amp; Load Testing should handle multiple menu navigations efficiently" name="Comprehensive Menu Integration Tests - REAL LIBRARIES Performance &amp; Load Testing should handle multiple menu navigations efficiently" time="0.043">
    </testcase>
  </testsuite>
  <testsuite name="Real Astrology Calculations Integration Tests" errors="0" failures="0" skipped="0" timestamp="2025-10-28T12:39:04" time="3.747" tests="21">
    <testcase classname="Real Astrology Calculations Integration Tests Western Astrology - Service Integration should load Western astrology services successfully" name="Real Astrology Calculations Integration Tests Western Astrology - Service Integration should load Western astrology services successfully" time="0.484">
    </testcase>
    <testcase classname="Real Astrology Calculations Integration Tests Western Astrology - Service Integration should validate WesternCalculator class structure" name="Real Astrology Calculations Integration Tests Western Astrology - Service Integration should validate WesternCalculator class structure" time="0.003">
    </testcase>
    <testcase classname="Real Astrology Calculations Integration Tests Vedic Astrology - Service Integration should load Vedic astrology services successfully" name="Real Astrology Calculations Integration Tests Vedic Astrology - Service Integration should load Vedic astrology services successfully" time="0.001">
    </testcase>
    <testcase classname="Real Astrology Calculations Integration Tests Vedic Astrology - Service Integration should validate VedicCalculator can be instantiated" name="Real Astrology Calculations Integration Tests Vedic Astrology - Service Integration should validate VedicCalculator can be instantiated" time="0.002">
    </testcase>
    <testcase classname="Real Astrology Calculations Integration Tests Vedic Astrology - Service Integration should validate VimshottariDasha basic functionality" name="Real Astrology Calculations Integration Tests Vedic Astrology - Service Integration should validate VimshottariDasha basic functionality" time="0.001">
    </testcase>
    <testcase classname="Real Astrology Calculations Integration Tests Divination Systems - Service Integration should load divination services successfully" name="Real Astrology Calculations Integration Tests Divination Systems - Service Integration should load divination services successfully" time="0.002">
    </testcase>
    <testcase classname="Real Astrology Calculations Integration Tests Divination Systems - Service Integration should validate TarotReader functionality" name="Real Astrology Calculations Integration Tests Divination Systems - Service Integration should validate TarotReader functionality" time="0.002">
    </testcase>
    <testcase classname="Real Astrology Calculations Integration Tests Divination Systems - Service Integration should validate IChingReader functionality" name="Real Astrology Calculations Integration Tests Divination Systems - Service Integration should validate IChingReader functionality" time="0.003">
    </testcase>
    <testcase classname="Real Astrology Calculations Integration Tests Numerology - Service Integration should load numerology services successfully" name="Real Astrology Calculations Integration Tests Numerology - Service Integration should load numerology services successfully" time="0.003">
    </testcase>
    <testcase classname="Real Astrology Calculations Integration Tests Numerology - Service Integration should validate numerology calculations" name="Real Astrology Calculations Integration Tests Numerology - Service Integration should validate numerology calculations" time="0.002">
    </testcase>
    <testcase classname="Real Astrology Calculations Integration Tests Chinese Astrology - Service Integration should load Chinese astrology services successfully" name="Real Astrology Calculations Integration Tests Chinese Astrology - Service Integration should load Chinese astrology services successfully" time="0.001">
    </testcase>
    <testcase classname="Real Astrology Calculations Integration Tests Astrocartography - Service Integration should load astrocartography services successfully" name="Real Astrology Calculations Integration Tests Astrocartography - Service Integration should load astrocartography services successfully" time="0.002">
    </testcase>
    <testcase classname="Real Astrology Calculations Integration Tests Palmistry - Service Integration should load palmistry services successfully" name="Real Astrology Calculations Integration Tests Palmistry - Service Integration should load palmistry services successfully" time="0.001">
    </testcase>
    <testcase classname="Real Astrology Calculations Integration Tests Palmistry - Service Integration should validate PalmistryReader functionality" name="Real Astrology Calculations Integration Tests Palmistry - Service Integration should validate PalmistryReader functionality" time="0.001">
    </testcase>
    <testcase classname="Real Astrology Calculations Integration Tests Celtic Astrology - Service Integration should load Celtic astrology services successfully" name="Real Astrology Calculations Integration Tests Celtic Astrology - Service Integration should load Celtic astrology services successfully" time="0.001">
    </testcase>
    <testcase classname="Real Astrology Calculations Integration Tests Mayan Astrology - Service Integration should load Mayan astrology services successfully" name="Real Astrology Calculations Integration Tests Mayan Astrology - Service Integration should load Mayan astrology services successfully" time="0.001">
    </testcase>
    <testcase classname="Real Astrology Calculations Integration Tests Islamic Astrology - Service Integration should load Islamic astrology services successfully" name="Real Astrology Calculations Integration Tests Islamic Astrology - Service Integration should load Islamic astrology services successfully" time="0.001">
    </testcase>
    <testcase classname="Real Astrology Calculations Integration Tests Relationships &amp; Compatibility - Service Integration should load compatibility services successfully" name="Real Astrology Calculations Integration Tests Relationships &amp; Compatibility - Service Integration should load compatibility services successfully" time="0.001">
    </testcase>
    <testcase classname="Real Astrology Calculations Integration Tests Special Readings - AI Integration should load AI services successfully" name="Real Astrology Calculations Integration Tests Special Readings - AI Integration should load AI services successfully" time="0.002">
    </testcase>
    <testcase classname="Real Astrology Calculations Integration Tests Service Integration Validation should validate all astrology services can be imported" name="Real Astrology Calculations Integration Tests Service Integration Validation should validate all astrology services can be imported" time="0.002">
    </testcase>
    <testcase classname="Real Astrology Calculations Integration Tests Service Integration Validation should validate core astrology functionality" name="Real Astrology Calculations Integration Tests Service Integration Validation should validate core astrology functionality" time="0.001">
    </testcase>
  </testsuite>
</testsuites>