<?xml version="1.0" encoding="UTF-8"?>
<testsuites name="jest tests" tests="19" failures="0" errors="0" time="10.402">
  <testsuite name="Comprehensive Menu Integration Tests - REAL LIBRARIES" errors="0" failures="0" skipped="0" timestamp="2025-10-28T16:57:57" time="9.938" tests="19">
    <testcase classname="Comprehensive Menu Integration Tests - REAL LIBRARIES Menu Structure Validation should load all menu configurations correctly" name="Comprehensive Menu Integration Tests - REAL LIBRARIES Menu Structure Validation should load all menu configurations correctly" time="0.048">
    </testcase>
    <testcase classname="Comprehensive Menu Integration Tests - REAL LIBRARIES Main Menu Navigation should display main menu with 6 categories" name="Comprehensive Menu Integration Tests - REAL LIBRARIES Main Menu Navigation should display main menu with 6 categories" time="0.047">
    </testcase>
    <testcase classname="Comprehensive Menu Integration Tests - REAL LIBRARIES Western Astrology Menu - REAL CALCULATIONS should navigate to Western Astrology menu" name="Comprehensive Menu Integration Tests - REAL LIBRARIES Western Astrology Menu - REAL CALCULATIONS should navigate to Western Astrology menu" time="0.124">
    </testcase>
    <testcase classname="Comprehensive Menu Integration Tests - REAL LIBRARIES Western Astrology Menu - REAL CALCULATIONS should calculate REAL birth chart" name="Comprehensive Menu Integration Tests - REAL LIBRARIES Western Astrology Menu - REAL CALCULATIONS should calculate REAL birth chart" time="0.034">
    </testcase>
    <testcase classname="Comprehensive Menu Integration Tests - REAL LIBRARIES Vedic Astrology Menu - REAL CALCULATIONS should navigate to Vedic Astrology menu" name="Comprehensive Menu Integration Tests - REAL LIBRARIES Vedic Astrology Menu - REAL CALCULATIONS should navigate to Vedic Astrology menu" time="0.163">
    </testcase>
    <testcase classname="Comprehensive Menu Integration Tests - REAL LIBRARIES Vedic Astrology Menu - REAL CALCULATIONS should calculate REAL Vedic birth chart (Kundli)" name="Comprehensive Menu Integration Tests - REAL LIBRARIES Vedic Astrology Menu - REAL CALCULATIONS should calculate REAL Vedic birth chart (Kundli)" time="0.032">
    </testcase>
    <testcase classname="Comprehensive Menu Integration Tests - REAL LIBRARIES Divination &amp; Mystic Menu - REAL READINGS should navigate to Divination menu" name="Comprehensive Menu Integration Tests - REAL LIBRARIES Divination &amp; Mystic Menu - REAL READINGS should navigate to Divination menu" time="0.026">
    </testcase>
    <testcase classname="Comprehensive Menu Integration Tests - REAL LIBRARIES Divination &amp; Mystic Menu - REAL READINGS should generate REAL Tarot reading" name="Comprehensive Menu Integration Tests - REAL LIBRARIES Divination &amp; Mystic Menu - REAL READINGS should generate REAL Tarot reading" time="0.026">
    </testcase>
    <testcase classname="Comprehensive Menu Integration Tests - REAL LIBRARIES Relationships &amp; Groups Menu - REAL COMPATIBILITY should navigate to Relationships menu" name="Comprehensive Menu Integration Tests - REAL LIBRARIES Relationships &amp; Groups Menu - REAL COMPATIBILITY should navigate to Relationships menu" time="0.088">
    </testcase>
    <testcase classname="Comprehensive Menu Integration Tests - REAL LIBRARIES Numerology &amp; Special Menu - REAL CALCULATIONS should navigate to Numerology menu" name="Comprehensive Menu Integration Tests - REAL LIBRARIES Numerology &amp; Special Menu - REAL CALCULATIONS should navigate to Numerology menu" time="0.021">
    </testcase>
    <testcase classname="Comprehensive Menu Integration Tests - REAL LIBRARIES Numerology &amp; Special Menu - REAL CALCULATIONS should calculate REAL numerology report" name="Comprehensive Menu Integration Tests - REAL LIBRARIES Numerology &amp; Special Menu - REAL CALCULATIONS should calculate REAL numerology report" time="0.145">
    </testcase>
    <testcase classname="Comprehensive Menu Integration Tests - REAL LIBRARIES Database Operations - REAL MONGO CALLS should create and retrieve user from REAL database" name="Comprehensive Menu Integration Tests - REAL LIBRARIES Database Operations - REAL MONGO CALLS should create and retrieve user from REAL database" time="0.011">
    </testcase>
    <testcase classname="Comprehensive Menu Integration Tests - REAL LIBRARIES Database Operations - REAL MONGO CALLS should update user profile in REAL database" name="Comprehensive Menu Integration Tests - REAL LIBRARIES Database Operations - REAL MONGO CALLS should update user profile in REAL database" time="0.031">
    </testcase>
    <testcase classname="Comprehensive Menu Integration Tests - REAL LIBRARIES Error Handling &amp; Edge Cases should handle invalid menu selection gracefully" name="Comprehensive Menu Integration Tests - REAL LIBRARIES Error Handling &amp; Edge Cases should handle invalid menu selection gracefully" time="0.073">
    </testcase>
    <testcase classname="Comprehensive Menu Integration Tests - REAL LIBRARIES Error Handling &amp; Edge Cases should handle malformed messages gracefully" name="Comprehensive Menu Integration Tests - REAL LIBRARIES Error Handling &amp; Edge Cases should handle malformed messages gracefully" time="0.023">
    </testcase>
    <testcase classname="Comprehensive Menu Integration Tests - REAL LIBRARIES Error Handling &amp; Edge Cases should handle incomplete user profiles gracefully" name="Comprehensive Menu Integration Tests - REAL LIBRARIES Error Handling &amp; Edge Cases should handle incomplete user profiles gracefully" time="0.067">
    </testcase>
    <testcase classname="Comprehensive Menu Integration Tests - REAL LIBRARIES Error Handling &amp; Edge Cases should handle network-like failures gracefully" name="Comprehensive Menu Integration Tests - REAL LIBRARIES Error Handling &amp; Edge Cases should handle network-like failures gracefully" time="0.012">
    </testcase>
    <testcase classname="Comprehensive Menu Integration Tests - REAL LIBRARIES Error Handling &amp; Edge Cases should handle concurrent user sessions" name="Comprehensive Menu Integration Tests - REAL LIBRARIES Error Handling &amp; Edge Cases should handle concurrent user sessions" time="0.117">
    </testcase>
    <testcase classname="Comprehensive Menu Integration Tests - REAL LIBRARIES Performance &amp; Load Testing should handle multiple menu navigations efficiently" name="Comprehensive Menu Integration Tests - REAL LIBRARIES Performance &amp; Load Testing should handle multiple menu navigations efficiently" time="0.076">
    </testcase>
  </testsuite>
</testsuites>