<?xml version="1.0" encoding="UTF-8"?>
<testsuites name="jest tests" tests="709" failures="221" errors="0" time="450.965">
  <testsuite name="MENU NAVIGATION INTEGRATION: Complete Menu Tree Validation" errors="0" failures="125" skipped="0" timestamp="2025-10-28T20:46:32" time="89.447" tests="155">
    <testcase classname="MENU NAVIGATION INTEGRATION: Complete Menu Tree Validation Deep Menu Path Traversals (45 tests) should allow 6+ level deep navigation: Main -&gt; Western -&gt; Basic -&gt; Birth Chart" name="MENU NAVIGATION INTEGRATION: Complete Menu Tree Validation Deep Menu Path Traversals (45 tests) should allow 6+ level deep navigation: Main -&gt; Western -&gt; Basic -&gt; Birth Chart" time="2.887">
      <failure>AxiosError: Request failed with status code 401
    at settle (/Users/mohitmendiratta/Projects/bots/w1/astro-whatsapp-bot/node_modules/axios/lib/core/settle.js:19:12)
    at IncomingMessage.handleStreamEnd (/Users/mohitmendiratta/Projects/bots/w1/astro-whatsapp-bot/node_modules/axios/lib/adapters/http.js:617:11)
    at IncomingMessage.emit (node:events:520:35)
    at endReadableNT (node:internal/streams/readable:1701:12)
    at processTicksAndRejections (node:internal/process/task_queues:90:21)
    at Axios.request (/Users/mohitmendiratta/Projects/bots/w1/astro-whatsapp-bot/node_modules/axios/lib/core/Axios.js:45:41)
    at processTicksAndRejections (node:internal/process/task_queues:105:5)
    at sendTextMessage (/Users/mohitmendiratta/Projects/bots/w1/astro-whatsapp-bot/src/services/whatsapp/messageSender.js:64:22)
    at sendMessage (/Users/mohitmendiratta/Projects/bots/w1/astro-whatsapp-bot/src/services/whatsapp/messageSender.js:484:18)
    at sendErrorMessage (/Users/mohitmendiratta/Projects/bots/w1/astro-whatsapp-bot/src/services/whatsapp/messageProcessor.js:2515:3)
    at processIncomingMessage (/Users/mohitmendiratta/Projects/bots/w1/astro-whatsapp-bot/src/services/whatsapp/messageProcessor.js:249:5)
    at simulateOnboarding (/Users/mohitmendiratta/Projects/bots/w1/astro-whatsapp-bot/tests/e2e/comprehensive-test-suite/comprehensive-menu-navigation.test.js:28:5)
    at Object.&lt;anonymous&gt; (/Users/mohitmendiratta/Projects/bots/w1/astro-whatsapp-bot/tests/e2e/comprehensive-test-suite/comprehensive-menu-navigation.test.js:40:7)</failure>
    </testcase>
    <testcase classname="MENU NAVIGATION INTEGRATION: Complete Menu Tree Validation Deep Menu Path Traversals (45 tests) should allow 6+ level deep navigation: Main -&gt; Vedic -&gt; Advanced -&gt; Dasha Analysis" name="MENU NAVIGATION INTEGRATION: Complete Menu Tree Validation Deep Menu Path Traversals (45 tests) should allow 6+ level deep navigation: Main -&gt; Vedic -&gt; Advanced -&gt; Dasha Analysis" time="0.657">
      <failure>AxiosError: Request failed with status code 401
    at settle (/Users/mohitmendiratta/Projects/bots/w1/astro-whatsapp-bot/node_modules/axios/lib/core/settle.js:19:12)
    at IncomingMessage.handleStreamEnd (/Users/mohitmendiratta/Projects/bots/w1/astro-whatsapp-bot/node_modules/axios/lib/adapters/http.js:617:11)
    at IncomingMessage.emit (node:events:520:35)
    at endReadableNT (node:internal/streams/readable:1701:12)
    at processTicksAndRejections (node:internal/process/task_queues:90:21)
    at Axios.request (/Users/mohitmendiratta/Projects/bots/w1/astro-whatsapp-bot/node_modules/axios/lib/core/Axios.js:45:41)
    at processTicksAndRejections (node:internal/process/task_queues:105:5)
    at sendTextMessage (/Users/mohitmendiratta/Projects/bots/w1/astro-whatsapp-bot/src/services/whatsapp/messageSender.js:64:22)
    at sendMessage (/Users/mohitmendiratta/Projects/bots/w1/astro-whatsapp-bot/src/services/whatsapp/messageSender.js:484:18)
    at sendErrorMessage (/Users/mohitmendiratta/Projects/bots/w1/astro-whatsapp-bot/src/services/whatsapp/messageProcessor.js:2515:3)
    at processIncomingMessage (/Users/mohitmendiratta/Projects/bots/w1/astro-whatsapp-bot/src/services/whatsapp/messageProcessor.js:249:5)
    at simulateOnboarding (/Users/mohitmendiratta/Projects/bots/w1/astro-whatsapp-bot/tests/e2e/comprehensive-test-suite/comprehensive-menu-navigation.test.js:28:5)
    at Object.&lt;anonymous&gt; (/Users/mohitmendiratta/Projects/bots/w1/astro-whatsapp-bot/tests/e2e/comprehensive-test-suite/comprehensive-menu-navigation.test.js:57:7)</failure>
    </testcase>
    <testcase classname="MENU NAVIGATION INTEGRATION: Complete Menu Tree Validation Deep Menu Path Traversals (45 tests) should preserve menu state across sessions (return to last menu position)" name="MENU NAVIGATION INTEGRATION: Complete Menu Tree Validation Deep Menu Path Traversals (45 tests) should preserve menu state across sessions (return to last menu position)" time="0.644">
      <failure>AxiosError: Request failed with status code 401
    at settle (/Users/mohitmendiratta/Projects/bots/w1/astro-whatsapp-bot/node_modules/axios/lib/core/settle.js:19:12)
    at IncomingMessage.handleStreamEnd (/Users/mohitmendiratta/Projects/bots/w1/astro-whatsapp-bot/node_modules/axios/lib/adapters/http.js:617:11)
    at IncomingMessage.emit (node:events:520:35)
    at endReadableNT (node:internal/streams/readable:1701:12)
    at processTicksAndRejections (node:internal/process/task_queues:90:21)
    at Axios.request (/Users/mohitmendiratta/Projects/bots/w1/astro-whatsapp-bot/node_modules/axios/lib/core/Axios.js:45:41)
    at processTicksAndRejections (node:internal/process/task_queues:105:5)
    at sendTextMessage (/Users/mohitmendiratta/Projects/bots/w1/astro-whatsapp-bot/src/services/whatsapp/messageSender.js:64:22)
    at sendMessage (/Users/mohitmendiratta/Projects/bots/w1/astro-whatsapp-bot/src/services/whatsapp/messageSender.js:484:18)
    at sendErrorMessage (/Users/mohitmendiratta/Projects/bots/w1/astro-whatsapp-bot/src/services/whatsapp/messageProcessor.js:2515:3)
    at processIncomingMessage (/Users/mohitmendiratta/Projects/bots/w1/astro-whatsapp-bot/src/services/whatsapp/messageProcessor.js:249:5)
    at simulateOnboarding (/Users/mohitmendiratta/Projects/bots/w1/astro-whatsapp-bot/tests/e2e/comprehensive-test-suite/comprehensive-menu-navigation.test.js:28:5)
    at Object.&lt;anonymous&gt; (/Users/mohitmendiratta/Projects/bots/w1/astro-whatsapp-bot/tests/e2e/comprehensive-test-suite/comprehensive-menu-navigation.test.js:72:7)</failure>
    </testcase>
    <testcase classname="MENU NAVIGATION INTEGRATION: Complete Menu Tree Validation Deep Menu Path Traversals (45 tests) should display breadcrumb navigation for multi-level back functionality" name="MENU NAVIGATION INTEGRATION: Complete Menu Tree Validation Deep Menu Path Traversals (45 tests) should display breadcrumb navigation for multi-level back functionality" time="0.665">
      <failure>AxiosError: Request failed with status code 401
    at settle (/Users/mohitmendiratta/Projects/bots/w1/astro-whatsapp-bot/node_modules/axios/lib/core/settle.js:19:12)
    at IncomingMessage.handleStreamEnd (/Users/mohitmendiratta/Projects/bots/w1/astro-whatsapp-bot/node_modules/axios/lib/adapters/http.js:617:11)
    at IncomingMessage.emit (node:events:520:35)
    at endReadableNT (node:internal/streams/readable:1701:12)
    at processTicksAndRejections (node:internal/process/task_queues:90:21)
    at Axios.request (/Users/mohitmendiratta/Projects/bots/w1/astro-whatsapp-bot/node_modules/axios/lib/core/Axios.js:45:41)
    at processTicksAndRejections (node:internal/process/task_queues:105:5)
    at sendTextMessage (/Users/mohitmendiratta/Projects/bots/w1/astro-whatsapp-bot/src/services/whatsapp/messageSender.js:64:22)
    at sendMessage (/Users/mohitmendiratta/Projects/bots/w1/astro-whatsapp-bot/src/services/whatsapp/messageSender.js:484:18)
    at sendErrorMessage (/Users/mohitmendiratta/Projects/bots/w1/astro-whatsapp-bot/src/services/whatsapp/messageProcessor.js:2515:3)
    at processIncomingMessage (/Users/mohitmendiratta/Projects/bots/w1/astro-whatsapp-bot/src/services/whatsapp/messageProcessor.js:249:5)
    at simulateOnboarding (/Users/mohitmendiratta/Projects/bots/w1/astro-whatsapp-bot/tests/e2e/comprehensive-test-suite/comprehensive-menu-navigation.test.js:28:5)
    at Object.&lt;anonymous&gt; (/Users/mohitmendiratta/Projects/bots/w1/astro-whatsapp-bot/tests/e2e/comprehensive-test-suite/comprehensive-menu-navigation.test.js:88:7)</failure>
    </testcase>
    <testcase classname="MENU NAVIGATION INTEGRATION: Complete Menu Tree Validation Deep Menu Path Traversals (45 tests) should show premium options only for subscribed users (Subscription-tier menu differences)" name="MENU NAVIGATION INTEGRATION: Complete Menu Tree Validation Deep Menu Path Traversals (45 tests) should show premium options only for subscribed users (Subscription-tier menu differences)" time="0.827">
      <failure>AxiosError: Request failed with status code 401
    at settle (/Users/mohitmendiratta/Projects/bots/w1/astro-whatsapp-bot/node_modules/axios/lib/core/settle.js:19:12)
    at IncomingMessage.handleStreamEnd (/Users/mohitmendiratta/Projects/bots/w1/astro-whatsapp-bot/node_modules/axios/lib/adapters/http.js:617:11)
    at IncomingMessage.emit (node:events:520:35)
    at endReadableNT (node:internal/streams/readable:1701:12)
    at processTicksAndRejections (node:internal/process/task_queues:90:21)
    at Axios.request (/Users/mohitmendiratta/Projects/bots/w1/astro-whatsapp-bot/node_modules/axios/lib/core/Axios.js:45:41)
    at processTicksAndRejections (node:internal/process/task_queues:105:5)
    at sendTextMessage (/Users/mohitmendiratta/Projects/bots/w1/astro-whatsapp-bot/src/services/whatsapp/messageSender.js:64:22)
    at sendMessage (/Users/mohitmendiratta/Projects/bots/w1/astro-whatsapp-bot/src/services/whatsapp/messageSender.js:484:18)
    at sendErrorMessage (/Users/mohitmendiratta/Projects/bots/w1/astro-whatsapp-bot/src/services/whatsapp/messageProcessor.js:2515:3)
    at processIncomingMessage (/Users/mohitmendiratta/Projects/bots/w1/astro-whatsapp-bot/src/services/whatsapp/messageProcessor.js:249:5)
    at simulateOnboarding (/Users/mohitmendiratta/Projects/bots/w1/astro-whatsapp-bot/tests/e2e/comprehensive-test-suite/comprehensive-menu-navigation.test.js:28:5)
    at Object.&lt;anonymous&gt; (/Users/mohitmendiratta/Projects/bots/w1/astro-whatsapp-bot/tests/e2e/comprehensive-test-suite/comprehensive-menu-navigation.test.js:106:7)</failure>
    </testcase>
    <testcase classname="MENU NAVIGATION INTEGRATION: Complete Menu Tree Validation Deep Menu Path Traversals (45 tests) should display language-dependent menu options based on user preference" name="MENU NAVIGATION INTEGRATION: Complete Menu Tree Validation Deep Menu Path Traversals (45 tests) should display language-dependent menu options based on user preference" time="0.641">
      <failure>AxiosError: Request failed with status code 401
    at settle (/Users/mohitmendiratta/Projects/bots/w1/astro-whatsapp-bot/node_modules/axios/lib/core/settle.js:19:12)
    at IncomingMessage.handleStreamEnd (/Users/mohitmendiratta/Projects/bots/w1/astro-whatsapp-bot/node_modules/axios/lib/adapters/http.js:617:11)
    at IncomingMessage.emit (node:events:520:35)
    at endReadableNT (node:internal/streams/readable:1701:12)
    at processTicksAndRejections (node:internal/process/task_queues:90:21)
    at Axios.request (/Users/mohitmendiratta/Projects/bots/w1/astro-whatsapp-bot/node_modules/axios/lib/core/Axios.js:45:41)
    at processTicksAndRejections (node:internal/process/task_queues:105:5)
    at sendTextMessage (/Users/mohitmendiratta/Projects/bots/w1/astro-whatsapp-bot/src/services/whatsapp/messageSender.js:64:22)
    at sendMessage (/Users/mohitmendiratta/Projects/bots/w1/astro-whatsapp-bot/src/services/whatsapp/messageSender.js:484:18)
    at sendErrorMessage (/Users/mohitmendiratta/Projects/bots/w1/astro-whatsapp-bot/src/services/whatsapp/messageProcessor.js:2515:3)
    at processIncomingMessage (/Users/mohitmendiratta/Projects/bots/w1/astro-whatsapp-bot/src/services/whatsapp/messageProcessor.js:249:5)
    at simulateOnboarding (/Users/mohitmendiratta/Projects/bots/w1/astro-whatsapp-bot/tests/e2e/comprehensive-test-suite/comprehensive-menu-navigation.test.js:28:5)
    at Object.&lt;anonymous&gt; (/Users/mohitmendiratta/Projects/bots/w1/astro-whatsapp-bot/tests/e2e/comprehensive-test-suite/comprehensive-menu-navigation.test.js:125:7)</failure>
    </testcase>
    <testcase classname="MENU NAVIGATION INTEGRATION: Complete Menu Tree Validation Deep Menu Path Traversals (45 tests) should dynamically change menu options based on profile completion status" name="MENU NAVIGATION INTEGRATION: Complete Menu Tree Validation Deep Menu Path Traversals (45 tests) should dynamically change menu options based on profile completion status" time="0.627">
      <failure>AxiosError: Request failed with status code 401
    at settle (/Users/mohitmendiratta/Projects/bots/w1/astro-whatsapp-bot/node_modules/axios/lib/core/settle.js:19:12)
    at IncomingMessage.handleStreamEnd (/Users/mohitmendiratta/Projects/bots/w1/astro-whatsapp-bot/node_modules/axios/lib/adapters/http.js:617:11)
    at IncomingMessage.emit (node:events:520:35)
    at endReadableNT (node:internal/streams/readable:1701:12)
    at processTicksAndRejections (node:internal/process/task_queues:90:21)
    at Axios.request (/Users/mohitmendiratta/Projects/bots/w1/astro-whatsapp-bot/node_modules/axios/lib/core/Axios.js:45:41)
    at processTicksAndRejections (node:internal/process/task_queues:105:5)
    at sendTextMessage (/Users/mohitmendiratta/Projects/bots/w1/astro-whatsapp-bot/src/services/whatsapp/messageSender.js:64:22)
    at sendMessage (/Users/mohitmendiratta/Projects/bots/w1/astro-whatsapp-bot/src/services/whatsapp/messageSender.js:484:18)
    at sendErrorMessage (/Users/mohitmendiratta/Projects/bots/w1/astro-whatsapp-bot/src/services/whatsapp/messageProcessor.js:2515:3)
    at processIncomingMessage (/Users/mohitmendiratta/Projects/bots/w1/astro-whatsapp-bot/src/services/whatsapp/messageProcessor.js:249:5)
    at Object.&lt;anonymous&gt; (/Users/mohitmendiratta/Projects/bots/w1/astro-whatsapp-bot/tests/e2e/comprehensive-test-suite/comprehensive-menu-navigation.test.js:145:7)</failure>
    </testcase>
    <testcase classname="MENU NAVIGATION INTEGRATION: Complete Menu Tree Validation Deep Menu Path Traversals (45 tests) should prioritize frequently used menu options (Adaptive menu ordering)" name="MENU NAVIGATION INTEGRATION: Complete Menu Tree Validation Deep Menu Path Traversals (45 tests) should prioritize frequently used menu options (Adaptive menu ordering)" time="0.649">
      <failure>AxiosError: Request failed with status code 401
    at settle (/Users/mohitmendiratta/Projects/bots/w1/astro-whatsapp-bot/node_modules/axios/lib/core/settle.js:19:12)
    at IncomingMessage.handleStreamEnd (/Users/mohitmendiratta/Projects/bots/w1/astro-whatsapp-bot/node_modules/axios/lib/adapters/http.js:617:11)
    at IncomingMessage.emit (node:events:520:35)
    at endReadableNT (node:internal/streams/readable:1701:12)
    at processTicksAndRejections (node:internal/process/task_queues:90:21)
    at Axios.request (/Users/mohitmendiratta/Projects/bots/w1/astro-whatsapp-bot/node_modules/axios/lib/core/Axios.js:45:41)
    at processTicksAndRejections (node:internal/process/task_queues:105:5)
    at sendTextMessage (/Users/mohitmendiratta/Projects/bots/w1/astro-whatsapp-bot/src/services/whatsapp/messageSender.js:64:22)
    at sendMessage (/Users/mohitmendiratta/Projects/bots/w1/astro-whatsapp-bot/src/services/whatsapp/messageSender.js:484:18)
    at sendErrorMessage (/Users/mohitmendiratta/Projects/bots/w1/astro-whatsapp-bot/src/services/whatsapp/messageProcessor.js:2515:3)
    at processIncomingMessage (/Users/mohitmendiratta/Projects/bots/w1/astro-whatsapp-bot/src/services/whatsapp/messageProcessor.js:249:5)
    at simulateOnboarding (/Users/mohitmendiratta/Projects/bots/w1/astro-whatsapp-bot/tests/e2e/comprehensive-test-suite/comprehensive-menu-navigation.test.js:28:5)
    at Object.&lt;anonymous&gt; (/Users/mohitmendiratta/Projects/bots/w1/astro-whatsapp-bot/tests/e2e/comprehensive-test-suite/comprehensive-menu-navigation.test.js:165:7)</failure>
    </testcase>
    <testcase classname="MENU NAVIGATION INTEGRATION: Complete Menu Tree Validation Deep Menu Path Traversals (45 tests) should navigate to Western -&gt; Basic -&gt; Planets in Birth Chart" name="MENU NAVIGATION INTEGRATION: Complete Menu Tree Validation Deep Menu Path Traversals (45 tests) should navigate to Western -&gt; Basic -&gt; Planets in Birth Chart" time="0.652">
      <failure>AxiosError: Request failed with status code 401
    at settle (/Users/mohitmendiratta/Projects/bots/w1/astro-whatsapp-bot/node_modules/axios/lib/core/settle.js:19:12)
    at IncomingMessage.handleStreamEnd (/Users/mohitmendiratta/Projects/bots/w1/astro-whatsapp-bot/node_modules/axios/lib/adapters/http.js:617:11)
    at IncomingMessage.emit (node:events:520:35)
    at endReadableNT (node:internal/streams/readable:1701:12)
    at processTicksAndRejections (node:internal/process/task_queues:90:21)
    at Axios.request (/Users/mohitmendiratta/Projects/bots/w1/astro-whatsapp-bot/node_modules/axios/lib/core/Axios.js:45:41)
    at processTicksAndRejections (node:internal/process/task_queues:105:5)
    at sendTextMessage (/Users/mohitmendiratta/Projects/bots/w1/astro-whatsapp-bot/src/services/whatsapp/messageSender.js:64:22)
    at sendMessage (/Users/mohitmendiratta/Projects/bots/w1/astro-whatsapp-bot/src/services/whatsapp/messageSender.js:484:18)
    at sendErrorMessage (/Users/mohitmendiratta/Projects/bots/w1/astro-whatsapp-bot/src/services/whatsapp/messageProcessor.js:2515:3)
    at processIncomingMessage (/Users/mohitmendiratta/Projects/bots/w1/astro-whatsapp-bot/src/services/whatsapp/messageProcessor.js:249:5)
    at simulateOnboarding (/Users/mohitmendiratta/Projects/bots/w1/astro-whatsapp-bot/tests/e2e/comprehensive-test-suite/comprehensive-menu-navigation.test.js:28:5)
    at Object.&lt;anonymous&gt; (/Users/mohitmendiratta/Projects/bots/w1/astro-whatsapp-bot/tests/e2e/comprehensive-test-suite/comprehensive-menu-navigation.test.js:184:7)</failure>
    </testcase>
    <testcase classname="MENU NAVIGATION INTEGRATION: Complete Menu Tree Validation Deep Menu Path Traversals (45 tests) should navigate to Western -&gt; Basic -&gt; Houses in Birth Chart" name="MENU NAVIGATION INTEGRATION: Complete Menu Tree Validation Deep Menu Path Traversals (45 tests) should navigate to Western -&gt; Basic -&gt; Houses in Birth Chart" time="0.775">
      <failure>AxiosError: Request failed with status code 401
    at settle (/Users/mohitmendiratta/Projects/bots/w1/astro-whatsapp-bot/node_modules/axios/lib/core/settle.js:19:12)
    at IncomingMessage.handleStreamEnd (/Users/mohitmendiratta/Projects/bots/w1/astro-whatsapp-bot/node_modules/axios/lib/adapters/http.js:617:11)
    at IncomingMessage.emit (node:events:520:35)
    at endReadableNT (node:internal/streams/readable:1701:12)
    at processTicksAndRejections (node:internal/process/task_queues:90:21)
    at Axios.request (/Users/mohitmendiratta/Projects/bots/w1/astro-whatsapp-bot/node_modules/axios/lib/core/Axios.js:45:41)
    at processTicksAndRejections (node:internal/process/task_queues:105:5)
    at sendTextMessage (/Users/mohitmendiratta/Projects/bots/w1/astro-whatsapp-bot/src/services/whatsapp/messageSender.js:64:22)
    at sendMessage (/Users/mohitmendiratta/Projects/bots/w1/astro-whatsapp-bot/src/services/whatsapp/messageSender.js:484:18)
    at sendErrorMessage (/Users/mohitmendiratta/Projects/bots/w1/astro-whatsapp-bot/src/services/whatsapp/messageProcessor.js:2515:3)
    at processIncomingMessage (/Users/mohitmendiratta/Projects/bots/w1/astro-whatsapp-bot/src/services/whatsapp/messageProcessor.js:249:5)
    at simulateOnboarding (/Users/mohitmendiratta/Projects/bots/w1/astro-whatsapp-bot/tests/e2e/comprehensive-test-suite/comprehensive-menu-navigation.test.js:28:5)
    at Object.&lt;anonymous&gt; (/Users/mohitmendiratta/Projects/bots/w1/astro-whatsapp-bot/tests/e2e/comprehensive-test-suite/comprehensive-menu-navigation.test.js:194:7)</failure>
    </testcase>
    <testcase classname="MENU NAVIGATION INTEGRATION: Complete Menu Tree Validation Deep Menu Path Traversals (45 tests) should navigate to Western -&gt; Basic -&gt; Aspects in Birth Chart" name="MENU NAVIGATION INTEGRATION: Complete Menu Tree Validation Deep Menu Path Traversals (45 tests) should navigate to Western -&gt; Basic -&gt; Aspects in Birth Chart" time="0.632">
      <failure>AxiosError: Request failed with status code 401
    at settle (/Users/mohitmendiratta/Projects/bots/w1/astro-whatsapp-bot/node_modules/axios/lib/core/settle.js:19:12)
    at IncomingMessage.handleStreamEnd (/Users/mohitmendiratta/Projects/bots/w1/astro-whatsapp-bot/node_modules/axios/lib/adapters/http.js:617:11)
    at IncomingMessage.emit (node:events:520:35)
    at endReadableNT (node:internal/streams/readable:1701:12)
    at processTicksAndRejections (node:internal/process/task_queues:90:21)
    at Axios.request (/Users/mohitmendiratta/Projects/bots/w1/astro-whatsapp-bot/node_modules/axios/lib/core/Axios.js:45:41)
    at processTicksAndRejections (node:internal/process/task_queues:105:5)
    at sendTextMessage (/Users/mohitmendiratta/Projects/bots/w1/astro-whatsapp-bot/src/services/whatsapp/messageSender.js:64:22)
    at sendMessage (/Users/mohitmendiratta/Projects/bots/w1/astro-whatsapp-bot/src/services/whatsapp/messageSender.js:484:18)
    at sendErrorMessage (/Users/mohitmendiratta/Projects/bots/w1/astro-whatsapp-bot/src/services/whatsapp/messageProcessor.js:2515:3)
    at processIncomingMessage (/Users/mohitmendiratta/Projects/bots/w1/astro-whatsapp-bot/src/services/whatsapp/messageProcessor.js:249:5)
    at simulateOnboarding (/Users/mohitmendiratta/Projects/bots/w1/astro-whatsapp-bot/tests/e2e/comprehensive-test-suite/comprehensive-menu-navigation.test.js:28:5)
    at Object.&lt;anonymous&gt; (/Users/mohitmendiratta/Projects/bots/w1/astro-whatsapp-bot/tests/e2e/comprehensive-test-suite/comprehensive-menu-navigation.test.js:204:7)</failure>
    </testcase>
    <testcase classname="MENU NAVIGATION INTEGRATION: Complete Menu Tree Validation Deep Menu Path Traversals (45 tests) should navigate to Vedic -&gt; Advanced -&gt; Dasha -&gt; Vimshottari" name="MENU NAVIGATION INTEGRATION: Complete Menu Tree Validation Deep Menu Path Traversals (45 tests) should navigate to Vedic -&gt; Advanced -&gt; Dasha -&gt; Vimshottari" time="0.628">
      <failure>AxiosError: Request failed with status code 401
    at settle (/Users/mohitmendiratta/Projects/bots/w1/astro-whatsapp-bot/node_modules/axios/lib/core/settle.js:19:12)
    at IncomingMessage.handleStreamEnd (/Users/mohitmendiratta/Projects/bots/w1/astro-whatsapp-bot/node_modules/axios/lib/adapters/http.js:617:11)
    at IncomingMessage.emit (node:events:520:35)
    at endReadableNT (node:internal/streams/readable:1701:12)
    at processTicksAndRejections (node:internal/process/task_queues:90:21)
    at Axios.request (/Users/mohitmendiratta/Projects/bots/w1/astro-whatsapp-bot/node_modules/axios/lib/core/Axios.js:45:41)
    at processTicksAndRejections (node:internal/process/task_queues:105:5)
    at sendTextMessage (/Users/mohitmendiratta/Projects/bots/w1/astro-whatsapp-bot/src/services/whatsapp/messageSender.js:64:22)
    at sendMessage (/Users/mohitmendiratta/Projects/bots/w1/astro-whatsapp-bot/src/services/whatsapp/messageSender.js:484:18)
    at sendErrorMessage (/Users/mohitmendiratta/Projects/bots/w1/astro-whatsapp-bot/src/services/whatsapp/messageProcessor.js:2515:3)
    at processIncomingMessage (/Users/mohitmendiratta/Projects/bots/w1/astro-whatsapp-bot/src/services/whatsapp/messageProcessor.js:249:5)
    at simulateOnboarding (/Users/mohitmendiratta/Projects/bots/w1/astro-whatsapp-bot/tests/e2e/comprehensive-test-suite/comprehensive-menu-navigation.test.js:28:5)
    at Object.&lt;anonymous&gt; (/Users/mohitmendiratta/Projects/bots/w1/astro-whatsapp-bot/tests/e2e/comprehensive-test-suite/comprehensive-menu-navigation.test.js:214:7)</failure>
    </testcase>
    <testcase classname="MENU NAVIGATION INTEGRATION: Complete Menu Tree Validation Deep Menu Path Traversals (45 tests) should navigate to Vedic -&gt; Advanced -&gt; Dasha -&gt; Yogini" name="MENU NAVIGATION INTEGRATION: Complete Menu Tree Validation Deep Menu Path Traversals (45 tests) should navigate to Vedic -&gt; Advanced -&gt; Dasha -&gt; Yogini" time="0.808">
      <failure>AxiosError: Request failed with status code 401
    at settle (/Users/mohitmendiratta/Projects/bots/w1/astro-whatsapp-bot/node_modules/axios/lib/core/settle.js:19:12)
    at IncomingMessage.handleStreamEnd (/Users/mohitmendiratta/Projects/bots/w1/astro-whatsapp-bot/node_modules/axios/lib/adapters/http.js:617:11)
    at IncomingMessage.emit (node:events:520:35)
    at endReadableNT (node:internal/streams/readable:1701:12)
    at processTicksAndRejections (node:internal/process/task_queues:90:21)
    at Axios.request (/Users/mohitmendiratta/Projects/bots/w1/astro-whatsapp-bot/node_modules/axios/lib/core/Axios.js:45:41)
    at processTicksAndRejections (node:internal/process/task_queues:105:5)
    at sendTextMessage (/Users/mohitmendiratta/Projects/bots/w1/astro-whatsapp-bot/src/services/whatsapp/messageSender.js:64:22)
    at sendMessage (/Users/mohitmendiratta/Projects/bots/w1/astro-whatsapp-bot/src/services/whatsapp/messageSender.js:484:18)
    at sendErrorMessage (/Users/mohitmendiratta/Projects/bots/w1/astro-whatsapp-bot/src/services/whatsapp/messageProcessor.js:2515:3)
    at processIncomingMessage (/Users/mohitmendiratta/Projects/bots/w1/astro-whatsapp-bot/src/services/whatsapp/messageProcessor.js:249:5)
    at simulateOnboarding (/Users/mohitmendiratta/Projects/bots/w1/astro-whatsapp-bot/tests/e2e/comprehensive-test-suite/comprehensive-menu-navigation.test.js:28:5)
    at Object.&lt;anonymous&gt; (/Users/mohitmendiratta/Projects/bots/w1/astro-whatsapp-bot/tests/e2e/comprehensive-test-suite/comprehensive-menu-navigation.test.js:224:7)</failure>
    </testcase>
    <testcase classname="MENU NAVIGATION INTEGRATION: Complete Menu Tree Validation Deep Menu Path Traversals (45 tests) should navigate to Vedic -&gt; Advanced -&gt; Dasha -&gt; Char Dasha" name="MENU NAVIGATION INTEGRATION: Complete Menu Tree Validation Deep Menu Path Traversals (45 tests) should navigate to Vedic -&gt; Advanced -&gt; Dasha -&gt; Char Dasha" time="0.623">
      <failure>AxiosError: Request failed with status code 401
    at settle (/Users/mohitmendiratta/Projects/bots/w1/astro-whatsapp-bot/node_modules/axios/lib/core/settle.js:19:12)
    at IncomingMessage.handleStreamEnd (/Users/mohitmendiratta/Projects/bots/w1/astro-whatsapp-bot/node_modules/axios/lib/adapters/http.js:617:11)
    at IncomingMessage.emit (node:events:520:35)
    at endReadableNT (node:internal/streams/readable:1701:12)
    at processTicksAndRejections (node:internal/process/task_queues:90:21)
    at Axios.request (/Users/mohitmendiratta/Projects/bots/w1/astro-whatsapp-bot/node_modules/axios/lib/core/Axios.js:45:41)
    at processTicksAndRejections (node:internal/process/task_queues:105:5)
    at sendTextMessage (/Users/mohitmendiratta/Projects/bots/w1/astro-whatsapp-bot/src/services/whatsapp/messageSender.js:64:22)
    at sendMessage (/Users/mohitmendiratta/Projects/bots/w1/astro-whatsapp-bot/src/services/whatsapp/messageSender.js:484:18)
    at sendErrorMessage (/Users/mohitmendiratta/Projects/bots/w1/astro-whatsapp-bot/src/services/whatsapp/messageProcessor.js:2515:3)
    at processIncomingMessage (/Users/mohitmendiratta/Projects/bots/w1/astro-whatsapp-bot/src/services/whatsapp/messageProcessor.js:249:5)
    at simulateOnboarding (/Users/mohitmendiratta/Projects/bots/w1/astro-whatsapp-bot/tests/e2e/comprehensive-test-suite/comprehensive-menu-navigation.test.js:28:5)
    at Object.&lt;anonymous&gt; (/Users/mohitmendiratta/Projects/bots/w1/astro-whatsapp-bot/tests/e2e/comprehensive-test-suite/comprehensive-menu-navigation.test.js:234:7)</failure>
    </testcase>
    <testcase classname="MENU NAVIGATION INTEGRATION: Complete Menu Tree Validation Deep Menu Path Traversals (45 tests) should navigate to Vedic -&gt; Advanced -&gt; Dasha -&gt; Narayan Dasha" name="MENU NAVIGATION INTEGRATION: Complete Menu Tree Validation Deep Menu Path Traversals (45 tests) should navigate to Vedic -&gt; Advanced -&gt; Dasha -&gt; Narayan Dasha" time="0.706">
      <failure>AxiosError: Request failed with status code 401
    at settle (/Users/mohitmendiratta/Projects/bots/w1/astro-whatsapp-bot/node_modules/axios/lib/core/settle.js:19:12)
    at IncomingMessage.handleStreamEnd (/Users/mohitmendiratta/Projects/bots/w1/astro-whatsapp-bot/node_modules/axios/lib/adapters/http.js:617:11)
    at IncomingMessage.emit (node:events:520:35)
    at endReadableNT (node:internal/streams/readable:1701:12)
    at processTicksAndRejections (node:internal/process/task_queues:90:21)
    at Axios.request (/Users/mohitmendiratta/Projects/bots/w1/astro-whatsapp-bot/node_modules/axios/lib/core/Axios.js:45:41)
    at processTicksAndRejections (node:internal/process/task_queues:105:5)
    at sendTextMessage (/Users/mohitmendiratta/Projects/bots/w1/astro-whatsapp-bot/src/services/whatsapp/messageSender.js:64:22)
    at sendMessage (/Users/mohitmendiratta/Projects/bots/w1/astro-whatsapp-bot/src/services/whatsapp/messageSender.js:484:18)
    at sendErrorMessage (/Users/mohitmendiratta/Projects/bots/w1/astro-whatsapp-bot/src/services/whatsapp/messageProcessor.js:2515:3)
    at processIncomingMessage (/Users/mohitmendiratta/Projects/bots/w1/astro-whatsapp-bot/src/services/whatsapp/messageProcessor.js:249:5)
    at simulateOnboarding (/Users/mohitmendiratta/Projects/bots/w1/astro-whatsapp-bot/tests/e2e/comprehensive-test-suite/comprehensive-menu-navigation.test.js:28:5)
    at Object.&lt;anonymous&gt; (/Users/mohitmendiratta/Projects/bots/w1/astro-whatsapp-bot/tests/e2e/comprehensive-test-suite/comprehensive-menu-navigation.test.js:244:7)</failure>
    </testcase>
    <testcase classname="MENU NAVIGATION INTEGRATION: Complete Menu Tree Validation Deep Menu Path Traversals (45 tests) should navigate to Relationships -&gt; Family -&gt; 4-member -&gt; Parent-Child" name="MENU NAVIGATION INTEGRATION: Complete Menu Tree Validation Deep Menu Path Traversals (45 tests) should navigate to Relationships -&gt; Family -&gt; 4-member -&gt; Parent-Child" time="0.71">
      <failure>AxiosError: Request failed with status code 401
    at settle (/Users/mohitmendiratta/Projects/bots/w1/astro-whatsapp-bot/node_modules/axios/lib/core/settle.js:19:12)
    at IncomingMessage.handleStreamEnd (/Users/mohitmendiratta/Projects/bots/w1/astro-whatsapp-bot/node_modules/axios/lib/adapters/http.js:617:11)
    at IncomingMessage.emit (node:events:520:35)
    at endReadableNT (node:internal/streams/readable:1701:12)
    at processTicksAndRejections (node:internal/process/task_queues:90:21)
    at Axios.request (/Users/mohitmendiratta/Projects/bots/w1/astro-whatsapp-bot/node_modules/axios/lib/core/Axios.js:45:41)
    at processTicksAndRejections (node:internal/process/task_queues:105:5)
    at sendTextMessage (/Users/mohitmendiratta/Projects/bots/w1/astro-whatsapp-bot/src/services/whatsapp/messageSender.js:64:22)
    at sendMessage (/Users/mohitmendiratta/Projects/bots/w1/astro-whatsapp-bot/src/services/whatsapp/messageSender.js:484:18)
    at sendErrorMessage (/Users/mohitmendiratta/Projects/bots/w1/astro-whatsapp-bot/src/services/whatsapp/messageProcessor.js:2515:3)
    at processIncomingMessage (/Users/mohitmendiratta/Projects/bots/w1/astro-whatsapp-bot/src/services/whatsapp/messageProcessor.js:249:5)
    at simulateOnboarding (/Users/mohitmendiratta/Projects/bots/w1/astro-whatsapp-bot/tests/e2e/comprehensive-test-suite/comprehensive-menu-navigation.test.js:28:5)
    at Object.&lt;anonymous&gt; (/Users/mohitmendiratta/Projects/bots/w1/astro-whatsapp-bot/tests/e2e/comprehensive-test-suite/comprehensive-menu-navigation.test.js:254:7)</failure>
    </testcase>
    <testcase classname="MENU NAVIGATION INTEGRATION: Complete Menu Tree Validation Deep Menu Path Traversals (45 tests) should navigate to Relationships -&gt; Family -&gt; 4-member -&gt; Sibling" name="MENU NAVIGATION INTEGRATION: Complete Menu Tree Validation Deep Menu Path Traversals (45 tests) should navigate to Relationships -&gt; Family -&gt; 4-member -&gt; Sibling" time="0.62">
      <failure>AxiosError: Request failed with status code 401
    at settle (/Users/mohitmendiratta/Projects/bots/w1/astro-whatsapp-bot/node_modules/axios/lib/core/settle.js:19:12)
    at IncomingMessage.handleStreamEnd (/Users/mohitmendiratta/Projects/bots/w1/astro-whatsapp-bot/node_modules/axios/lib/adapters/http.js:617:11)
    at IncomingMessage.emit (node:events:520:35)
    at endReadableNT (node:internal/streams/readable:1701:12)
    at processTicksAndRejections (node:internal/process/task_queues:90:21)
    at Axios.request (/Users/mohitmendiratta/Projects/bots/w1/astro-whatsapp-bot/node_modules/axios/lib/core/Axios.js:45:41)
    at processTicksAndRejections (node:internal/process/task_queues:105:5)
    at sendTextMessage (/Users/mohitmendiratta/Projects/bots/w1/astro-whatsapp-bot/src/services/whatsapp/messageSender.js:64:22)
    at sendMessage (/Users/mohitmendiratta/Projects/bots/w1/astro-whatsapp-bot/src/services/whatsapp/messageSender.js:484:18)
    at sendErrorMessage (/Users/mohitmendiratta/Projects/bots/w1/astro-whatsapp-bot/src/services/whatsapp/messageProcessor.js:2515:3)
    at processIncomingMessage (/Users/mohitmendiratta/Projects/bots/w1/astro-whatsapp-bot/src/services/whatsapp/messageProcessor.js:249:5)
    at simulateOnboarding (/Users/mohitmendiratta/Projects/bots/w1/astro-whatsapp-bot/tests/e2e/comprehensive-test-suite/comprehensive-menu-navigation.test.js:28:5)
    at Object.&lt;anonymous&gt; (/Users/mohitmendiratta/Projects/bots/w1/astro-whatsapp-bot/tests/e2e/comprehensive-test-suite/comprehensive-menu-navigation.test.js:264:7)</failure>
    </testcase>
    <testcase classname="MENU NAVIGATION INTEGRATION: Complete Menu Tree Validation Deep Menu Path Traversals (45 tests) should navigate to Relationships -&gt; Family -&gt; 4-member -&gt; Spousal" name="MENU NAVIGATION INTEGRATION: Complete Menu Tree Validation Deep Menu Path Traversals (45 tests) should navigate to Relationships -&gt; Family -&gt; 4-member -&gt; Spousal" time="0.699">
      <failure>AxiosError: Request failed with status code 401
    at settle (/Users/mohitmendiratta/Projects/bots/w1/astro-whatsapp-bot/node_modules/axios/lib/core/settle.js:19:12)
    at IncomingMessage.handleStreamEnd (/Users/mohitmendiratta/Projects/bots/w1/astro-whatsapp-bot/node_modules/axios/lib/adapters/http.js:617:11)
    at IncomingMessage.emit (node:events:520:35)
    at endReadableNT (node:internal/streams/readable:1701:12)
    at processTicksAndRejections (node:internal/process/task_queues:90:21)
    at Axios.request (/Users/mohitmendiratta/Projects/bots/w1/astro-whatsapp-bot/node_modules/axios/lib/core/Axios.js:45:41)
    at processTicksAndRejections (node:internal/process/task_queues:105:5)
    at sendTextMessage (/Users/mohitmendiratta/Projects/bots/w1/astro-whatsapp-bot/src/services/whatsapp/messageSender.js:64:22)
    at sendMessage (/Users/mohitmendiratta/Projects/bots/w1/astro-whatsapp-bot/src/services/whatsapp/messageSender.js:484:18)
    at sendErrorMessage (/Users/mohitmendiratta/Projects/bots/w1/astro-whatsapp-bot/src/services/whatsapp/messageProcessor.js:2515:3)
    at processIncomingMessage (/Users/mohitmendiratta/Projects/bots/w1/astro-whatsapp-bot/src/services/whatsapp/messageProcessor.js:249:5)
    at simulateOnboarding (/Users/mohitmendiratta/Projects/bots/w1/astro-whatsapp-bot/tests/e2e/comprehensive-test-suite/comprehensive-menu-navigation.test.js:28:5)
    at Object.&lt;anonymous&gt; (/Users/mohitmendiratta/Projects/bots/w1/astro-whatsapp-bot/tests/e2e/comprehensive-test-suite/comprehensive-menu-navigation.test.js:274:7)</failure>
    </testcase>
    <testcase classname="MENU NAVIGATION INTEGRATION: Complete Menu Tree Validation Deep Menu Path Traversals (45 tests) should navigate to Divination -&gt; Ancient Wisdom -&gt; Hellenistic -&gt; Lots" name="MENU NAVIGATION INTEGRATION: Complete Menu Tree Validation Deep Menu Path Traversals (45 tests) should navigate to Divination -&gt; Ancient Wisdom -&gt; Hellenistic -&gt; Lots" time="0.728">
      <failure>AxiosError: Request failed with status code 401
    at settle (/Users/mohitmendiratta/Projects/bots/w1/astro-whatsapp-bot/node_modules/axios/lib/core/settle.js:19:12)
    at IncomingMessage.handleStreamEnd (/Users/mohitmendiratta/Projects/bots/w1/astro-whatsapp-bot/node_modules/axios/lib/adapters/http.js:617:11)
    at IncomingMessage.emit (node:events:520:35)
    at endReadableNT (node:internal/streams/readable:1701:12)
    at processTicksAndRejections (node:internal/process/task_queues:90:21)
    at Axios.request (/Users/mohitmendiratta/Projects/bots/w1/astro-whatsapp-bot/node_modules/axios/lib/core/Axios.js:45:41)
    at processTicksAndRejections (node:internal/process/task_queues:105:5)
    at sendTextMessage (/Users/mohitmendiratta/Projects/bots/w1/astro-whatsapp-bot/src/services/whatsapp/messageSender.js:64:22)
    at sendMessage (/Users/mohitmendiratta/Projects/bots/w1/astro-whatsapp-bot/src/services/whatsapp/messageSender.js:484:18)
    at sendErrorMessage (/Users/mohitmendiratta/Projects/bots/w1/astro-whatsapp-bot/src/services/whatsapp/messageProcessor.js:2515:3)
    at processIncomingMessage (/Users/mohitmendiratta/Projects/bots/w1/astro-whatsapp-bot/src/services/whatsapp/messageProcessor.js:249:5)
    at simulateOnboarding (/Users/mohitmendiratta/Projects/bots/w1/astro-whatsapp-bot/tests/e2e/comprehensive-test-suite/comprehensive-menu-navigation.test.js:28:5)
    at Object.&lt;anonymous&gt; (/Users/mohitmendiratta/Projects/bots/w1/astro-whatsapp-bot/tests/e2e/comprehensive-test-suite/comprehensive-menu-navigation.test.js:284:7)</failure>
    </testcase>
    <testcase classname="MENU NAVIGATION INTEGRATION: Complete Menu Tree Validation Deep Menu Path Traversals (45 tests) should navigate to Divination -&gt; Ancient Wisdom -&gt; Hellenistic -&gt; Decans" name="MENU NAVIGATION INTEGRATION: Complete Menu Tree Validation Deep Menu Path Traversals (45 tests) should navigate to Divination -&gt; Ancient Wisdom -&gt; Hellenistic -&gt; Decans" time="0.638">
      <failure>AxiosError: Request failed with status code 401
    at settle (/Users/mohitmendiratta/Projects/bots/w1/astro-whatsapp-bot/node_modules/axios/lib/core/settle.js:19:12)
    at IncomingMessage.handleStreamEnd (/Users/mohitmendiratta/Projects/bots/w1/astro-whatsapp-bot/node_modules/axios/lib/adapters/http.js:617:11)
    at IncomingMessage.emit (node:events:520:35)
    at endReadableNT (node:internal/streams/readable:1701:12)
    at processTicksAndRejections (node:internal/process/task_queues:90:21)
    at Axios.request (/Users/mohitmendiratta/Projects/bots/w1/astro-whatsapp-bot/node_modules/axios/lib/core/Axios.js:45:41)
    at processTicksAndRejections (node:internal/process/task_queues:105:5)
    at sendTextMessage (/Users/mohitmendiratta/Projects/bots/w1/astro-whatsapp-bot/src/services/whatsapp/messageSender.js:64:22)
    at sendMessage (/Users/mohitmendiratta/Projects/bots/w1/astro-whatsapp-bot/src/services/whatsapp/messageSender.js:484:18)
    at sendErrorMessage (/Users/mohitmendiratta/Projects/bots/w1/astro-whatsapp-bot/src/services/whatsapp/messageProcessor.js:2515:3)
    at processIncomingMessage (/Users/mohitmendiratta/Projects/bots/w1/astro-whatsapp-bot/src/services/whatsapp/messageProcessor.js:249:5)
    at simulateOnboarding (/Users/mohitmendiratta/Projects/bots/w1/astro-whatsapp-bot/tests/e2e/comprehensive-test-suite/comprehensive-menu-navigation.test.js:28:5)
    at Object.&lt;anonymous&gt; (/Users/mohitmendiratta/Projects/bots/w1/astro-whatsapp-bot/tests/e2e/comprehensive-test-suite/comprehensive-menu-navigation.test.js:294:7)</failure>
    </testcase>
    <testcase classname="MENU NAVIGATION INTEGRATION: Complete Menu Tree Validation Deep Menu Path Traversals (45 tests) should navigate to Divination -&gt; Ancient Wisdom -&gt; Hellenistic -&gt; Terms" name="MENU NAVIGATION INTEGRATION: Complete Menu Tree Validation Deep Menu Path Traversals (45 tests) should navigate to Divination -&gt; Ancient Wisdom -&gt; Hellenistic -&gt; Terms" time="0.789">
      <failure>AxiosError: Request failed with status code 401
    at settle (/Users/mohitmendiratta/Projects/bots/w1/astro-whatsapp-bot/node_modules/axios/lib/core/settle.js:19:12)
    at IncomingMessage.handleStreamEnd (/Users/mohitmendiratta/Projects/bots/w1/astro-whatsapp-bot/node_modules/axios/lib/adapters/http.js:617:11)
    at IncomingMessage.emit (node:events:520:35)
    at endReadableNT (node:internal/streams/readable:1701:12)
    at processTicksAndRejections (node:internal/process/task_queues:90:21)
    at Axios.request (/Users/mohitmendiratta/Projects/bots/w1/astro-whatsapp-bot/node_modules/axios/lib/core/Axios.js:45:41)
    at processTicksAndRejections (node:internal/process/task_queues:105:5)
    at sendTextMessage (/Users/mohitmendiratta/Projects/bots/w1/astro-whatsapp-bot/src/services/whatsapp/messageSender.js:64:22)
    at sendMessage (/Users/mohitmendiratta/Projects/bots/w1/astro-whatsapp-bot/src/services/whatsapp/messageSender.js:484:18)
    at sendErrorMessage (/Users/mohitmendiratta/Projects/bots/w1/astro-whatsapp-bot/src/services/whatsapp/messageProcessor.js:2515:3)
    at processIncomingMessage (/Users/mohitmendiratta/Projects/bots/w1/astro-whatsapp-bot/src/services/whatsapp/messageProcessor.js:249:5)
    at simulateOnboarding (/Users/mohitmendiratta/Projects/bots/w1/astro-whatsapp-bot/tests/e2e/comprehensive-test-suite/comprehensive-menu-navigation.test.js:28:5)
    at Object.&lt;anonymous&gt; (/Users/mohitmendiratta/Projects/bots/w1/astro-whatsapp-bot/tests/e2e/comprehensive-test-suite/comprehensive-menu-navigation.test.js:304:7)</failure>
    </testcase>
    <testcase classname="MENU NAVIGATION INTEGRATION: Complete Menu Tree Validation Deep Menu Path Traversals (45 tests) should navigate to Divination -&gt; Ancient Wisdom -&gt; Hellenistic -&gt; Triplicities" name="MENU NAVIGATION INTEGRATION: Complete Menu Tree Validation Deep Menu Path Traversals (45 tests) should navigate to Divination -&gt; Ancient Wisdom -&gt; Hellenistic -&gt; Triplicities" time="0.631">
      <failure>AxiosError: Request failed with status code 401
    at settle (/Users/mohitmendiratta/Projects/bots/w1/astro-whatsapp-bot/node_modules/axios/lib/core/settle.js:19:12)
    at IncomingMessage.handleStreamEnd (/Users/mohitmendiratta/Projects/bots/w1/astro-whatsapp-bot/node_modules/axios/lib/adapters/http.js:617:11)
    at IncomingMessage.emit (node:events:520:35)
    at endReadableNT (node:internal/streams/readable:1701:12)
    at processTicksAndRejections (node:internal/process/task_queues:90:21)
    at Axios.request (/Users/mohitmendiratta/Projects/bots/w1/astro-whatsapp-bot/node_modules/axios/lib/core/Axios.js:45:41)
    at processTicksAndRejections (node:internal/process/task_queues:105:5)
    at sendTextMessage (/Users/mohitmendiratta/Projects/bots/w1/astro-whatsapp-bot/src/services/whatsapp/messageSender.js:64:22)
    at sendMessage (/Users/mohitmendiratta/Projects/bots/w1/astro-whatsapp-bot/src/services/whatsapp/messageSender.js:484:18)
    at sendErrorMessage (/Users/mohitmendiratta/Projects/bots/w1/astro-whatsapp-bot/src/services/whatsapp/messageProcessor.js:2515:3)
    at processIncomingMessage (/Users/mohitmendiratta/Projects/bots/w1/astro-whatsapp-bot/src/services/whatsapp/messageProcessor.js:249:5)
    at simulateOnboarding (/Users/mohitmendiratta/Projects/bots/w1/astro-whatsapp-bot/tests/e2e/comprehensive-test-suite/comprehensive-menu-navigation.test.js:28:5)
    at Object.&lt;anonymous&gt; (/Users/mohitmendiratta/Projects/bots/w1/astro-whatsapp-bot/tests/e2e/comprehensive-test-suite/comprehensive-menu-navigation.test.js:314:7)</failure>
    </testcase>
    <testcase classname="MENU NAVIGATION INTEGRATION: Complete Menu Tree Validation Deep Menu Path Traversals (45 tests) should navigate to Divination -&gt; Ancient Wisdom -&gt; Hellenistic -&gt; Planetary Hours" name="MENU NAVIGATION INTEGRATION: Complete Menu Tree Validation Deep Menu Path Traversals (45 tests) should navigate to Divination -&gt; Ancient Wisdom -&gt; Hellenistic -&gt; Planetary Hours" time="0.61">
      <failure>AxiosError: Request failed with status code 401
    at settle (/Users/mohitmendiratta/Projects/bots/w1/astro-whatsapp-bot/node_modules/axios/lib/core/settle.js:19:12)
    at IncomingMessage.handleStreamEnd (/Users/mohitmendiratta/Projects/bots/w1/astro-whatsapp-bot/node_modules/axios/lib/adapters/http.js:617:11)
    at IncomingMessage.emit (node:events:520:35)
    at endReadableNT (node:internal/streams/readable:1701:12)
    at processTicksAndRejections (node:internal/process/task_queues:90:21)
    at Axios.request (/Users/mohitmendiratta/Projects/bots/w1/astro-whatsapp-bot/node_modules/axios/lib/core/Axios.js:45:41)
    at processTicksAndRejections (node:internal/process/task_queues:105:5)
    at sendTextMessage (/Users/mohitmendiratta/Projects/bots/w1/astro-whatsapp-bot/src/services/whatsapp/messageSender.js:64:22)
    at sendMessage (/Users/mohitmendiratta/Projects/bots/w1/astro-whatsapp-bot/src/services/whatsapp/messageSender.js:484:18)
    at sendErrorMessage (/Users/mohitmendiratta/Projects/bots/w1/astro-whatsapp-bot/src/services/whatsapp/messageProcessor.js:2515:3)
    at processIncomingMessage (/Users/mohitmendiratta/Projects/bots/w1/astro-whatsapp-bot/src/services/whatsapp/messageProcessor.js:249:5)
    at simulateOnboarding (/Users/mohitmendiratta/Projects/bots/w1/astro-whatsapp-bot/tests/e2e/comprehensive-test-suite/comprehensive-menu-navigation.test.js:28:5)
    at Object.&lt;anonymous&gt; (/Users/mohitmendiratta/Projects/bots/w1/astro-whatsapp-bot/tests/e2e/comprehensive-test-suite/comprehensive-menu-navigation.test.js:324:7)</failure>
    </testcase>
    <testcase classname="MENU NAVIGATION INTEGRATION: Complete Menu Tree Validation Deep Menu Path Traversals (45 tests) should allow saving quick access bookmarks to favorite menu shortcuts" name="MENU NAVIGATION INTEGRATION: Complete Menu Tree Validation Deep Menu Path Traversals (45 tests) should allow saving quick access bookmarks to favorite menu shortcuts" time="0.695">
      <failure>AxiosError: Request failed with status code 401
    at settle (/Users/mohitmendiratta/Projects/bots/w1/astro-whatsapp-bot/node_modules/axios/lib/core/settle.js:19:12)
    at IncomingMessage.handleStreamEnd (/Users/mohitmendiratta/Projects/bots/w1/astro-whatsapp-bot/node_modules/axios/lib/adapters/http.js:617:11)
    at IncomingMessage.emit (node:events:520:35)
    at endReadableNT (node:internal/streams/readable:1701:12)
    at processTicksAndRejections (node:internal/process/task_queues:90:21)
    at Axios.request (/Users/mohitmendiratta/Projects/bots/w1/astro-whatsapp-bot/node_modules/axios/lib/core/Axios.js:45:41)
    at processTicksAndRejections (node:internal/process/task_queues:105:5)
    at sendTextMessage (/Users/mohitmendiratta/Projects/bots/w1/astro-whatsapp-bot/src/services/whatsapp/messageSender.js:64:22)
    at sendMessage (/Users/mohitmendiratta/Projects/bots/w1/astro-whatsapp-bot/src/services/whatsapp/messageSender.js:484:18)
    at sendErrorMessage (/Users/mohitmendiratta/Projects/bots/w1/astro-whatsapp-bot/src/services/whatsapp/messageProcessor.js:2515:3)
    at processIncomingMessage (/Users/mohitmendiratta/Projects/bots/w1/astro-whatsapp-bot/src/services/whatsapp/messageProcessor.js:249:5)
    at simulateOnboarding (/Users/mohitmendiratta/Projects/bots/w1/astro-whatsapp-bot/tests/e2e/comprehensive-test-suite/comprehensive-menu-navigation.test.js:28:5)
    at Object.&lt;anonymous&gt; (/Users/mohitmendiratta/Projects/bots/w1/astro-whatsapp-bot/tests/e2e/comprehensive-test-suite/comprehensive-menu-navigation.test.js:334:7)</failure>
    </testcase>
    <testcase classname="MENU NAVIGATION INTEGRATION: Complete Menu Tree Validation Deep Menu Path Traversals (45 tests) should recall recent path memory for frequently used shortcuts" name="MENU NAVIGATION INTEGRATION: Complete Menu Tree Validation Deep Menu Path Traversals (45 tests) should recall recent path memory for frequently used shortcuts" time="0.725">
      <failure>AxiosError: Request failed with status code 401
    at settle (/Users/mohitmendiratta/Projects/bots/w1/astro-whatsapp-bot/node_modules/axios/lib/core/settle.js:19:12)
    at IncomingMessage.handleStreamEnd (/Users/mohitmendiratta/Projects/bots/w1/astro-whatsapp-bot/node_modules/axios/lib/adapters/http.js:617:11)
    at IncomingMessage.emit (node:events:520:35)
    at endReadableNT (node:internal/streams/readable:1701:12)
    at processTicksAndRejections (node:internal/process/task_queues:90:21)
    at Axios.request (/Users/mohitmendiratta/Projects/bots/w1/astro-whatsapp-bot/node_modules/axios/lib/core/Axios.js:45:41)
    at processTicksAndRejections (node:internal/process/task_queues:105:5)
    at sendTextMessage (/Users/mohitmendiratta/Projects/bots/w1/astro-whatsapp-bot/src/services/whatsapp/messageSender.js:64:22)
    at sendMessage (/Users/mohitmendiratta/Projects/bots/w1/astro-whatsapp-bot/src/services/whatsapp/messageSender.js:484:18)
    at sendErrorMessage (/Users/mohitmendiratta/Projects/bots/w1/astro-whatsapp-bot/src/services/whatsapp/messageProcessor.js:2515:3)
    at processIncomingMessage (/Users/mohitmendiratta/Projects/bots/w1/astro-whatsapp-bot/src/services/whatsapp/messageProcessor.js:249:5)
    at simulateOnboarding (/Users/mohitmendiratta/Projects/bots/w1/astro-whatsapp-bot/tests/e2e/comprehensive-test-suite/comprehensive-menu-navigation.test.js:28:5)
    at Object.&lt;anonymous&gt; (/Users/mohitmendiratta/Projects/bots/w1/astro-whatsapp-bot/tests/e2e/comprehensive-test-suite/comprehensive-menu-navigation.test.js:343:7)</failure>
    </testcase>
    <testcase classname="MENU NAVIGATION INTEGRATION: Complete Menu Tree Validation Deep Menu Path Traversals (45 tests) should list available shortcuts from recent path memory" name="MENU NAVIGATION INTEGRATION: Complete Menu Tree Validation Deep Menu Path Traversals (45 tests) should list available shortcuts from recent path memory" time="0.633">
      <failure>AxiosError: Request failed with status code 401
    at settle (/Users/mohitmendiratta/Projects/bots/w1/astro-whatsapp-bot/node_modules/axios/lib/core/settle.js:19:12)
    at IncomingMessage.handleStreamEnd (/Users/mohitmendiratta/Projects/bots/w1/astro-whatsapp-bot/node_modules/axios/lib/adapters/http.js:617:11)
    at IncomingMessage.emit (node:events:520:35)
    at endReadableNT (node:internal/streams/readable:1701:12)
    at processTicksAndRejections (node:internal/process/task_queues:90:21)
    at Axios.request (/Users/mohitmendiratta/Projects/bots/w1/astro-whatsapp-bot/node_modules/axios/lib/core/Axios.js:45:41)
    at processTicksAndRejections (node:internal/process/task_queues:105:5)
    at sendTextMessage (/Users/mohitmendiratta/Projects/bots/w1/astro-whatsapp-bot/src/services/whatsapp/messageSender.js:64:22)
    at sendMessage (/Users/mohitmendiratta/Projects/bots/w1/astro-whatsapp-bot/src/services/whatsapp/messageSender.js:484:18)
    at sendErrorMessage (/Users/mohitmendiratta/Projects/bots/w1/astro-whatsapp-bot/src/services/whatsapp/messageProcessor.js:2515:3)
    at processIncomingMessage (/Users/mohitmendiratta/Projects/bots/w1/astro-whatsapp-bot/src/services/whatsapp/messageProcessor.js:249:5)
    at simulateOnboarding (/Users/mohitmendiratta/Projects/bots/w1/astro-whatsapp-bot/tests/e2e/comprehensive-test-suite/comprehensive-menu-navigation.test.js:28:5)
    at Object.&lt;anonymous&gt; (/Users/mohitmendiratta/Projects/bots/w1/astro-whatsapp-bot/tests/e2e/comprehensive-test-suite/comprehensive-menu-navigation.test.js:353:7)</failure>
    </testcase>
    <testcase classname="MENU NAVIGATION INTEGRATION: Complete Menu Tree Validation Deep Menu Path Traversals (45 tests) should correctly restore state after network interruption mid-navigation" name="MENU NAVIGATION INTEGRATION: Complete Menu Tree Validation Deep Menu Path Traversals (45 tests) should correctly restore state after network interruption mid-navigation" time="0.628">
      <failure>AxiosError: Request failed with status code 401
    at settle (/Users/mohitmendiratta/Projects/bots/w1/astro-whatsapp-bot/node_modules/axios/lib/core/settle.js:19:12)
    at IncomingMessage.handleStreamEnd (/Users/mohitmendiratta/Projects/bots/w1/astro-whatsapp-bot/node_modules/axios/lib/adapters/http.js:617:11)
    at IncomingMessage.emit (node:events:520:35)
    at endReadableNT (node:internal/streams/readable:1701:12)
    at processTicksAndRejections (node:internal/process/task_queues:90:21)
    at Axios.request (/Users/mohitmendiratta/Projects/bots/w1/astro-whatsapp-bot/node_modules/axios/lib/core/Axios.js:45:41)
    at processTicksAndRejections (node:internal/process/task_queues:105:5)
    at sendTextMessage (/Users/mohitmendiratta/Projects/bots/w1/astro-whatsapp-bot/src/services/whatsapp/messageSender.js:64:22)
    at sendMessage (/Users/mohitmendiratta/Projects/bots/w1/astro-whatsapp-bot/src/services/whatsapp/messageSender.js:484:18)
    at sendErrorMessage (/Users/mohitmendiratta/Projects/bots/w1/astro-whatsapp-bot/src/services/whatsapp/messageProcessor.js:2515:3)
    at processIncomingMessage (/Users/mohitmendiratta/Projects/bots/w1/astro-whatsapp-bot/src/services/whatsapp/messageProcessor.js:249:5)
    at simulateOnboarding (/Users/mohitmendiratta/Projects/bots/w1/astro-whatsapp-bot/tests/e2e/comprehensive-test-suite/comprehensive-menu-navigation.test.js:28:5)
    at Object.&lt;anonymous&gt; (/Users/mohitmendiratta/Projects/bots/w1/astro-whatsapp-bot/tests/e2e/comprehensive-test-suite/comprehensive-menu-navigation.test.js:364:7)</failure>
    </testcase>
    <testcase classname="MENU NAVIGATION INTEGRATION: Complete Menu Tree Validation Deep Menu Path Traversals (45 tests) should allow user to jump to a bookmarked menu item" name="MENU NAVIGATION INTEGRATION: Complete Menu Tree Validation Deep Menu Path Traversals (45 tests) should allow user to jump to a bookmarked menu item" time="0.62">
      <failure>AxiosError: Request failed with status code 401
    at settle (/Users/mohitmendiratta/Projects/bots/w1/astro-whatsapp-bot/node_modules/axios/lib/core/settle.js:19:12)
    at IncomingMessage.handleStreamEnd (/Users/mohitmendiratta/Projects/bots/w1/astro-whatsapp-bot/node_modules/axios/lib/adapters/http.js:617:11)
    at IncomingMessage.emit (node:events:520:35)
    at endReadableNT (node:internal/streams/readable:1701:12)
    at processTicksAndRejections (node:internal/process/task_queues:90:21)
    at Axios.request (/Users/mohitmendiratta/Projects/bots/w1/astro-whatsapp-bot/node_modules/axios/lib/core/Axios.js:45:41)
    at processTicksAndRejections (node:internal/process/task_queues:105:5)
    at sendTextMessage (/Users/mohitmendiratta/Projects/bots/w1/astro-whatsapp-bot/src/services/whatsapp/messageSender.js:64:22)
    at sendMessage (/Users/mohitmendiratta/Projects/bots/w1/astro-whatsapp-bot/src/services/whatsapp/messageSender.js:484:18)
    at sendErrorMessage (/Users/mohitmendiratta/Projects/bots/w1/astro-whatsapp-bot/src/services/whatsapp/messageProcessor.js:2515:3)
    at processIncomingMessage (/Users/mohitmendiratta/Projects/bots/w1/astro-whatsapp-bot/src/services/whatsapp/messageProcessor.js:249:5)
    at simulateOnboarding (/Users/mohitmendiratta/Projects/bots/w1/astro-whatsapp-bot/tests/e2e/comprehensive-test-suite/comprehensive-menu-navigation.test.js:28:5)
    at Object.&lt;anonymous&gt; (/Users/mohitmendiratta/Projects/bots/w1/astro-whatsapp-bot/tests/e2e/comprehensive-test-suite/comprehensive-menu-navigation.test.js:374:7)</failure>
    </testcase>
    <testcase classname="MENU NAVIGATION INTEGRATION: Complete Menu Tree Validation Deep Menu Path Traversals (45 tests) should clear recent path memory upon user explicit clear command" name="MENU NAVIGATION INTEGRATION: Complete Menu Tree Validation Deep Menu Path Traversals (45 tests) should clear recent path memory upon user explicit clear command" time="0.649">
      <failure>AxiosError: Request failed with status code 401
    at settle (/Users/mohitmendiratta/Projects/bots/w1/astro-whatsapp-bot/node_modules/axios/lib/core/settle.js:19:12)
    at IncomingMessage.handleStreamEnd (/Users/mohitmendiratta/Projects/bots/w1/astro-whatsapp-bot/node_modules/axios/lib/adapters/http.js:617:11)
    at IncomingMessage.emit (node:events:520:35)
    at endReadableNT (node:internal/streams/readable:1701:12)
    at processTicksAndRejections (node:internal/process/task_queues:90:21)
    at Axios.request (/Users/mohitmendiratta/Projects/bots/w1/astro-whatsapp-bot/node_modules/axios/lib/core/Axios.js:45:41)
    at processTicksAndRejections (node:internal/process/task_queues:105:5)
    at sendTextMessage (/Users/mohitmendiratta/Projects/bots/w1/astro-whatsapp-bot/src/services/whatsapp/messageSender.js:64:22)
    at sendMessage (/Users/mohitmendiratta/Projects/bots/w1/astro-whatsapp-bot/src/services/whatsapp/messageSender.js:484:18)
    at sendErrorMessage (/Users/mohitmendiratta/Projects/bots/w1/astro-whatsapp-bot/src/services/whatsapp/messageProcessor.js:2515:3)
    at processIncomingMessage (/Users/mohitmendiratta/Projects/bots/w1/astro-whatsapp-bot/src/services/whatsapp/messageProcessor.js:249:5)
    at simulateOnboarding (/Users/mohitmendiratta/Projects/bots/w1/astro-whatsapp-bot/tests/e2e/comprehensive-test-suite/comprehensive-menu-navigation.test.js:28:5)
    at Object.&lt;anonymous&gt; (/Users/mohitmendiratta/Projects/bots/w1/astro-whatsapp-bot/tests/e2e/comprehensive-test-suite/comprehensive-menu-navigation.test.js:385:7)</failure>
    </testcase>
    <testcase classname="MENU NAVIGATION INTEGRATION: Complete Menu Tree Validation Deep Menu Path Traversals (45 tests) should display exclusive premium options for Gold tier subscribers" name="MENU NAVIGATION INTEGRATION: Complete Menu Tree Validation Deep Menu Path Traversals (45 tests) should display exclusive premium options for Gold tier subscribers" time="0.731">
      <failure>AxiosError: Request failed with status code 401
    at settle (/Users/mohitmendiratta/Projects/bots/w1/astro-whatsapp-bot/node_modules/axios/lib/core/settle.js:19:12)
    at IncomingMessage.handleStreamEnd (/Users/mohitmendiratta/Projects/bots/w1/astro-whatsapp-bot/node_modules/axios/lib/adapters/http.js:617:11)
    at IncomingMessage.emit (node:events:520:35)
    at endReadableNT (node:internal/streams/readable:1701:12)
    at processTicksAndRejections (node:internal/process/task_queues:90:21)
    at Axios.request (/Users/mohitmendiratta/Projects/bots/w1/astro-whatsapp-bot/node_modules/axios/lib/core/Axios.js:45:41)
    at processTicksAndRejections (node:internal/process/task_queues:105:5)
    at sendTextMessage (/Users/mohitmendiratta/Projects/bots/w1/astro-whatsapp-bot/src/services/whatsapp/messageSender.js:64:22)
    at sendMessage (/Users/mohitmendiratta/Projects/bots/w1/astro-whatsapp-bot/src/services/whatsapp/messageSender.js:484:18)
    at sendErrorMessage (/Users/mohitmendiratta/Projects/bots/w1/astro-whatsapp-bot/src/services/whatsapp/messageProcessor.js:2515:3)
    at processIncomingMessage (/Users/mohitmendiratta/Projects/bots/w1/astro-whatsapp-bot/src/services/whatsapp/messageProcessor.js:249:5)
    at simulateOnboarding (/Users/mohitmendiratta/Projects/bots/w1/astro-whatsapp-bot/tests/e2e/comprehensive-test-suite/comprehensive-menu-navigation.test.js:28:5)
    at Object.&lt;anonymous&gt; (/Users/mohitmendiratta/Projects/bots/w1/astro-whatsapp-bot/tests/e2e/comprehensive-test-suite/comprehensive-menu-navigation.test.js:395:7)</failure>
    </testcase>
    <testcase classname="MENU NAVIGATION INTEGRATION: Complete Menu Tree Validation Deep Menu Path Traversals (45 tests) should display exclusive premium options for Platinum tier subscribers" name="MENU NAVIGATION INTEGRATION: Complete Menu Tree Validation Deep Menu Path Traversals (45 tests) should display exclusive premium options for Platinum tier subscribers" time="0.929">
      <failure>AxiosError: Request failed with status code 401
    at settle (/Users/mohitmendiratta/Projects/bots/w1/astro-whatsapp-bot/node_modules/axios/lib/core/settle.js:19:12)
    at IncomingMessage.handleStreamEnd (/Users/mohitmendiratta/Projects/bots/w1/astro-whatsapp-bot/node_modules/axios/lib/adapters/http.js:617:11)
    at IncomingMessage.emit (node:events:520:35)
    at endReadableNT (node:internal/streams/readable:1701:12)
    at processTicksAndRejections (node:internal/process/task_queues:90:21)
    at Axios.request (/Users/mohitmendiratta/Projects/bots/w1/astro-whatsapp-bot/node_modules/axios/lib/core/Axios.js:45:41)
    at processTicksAndRejections (node:internal/process/task_queues:105:5)
    at sendTextMessage (/Users/mohitmendiratta/Projects/bots/w1/astro-whatsapp-bot/src/services/whatsapp/messageSender.js:64:22)
    at sendMessage (/Users/mohitmendiratta/Projects/bots/w1/astro-whatsapp-bot/src/services/whatsapp/messageSender.js:484:18)
    at sendErrorMessage (/Users/mohitmendiratta/Projects/bots/w1/astro-whatsapp-bot/src/services/whatsapp/messageProcessor.js:2515:3)
    at processIncomingMessage (/Users/mohitmendiratta/Projects/bots/w1/astro-whatsapp-bot/src/services/whatsapp/messageProcessor.js:249:5)
    at simulateOnboarding (/Users/mohitmendiratta/Projects/bots/w1/astro-whatsapp-bot/tests/e2e/comprehensive-test-suite/comprehensive-menu-navigation.test.js:28:5)
    at Object.&lt;anonymous&gt; (/Users/mohitmendiratta/Projects/bots/w1/astro-whatsapp-bot/tests/e2e/comprehensive-test-suite/comprehensive-menu-navigation.test.js:404:7)</failure>
    </testcase>
    <testcase classname="MENU NAVIGATION INTEGRATION: Complete Menu Tree Validation Deep Menu Path Traversals (45 tests) should prompt for missing birth time before showing advanced astrological options" name="MENU NAVIGATION INTEGRATION: Complete Menu Tree Validation Deep Menu Path Traversals (45 tests) should prompt for missing birth time before showing advanced astrological options" time="0.698">
      <failure>AxiosError: Request failed with status code 401
    at settle (/Users/mohitmendiratta/Projects/bots/w1/astro-whatsapp-bot/node_modules/axios/lib/core/settle.js:19:12)
    at IncomingMessage.handleStreamEnd (/Users/mohitmendiratta/Projects/bots/w1/astro-whatsapp-bot/node_modules/axios/lib/adapters/http.js:617:11)
    at IncomingMessage.emit (node:events:520:35)
    at endReadableNT (node:internal/streams/readable:1701:12)
    at processTicksAndRejections (node:internal/process/task_queues:90:21)
    at Axios.request (/Users/mohitmendiratta/Projects/bots/w1/astro-whatsapp-bot/node_modules/axios/lib/core/Axios.js:45:41)
    at processTicksAndRejections (node:internal/process/task_queues:105:5)
    at sendTextMessage (/Users/mohitmendiratta/Projects/bots/w1/astro-whatsapp-bot/src/services/whatsapp/messageSender.js:64:22)
    at sendMessage (/Users/mohitmendiratta/Projects/bots/w1/astro-whatsapp-bot/src/services/whatsapp/messageSender.js:484:18)
    at sendErrorMessage (/Users/mohitmendiratta/Projects/bots/w1/astro-whatsapp-bot/src/services/whatsapp/messageProcessor.js:2515:3)
    at processIncomingMessage (/Users/mohitmendiratta/Projects/bots/w1/astro-whatsapp-bot/src/services/whatsapp/messageProcessor.js:249:5)
    at Object.&lt;anonymous&gt; (/Users/mohitmendiratta/Projects/bots/w1/astro-whatsapp-bot/tests/e2e/comprehensive-test-suite/comprehensive-menu-navigation.test.js:413:7)</failure>
    </testcase>
    <testcase classname="MENU NAVIGATION INTEGRATION: Complete Menu Tree Validation Deep Menu Path Traversals (45 tests) should prompt for missing birth place before showing location-based astrological options" name="MENU NAVIGATION INTEGRATION: Complete Menu Tree Validation Deep Menu Path Traversals (45 tests) should prompt for missing birth place before showing location-based astrological options" time="0.731">
      <failure>AxiosError: Request failed with status code 401
    at settle (/Users/mohitmendiratta/Projects/bots/w1/astro-whatsapp-bot/node_modules/axios/lib/core/settle.js:19:12)
    at IncomingMessage.handleStreamEnd (/Users/mohitmendiratta/Projects/bots/w1/astro-whatsapp-bot/node_modules/axios/lib/adapters/http.js:617:11)
    at IncomingMessage.emit (node:events:520:35)
    at endReadableNT (node:internal/streams/readable:1701:12)
    at processTicksAndRejections (node:internal/process/task_queues:90:21)
    at Axios.request (/Users/mohitmendiratta/Projects/bots/w1/astro-whatsapp-bot/node_modules/axios/lib/core/Axios.js:45:41)
    at processTicksAndRejections (node:internal/process/task_queues:105:5)
    at sendTextMessage (/Users/mohitmendiratta/Projects/bots/w1/astro-whatsapp-bot/src/services/whatsapp/messageSender.js:64:22)
    at sendMessage (/Users/mohitmendiratta/Projects/bots/w1/astro-whatsapp-bot/src/services/whatsapp/messageSender.js:484:18)
    at sendErrorMessage (/Users/mohitmendiratta/Projects/bots/w1/astro-whatsapp-bot/src/services/whatsapp/messageProcessor.js:2515:3)
    at processIncomingMessage (/Users/mohitmendiratta/Projects/bots/w1/astro-whatsapp-bot/src/services/whatsapp/messageProcessor.js:249:5)
    at Object.&lt;anonymous&gt; (/Users/mohitmendiratta/Projects/bots/w1/astro-whatsapp-bot/tests/e2e/comprehensive-test-suite/comprehensive-menu-navigation.test.js:426:7)</failure>
    </testcase>
    <testcase classname="MENU NAVIGATION INTEGRATION: Complete Menu Tree Validation Deep Menu Path Traversals (45 tests) should not show &apos;Complete Profile&apos; after full profile completion" name="MENU NAVIGATION INTEGRATION: Complete Menu Tree Validation Deep Menu Path Traversals (45 tests) should not show &apos;Complete Profile&apos; after full profile completion" time="0.625">
      <failure>AxiosError: Request failed with status code 401
    at settle (/Users/mohitmendiratta/Projects/bots/w1/astro-whatsapp-bot/node_modules/axios/lib/core/settle.js:19:12)
    at IncomingMessage.handleStreamEnd (/Users/mohitmendiratta/Projects/bots/w1/astro-whatsapp-bot/node_modules/axios/lib/adapters/http.js:617:11)
    at IncomingMessage.emit (node:events:520:35)
    at endReadableNT (node:internal/streams/readable:1701:12)
    at processTicksAndRejections (node:internal/process/task_queues:90:21)
    at Axios.request (/Users/mohitmendiratta/Projects/bots/w1/astro-whatsapp-bot/node_modules/axios/lib/core/Axios.js:45:41)
    at processTicksAndRejections (node:internal/process/task_queues:105:5)
    at sendTextMessage (/Users/mohitmendiratta/Projects/bots/w1/astro-whatsapp-bot/src/services/whatsapp/messageSender.js:64:22)
    at sendMessage (/Users/mohitmendiratta/Projects/bots/w1/astro-whatsapp-bot/src/services/whatsapp/messageSender.js:484:18)
    at sendErrorMessage (/Users/mohitmendiratta/Projects/bots/w1/astro-whatsapp-bot/src/services/whatsapp/messageProcessor.js:2515:3)
    at processIncomingMessage (/Users/mohitmendiratta/Projects/bots/w1/astro-whatsapp-bot/src/services/whatsapp/messageProcessor.js:249:5)
    at simulateOnboarding (/Users/mohitmendiratta/Projects/bots/w1/astro-whatsapp-bot/tests/e2e/comprehensive-test-suite/comprehensive-menu-navigation.test.js:28:5)
    at Object.&lt;anonymous&gt; (/Users/mohitmendiratta/Projects/bots/w1/astro-whatsapp-bot/tests/e2e/comprehensive-test-suite/comprehensive-menu-navigation.test.js:439:7)</failure>
    </testcase>
    <testcase classname="MENU NAVIGATION INTEGRATION: Complete Menu Tree Validation Deep Menu Path Traversals (45 tests) should display a personalized welcome message based on recent activity" name="MENU NAVIGATION INTEGRATION: Complete Menu Tree Validation Deep Menu Path Traversals (45 tests) should display a personalized welcome message based on recent activity" time="0.644">
      <failure>AxiosError: Request failed with status code 401
    at settle (/Users/mohitmendiratta/Projects/bots/w1/astro-whatsapp-bot/node_modules/axios/lib/core/settle.js:19:12)
    at IncomingMessage.handleStreamEnd (/Users/mohitmendiratta/Projects/bots/w1/astro-whatsapp-bot/node_modules/axios/lib/adapters/http.js:617:11)
    at IncomingMessage.emit (node:events:520:35)
    at endReadableNT (node:internal/streams/readable:1701:12)
    at processTicksAndRejections (node:internal/process/task_queues:90:21)
    at Axios.request (/Users/mohitmendiratta/Projects/bots/w1/astro-whatsapp-bot/node_modules/axios/lib/core/Axios.js:45:41)
    at processTicksAndRejections (node:internal/process/task_queues:105:5)
    at sendTextMessage (/Users/mohitmendiratta/Projects/bots/w1/astro-whatsapp-bot/src/services/whatsapp/messageSender.js:64:22)
    at sendMessage (/Users/mohitmendiratta/Projects/bots/w1/astro-whatsapp-bot/src/services/whatsapp/messageSender.js:484:18)
    at sendErrorMessage (/Users/mohitmendiratta/Projects/bots/w1/astro-whatsapp-bot/src/services/whatsapp/messageProcessor.js:2515:3)
    at processIncomingMessage (/Users/mohitmendiratta/Projects/bots/w1/astro-whatsapp-bot/src/services/whatsapp/messageProcessor.js:249:5)
    at simulateOnboarding (/Users/mohitmendiratta/Projects/bots/w1/astro-whatsapp-bot/tests/e2e/comprehensive-test-suite/comprehensive-menu-navigation.test.js:28:5)
    at Object.&lt;anonymous&gt; (/Users/mohitmendiratta/Projects/bots/w1/astro-whatsapp-bot/tests/e2e/comprehensive-test-suite/comprehensive-menu-navigation.test.js:448:7)</failure>
    </testcase>
    <testcase classname="MENU NAVIGATION INTEGRATION: Complete Menu Tree Validation Deep Menu Path Traversals (45 tests) should navigate to Western -&gt; Transits -&gt; Weekly Transits" name="MENU NAVIGATION INTEGRATION: Complete Menu Tree Validation Deep Menu Path Traversals (45 tests) should navigate to Western -&gt; Transits -&gt; Weekly Transits" time="0.673">
      <failure>AxiosError: Request failed with status code 401
    at settle (/Users/mohitmendiratta/Projects/bots/w1/astro-whatsapp-bot/node_modules/axios/lib/core/settle.js:19:12)
    at IncomingMessage.handleStreamEnd (/Users/mohitmendiratta/Projects/bots/w1/astro-whatsapp-bot/node_modules/axios/lib/adapters/http.js:617:11)
    at IncomingMessage.emit (node:events:520:35)
    at endReadableNT (node:internal/streams/readable:1701:12)
    at processTicksAndRejections (node:internal/process/task_queues:90:21)
    at Axios.request (/Users/mohitmendiratta/Projects/bots/w1/astro-whatsapp-bot/node_modules/axios/lib/core/Axios.js:45:41)
    at processTicksAndRejections (node:internal/process/task_queues:105:5)
    at sendTextMessage (/Users/mohitmendiratta/Projects/bots/w1/astro-whatsapp-bot/src/services/whatsapp/messageSender.js:64:22)
    at sendMessage (/Users/mohitmendiratta/Projects/bots/w1/astro-whatsapp-bot/src/services/whatsapp/messageSender.js:484:18)
    at sendErrorMessage (/Users/mohitmendiratta/Projects/bots/w1/astro-whatsapp-bot/src/services/whatsapp/messageProcessor.js:2515:3)
    at processIncomingMessage (/Users/mohitmendiratta/Projects/bots/w1/astro-whatsapp-bot/src/services/whatsapp/messageProcessor.js:249:5)
    at simulateOnboarding (/Users/mohitmendiratta/Projects/bots/w1/astro-whatsapp-bot/tests/e2e/comprehensive-test-suite/comprehensive-menu-navigation.test.js:28:5)
    at Object.&lt;anonymous&gt; (/Users/mohitmendiratta/Projects/bots/w1/astro-whatsapp-bot/tests/e2e/comprehensive-test-suite/comprehensive-menu-navigation.test.js:458:7)</failure>
    </testcase>
    <testcase classname="MENU NAVIGATION INTEGRATION: Complete Menu Tree Validation Deep Menu Path Traversals (45 tests) should navigate to Western -&gt; Transits -&gt; Monthly Transits" name="MENU NAVIGATION INTEGRATION: Complete Menu Tree Validation Deep Menu Path Traversals (45 tests) should navigate to Western -&gt; Transits -&gt; Monthly Transits" time="0.713">
      <failure>AxiosError: Request failed with status code 401
    at settle (/Users/mohitmendiratta/Projects/bots/w1/astro-whatsapp-bot/node_modules/axios/lib/core/settle.js:19:12)
    at IncomingMessage.handleStreamEnd (/Users/mohitmendiratta/Projects/bots/w1/astro-whatsapp-bot/node_modules/axios/lib/adapters/http.js:617:11)
    at IncomingMessage.emit (node:events:520:35)
    at endReadableNT (node:internal/streams/readable:1701:12)
    at processTicksAndRejections (node:internal/process/task_queues:90:21)
    at Axios.request (/Users/mohitmendiratta/Projects/bots/w1/astro-whatsapp-bot/node_modules/axios/lib/core/Axios.js:45:41)
    at processTicksAndRejections (node:internal/process/task_queues:105:5)
    at sendTextMessage (/Users/mohitmendiratta/Projects/bots/w1/astro-whatsapp-bot/src/services/whatsapp/messageSender.js:64:22)
    at sendMessage (/Users/mohitmendiratta/Projects/bots/w1/astro-whatsapp-bot/src/services/whatsapp/messageSender.js:484:18)
    at sendErrorMessage (/Users/mohitmendiratta/Projects/bots/w1/astro-whatsapp-bot/src/services/whatsapp/messageProcessor.js:2515:3)
    at processIncomingMessage (/Users/mohitmendiratta/Projects/bots/w1/astro-whatsapp-bot/src/services/whatsapp/messageProcessor.js:249:5)
    at simulateOnboarding (/Users/mohitmendiratta/Projects/bots/w1/astro-whatsapp-bot/tests/e2e/comprehensive-test-suite/comprehensive-menu-navigation.test.js:28:5)
    at Object.&lt;anonymous&gt; (/Users/mohitmendiratta/Projects/bots/w1/astro-whatsapp-bot/tests/e2e/comprehensive-test-suite/comprehensive-menu-navigation.test.js:467:7)</failure>
    </testcase>
    <testcase classname="MENU NAVIGATION INTEGRATION: Complete Menu Tree Validation Deep Menu Path Traversals (45 tests) should navigate to Western -&gt; Progressions -&gt; Secondary Progressions" name="MENU NAVIGATION INTEGRATION: Complete Menu Tree Validation Deep Menu Path Traversals (45 tests) should navigate to Western -&gt; Progressions -&gt; Secondary Progressions" time="0.628">
      <failure>AxiosError: Request failed with status code 401
    at settle (/Users/mohitmendiratta/Projects/bots/w1/astro-whatsapp-bot/node_modules/axios/lib/core/settle.js:19:12)
    at IncomingMessage.handleStreamEnd (/Users/mohitmendiratta/Projects/bots/w1/astro-whatsapp-bot/node_modules/axios/lib/adapters/http.js:617:11)
    at IncomingMessage.emit (node:events:520:35)
    at endReadableNT (node:internal/streams/readable:1701:12)
    at processTicksAndRejections (node:internal/process/task_queues:90:21)
    at Axios.request (/Users/mohitmendiratta/Projects/bots/w1/astro-whatsapp-bot/node_modules/axios/lib/core/Axios.js:45:41)
    at processTicksAndRejections (node:internal/process/task_queues:105:5)
    at sendTextMessage (/Users/mohitmendiratta/Projects/bots/w1/astro-whatsapp-bot/src/services/whatsapp/messageSender.js:64:22)
    at sendMessage (/Users/mohitmendiratta/Projects/bots/w1/astro-whatsapp-bot/src/services/whatsapp/messageSender.js:484:18)
    at sendErrorMessage (/Users/mohitmendiratta/Projects/bots/w1/astro-whatsapp-bot/src/services/whatsapp/messageProcessor.js:2515:3)
    at processIncomingMessage (/Users/mohitmendiratta/Projects/bots/w1/astro-whatsapp-bot/src/services/whatsapp/messageProcessor.js:249:5)
    at simulateOnboarding (/Users/mohitmendiratta/Projects/bots/w1/astro-whatsapp-bot/tests/e2e/comprehensive-test-suite/comprehensive-menu-navigation.test.js:28:5)
    at Object.&lt;anonymous&gt; (/Users/mohitmendiratta/Projects/bots/w1/astro-whatsapp-bot/tests/e2e/comprehensive-test-suite/comprehensive-menu-navigation.test.js:476:7)</failure>
    </testcase>
    <testcase classname="MENU NAVIGATION INTEGRATION: Complete Menu Tree Validation Deep Menu Path Traversals (45 tests) should navigate to Western -&gt; Progressions -&gt; Solar Arc Directions" name="MENU NAVIGATION INTEGRATION: Complete Menu Tree Validation Deep Menu Path Traversals (45 tests) should navigate to Western -&gt; Progressions -&gt; Solar Arc Directions" time="0.622">
      <failure>AxiosError: Request failed with status code 401
    at settle (/Users/mohitmendiratta/Projects/bots/w1/astro-whatsapp-bot/node_modules/axios/lib/core/settle.js:19:12)
    at IncomingMessage.handleStreamEnd (/Users/mohitmendiratta/Projects/bots/w1/astro-whatsapp-bot/node_modules/axios/lib/adapters/http.js:617:11)
    at IncomingMessage.emit (node:events:520:35)
    at endReadableNT (node:internal/streams/readable:1701:12)
    at processTicksAndRejections (node:internal/process/task_queues:90:21)
    at Axios.request (/Users/mohitmendiratta/Projects/bots/w1/astro-whatsapp-bot/node_modules/axios/lib/core/Axios.js:45:41)
    at processTicksAndRejections (node:internal/process/task_queues:105:5)
    at sendTextMessage (/Users/mohitmendiratta/Projects/bots/w1/astro-whatsapp-bot/src/services/whatsapp/messageSender.js:64:22)
    at sendMessage (/Users/mohitmendiratta/Projects/bots/w1/astro-whatsapp-bot/src/services/whatsapp/messageSender.js:484:18)
    at sendErrorMessage (/Users/mohitmendiratta/Projects/bots/w1/astro-whatsapp-bot/src/services/whatsapp/messageProcessor.js:2515:3)
    at processIncomingMessage (/Users/mohitmendiratta/Projects/bots/w1/astro-whatsapp-bot/src/services/whatsapp/messageProcessor.js:249:5)
    at simulateOnboarding (/Users/mohitmendiratta/Projects/bots/w1/astro-whatsapp-bot/tests/e2e/comprehensive-test-suite/comprehensive-menu-navigation.test.js:28:5)
    at Object.&lt;anonymous&gt; (/Users/mohitmendiratta/Projects/bots/w1/astro-whatsapp-bot/tests/e2e/comprehensive-test-suite/comprehensive-menu-navigation.test.js:485:7)</failure>
    </testcase>
    <testcase classname="MENU NAVIGATION INTEGRATION: Complete Menu Tree Validation Deep Menu Path Traversals (45 tests) should navigate to Vedic -&gt; Basic -&gt; Sidereal Birth Chart" name="MENU NAVIGATION INTEGRATION: Complete Menu Tree Validation Deep Menu Path Traversals (45 tests) should navigate to Vedic -&gt; Basic -&gt; Sidereal Birth Chart" time="0.6">
      <failure>AxiosError: Request failed with status code 401
    at settle (/Users/mohitmendiratta/Projects/bots/w1/astro-whatsapp-bot/node_modules/axios/lib/core/settle.js:19:12)
    at IncomingMessage.handleStreamEnd (/Users/mohitmendiratta/Projects/bots/w1/astro-whatsapp-bot/node_modules/axios/lib/adapters/http.js:617:11)
    at IncomingMessage.emit (node:events:520:35)
    at endReadableNT (node:internal/streams/readable:1701:12)
    at processTicksAndRejections (node:internal/process/task_queues:90:21)
    at Axios.request (/Users/mohitmendiratta/Projects/bots/w1/astro-whatsapp-bot/node_modules/axios/lib/core/Axios.js:45:41)
    at processTicksAndRejections (node:internal/process/task_queues:105:5)
    at sendTextMessage (/Users/mohitmendiratta/Projects/bots/w1/astro-whatsapp-bot/src/services/whatsapp/messageSender.js:64:22)
    at sendMessage (/Users/mohitmendiratta/Projects/bots/w1/astro-whatsapp-bot/src/services/whatsapp/messageSender.js:484:18)
    at sendErrorMessage (/Users/mohitmendiratta/Projects/bots/w1/astro-whatsapp-bot/src/services/whatsapp/messageProcessor.js:2515:3)
    at processIncomingMessage (/Users/mohitmendiratta/Projects/bots/w1/astro-whatsapp-bot/src/services/whatsapp/messageProcessor.js:249:5)
    at simulateOnboarding (/Users/mohitmendiratta/Projects/bots/w1/astro-whatsapp-bot/tests/e2e/comprehensive-test-suite/comprehensive-menu-navigation.test.js:28:5)
    at Object.&lt;anonymous&gt; (/Users/mohitmendiratta/Projects/bots/w1/astro-whatsapp-bot/tests/e2e/comprehensive-test-suite/comprehensive-menu-navigation.test.js:494:7)</failure>
    </testcase>
    <testcase classname="MENU NAVIGATION INTEGRATION: Complete Menu Tree Validation Deep Menu Path Traversals (45 tests) should navigate to Vedic -&gt; Basic -&gt; Divisional Charts (Varga)" name="MENU NAVIGATION INTEGRATION: Complete Menu Tree Validation Deep Menu Path Traversals (45 tests) should navigate to Vedic -&gt; Basic -&gt; Divisional Charts (Varga)" time="0.619">
      <failure>AxiosError: Request failed with status code 401
    at settle (/Users/mohitmendiratta/Projects/bots/w1/astro-whatsapp-bot/node_modules/axios/lib/core/settle.js:19:12)
    at IncomingMessage.handleStreamEnd (/Users/mohitmendiratta/Projects/bots/w1/astro-whatsapp-bot/node_modules/axios/lib/adapters/http.js:617:11)
    at IncomingMessage.emit (node:events:520:35)
    at endReadableNT (node:internal/streams/readable:1701:12)
    at processTicksAndRejections (node:internal/process/task_queues:90:21)
    at Axios.request (/Users/mohitmendiratta/Projects/bots/w1/astro-whatsapp-bot/node_modules/axios/lib/core/Axios.js:45:41)
    at processTicksAndRejections (node:internal/process/task_queues:105:5)
    at sendTextMessage (/Users/mohitmendiratta/Projects/bots/w1/astro-whatsapp-bot/src/services/whatsapp/messageSender.js:64:22)
    at sendMessage (/Users/mohitmendiratta/Projects/bots/w1/astro-whatsapp-bot/src/services/whatsapp/messageSender.js:484:18)
    at sendErrorMessage (/Users/mohitmendiratta/Projects/bots/w1/astro-whatsapp-bot/src/services/whatsapp/messageProcessor.js:2515:3)
    at processIncomingMessage (/Users/mohitmendiratta/Projects/bots/w1/astro-whatsapp-bot/src/services/whatsapp/messageProcessor.js:249:5)
    at simulateOnboarding (/Users/mohitmendiratta/Projects/bots/w1/astro-whatsapp-bot/tests/e2e/comprehensive-test-suite/comprehensive-menu-navigation.test.js:28:5)
    at Object.&lt;anonymous&gt; (/Users/mohitmendiratta/Projects/bots/w1/astro-whatsapp-bot/tests/e2e/comprehensive-test-suite/comprehensive-menu-navigation.test.js:503:7)</failure>
    </testcase>
    <testcase classname="MENU NAVIGATION INTEGRATION: Complete Menu Tree Validation Deep Menu Path Traversals (45 tests) should navigate to Vedic -&gt; Advanced -&gt; Remedial Measures -&gt; Gemstones" name="MENU NAVIGATION INTEGRATION: Complete Menu Tree Validation Deep Menu Path Traversals (45 tests) should navigate to Vedic -&gt; Advanced -&gt; Remedial Measures -&gt; Gemstones" time="0.701">
      <failure>AxiosError: Request failed with status code 401
    at settle (/Users/mohitmendiratta/Projects/bots/w1/astro-whatsapp-bot/node_modules/axios/lib/core/settle.js:19:12)
    at IncomingMessage.handleStreamEnd (/Users/mohitmendiratta/Projects/bots/w1/astro-whatsapp-bot/node_modules/axios/lib/adapters/http.js:617:11)
    at IncomingMessage.emit (node:events:520:35)
    at endReadableNT (node:internal/streams/readable:1701:12)
    at processTicksAndRejections (node:internal/process/task_queues:90:21)
    at Axios.request (/Users/mohitmendiratta/Projects/bots/w1/astro-whatsapp-bot/node_modules/axios/lib/core/Axios.js:45:41)
    at processTicksAndRejections (node:internal/process/task_queues:105:5)
    at sendTextMessage (/Users/mohitmendiratta/Projects/bots/w1/astro-whatsapp-bot/src/services/whatsapp/messageSender.js:64:22)
    at sendMessage (/Users/mohitmendiratta/Projects/bots/w1/astro-whatsapp-bot/src/services/whatsapp/messageSender.js:484:18)
    at sendErrorMessage (/Users/mohitmendiratta/Projects/bots/w1/astro-whatsapp-bot/src/services/whatsapp/messageProcessor.js:2515:3)
    at processIncomingMessage (/Users/mohitmendiratta/Projects/bots/w1/astro-whatsapp-bot/src/services/whatsapp/messageProcessor.js:249:5)
    at simulateOnboarding (/Users/mohitmendiratta/Projects/bots/w1/astro-whatsapp-bot/tests/e2e/comprehensive-test-suite/comprehensive-menu-navigation.test.js:28:5)
    at Object.&lt;anonymous&gt; (/Users/mohitmendiratta/Projects/bots/w1/astro-whatsapp-bot/tests/e2e/comprehensive-test-suite/comprehensive-menu-navigation.test.js:512:7)</failure>
    </testcase>
    <testcase classname="MENU NAVIGATION INTEGRATION: Complete Menu Tree Validation Deep Menu Path Traversals (45 tests) should navigate to Vedic -&gt; Advanced -&gt; Remedial Measures -&gt; Mantras" name="MENU NAVIGATION INTEGRATION: Complete Menu Tree Validation Deep Menu Path Traversals (45 tests) should navigate to Vedic -&gt; Advanced -&gt; Remedial Measures -&gt; Mantras" time="0.712">
      <failure>AxiosError: Request failed with status code 401
    at settle (/Users/mohitmendiratta/Projects/bots/w1/astro-whatsapp-bot/node_modules/axios/lib/core/settle.js:19:12)
    at IncomingMessage.handleStreamEnd (/Users/mohitmendiratta/Projects/bots/w1/astro-whatsapp-bot/node_modules/axios/lib/adapters/http.js:617:11)
    at IncomingMessage.emit (node:events:520:35)
    at endReadableNT (node:internal/streams/readable:1701:12)
    at processTicksAndRejections (node:internal/process/task_queues:90:21)
    at Axios.request (/Users/mohitmendiratta/Projects/bots/w1/astro-whatsapp-bot/node_modules/axios/lib/core/Axios.js:45:41)
    at processTicksAndRejections (node:internal/process/task_queues:105:5)
    at sendTextMessage (/Users/mohitmendiratta/Projects/bots/w1/astro-whatsapp-bot/src/services/whatsapp/messageSender.js:64:22)
    at sendMessage (/Users/mohitmendiratta/Projects/bots/w1/astro-whatsapp-bot/src/services/whatsapp/messageSender.js:484:18)
    at sendErrorMessage (/Users/mohitmendiratta/Projects/bots/w1/astro-whatsapp-bot/src/services/whatsapp/messageProcessor.js:2515:3)
    at processIncomingMessage (/Users/mohitmendiratta/Projects/bots/w1/astro-whatsapp-bot/src/services/whatsapp/messageProcessor.js:249:5)
    at simulateOnboarding (/Users/mohitmendiratta/Projects/bots/w1/astro-whatsapp-bot/tests/e2e/comprehensive-test-suite/comprehensive-menu-navigation.test.js:28:5)
    at Object.&lt;anonymous&gt; (/Users/mohitmendiratta/Projects/bots/w1/astro-whatsapp-bot/tests/e2e/comprehensive-test-suite/comprehensive-menu-navigation.test.js:522:7)</failure>
    </testcase>
    <testcase classname="MENU NAVIGATION INTEGRATION: Complete Menu Tree Validation Deep Menu Path Traversals (45 tests) should navigate to Relationships -&gt; Romantic -&gt; Compatibility Report" name="MENU NAVIGATION INTEGRATION: Complete Menu Tree Validation Deep Menu Path Traversals (45 tests) should navigate to Relationships -&gt; Romantic -&gt; Compatibility Report" time="0.705">
      <failure>AxiosError: Request failed with status code 401
    at settle (/Users/mohitmendiratta/Projects/bots/w1/astro-whatsapp-bot/node_modules/axios/lib/core/settle.js:19:12)
    at IncomingMessage.handleStreamEnd (/Users/mohitmendiratta/Projects/bots/w1/astro-whatsapp-bot/node_modules/axios/lib/adapters/http.js:617:11)
    at IncomingMessage.emit (node:events:520:35)
    at endReadableNT (node:internal/streams/readable:1701:12)
    at processTicksAndRejections (node:internal/process/task_queues:90:21)
    at Axios.request (/Users/mohitmendiratta/Projects/bots/w1/astro-whatsapp-bot/node_modules/axios/lib/core/Axios.js:45:41)
    at processTicksAndRejections (node:internal/process/task_queues:105:5)
    at sendTextMessage (/Users/mohitmendiratta/Projects/bots/w1/astro-whatsapp-bot/src/services/whatsapp/messageSender.js:64:22)
    at sendMessage (/Users/mohitmendiratta/Projects/bots/w1/astro-whatsapp-bot/src/services/whatsapp/messageSender.js:484:18)
    at sendErrorMessage (/Users/mohitmendiratta/Projects/bots/w1/astro-whatsapp-bot/src/services/whatsapp/messageProcessor.js:2515:3)
    at processIncomingMessage (/Users/mohitmendiratta/Projects/bots/w1/astro-whatsapp-bot/src/services/whatsapp/messageProcessor.js:249:5)
    at simulateOnboarding (/Users/mohitmendiratta/Projects/bots/w1/astro-whatsapp-bot/tests/e2e/comprehensive-test-suite/comprehensive-menu-navigation.test.js:28:5)
    at Object.&lt;anonymous&gt; (/Users/mohitmendiratta/Projects/bots/w1/astro-whatsapp-bot/tests/e2e/comprehensive-test-suite/comprehensive-menu-navigation.test.js:532:7)</failure>
    </testcase>
    <testcase classname="MENU NAVIGATION INTEGRATION: Complete Menu Tree Validation Deep Menu Path Traversals (45 tests) should navigate to Relationships -&gt; Friendship -&gt; Friendship Analysis" name="MENU NAVIGATION INTEGRATION: Complete Menu Tree Validation Deep Menu Path Traversals (45 tests) should navigate to Relationships -&gt; Friendship -&gt; Friendship Analysis" time="0.63">
      <failure>AxiosError: Request failed with status code 401
    at settle (/Users/mohitmendiratta/Projects/bots/w1/astro-whatsapp-bot/node_modules/axios/lib/core/settle.js:19:12)
    at IncomingMessage.handleStreamEnd (/Users/mohitmendiratta/Projects/bots/w1/astro-whatsapp-bot/node_modules/axios/lib/adapters/http.js:617:11)
    at IncomingMessage.emit (node:events:520:35)
    at endReadableNT (node:internal/streams/readable:1701:12)
    at processTicksAndRejections (node:internal/process/task_queues:90:21)
    at Axios.request (/Users/mohitmendiratta/Projects/bots/w1/astro-whatsapp-bot/node_modules/axios/lib/core/Axios.js:45:41)
    at processTicksAndRejections (node:internal/process/task_queues:105:5)
    at sendTextMessage (/Users/mohitmendiratta/Projects/bots/w1/astro-whatsapp-bot/src/services/whatsapp/messageSender.js:64:22)
    at sendMessage (/Users/mohitmendiratta/Projects/bots/w1/astro-whatsapp-bot/src/services/whatsapp/messageSender.js:484:18)
    at sendErrorMessage (/Users/mohitmendiratta/Projects/bots/w1/astro-whatsapp-bot/src/services/whatsapp/messageProcessor.js:2515:3)
    at processIncomingMessage (/Users/mohitmendiratta/Projects/bots/w1/astro-whatsapp-bot/src/services/whatsapp/messageProcessor.js:249:5)
    at simulateOnboarding (/Users/mohitmendiratta/Projects/bots/w1/astro-whatsapp-bot/tests/e2e/comprehensive-test-suite/comprehensive-menu-navigation.test.js:28:5)
    at Object.&lt;anonymous&gt; (/Users/mohitmendiratta/Projects/bots/w1/astro-whatsapp-bot/tests/e2e/comprehensive-test-suite/comprehensive-menu-navigation.test.js:541:7)</failure>
    </testcase>
    <testcase classname="MENU NAVIGATION INTEGRATION: Complete Menu Tree Validation Deep Menu Path Traversals (45 tests) should navigate to Divination -&gt; I Ching -&gt; Hexagram Reading" name="MENU NAVIGATION INTEGRATION: Complete Menu Tree Validation Deep Menu Path Traversals (45 tests) should navigate to Divination -&gt; I Ching -&gt; Hexagram Reading" time="0.629">
      <failure>AxiosError: Request failed with status code 401
    at settle (/Users/mohitmendiratta/Projects/bots/w1/astro-whatsapp-bot/node_modules/axios/lib/core/settle.js:19:12)
    at IncomingMessage.handleStreamEnd (/Users/mohitmendiratta/Projects/bots/w1/astro-whatsapp-bot/node_modules/axios/lib/adapters/http.js:617:11)
    at IncomingMessage.emit (node:events:520:35)
    at endReadableNT (node:internal/streams/readable:1701:12)
    at processTicksAndRejections (node:internal/process/task_queues:90:21)
    at Axios.request (/Users/mohitmendiratta/Projects/bots/w1/astro-whatsapp-bot/node_modules/axios/lib/core/Axios.js:45:41)
    at processTicksAndRejections (node:internal/process/task_queues:105:5)
    at sendTextMessage (/Users/mohitmendiratta/Projects/bots/w1/astro-whatsapp-bot/src/services/whatsapp/messageSender.js:64:22)
    at sendMessage (/Users/mohitmendiratta/Projects/bots/w1/astro-whatsapp-bot/src/services/whatsapp/messageSender.js:484:18)
    at sendErrorMessage (/Users/mohitmendiratta/Projects/bots/w1/astro-whatsapp-bot/src/services/whatsapp/messageProcessor.js:2515:3)
    at processIncomingMessage (/Users/mohitmendiratta/Projects/bots/w1/astro-whatsapp-bot/src/services/whatsapp/messageProcessor.js:249:5)
    at simulateOnboarding (/Users/mohitmendiratta/Projects/bots/w1/astro-whatsapp-bot/tests/e2e/comprehensive-test-suite/comprehensive-menu-navigation.test.js:28:5)
    at Object.&lt;anonymous&gt; (/Users/mohitmendiratta/Projects/bots/w1/astro-whatsapp-bot/tests/e2e/comprehensive-test-suite/comprehensive-menu-navigation.test.js:550:7)</failure>
    </testcase>
    <testcase classname="MENU NAVIGATION INTEGRATION: Complete Menu Tree Validation Deep Menu Path Traversals (45 tests) should navigate to Divination -&gt; Tarot -&gt; Daily Card Pull" name="MENU NAVIGATION INTEGRATION: Complete Menu Tree Validation Deep Menu Path Traversals (45 tests) should navigate to Divination -&gt; Tarot -&gt; Daily Card Pull" time="0.607">
      <failure>AxiosError: Request failed with status code 401
    at settle (/Users/mohitmendiratta/Projects/bots/w1/astro-whatsapp-bot/node_modules/axios/lib/core/settle.js:19:12)
    at IncomingMessage.handleStreamEnd (/Users/mohitmendiratta/Projects/bots/w1/astro-whatsapp-bot/node_modules/axios/lib/adapters/http.js:617:11)
    at IncomingMessage.emit (node:events:520:35)
    at endReadableNT (node:internal/streams/readable:1701:12)
    at processTicksAndRejections (node:internal/process/task_queues:90:21)
    at Axios.request (/Users/mohitmendiratta/Projects/bots/w1/astro-whatsapp-bot/node_modules/axios/lib/core/Axios.js:45:41)
    at processTicksAndRejections (node:internal/process/task_queues:105:5)
    at sendTextMessage (/Users/mohitmendiratta/Projects/bots/w1/astro-whatsapp-bot/src/services/whatsapp/messageSender.js:64:22)
    at sendMessage (/Users/mohitmendiratta/Projects/bots/w1/astro-whatsapp-bot/src/services/whatsapp/messageSender.js:484:18)
    at sendErrorMessage (/Users/mohitmendiratta/Projects/bots/w1/astro-whatsapp-bot/src/services/whatsapp/messageProcessor.js:2515:3)
    at processIncomingMessage (/Users/mohitmendiratta/Projects/bots/w1/astro-whatsapp-bot/src/services/whatsapp/messageProcessor.js:249:5)
    at simulateOnboarding (/Users/mohitmendiratta/Projects/bots/w1/astro-whatsapp-bot/tests/e2e/comprehensive-test-suite/comprehensive-menu-navigation.test.js:28:5)
    at Object.&lt;anonymous&gt; (/Users/mohitmendiratta/Projects/bots/w1/astro-whatsapp-bot/tests/e2e/comprehensive-test-suite/comprehensive-menu-navigation.test.js:559:7)</failure>
    </testcase>
    <testcase classname="MENU NAVIGATION INTEGRATION: Complete Menu Tree Validation Deep Menu Path Traversals (45 tests) should navigate to Divination -&gt; Ancient Wisdom -&gt; Hermetic -&gt; Astrological Magic" name="MENU NAVIGATION INTEGRATION: Complete Menu Tree Validation Deep Menu Path Traversals (45 tests) should navigate to Divination -&gt; Ancient Wisdom -&gt; Hermetic -&gt; Astrological Magic" time="0.686">
      <failure>AxiosError: Request failed with status code 401
    at settle (/Users/mohitmendiratta/Projects/bots/w1/astro-whatsapp-bot/node_modules/axios/lib/core/settle.js:19:12)
    at IncomingMessage.handleStreamEnd (/Users/mohitmendiratta/Projects/bots/w1/astro-whatsapp-bot/node_modules/axios/lib/adapters/http.js:617:11)
    at IncomingMessage.emit (node:events:520:35)
    at endReadableNT (node:internal/streams/readable:1701:12)
    at processTicksAndRejections (node:internal/process/task_queues:90:21)
    at Axios.request (/Users/mohitmendiratta/Projects/bots/w1/astro-whatsapp-bot/node_modules/axios/lib/core/Axios.js:45:41)
    at processTicksAndRejections (node:internal/process/task_queues:105:5)
    at sendTextMessage (/Users/mohitmendiratta/Projects/bots/w1/astro-whatsapp-bot/src/services/whatsapp/messageSender.js:64:22)
    at sendMessage (/Users/mohitmendiratta/Projects/bots/w1/astro-whatsapp-bot/src/services/whatsapp/messageSender.js:484:18)
    at sendErrorMessage (/Users/mohitmendiratta/Projects/bots/w1/astro-whatsapp-bot/src/services/whatsapp/messageProcessor.js:2515:3)
    at processIncomingMessage (/Users/mohitmendiratta/Projects/bots/w1/astro-whatsapp-bot/src/services/whatsapp/messageProcessor.js:249:5)
    at simulateOnboarding (/Users/mohitmendiratta/Projects/bots/w1/astro-whatsapp-bot/tests/e2e/comprehensive-test-suite/comprehensive-menu-navigation.test.js:28:5)
    at Object.&lt;anonymous&gt; (/Users/mohitmendiratta/Projects/bots/w1/astro-whatsapp-bot/tests/e2e/comprehensive-test-suite/comprehensive-menu-navigation.test.js:568:7)</failure>
    </testcase>
    <testcase classname="MENU NAVIGATION INTEGRATION: Complete Menu Tree Validation Deep Menu Path Traversals (45 tests) should navigate to Settings -&gt; Profile Management -&gt; Edit Birth Data" name="MENU NAVIGATION INTEGRATION: Complete Menu Tree Validation Deep Menu Path Traversals (45 tests) should navigate to Settings -&gt; Profile Management -&gt; Edit Birth Data" time="0.625">
      <failure>AxiosError: Request failed with status code 401
    at settle (/Users/mohitmendiratta/Projects/bots/w1/astro-whatsapp-bot/node_modules/axios/lib/core/settle.js:19:12)
    at IncomingMessage.handleStreamEnd (/Users/mohitmendiratta/Projects/bots/w1/astro-whatsapp-bot/node_modules/axios/lib/adapters/http.js:617:11)
    at IncomingMessage.emit (node:events:520:35)
    at endReadableNT (node:internal/streams/readable:1701:12)
    at processTicksAndRejections (node:internal/process/task_queues:90:21)
    at Axios.request (/Users/mohitmendiratta/Projects/bots/w1/astro-whatsapp-bot/node_modules/axios/lib/core/Axios.js:45:41)
    at processTicksAndRejections (node:internal/process/task_queues:105:5)
    at sendTextMessage (/Users/mohitmendiratta/Projects/bots/w1/astro-whatsapp-bot/src/services/whatsapp/messageSender.js:64:22)
    at sendMessage (/Users/mohitmendiratta/Projects/bots/w1/astro-whatsapp-bot/src/services/whatsapp/messageSender.js:484:18)
    at sendErrorMessage (/Users/mohitmendiratta/Projects/bots/w1/astro-whatsapp-bot/src/services/whatsapp/messageProcessor.js:2515:3)
    at processIncomingMessage (/Users/mohitmendiratta/Projects/bots/w1/astro-whatsapp-bot/src/services/whatsapp/messageProcessor.js:249:5)
    at simulateOnboarding (/Users/mohitmendiratta/Projects/bots/w1/astro-whatsapp-bot/tests/e2e/comprehensive-test-suite/comprehensive-menu-navigation.test.js:28:5)
    at Object.&lt;anonymous&gt; (/Users/mohitmendiratta/Projects/bots/w1/astro-whatsapp-bot/tests/e2e/comprehensive-test-suite/comprehensive-menu-navigation.test.js:578:7)</failure>
    </testcase>
    <testcase classname="MENU NAVIGATION INTEGRATION: Complete Menu Tree Validation Deep Menu Path Traversals (45 tests) should navigate to Settings -&gt; Language Preferences -&gt; Change Language" name="MENU NAVIGATION INTEGRATION: Complete Menu Tree Validation Deep Menu Path Traversals (45 tests) should navigate to Settings -&gt; Language Preferences -&gt; Change Language" time="0.618">
      <failure>AxiosError: Request failed with status code 401
    at settle (/Users/mohitmendiratta/Projects/bots/w1/astro-whatsapp-bot/node_modules/axios/lib/core/settle.js:19:12)
    at IncomingMessage.handleStreamEnd (/Users/mohitmendiratta/Projects/bots/w1/astro-whatsapp-bot/node_modules/axios/lib/adapters/http.js:617:11)
    at IncomingMessage.emit (node:events:520:35)
    at endReadableNT (node:internal/streams/readable:1701:12)
    at processTicksAndRejections (node:internal/process/task_queues:90:21)
    at Axios.request (/Users/mohitmendiratta/Projects/bots/w1/astro-whatsapp-bot/node_modules/axios/lib/core/Axios.js:45:41)
    at processTicksAndRejections (node:internal/process/task_queues:105:5)
    at sendTextMessage (/Users/mohitmendiratta/Projects/bots/w1/astro-whatsapp-bot/src/services/whatsapp/messageSender.js:64:22)
    at sendMessage (/Users/mohitmendiratta/Projects/bots/w1/astro-whatsapp-bot/src/services/whatsapp/messageSender.js:484:18)
    at sendErrorMessage (/Users/mohitmendiratta/Projects/bots/w1/astro-whatsapp-bot/src/services/whatsapp/messageProcessor.js:2515:3)
    at processIncomingMessage (/Users/mohitmendiratta/Projects/bots/w1/astro-whatsapp-bot/src/services/whatsapp/messageProcessor.js:249:5)
    at simulateOnboarding (/Users/mohitmendiratta/Projects/bots/w1/astro-whatsapp-bot/tests/e2e/comprehensive-test-suite/comprehensive-menu-navigation.test.js:28:5)
    at Object.&lt;anonymous&gt; (/Users/mohitmendiratta/Projects/bots/w1/astro-whatsapp-bot/tests/e2e/comprehensive-test-suite/comprehensive-menu-navigation.test.js:587:7)</failure>
    </testcase>
    <testcase classname="MENU NAVIGATION INTEGRATION: Complete Menu Tree Validation Deep Menu Path Traversals (45 tests) should navigate to Help -&gt; FAQ -&gt; Getting Started" name="MENU NAVIGATION INTEGRATION: Complete Menu Tree Validation Deep Menu Path Traversals (45 tests) should navigate to Help -&gt; FAQ -&gt; Getting Started" time="0.71">
      <failure>AxiosError: Request failed with status code 401
    at settle (/Users/mohitmendiratta/Projects/bots/w1/astro-whatsapp-bot/node_modules/axios/lib/core/settle.js:19:12)
    at IncomingMessage.handleStreamEnd (/Users/mohitmendiratta/Projects/bots/w1/astro-whatsapp-bot/node_modules/axios/lib/adapters/http.js:617:11)
    at IncomingMessage.emit (node:events:520:35)
    at endReadableNT (node:internal/streams/readable:1701:12)
    at processTicksAndRejections (node:internal/process/task_queues:90:21)
    at Axios.request (/Users/mohitmendiratta/Projects/bots/w1/astro-whatsapp-bot/node_modules/axios/lib/core/Axios.js:45:41)
    at processTicksAndRejections (node:internal/process/task_queues:105:5)
    at sendTextMessage (/Users/mohitmendiratta/Projects/bots/w1/astro-whatsapp-bot/src/services/whatsapp/messageSender.js:64:22)
    at sendMessage (/Users/mohitmendiratta/Projects/bots/w1/astro-whatsapp-bot/src/services/whatsapp/messageSender.js:484:18)
    at sendErrorMessage (/Users/mohitmendiratta/Projects/bots/w1/astro-whatsapp-bot/src/services/whatsapp/messageProcessor.js:2515:3)
    at processIncomingMessage (/Users/mohitmendiratta/Projects/bots/w1/astro-whatsapp-bot/src/services/whatsapp/messageProcessor.js:249:5)
    at simulateOnboarding (/Users/mohitmendiratta/Projects/bots/w1/astro-whatsapp-bot/tests/e2e/comprehensive-test-suite/comprehensive-menu-navigation.test.js:28:5)
    at Object.&lt;anonymous&gt; (/Users/mohitmendiratta/Projects/bots/w1/astro-whatsapp-bot/tests/e2e/comprehensive-test-suite/comprehensive-menu-navigation.test.js:596:7)</failure>
    </testcase>
    <testcase classname="MENU NAVIGATION INTEGRATION: Complete Menu Tree Validation Deep Menu Path Traversals (45 tests) should navigate back multiple levels using &quot;back&quot; command" name="MENU NAVIGATION INTEGRATION: Complete Menu Tree Validation Deep Menu Path Traversals (45 tests) should navigate back multiple levels using &quot;back&quot; command" time="0.62">
      <failure>AxiosError: Request failed with status code 401
    at settle (/Users/mohitmendiratta/Projects/bots/w1/astro-whatsapp-bot/node_modules/axios/lib/core/settle.js:19:12)
    at IncomingMessage.handleStreamEnd (/Users/mohitmendiratta/Projects/bots/w1/astro-whatsapp-bot/node_modules/axios/lib/adapters/http.js:617:11)
    at IncomingMessage.emit (node:events:520:35)
    at endReadableNT (node:internal/streams/readable:1701:12)
    at processTicksAndRejections (node:internal/process/task_queues:90:21)
    at Axios.request (/Users/mohitmendiratta/Projects/bots/w1/astro-whatsapp-bot/node_modules/axios/lib/core/Axios.js:45:41)
    at processTicksAndRejections (node:internal/process/task_queues:105:5)
    at sendTextMessage (/Users/mohitmendiratta/Projects/bots/w1/astro-whatsapp-bot/src/services/whatsapp/messageSender.js:64:22)
    at sendMessage (/Users/mohitmendiratta/Projects/bots/w1/astro-whatsapp-bot/src/services/whatsapp/messageSender.js:484:18)
    at sendErrorMessage (/Users/mohitmendiratta/Projects/bots/w1/astro-whatsapp-bot/src/services/whatsapp/messageProcessor.js:2515:3)
    at processIncomingMessage (/Users/mohitmendiratta/Projects/bots/w1/astro-whatsapp-bot/src/services/whatsapp/messageProcessor.js:249:5)
    at simulateOnboarding (/Users/mohitmendiratta/Projects/bots/w1/astro-whatsapp-bot/tests/e2e/comprehensive-test-suite/comprehensive-menu-navigation.test.js:28:5)
    at Object.&lt;anonymous&gt; (/Users/mohitmendiratta/Projects/bots/w1/astro-whatsapp-bot/tests/e2e/comprehensive-test-suite/comprehensive-menu-navigation.test.js:605:7)</failure>
    </testcase>
    <testcase classname="MENU NAVIGATION INTEGRATION: Complete Menu Tree Validation Deep Menu Path Traversals (45 tests) should return to Main Menu from a deep level using &quot;Main Menu&quot; command" name="MENU NAVIGATION INTEGRATION: Complete Menu Tree Validation Deep Menu Path Traversals (45 tests) should return to Main Menu from a deep level using &quot;Main Menu&quot; command" time="0.699">
      <failure>AxiosError: Request failed with status code 401
    at settle (/Users/mohitmendiratta/Projects/bots/w1/astro-whatsapp-bot/node_modules/axios/lib/core/settle.js:19:12)
    at IncomingMessage.handleStreamEnd (/Users/mohitmendiratta/Projects/bots/w1/astro-whatsapp-bot/node_modules/axios/lib/adapters/http.js:617:11)
    at IncomingMessage.emit (node:events:520:35)
    at endReadableNT (node:internal/streams/readable:1701:12)
    at processTicksAndRejections (node:internal/process/task_queues:90:21)
    at Axios.request (/Users/mohitmendiratta/Projects/bots/w1/astro-whatsapp-bot/node_modules/axios/lib/core/Axios.js:45:41)
    at processTicksAndRejections (node:internal/process/task_queues:105:5)
    at sendTextMessage (/Users/mohitmendiratta/Projects/bots/w1/astro-whatsapp-bot/src/services/whatsapp/messageSender.js:64:22)
    at sendMessage (/Users/mohitmendiratta/Projects/bots/w1/astro-whatsapp-bot/src/services/whatsapp/messageSender.js:484:18)
    at sendErrorMessage (/Users/mohitmendiratta/Projects/bots/w1/astro-whatsapp-bot/src/services/whatsapp/messageProcessor.js:2515:3)
    at processIncomingMessage (/Users/mohitmendiratta/Projects/bots/w1/astro-whatsapp-bot/src/services/whatsapp/messageProcessor.js:249:5)
    at simulateOnboarding (/Users/mohitmendiratta/Projects/bots/w1/astro-whatsapp-bot/tests/e2e/comprehensive-test-suite/comprehensive-menu-navigation.test.js:28:5)
    at Object.&lt;anonymous&gt; (/Users/mohitmendiratta/Projects/bots/w1/astro-whatsapp-bot/tests/e2e/comprehensive-test-suite/comprehensive-menu-navigation.test.js:616:7)</failure>
    </testcase>
    <testcase classname="MENU NAVIGATION INTEGRATION: Complete Menu Tree Validation Deep Menu Path Traversals (45 tests) should correctly restore state after network interruption mid-navigation" name="MENU NAVIGATION INTEGRATION: Complete Menu Tree Validation Deep Menu Path Traversals (45 tests) should correctly restore state after network interruption mid-navigation" time="0.621">
      <failure>AxiosError: Request failed with status code 401
    at settle (/Users/mohitmendiratta/Projects/bots/w1/astro-whatsapp-bot/node_modules/axios/lib/core/settle.js:19:12)
    at IncomingMessage.handleStreamEnd (/Users/mohitmendiratta/Projects/bots/w1/astro-whatsapp-bot/node_modules/axios/lib/adapters/http.js:617:11)
    at IncomingMessage.emit (node:events:520:35)
    at endReadableNT (node:internal/streams/readable:1701:12)
    at processTicksAndRejections (node:internal/process/task_queues:90:21)
    at Axios.request (/Users/mohitmendiratta/Projects/bots/w1/astro-whatsapp-bot/node_modules/axios/lib/core/Axios.js:45:41)
    at processTicksAndRejections (node:internal/process/task_queues:105:5)
    at sendTextMessage (/Users/mohitmendiratta/Projects/bots/w1/astro-whatsapp-bot/src/services/whatsapp/messageSender.js:64:22)
    at sendMessage (/Users/mohitmendiratta/Projects/bots/w1/astro-whatsapp-bot/src/services/whatsapp/messageSender.js:484:18)
    at sendErrorMessage (/Users/mohitmendiratta/Projects/bots/w1/astro-whatsapp-bot/src/services/whatsapp/messageProcessor.js:2515:3)
    at processIncomingMessage (/Users/mohitmendiratta/Projects/bots/w1/astro-whatsapp-bot/src/services/whatsapp/messageProcessor.js:249:5)
    at simulateOnboarding (/Users/mohitmendiratta/Projects/bots/w1/astro-whatsapp-bot/tests/e2e/comprehensive-test-suite/comprehensive-menu-navigation.test.js:28:5)
    at Object.&lt;anonymous&gt; (/Users/mohitmendiratta/Projects/bots/w1/astro-whatsapp-bot/tests/e2e/comprehensive-test-suite/comprehensive-menu-navigation.test.js:627:7)</failure>
    </testcase>
    <testcase classname="MENU NAVIGATION INTEGRATION: Complete Menu Tree Validation Deep Menu Path Traversals (45 tests) should allow user to jump to a bookmarked menu item" name="MENU NAVIGATION INTEGRATION: Complete Menu Tree Validation Deep Menu Path Traversals (45 tests) should allow user to jump to a bookmarked menu item" time="0.726">
      <failure>AxiosError: Request failed with status code 401
    at settle (/Users/mohitmendiratta/Projects/bots/w1/astro-whatsapp-bot/node_modules/axios/lib/core/settle.js:19:12)
    at IncomingMessage.handleStreamEnd (/Users/mohitmendiratta/Projects/bots/w1/astro-whatsapp-bot/node_modules/axios/lib/adapters/http.js:617:11)
    at IncomingMessage.emit (node:events:520:35)
    at endReadableNT (node:internal/streams/readable:1701:12)
    at processTicksAndRejections (node:internal/process/task_queues:90:21)
    at Axios.request (/Users/mohitmendiratta/Projects/bots/w1/astro-whatsapp-bot/node_modules/axios/lib/core/Axios.js:45:41)
    at processTicksAndRejections (node:internal/process/task_queues:105:5)
    at sendTextMessage (/Users/mohitmendiratta/Projects/bots/w1/astro-whatsapp-bot/src/services/whatsapp/messageSender.js:64:22)
    at sendMessage (/Users/mohitmendiratta/Projects/bots/w1/astro-whatsapp-bot/src/services/whatsapp/messageSender.js:484:18)
    at sendErrorMessage (/Users/mohitmendiratta/Projects/bots/w1/astro-whatsapp-bot/src/services/whatsapp/messageProcessor.js:2515:3)
    at processIncomingMessage (/Users/mohitmendiratta/Projects/bots/w1/astro-whatsapp-bot/src/services/whatsapp/messageProcessor.js:249:5)
    at simulateOnboarding (/Users/mohitmendiratta/Projects/bots/w1/astro-whatsapp-bot/tests/e2e/comprehensive-test-suite/comprehensive-menu-navigation.test.js:28:5)
    at Object.&lt;anonymous&gt; (/Users/mohitmendiratta/Projects/bots/w1/astro-whatsapp-bot/tests/e2e/comprehensive-test-suite/comprehensive-menu-navigation.test.js:637:7)</failure>
    </testcase>
    <testcase classname="MENU NAVIGATION INTEGRATION: Complete Menu Tree Validation Deep Menu Path Traversals (45 tests) should clear recent path memory upon user explicit clear command" name="MENU NAVIGATION INTEGRATION: Complete Menu Tree Validation Deep Menu Path Traversals (45 tests) should clear recent path memory upon user explicit clear command" time="0.707">
      <failure>AxiosError: Request failed with status code 401
    at settle (/Users/mohitmendiratta/Projects/bots/w1/astro-whatsapp-bot/node_modules/axios/lib/core/settle.js:19:12)
    at IncomingMessage.handleStreamEnd (/Users/mohitmendiratta/Projects/bots/w1/astro-whatsapp-bot/node_modules/axios/lib/adapters/http.js:617:11)
    at IncomingMessage.emit (node:events:520:35)
    at endReadableNT (node:internal/streams/readable:1701:12)
    at processTicksAndRejections (node:internal/process/task_queues:90:21)
    at Axios.request (/Users/mohitmendiratta/Projects/bots/w1/astro-whatsapp-bot/node_modules/axios/lib/core/Axios.js:45:41)
    at processTicksAndRejections (node:internal/process/task_queues:105:5)
    at sendTextMessage (/Users/mohitmendiratta/Projects/bots/w1/astro-whatsapp-bot/src/services/whatsapp/messageSender.js:64:22)
    at sendMessage (/Users/mohitmendiratta/Projects/bots/w1/astro-whatsapp-bot/src/services/whatsapp/messageSender.js:484:18)
    at sendErrorMessage (/Users/mohitmendiratta/Projects/bots/w1/astro-whatsapp-bot/src/services/whatsapp/messageProcessor.js:2515:3)
    at processIncomingMessage (/Users/mohitmendiratta/Projects/bots/w1/astro-whatsapp-bot/src/services/whatsapp/messageProcessor.js:249:5)
    at simulateOnboarding (/Users/mohitmendiratta/Projects/bots/w1/astro-whatsapp-bot/tests/e2e/comprehensive-test-suite/comprehensive-menu-navigation.test.js:28:5)
    at Object.&lt;anonymous&gt; (/Users/mohitmendiratta/Projects/bots/w1/astro-whatsapp-bot/tests/e2e/comprehensive-test-suite/comprehensive-menu-navigation.test.js:648:7)</failure>
    </testcase>
    <testcase classname="MENU NAVIGATION INTEGRATION: Complete Menu Tree Validation Deep Menu Path Traversals (45 tests) should display exclusive premium options for Gold tier subscribers" name="MENU NAVIGATION INTEGRATION: Complete Menu Tree Validation Deep Menu Path Traversals (45 tests) should display exclusive premium options for Gold tier subscribers" time="0.628">
      <failure>AxiosError: Request failed with status code 401
    at settle (/Users/mohitmendiratta/Projects/bots/w1/astro-whatsapp-bot/node_modules/axios/lib/core/settle.js:19:12)
    at IncomingMessage.handleStreamEnd (/Users/mohitmendiratta/Projects/bots/w1/astro-whatsapp-bot/node_modules/axios/lib/adapters/http.js:617:11)
    at IncomingMessage.emit (node:events:520:35)
    at endReadableNT (node:internal/streams/readable:1701:12)
    at processTicksAndRejections (node:internal/process/task_queues:90:21)
    at Axios.request (/Users/mohitmendiratta/Projects/bots/w1/astro-whatsapp-bot/node_modules/axios/lib/core/Axios.js:45:41)
    at processTicksAndRejections (node:internal/process/task_queues:105:5)
    at sendTextMessage (/Users/mohitmendiratta/Projects/bots/w1/astro-whatsapp-bot/src/services/whatsapp/messageSender.js:64:22)
    at sendMessage (/Users/mohitmendiratta/Projects/bots/w1/astro-whatsapp-bot/src/services/whatsapp/messageSender.js:484:18)
    at sendErrorMessage (/Users/mohitmendiratta/Projects/bots/w1/astro-whatsapp-bot/src/services/whatsapp/messageProcessor.js:2515:3)
    at processIncomingMessage (/Users/mohitmendiratta/Projects/bots/w1/astro-whatsapp-bot/src/services/whatsapp/messageProcessor.js:249:5)
    at simulateOnboarding (/Users/mohitmendiratta/Projects/bots/w1/astro-whatsapp-bot/tests/e2e/comprehensive-test-suite/comprehensive-menu-navigation.test.js:28:5)
    at Object.&lt;anonymous&gt; (/Users/mohitmendiratta/Projects/bots/w1/astro-whatsapp-bot/tests/e2e/comprehensive-test-suite/comprehensive-menu-navigation.test.js:658:7)</failure>
    </testcase>
    <testcase classname="MENU NAVIGATION INTEGRATION: Complete Menu Tree Validation Deep Menu Path Traversals (45 tests) should display exclusive premium options for Platinum tier subscribers" name="MENU NAVIGATION INTEGRATION: Complete Menu Tree Validation Deep Menu Path Traversals (45 tests) should display exclusive premium options for Platinum tier subscribers" time="0.634">
      <failure>AxiosError: Request failed with status code 401
    at settle (/Users/mohitmendiratta/Projects/bots/w1/astro-whatsapp-bot/node_modules/axios/lib/core/settle.js:19:12)
    at IncomingMessage.handleStreamEnd (/Users/mohitmendiratta/Projects/bots/w1/astro-whatsapp-bot/node_modules/axios/lib/adapters/http.js:617:11)
    at IncomingMessage.emit (node:events:520:35)
    at endReadableNT (node:internal/streams/readable:1701:12)
    at processTicksAndRejections (node:internal/process/task_queues:90:21)
    at Axios.request (/Users/mohitmendiratta/Projects/bots/w1/astro-whatsapp-bot/node_modules/axios/lib/core/Axios.js:45:41)
    at processTicksAndRejections (node:internal/process/task_queues:105:5)
    at sendTextMessage (/Users/mohitmendiratta/Projects/bots/w1/astro-whatsapp-bot/src/services/whatsapp/messageSender.js:64:22)
    at sendMessage (/Users/mohitmendiratta/Projects/bots/w1/astro-whatsapp-bot/src/services/whatsapp/messageSender.js:484:18)
    at sendErrorMessage (/Users/mohitmendiratta/Projects/bots/w1/astro-whatsapp-bot/src/services/whatsapp/messageProcessor.js:2515:3)
    at processIncomingMessage (/Users/mohitmendiratta/Projects/bots/w1/astro-whatsapp-bot/src/services/whatsapp/messageProcessor.js:249:5)
    at simulateOnboarding (/Users/mohitmendiratta/Projects/bots/w1/astro-whatsapp-bot/tests/e2e/comprehensive-test-suite/comprehensive-menu-navigation.test.js:28:5)
    at Object.&lt;anonymous&gt; (/Users/mohitmendiratta/Projects/bots/w1/astro-whatsapp-bot/tests/e2e/comprehensive-test-suite/comprehensive-menu-navigation.test.js:667:7)</failure>
    </testcase>
    <testcase classname="MENU NAVIGATION INTEGRATION: Complete Menu Tree Validation Deep Menu Path Traversals (45 tests) should prompt for missing birth time before showing advanced astrological options" name="MENU NAVIGATION INTEGRATION: Complete Menu Tree Validation Deep Menu Path Traversals (45 tests) should prompt for missing birth time before showing advanced astrological options" time="0.624">
      <failure>AxiosError: Request failed with status code 401
    at settle (/Users/mohitmendiratta/Projects/bots/w1/astro-whatsapp-bot/node_modules/axios/lib/core/settle.js:19:12)
    at IncomingMessage.handleStreamEnd (/Users/mohitmendiratta/Projects/bots/w1/astro-whatsapp-bot/node_modules/axios/lib/adapters/http.js:617:11)
    at IncomingMessage.emit (node:events:520:35)
    at endReadableNT (node:internal/streams/readable:1701:12)
    at processTicksAndRejections (node:internal/process/task_queues:90:21)
    at Axios.request (/Users/mohitmendiratta/Projects/bots/w1/astro-whatsapp-bot/node_modules/axios/lib/core/Axios.js:45:41)
    at processTicksAndRejections (node:internal/process/task_queues:105:5)
    at sendTextMessage (/Users/mohitmendiratta/Projects/bots/w1/astro-whatsapp-bot/src/services/whatsapp/messageSender.js:64:22)
    at sendMessage (/Users/mohitmendiratta/Projects/bots/w1/astro-whatsapp-bot/src/services/whatsapp/messageSender.js:484:18)
    at sendErrorMessage (/Users/mohitmendiratta/Projects/bots/w1/astro-whatsapp-bot/src/services/whatsapp/messageProcessor.js:2515:3)
    at processIncomingMessage (/Users/mohitmendiratta/Projects/bots/w1/astro-whatsapp-bot/src/services/whatsapp/messageProcessor.js:249:5)
    at Object.&lt;anonymous&gt; (/Users/mohitmendiratta/Projects/bots/w1/astro-whatsapp-bot/tests/e2e/comprehensive-test-suite/comprehensive-menu-navigation.test.js:676:7)</failure>
    </testcase>
    <testcase classname="MENU NAVIGATION INTEGRATION: Complete Menu Tree Validation Deep Menu Path Traversals (45 tests) should prompt for missing birth place before showing location-based astrological options" name="MENU NAVIGATION INTEGRATION: Complete Menu Tree Validation Deep Menu Path Traversals (45 tests) should prompt for missing birth place before showing location-based astrological options" time="0.661">
      <failure>AxiosError: Request failed with status code 401
    at settle (/Users/mohitmendiratta/Projects/bots/w1/astro-whatsapp-bot/node_modules/axios/lib/core/settle.js:19:12)
    at IncomingMessage.handleStreamEnd (/Users/mohitmendiratta/Projects/bots/w1/astro-whatsapp-bot/node_modules/axios/lib/adapters/http.js:617:11)
    at IncomingMessage.emit (node:events:520:35)
    at endReadableNT (node:internal/streams/readable:1701:12)
    at processTicksAndRejections (node:internal/process/task_queues:90:21)
    at Axios.request (/Users/mohitmendiratta/Projects/bots/w1/astro-whatsapp-bot/node_modules/axios/lib/core/Axios.js:45:41)
    at processTicksAndRejections (node:internal/process/task_queues:105:5)
    at sendTextMessage (/Users/mohitmendiratta/Projects/bots/w1/astro-whatsapp-bot/src/services/whatsapp/messageSender.js:64:22)
    at sendMessage (/Users/mohitmendiratta/Projects/bots/w1/astro-whatsapp-bot/src/services/whatsapp/messageSender.js:484:18)
    at sendErrorMessage (/Users/mohitmendiratta/Projects/bots/w1/astro-whatsapp-bot/src/services/whatsapp/messageProcessor.js:2515:3)
    at processIncomingMessage (/Users/mohitmendiratta/Projects/bots/w1/astro-whatsapp-bot/src/services/whatsapp/messageProcessor.js:249:5)
    at Object.&lt;anonymous&gt; (/Users/mohitmendiratta/Projects/bots/w1/astro-whatsapp-bot/tests/e2e/comprehensive-test-suite/comprehensive-menu-navigation.test.js:689:7)</failure>
    </testcase>
    <testcase classname="MENU NAVIGATION INTEGRATION: Complete Menu Tree Validation Deep Menu Path Traversals (45 tests) should not show &apos;Complete Profile&apos; after full profile completion" name="MENU NAVIGATION INTEGRATION: Complete Menu Tree Validation Deep Menu Path Traversals (45 tests) should not show &apos;Complete Profile&apos; after full profile completion" time="0.693">
      <failure>AxiosError: Request failed with status code 401
    at settle (/Users/mohitmendiratta/Projects/bots/w1/astro-whatsapp-bot/node_modules/axios/lib/core/settle.js:19:12)
    at IncomingMessage.handleStreamEnd (/Users/mohitmendiratta/Projects/bots/w1/astro-whatsapp-bot/node_modules/axios/lib/adapters/http.js:617:11)
    at IncomingMessage.emit (node:events:520:35)
    at endReadableNT (node:internal/streams/readable:1701:12)
    at processTicksAndRejections (node:internal/process/task_queues:90:21)
    at Axios.request (/Users/mohitmendiratta/Projects/bots/w1/astro-whatsapp-bot/node_modules/axios/lib/core/Axios.js:45:41)
    at processTicksAndRejections (node:internal/process/task_queues:105:5)
    at sendTextMessage (/Users/mohitmendiratta/Projects/bots/w1/astro-whatsapp-bot/src/services/whatsapp/messageSender.js:64:22)
    at sendMessage (/Users/mohitmendiratta/Projects/bots/w1/astro-whatsapp-bot/src/services/whatsapp/messageSender.js:484:18)
    at sendErrorMessage (/Users/mohitmendiratta/Projects/bots/w1/astro-whatsapp-bot/src/services/whatsapp/messageProcessor.js:2515:3)
    at processIncomingMessage (/Users/mohitmendiratta/Projects/bots/w1/astro-whatsapp-bot/src/services/whatsapp/messageProcessor.js:249:5)
    at simulateOnboarding (/Users/mohitmendiratta/Projects/bots/w1/astro-whatsapp-bot/tests/e2e/comprehensive-test-suite/comprehensive-menu-navigation.test.js:28:5)
    at Object.&lt;anonymous&gt; (/Users/mohitmendiratta/Projects/bots/w1/astro-whatsapp-bot/tests/e2e/comprehensive-test-suite/comprehensive-menu-navigation.test.js:702:7)</failure>
    </testcase>
    <testcase classname="MENU NAVIGATION INTEGRATION: Complete Menu Tree Validation Deep Menu Path Traversals (45 tests) should display a personalized welcome message based on recent activity" name="MENU NAVIGATION INTEGRATION: Complete Menu Tree Validation Deep Menu Path Traversals (45 tests) should display a personalized welcome message based on recent activity" time="0.639">
      <failure>AxiosError: Request failed with status code 401
    at settle (/Users/mohitmendiratta/Projects/bots/w1/astro-whatsapp-bot/node_modules/axios/lib/core/settle.js:19:12)
    at IncomingMessage.handleStreamEnd (/Users/mohitmendiratta/Projects/bots/w1/astro-whatsapp-bot/node_modules/axios/lib/adapters/http.js:617:11)
    at IncomingMessage.emit (node:events:520:35)
    at endReadableNT (node:internal/streams/readable:1701:12)
    at processTicksAndRejections (node:internal/process/task_queues:90:21)
    at Axios.request (/Users/mohitmendiratta/Projects/bots/w1/astro-whatsapp-bot/node_modules/axios/lib/core/Axios.js:45:41)
    at processTicksAndRejections (node:internal/process/task_queues:105:5)
    at sendTextMessage (/Users/mohitmendiratta/Projects/bots/w1/astro-whatsapp-bot/src/services/whatsapp/messageSender.js:64:22)
    at sendMessage (/Users/mohitmendiratta/Projects/bots/w1/astro-whatsapp-bot/src/services/whatsapp/messageSender.js:484:18)
    at sendErrorMessage (/Users/mohitmendiratta/Projects/bots/w1/astro-whatsapp-bot/src/services/whatsapp/messageProcessor.js:2515:3)
    at processIncomingMessage (/Users/mohitmendiratta/Projects/bots/w1/astro-whatsapp-bot/src/services/whatsapp/messageProcessor.js:249:5)
    at simulateOnboarding (/Users/mohitmendiratta/Projects/bots/w1/astro-whatsapp-bot/tests/e2e/comprehensive-test-suite/comprehensive-menu-navigation.test.js:28:5)
    at Object.&lt;anonymous&gt; (/Users/mohitmendiratta/Projects/bots/w1/astro-whatsapp-bot/tests/e2e/comprehensive-test-suite/comprehensive-menu-navigation.test.js:711:7)</failure>
    </testcase>
    <testcase classname="MENU NAVIGATION INTEGRATION: Complete Menu Tree Validation Deep Menu Path Traversals (45 tests) should navigate to Western -&gt; Compatibility -&gt; Synastry Analysis" name="MENU NAVIGATION INTEGRATION: Complete Menu Tree Validation Deep Menu Path Traversals (45 tests) should navigate to Western -&gt; Compatibility -&gt; Synastry Analysis" time="0.622">
      <failure>AxiosError: Request failed with status code 401
    at settle (/Users/mohitmendiratta/Projects/bots/w1/astro-whatsapp-bot/node_modules/axios/lib/core/settle.js:19:12)
    at IncomingMessage.handleStreamEnd (/Users/mohitmendiratta/Projects/bots/w1/astro-whatsapp-bot/node_modules/axios/lib/adapters/http.js:617:11)
    at IncomingMessage.emit (node:events:520:35)
    at endReadableNT (node:internal/streams/readable:1701:12)
    at processTicksAndRejections (node:internal/process/task_queues:90:21)
    at Axios.request (/Users/mohitmendiratta/Projects/bots/w1/astro-whatsapp-bot/node_modules/axios/lib/core/Axios.js:45:41)
    at processTicksAndRejections (node:internal/process/task_queues:105:5)
    at sendTextMessage (/Users/mohitmendiratta/Projects/bots/w1/astro-whatsapp-bot/src/services/whatsapp/messageSender.js:64:22)
    at sendMessage (/Users/mohitmendiratta/Projects/bots/w1/astro-whatsapp-bot/src/services/whatsapp/messageSender.js:484:18)
    at sendErrorMessage (/Users/mohitmendiratta/Projects/bots/w1/astro-whatsapp-bot/src/services/whatsapp/messageProcessor.js:2515:3)
    at processIncomingMessage (/Users/mohitmendiratta/Projects/bots/w1/astro-whatsapp-bot/src/services/whatsapp/messageProcessor.js:249:5)
    at simulateOnboarding (/Users/mohitmendiratta/Projects/bots/w1/astro-whatsapp-bot/tests/e2e/comprehensive-test-suite/comprehensive-menu-navigation.test.js:28:5)
    at Object.&lt;anonymous&gt; (/Users/mohitmendiratta/Projects/bots/w1/astro-whatsapp-bot/tests/e2e/comprehensive-test-suite/comprehensive-menu-navigation.test.js:721:7)</failure>
    </testcase>
    <testcase classname="MENU NAVIGATION INTEGRATION: Complete Menu Tree Validation Deep Menu Path Traversals (45 tests) should navigate to Western -&gt; Compatibility -&gt; Composite Chart" name="MENU NAVIGATION INTEGRATION: Complete Menu Tree Validation Deep Menu Path Traversals (45 tests) should navigate to Western -&gt; Compatibility -&gt; Composite Chart" time="0.632">
      <failure>AxiosError: Request failed with status code 401
    at settle (/Users/mohitmendiratta/Projects/bots/w1/astro-whatsapp-bot/node_modules/axios/lib/core/settle.js:19:12)
    at IncomingMessage.handleStreamEnd (/Users/mohitmendiratta/Projects/bots/w1/astro-whatsapp-bot/node_modules/axios/lib/adapters/http.js:617:11)
    at IncomingMessage.emit (node:events:520:35)
    at endReadableNT (node:internal/streams/readable:1701:12)
    at processTicksAndRejections (node:internal/process/task_queues:90:21)
    at Axios.request (/Users/mohitmendiratta/Projects/bots/w1/astro-whatsapp-bot/node_modules/axios/lib/core/Axios.js:45:41)
    at processTicksAndRejections (node:internal/process/task_queues:105:5)
    at sendTextMessage (/Users/mohitmendiratta/Projects/bots/w1/astro-whatsapp-bot/src/services/whatsapp/messageSender.js:64:22)
    at sendMessage (/Users/mohitmendiratta/Projects/bots/w1/astro-whatsapp-bot/src/services/whatsapp/messageSender.js:484:18)
    at sendErrorMessage (/Users/mohitmendiratta/Projects/bots/w1/astro-whatsapp-bot/src/services/whatsapp/messageProcessor.js:2515:3)
    at processIncomingMessage (/Users/mohitmendiratta/Projects/bots/w1/astro-whatsapp-bot/src/services/whatsapp/messageProcessor.js:249:5)
    at simulateOnboarding (/Users/mohitmendiratta/Projects/bots/w1/astro-whatsapp-bot/tests/e2e/comprehensive-test-suite/comprehensive-menu-navigation.test.js:28:5)
    at Object.&lt;anonymous&gt; (/Users/mohitmendiratta/Projects/bots/w1/astro-whatsapp-bot/tests/e2e/comprehensive-test-suite/comprehensive-menu-navigation.test.js:730:7)</failure>
    </testcase>
    <testcase classname="MENU NAVIGATION INTEGRATION: Complete Menu Tree Validation Deep Menu Path Traversals (45 tests) should navigate to Vedic -&gt; Muhurta -&gt; Electional Astrology" name="MENU NAVIGATION INTEGRATION: Complete Menu Tree Validation Deep Menu Path Traversals (45 tests) should navigate to Vedic -&gt; Muhurta -&gt; Electional Astrology" time="0.629">
      <failure>AxiosError: Request failed with status code 401
    at settle (/Users/mohitmendiratta/Projects/bots/w1/astro-whatsapp-bot/node_modules/axios/lib/core/settle.js:19:12)
    at IncomingMessage.handleStreamEnd (/Users/mohitmendiratta/Projects/bots/w1/astro-whatsapp-bot/node_modules/axios/lib/adapters/http.js:617:11)
    at IncomingMessage.emit (node:events:520:35)
    at endReadableNT (node:internal/streams/readable:1701:12)
    at processTicksAndRejections (node:internal/process/task_queues:90:21)
    at Axios.request (/Users/mohitmendiratta/Projects/bots/w1/astro-whatsapp-bot/node_modules/axios/lib/core/Axios.js:45:41)
    at processTicksAndRejections (node:internal/process/task_queues:105:5)
    at sendTextMessage (/Users/mohitmendiratta/Projects/bots/w1/astro-whatsapp-bot/src/services/whatsapp/messageSender.js:64:22)
    at sendMessage (/Users/mohitmendiratta/Projects/bots/w1/astro-whatsapp-bot/src/services/whatsapp/messageSender.js:484:18)
    at sendErrorMessage (/Users/mohitmendiratta/Projects/bots/w1/astro-whatsapp-bot/src/services/whatsapp/messageProcessor.js:2515:3)
    at processIncomingMessage (/Users/mohitmendiratta/Projects/bots/w1/astro-whatsapp-bot/src/services/whatsapp/messageProcessor.js:249:5)
    at simulateOnboarding (/Users/mohitmendiratta/Projects/bots/w1/astro-whatsapp-bot/tests/e2e/comprehensive-test-suite/comprehensive-menu-navigation.test.js:28:5)
    at Object.&lt;anonymous&gt; (/Users/mohitmendiratta/Projects/bots/w1/astro-whatsapp-bot/tests/e2e/comprehensive-test-suite/comprehensive-menu-navigation.test.js:739:7)</failure>
    </testcase>
    <testcase classname="MENU NAVIGATION INTEGRATION: Complete Menu Tree Validation Deep Menu Path Traversals (45 tests) should navigate to Vedic -&gt; Muhurta -&gt; Daily Planetary Hours" name="MENU NAVIGATION INTEGRATION: Complete Menu Tree Validation Deep Menu Path Traversals (45 tests) should navigate to Vedic -&gt; Muhurta -&gt; Daily Planetary Hours" time="0.67">
      <failure>AxiosError: Request failed with status code 401
    at settle (/Users/mohitmendiratta/Projects/bots/w1/astro-whatsapp-bot/node_modules/axios/lib/core/settle.js:19:12)
    at IncomingMessage.handleStreamEnd (/Users/mohitmendiratta/Projects/bots/w1/astro-whatsapp-bot/node_modules/axios/lib/adapters/http.js:617:11)
    at IncomingMessage.emit (node:events:520:35)
    at endReadableNT (node:internal/streams/readable:1701:12)
    at processTicksAndRejections (node:internal/process/task_queues:90:21)
    at Axios.request (/Users/mohitmendiratta/Projects/bots/w1/astro-whatsapp-bot/node_modules/axios/lib/core/Axios.js:45:41)
    at processTicksAndRejections (node:internal/process/task_queues:105:5)
    at sendTextMessage (/Users/mohitmendiratta/Projects/bots/w1/astro-whatsapp-bot/src/services/whatsapp/messageSender.js:64:22)
    at sendMessage (/Users/mohitmendiratta/Projects/bots/w1/astro-whatsapp-bot/src/services/whatsapp/messageSender.js:484:18)
    at sendErrorMessage (/Users/mohitmendiratta/Projects/bots/w1/astro-whatsapp-bot/src/services/whatsapp/messageProcessor.js:2515:3)
    at processIncomingMessage (/Users/mohitmendiratta/Projects/bots/w1/astro-whatsapp-bot/src/services/whatsapp/messageProcessor.js:249:5)
    at simulateOnboarding (/Users/mohitmendiratta/Projects/bots/w1/astro-whatsapp-bot/tests/e2e/comprehensive-test-suite/comprehensive-menu-navigation.test.js:28:5)
    at Object.&lt;anonymous&gt; (/Users/mohitmendiratta/Projects/bots/w1/astro-whatsapp-bot/tests/e2e/comprehensive-test-suite/comprehensive-menu-navigation.test.js:748:7)</failure>
    </testcase>
    <testcase classname="MENU NAVIGATION INTEGRATION: Complete Menu Tree Validation Deep Menu Path Traversals (45 tests) should navigate to Relationships -&gt; Events -&gt; Wedding Timing" name="MENU NAVIGATION INTEGRATION: Complete Menu Tree Validation Deep Menu Path Traversals (45 tests) should navigate to Relationships -&gt; Events -&gt; Wedding Timing" time="0.624">
      <failure>AxiosError: Request failed with status code 401
    at settle (/Users/mohitmendiratta/Projects/bots/w1/astro-whatsapp-bot/node_modules/axios/lib/core/settle.js:19:12)
    at IncomingMessage.handleStreamEnd (/Users/mohitmendiratta/Projects/bots/w1/astro-whatsapp-bot/node_modules/axios/lib/adapters/http.js:617:11)
    at IncomingMessage.emit (node:events:520:35)
    at endReadableNT (node:internal/streams/readable:1701:12)
    at processTicksAndRejections (node:internal/process/task_queues:90:21)
    at Axios.request (/Users/mohitmendiratta/Projects/bots/w1/astro-whatsapp-bot/node_modules/axios/lib/core/Axios.js:45:41)
    at processTicksAndRejections (node:internal/process/task_queues:105:5)
    at sendTextMessage (/Users/mohitmendiratta/Projects/bots/w1/astro-whatsapp-bot/src/services/whatsapp/messageSender.js:64:22)
    at sendMessage (/Users/mohitmendiratta/Projects/bots/w1/astro-whatsapp-bot/src/services/whatsapp/messageSender.js:484:18)
    at sendErrorMessage (/Users/mohitmendiratta/Projects/bots/w1/astro-whatsapp-bot/src/services/whatsapp/messageProcessor.js:2515:3)
    at processIncomingMessage (/Users/mohitmendiratta/Projects/bots/w1/astro-whatsapp-bot/src/services/whatsapp/messageProcessor.js:249:5)
    at simulateOnboarding (/Users/mohitmendiratta/Projects/bots/w1/astro-whatsapp-bot/tests/e2e/comprehensive-test-suite/comprehensive-menu-navigation.test.js:28:5)
    at Object.&lt;anonymous&gt; (/Users/mohitmendiratta/Projects/bots/w1/astro-whatsapp-bot/tests/e2e/comprehensive-test-suite/comprehensive-menu-navigation.test.js:757:7)</failure>
    </testcase>
    <testcase classname="MENU NAVIGATION INTEGRATION: Complete Menu Tree Validation Deep Menu Path Traversals (45 tests) should navigate to Relationships -&gt; Business -&gt; Team Dynamics" name="MENU NAVIGATION INTEGRATION: Complete Menu Tree Validation Deep Menu Path Traversals (45 tests) should navigate to Relationships -&gt; Business -&gt; Team Dynamics" time="0.617">
      <failure>AxiosError: Request failed with status code 401
    at settle (/Users/mohitmendiratta/Projects/bots/w1/astro-whatsapp-bot/node_modules/axios/lib/core/settle.js:19:12)
    at IncomingMessage.handleStreamEnd (/Users/mohitmendiratta/Projects/bots/w1/astro-whatsapp-bot/node_modules/axios/lib/adapters/http.js:617:11)
    at IncomingMessage.emit (node:events:520:35)
    at endReadableNT (node:internal/streams/readable:1701:12)
    at processTicksAndRejections (node:internal/process/task_queues:90:21)
    at Axios.request (/Users/mohitmendiratta/Projects/bots/w1/astro-whatsapp-bot/node_modules/axios/lib/core/Axios.js:45:41)
    at processTicksAndRejections (node:internal/process/task_queues:105:5)
    at sendTextMessage (/Users/mohitmendiratta/Projects/bots/w1/astro-whatsapp-bot/src/services/whatsapp/messageSender.js:64:22)
    at sendMessage (/Users/mohitmendiratta/Projects/bots/w1/astro-whatsapp-bot/src/services/whatsapp/messageSender.js:484:18)
    at sendErrorMessage (/Users/mohitmendiratta/Projects/bots/w1/astro-whatsapp-bot/src/services/whatsapp/messageProcessor.js:2515:3)
    at processIncomingMessage (/Users/mohitmendiratta/Projects/bots/w1/astro-whatsapp-bot/src/services/whatsapp/messageProcessor.js:249:5)
    at simulateOnboarding (/Users/mohitmendiratta/Projects/bots/w1/astro-whatsapp-bot/tests/e2e/comprehensive-test-suite/comprehensive-menu-navigation.test.js:28:5)
    at Object.&lt;anonymous&gt; (/Users/mohitmendiratta/Projects/bots/w1/astro-whatsapp-bot/tests/e2e/comprehensive-test-suite/comprehensive-menu-navigation.test.js:766:7)</failure>
    </testcase>
    <testcase classname="MENU NAVIGATION INTEGRATION: Complete Menu Tree Validation Deep Menu Path Traversals (45 tests) should navigate to Divination -&gt; Horary -&gt; Question Analysis" name="MENU NAVIGATION INTEGRATION: Complete Menu Tree Validation Deep Menu Path Traversals (45 tests) should navigate to Divination -&gt; Horary -&gt; Question Analysis" time="0.62">
      <failure>AxiosError: Request failed with status code 401
    at settle (/Users/mohitmendiratta/Projects/bots/w1/astro-whatsapp-bot/node_modules/axios/lib/core/settle.js:19:12)
    at IncomingMessage.handleStreamEnd (/Users/mohitmendiratta/Projects/bots/w1/astro-whatsapp-bot/node_modules/axios/lib/adapters/http.js:617:11)
    at IncomingMessage.emit (node:events:520:35)
    at endReadableNT (node:internal/streams/readable:1701:12)
    at processTicksAndRejections (node:internal/process/task_queues:90:21)
    at Axios.request (/Users/mohitmendiratta/Projects/bots/w1/astro-whatsapp-bot/node_modules/axios/lib/core/Axios.js:45:41)
    at processTicksAndRejections (node:internal/process/task_queues:105:5)
    at sendTextMessage (/Users/mohitmendiratta/Projects/bots/w1/astro-whatsapp-bot/src/services/whatsapp/messageSender.js:64:22)
    at sendMessage (/Users/mohitmendiratta/Projects/bots/w1/astro-whatsapp-bot/src/services/whatsapp/messageSender.js:484:18)
    at sendErrorMessage (/Users/mohitmendiratta/Projects/bots/w1/astro-whatsapp-bot/src/services/whatsapp/messageProcessor.js:2515:3)
    at processIncomingMessage (/Users/mohitmendiratta/Projects/bots/w1/astro-whatsapp-bot/src/services/whatsapp/messageProcessor.js:249:5)
    at simulateOnboarding (/Users/mohitmendiratta/Projects/bots/w1/astro-whatsapp-bot/tests/e2e/comprehensive-test-suite/comprehensive-menu-navigation.test.js:28:5)
    at Object.&lt;anonymous&gt; (/Users/mohitmendiratta/Projects/bots/w1/astro-whatsapp-bot/tests/e2e/comprehensive-test-suite/comprehensive-menu-navigation.test.js:775:7)</failure>
    </testcase>
    <testcase classname="MENU NAVIGATION INTEGRATION: Complete Menu Tree Validation Deep Menu Path Traversals (45 tests) should navigate to Divination -&gt; Auspicious Timings -&gt; Daily" name="MENU NAVIGATION INTEGRATION: Complete Menu Tree Validation Deep Menu Path Traversals (45 tests) should navigate to Divination -&gt; Auspicious Timings -&gt; Daily" time="0.638">
      <failure>AxiosError: Request failed with status code 401
    at settle (/Users/mohitmendiratta/Projects/bots/w1/astro-whatsapp-bot/node_modules/axios/lib/core/settle.js:19:12)
    at IncomingMessage.handleStreamEnd (/Users/mohitmendiratta/Projects/bots/w1/astro-whatsapp-bot/node_modules/axios/lib/adapters/http.js:617:11)
    at IncomingMessage.emit (node:events:520:35)
    at endReadableNT (node:internal/streams/readable:1701:12)
    at processTicksAndRejections (node:internal/process/task_queues:90:21)
    at Axios.request (/Users/mohitmendiratta/Projects/bots/w1/astro-whatsapp-bot/node_modules/axios/lib/core/Axios.js:45:41)
    at processTicksAndRejections (node:internal/process/task_queues:105:5)
    at sendTextMessage (/Users/mohitmendiratta/Projects/bots/w1/astro-whatsapp-bot/src/services/whatsapp/messageSender.js:64:22)
    at sendMessage (/Users/mohitmendiratta/Projects/bots/w1/astro-whatsapp-bot/src/services/whatsapp/messageSender.js:484:18)
    at sendErrorMessage (/Users/mohitmendiratta/Projects/bots/w1/astro-whatsapp-bot/src/services/whatsapp/messageProcessor.js:2515:3)
    at processIncomingMessage (/Users/mohitmendiratta/Projects/bots/w1/astro-whatsapp-bot/src/services/whatsapp/messageProcessor.js:249:5)
    at simulateOnboarding (/Users/mohitmendiratta/Projects/bots/w1/astro-whatsapp-bot/tests/e2e/comprehensive-test-suite/comprehensive-menu-navigation.test.js:28:5)
    at Object.&lt;anonymous&gt; (/Users/mohitmendiratta/Projects/bots/w1/astro-whatsapp-bot/tests/e2e/comprehensive-test-suite/comprehensive-menu-navigation.test.js:784:7)</failure>
    </testcase>
    <testcase classname="MENU NAVIGATION INTEGRATION: Complete Menu Tree Validation Deep Menu Path Traversals (45 tests) should navigate to Settings -&gt; Notifications -&gt; Manage Alerts" name="MENU NAVIGATION INTEGRATION: Complete Menu Tree Validation Deep Menu Path Traversals (45 tests) should navigate to Settings -&gt; Notifications -&gt; Manage Alerts" time="2.209">
      <failure>AxiosError: Request failed with status code 401
    at settle (/Users/mohitmendiratta/Projects/bots/w1/astro-whatsapp-bot/node_modules/axios/lib/core/settle.js:19:12)
    at IncomingMessage.handleStreamEnd (/Users/mohitmendiratta/Projects/bots/w1/astro-whatsapp-bot/node_modules/axios/lib/adapters/http.js:617:11)
    at IncomingMessage.emit (node:events:520:35)
    at endReadableNT (node:internal/streams/readable:1701:12)
    at processTicksAndRejections (node:internal/process/task_queues:90:21)
    at Axios.request (/Users/mohitmendiratta/Projects/bots/w1/astro-whatsapp-bot/node_modules/axios/lib/core/Axios.js:45:41)
    at processTicksAndRejections (node:internal/process/task_queues:105:5)
    at sendTextMessage (/Users/mohitmendiratta/Projects/bots/w1/astro-whatsapp-bot/src/services/whatsapp/messageSender.js:64:22)
    at sendMessage (/Users/mohitmendiratta/Projects/bots/w1/astro-whatsapp-bot/src/services/whatsapp/messageSender.js:484:18)
    at sendErrorMessage (/Users/mohitmendiratta/Projects/bots/w1/astro-whatsapp-bot/src/services/whatsapp/messageProcessor.js:2515:3)
    at processIncomingMessage (/Users/mohitmendiratta/Projects/bots/w1/astro-whatsapp-bot/src/services/whatsapp/messageProcessor.js:249:5)
    at simulateOnboarding (/Users/mohitmendiratta/Projects/bots/w1/astro-whatsapp-bot/tests/e2e/comprehensive-test-suite/comprehensive-menu-navigation.test.js:28:5)
    at Object.&lt;anonymous&gt; (/Users/mohitmendiratta/Projects/bots/w1/astro-whatsapp-bot/tests/e2e/comprehensive-test-suite/comprehensive-menu-navigation.test.js:793:7)</failure>
    </testcase>
    <testcase classname="MENU NAVIGATION INTEGRATION: Complete Menu Tree Validation Deep Menu Path Traversals (45 tests) should navigate to Settings -&gt; Account -&gt; Change Password" name="MENU NAVIGATION INTEGRATION: Complete Menu Tree Validation Deep Menu Path Traversals (45 tests) should navigate to Settings -&gt; Account -&gt; Change Password" time="0.619">
      <failure>AxiosError: Request failed with status code 401
    at settle (/Users/mohitmendiratta/Projects/bots/w1/astro-whatsapp-bot/node_modules/axios/lib/core/settle.js:19:12)
    at IncomingMessage.handleStreamEnd (/Users/mohitmendiratta/Projects/bots/w1/astro-whatsapp-bot/node_modules/axios/lib/adapters/http.js:617:11)
    at IncomingMessage.emit (node:events:520:35)
    at endReadableNT (node:internal/streams/readable:1701:12)
    at processTicksAndRejections (node:internal/process/task_queues:90:21)
    at Axios.request (/Users/mohitmendiratta/Projects/bots/w1/astro-whatsapp-bot/node_modules/axios/lib/core/Axios.js:45:41)
    at processTicksAndRejections (node:internal/process/task_queues:105:5)
    at sendTextMessage (/Users/mohitmendiratta/Projects/bots/w1/astro-whatsapp-bot/src/services/whatsapp/messageSender.js:64:22)
    at sendMessage (/Users/mohitmendiratta/Projects/bots/w1/astro-whatsapp-bot/src/services/whatsapp/messageSender.js:484:18)
    at sendErrorMessage (/Users/mohitmendiratta/Projects/bots/w1/astro-whatsapp-bot/src/services/whatsapp/messageProcessor.js:2515:3)
    at processIncomingMessage (/Users/mohitmendiratta/Projects/bots/w1/astro-whatsapp-bot/src/services/whatsapp/messageProcessor.js:249:5)
    at simulateOnboarding (/Users/mohitmendiratta/Projects/bots/w1/astro-whatsapp-bot/tests/e2e/comprehensive-test-suite/comprehensive-menu-navigation.test.js:28:5)
    at Object.&lt;anonymous&gt; (/Users/mohitmendiratta/Projects/bots/w1/astro-whatsapp-bot/tests/e2e/comprehensive-test-suite/comprehensive-menu-navigation.test.js:802:7)</failure>
    </testcase>
    <testcase classname="MENU NAVIGATION INTEGRATION: Complete Menu Tree Validation Deep Menu Path Traversals (45 tests) should navigate to Help -&gt; FAQ -&gt; Getting Started" name="MENU NAVIGATION INTEGRATION: Complete Menu Tree Validation Deep Menu Path Traversals (45 tests) should navigate to Help -&gt; FAQ -&gt; Getting Started" time="0.704">
      <failure>AxiosError: Request failed with status code 401
    at settle (/Users/mohitmendiratta/Projects/bots/w1/astro-whatsapp-bot/node_modules/axios/lib/core/settle.js:19:12)
    at IncomingMessage.handleStreamEnd (/Users/mohitmendiratta/Projects/bots/w1/astro-whatsapp-bot/node_modules/axios/lib/adapters/http.js:617:11)
    at IncomingMessage.emit (node:events:520:35)
    at endReadableNT (node:internal/streams/readable:1701:12)
    at processTicksAndRejections (node:internal/process/task_queues:90:21)
    at Axios.request (/Users/mohitmendiratta/Projects/bots/w1/astro-whatsapp-bot/node_modules/axios/lib/core/Axios.js:45:41)
    at processTicksAndRejections (node:internal/process/task_queues:105:5)
    at sendTextMessage (/Users/mohitmendiratta/Projects/bots/w1/astro-whatsapp-bot/src/services/whatsapp/messageSender.js:64:22)
    at sendMessage (/Users/mohitmendiratta/Projects/bots/w1/astro-whatsapp-bot/src/services/whatsapp/messageSender.js:484:18)
    at sendErrorMessage (/Users/mohitmendiratta/Projects/bots/w1/astro-whatsapp-bot/src/services/whatsapp/messageProcessor.js:2515:3)
    at processIncomingMessage (/Users/mohitmendiratta/Projects/bots/w1/astro-whatsapp-bot/src/services/whatsapp/messageProcessor.js:249:5)
    at simulateOnboarding (/Users/mohitmendiratta/Projects/bots/w1/astro-whatsapp-bot/tests/e2e/comprehensive-test-suite/comprehensive-menu-navigation.test.js:28:5)
    at Object.&lt;anonymous&gt; (/Users/mohitmendiratta/Projects/bots/w1/astro-whatsapp-bot/tests/e2e/comprehensive-test-suite/comprehensive-menu-navigation.test.js:811:7)</failure>
    </testcase>
    <testcase classname="MENU NAVIGATION INTEGRATION: Complete Menu Tree Validation Deep Menu Path Traversals (45 tests) should navigate to Help -&gt; Contact Support -&gt; Live Chat" name="MENU NAVIGATION INTEGRATION: Complete Menu Tree Validation Deep Menu Path Traversals (45 tests) should navigate to Help -&gt; Contact Support -&gt; Live Chat" time="0.718">
      <failure>AxiosError: Request failed with status code 401
    at settle (/Users/mohitmendiratta/Projects/bots/w1/astro-whatsapp-bot/node_modules/axios/lib/core/settle.js:19:12)
    at IncomingMessage.handleStreamEnd (/Users/mohitmendiratta/Projects/bots/w1/astro-whatsapp-bot/node_modules/axios/lib/adapters/http.js:617:11)
    at IncomingMessage.emit (node:events:520:35)
    at endReadableNT (node:internal/streams/readable:1701:12)
    at processTicksAndRejections (node:internal/process/task_queues:90:21)
    at Axios.request (/Users/mohitmendiratta/Projects/bots/w1/astro-whatsapp-bot/node_modules/axios/lib/core/Axios.js:45:41)
    at processTicksAndRejections (node:internal/process/task_queues:105:5)
    at sendTextMessage (/Users/mohitmendiratta/Projects/bots/w1/astro-whatsapp-bot/src/services/whatsapp/messageSender.js:64:22)
    at sendMessage (/Users/mohitmendiratta/Projects/bots/w1/astro-whatsapp-bot/src/services/whatsapp/messageSender.js:484:18)
    at sendErrorMessage (/Users/mohitmendiratta/Projects/bots/w1/astro-whatsapp-bot/src/services/whatsapp/messageProcessor.js:2515:3)
    at processIncomingMessage (/Users/mohitmendiratta/Projects/bots/w1/astro-whatsapp-bot/src/services/whatsapp/messageProcessor.js:249:5)
    at simulateOnboarding (/Users/mohitmendiratta/Projects/bots/w1/astro-whatsapp-bot/tests/e2e/comprehensive-test-suite/comprehensive-menu-navigation.test.js:28:5)
    at Object.&lt;anonymous&gt; (/Users/mohitmendiratta/Projects/bots/w1/astro-whatsapp-bot/tests/e2e/comprehensive-test-suite/comprehensive-menu-navigation.test.js:820:7)</failure>
    </testcase>
    <testcase classname="MENU NAVIGATION INTEGRATION: Complete Menu Tree Validation Deep Menu Path Traversals (45 tests) should navigate to Help -&gt; Tutorials -&gt; Video Guides" name="MENU NAVIGATION INTEGRATION: Complete Menu Tree Validation Deep Menu Path Traversals (45 tests) should navigate to Help -&gt; Tutorials -&gt; Video Guides" time="0.622">
      <failure>AxiosError: Request failed with status code 401
    at settle (/Users/mohitmendiratta/Projects/bots/w1/astro-whatsapp-bot/node_modules/axios/lib/core/settle.js:19:12)
    at IncomingMessage.handleStreamEnd (/Users/mohitmendiratta/Projects/bots/w1/astro-whatsapp-bot/node_modules/axios/lib/adapters/http.js:617:11)
    at IncomingMessage.emit (node:events:520:35)
    at endReadableNT (node:internal/streams/readable:1701:12)
    at processTicksAndRejections (node:internal/process/task_queues:90:21)
    at Axios.request (/Users/mohitmendiratta/Projects/bots/w1/astro-whatsapp-bot/node_modules/axios/lib/core/Axios.js:45:41)
    at processTicksAndRejections (node:internal/process/task_queues:105:5)
    at sendTextMessage (/Users/mohitmendiratta/Projects/bots/w1/astro-whatsapp-bot/src/services/whatsapp/messageSender.js:64:22)
    at sendMessage (/Users/mohitmendiratta/Projects/bots/w1/astro-whatsapp-bot/src/services/whatsapp/messageSender.js:484:18)
    at sendErrorMessage (/Users/mohitmendiratta/Projects/bots/w1/astro-whatsapp-bot/src/services/whatsapp/messageProcessor.js:2515:3)
    at processIncomingMessage (/Users/mohitmendiratta/Projects/bots/w1/astro-whatsapp-bot/src/services/whatsapp/messageProcessor.js:249:5)
    at simulateOnboarding (/Users/mohitmendiratta/Projects/bots/w1/astro-whatsapp-bot/tests/e2e/comprehensive-test-suite/comprehensive-menu-navigation.test.js:28:5)
    at Object.&lt;anonymous&gt; (/Users/mohitmendiratta/Projects/bots/w1/astro-whatsapp-bot/tests/e2e/comprehensive-test-suite/comprehensive-menu-navigation.test.js:829:7)</failure>
    </testcase>
    <testcase classname="MENU NAVIGATION INTEGRATION: Complete Menu Tree Validation Deep Menu Path Traversals (45 tests) should navigate to Resources -&gt; Glossary -&gt; Astrological Terms" name="MENU NAVIGATION INTEGRATION: Complete Menu Tree Validation Deep Menu Path Traversals (45 tests) should navigate to Resources -&gt; Glossary -&gt; Astrological Terms" time="0.625">
      <failure>AxiosError: Request failed with status code 401
    at settle (/Users/mohitmendiratta/Projects/bots/w1/astro-whatsapp-bot/node_modules/axios/lib/core/settle.js:19:12)
    at IncomingMessage.handleStreamEnd (/Users/mohitmendiratta/Projects/bots/w1/astro-whatsapp-bot/node_modules/axios/lib/adapters/http.js:617:11)
    at IncomingMessage.emit (node:events:520:35)
    at endReadableNT (node:internal/streams/readable:1701:12)
    at processTicksAndRejections (node:internal/process/task_queues:90:21)
    at Axios.request (/Users/mohitmendiratta/Projects/bots/w1/astro-whatsapp-bot/node_modules/axios/lib/core/Axios.js:45:41)
    at processTicksAndRejections (node:internal/process/task_queues:105:5)
    at sendTextMessage (/Users/mohitmendiratta/Projects/bots/w1/astro-whatsapp-bot/src/services/whatsapp/messageSender.js:64:22)
    at sendMessage (/Users/mohitmendiratta/Projects/bots/w1/astro-whatsapp-bot/src/services/whatsapp/messageSender.js:484:18)
    at sendErrorMessage (/Users/mohitmendiratta/Projects/bots/w1/astro-whatsapp-bot/src/services/whatsapp/messageProcessor.js:2515:3)
    at processIncomingMessage (/Users/mohitmendiratta/Projects/bots/w1/astro-whatsapp-bot/src/services/whatsapp/messageProcessor.js:249:5)
    at simulateOnboarding (/Users/mohitmendiratta/Projects/bots/w1/astro-whatsapp-bot/tests/e2e/comprehensive-test-suite/comprehensive-menu-navigation.test.js:28:5)
    at Object.&lt;anonymous&gt; (/Users/mohitmendiratta/Projects/bots/w1/astro-whatsapp-bot/tests/e2e/comprehensive-test-suite/comprehensive-menu-navigation.test.js:838:7)</failure>
    </testcase>
    <testcase classname="MENU NAVIGATION INTEGRATION: Complete Menu Tree Validation Deep Menu Path Traversals (45 tests) should handle navigation through a 7-level deep path correctly" name="MENU NAVIGATION INTEGRATION: Complete Menu Tree Validation Deep Menu Path Traversals (45 tests) should handle navigation through a 7-level deep path correctly" time="0.686">
      <failure>AxiosError: Request failed with status code 401
    at settle (/Users/mohitmendiratta/Projects/bots/w1/astro-whatsapp-bot/node_modules/axios/lib/core/settle.js:19:12)
    at IncomingMessage.handleStreamEnd (/Users/mohitmendiratta/Projects/bots/w1/astro-whatsapp-bot/node_modules/axios/lib/adapters/http.js:617:11)
    at IncomingMessage.emit (node:events:520:35)
    at endReadableNT (node:internal/streams/readable:1701:12)
    at processTicksAndRejections (node:internal/process/task_queues:90:21)
    at Axios.request (/Users/mohitmendiratta/Projects/bots/w1/astro-whatsapp-bot/node_modules/axios/lib/core/Axios.js:45:41)
    at processTicksAndRejections (node:internal/process/task_queues:105:5)
    at sendTextMessage (/Users/mohitmendiratta/Projects/bots/w1/astro-whatsapp-bot/src/services/whatsapp/messageSender.js:64:22)
    at sendMessage (/Users/mohitmendiratta/Projects/bots/w1/astro-whatsapp-bot/src/services/whatsapp/messageSender.js:484:18)
    at sendErrorMessage (/Users/mohitmendiratta/Projects/bots/w1/astro-whatsapp-bot/src/services/whatsapp/messageProcessor.js:2515:3)
    at processIncomingMessage (/Users/mohitmendiratta/Projects/bots/w1/astro-whatsapp-bot/src/services/whatsapp/messageProcessor.js:249:5)
    at simulateOnboarding (/Users/mohitmendiratta/Projects/bots/w1/astro-whatsapp-bot/tests/e2e/comprehensive-test-suite/comprehensive-menu-navigation.test.js:28:5)
    at Object.&lt;anonymous&gt; (/Users/mohitmendiratta/Projects/bots/w1/astro-whatsapp-bot/tests/e2e/comprehensive-test-suite/comprehensive-menu-navigation.test.js:847:7)</failure>
    </testcase>
    <testcase classname="MENU NAVIGATION INTEGRATION: Complete Menu Tree Validation Deep Menu Path Traversals (45 tests) should handle navigation through a 8-level deep path correctly" name="MENU NAVIGATION INTEGRATION: Complete Menu Tree Validation Deep Menu Path Traversals (45 tests) should handle navigation through a 8-level deep path correctly" time="0.729">
      <failure>AxiosError: Request failed with status code 401
    at settle (/Users/mohitmendiratta/Projects/bots/w1/astro-whatsapp-bot/node_modules/axios/lib/core/settle.js:19:12)
    at IncomingMessage.handleStreamEnd (/Users/mohitmendiratta/Projects/bots/w1/astro-whatsapp-bot/node_modules/axios/lib/adapters/http.js:617:11)
    at IncomingMessage.emit (node:events:520:35)
    at endReadableNT (node:internal/streams/readable:1701:12)
    at processTicksAndRejections (node:internal/process/task_queues:90:21)
    at Axios.request (/Users/mohitmendiratta/Projects/bots/w1/astro-whatsapp-bot/node_modules/axios/lib/core/Axios.js:45:41)
    at processTicksAndRejections (node:internal/process/task_queues:105:5)
    at sendTextMessage (/Users/mohitmendiratta/Projects/bots/w1/astro-whatsapp-bot/src/services/whatsapp/messageSender.js:64:22)
    at sendMessage (/Users/mohitmendiratta/Projects/bots/w1/astro-whatsapp-bot/src/services/whatsapp/messageSender.js:484:18)
    at sendErrorMessage (/Users/mohitmendiratta/Projects/bots/w1/astro-whatsapp-bot/src/services/whatsapp/messageProcessor.js:2515:3)
    at processIncomingMessage (/Users/mohitmendiratta/Projects/bots/w1/astro-whatsapp-bot/src/services/whatsapp/messageProcessor.js:249:5)
    at simulateOnboarding (/Users/mohitmendiratta/Projects/bots/w1/astro-whatsapp-bot/tests/e2e/comprehensive-test-suite/comprehensive-menu-navigation.test.js:28:5)
    at Object.&lt;anonymous&gt; (/Users/mohitmendiratta/Projects/bots/w1/astro-whatsapp-bot/tests/e2e/comprehensive-test-suite/comprehensive-menu-navigation.test.js:859:7)</failure>
    </testcase>
    <testcase classname="MENU NAVIGATION INTEGRATION: Complete Menu Tree Validation Deep Menu Path Traversals (45 tests) should display unique submenu options for &apos;relationships&apos; focused users" name="MENU NAVIGATION INTEGRATION: Complete Menu Tree Validation Deep Menu Path Traversals (45 tests) should display unique submenu options for &apos;relationships&apos; focused users" time="0.702">
      <failure>AxiosError: Request failed with status code 401
    at settle (/Users/mohitmendiratta/Projects/bots/w1/astro-whatsapp-bot/node_modules/axios/lib/core/settle.js:19:12)
    at IncomingMessage.handleStreamEnd (/Users/mohitmendiratta/Projects/bots/w1/astro-whatsapp-bot/node_modules/axios/lib/adapters/http.js:617:11)
    at IncomingMessage.emit (node:events:520:35)
    at endReadableNT (node:internal/streams/readable:1701:12)
    at processTicksAndRejections (node:internal/process/task_queues:90:21)
    at Axios.request (/Users/mohitmendiratta/Projects/bots/w1/astro-whatsapp-bot/node_modules/axios/lib/core/Axios.js:45:41)
    at processTicksAndRejections (node:internal/process/task_queues:105:5)
    at sendTextMessage (/Users/mohitmendiratta/Projects/bots/w1/astro-whatsapp-bot/src/services/whatsapp/messageSender.js:64:22)
    at sendMessage (/Users/mohitmendiratta/Projects/bots/w1/astro-whatsapp-bot/src/services/whatsapp/messageSender.js:484:18)
    at sendErrorMessage (/Users/mohitmendiratta/Projects/bots/w1/astro-whatsapp-bot/src/services/whatsapp/messageProcessor.js:2515:3)
    at processIncomingMessage (/Users/mohitmendiratta/Projects/bots/w1/astro-whatsapp-bot/src/services/whatsapp/messageProcessor.js:249:5)
    at simulateOnboarding (/Users/mohitmendiratta/Projects/bots/w1/astro-whatsapp-bot/tests/e2e/comprehensive-test-suite/comprehensive-menu-navigation.test.js:28:5)
    at Object.&lt;anonymous&gt; (/Users/mohitmendiratta/Projects/bots/w1/astro-whatsapp-bot/tests/e2e/comprehensive-test-suite/comprehensive-menu-navigation.test.js:872:7)</failure>
    </testcase>
    <testcase classname="MENU NAVIGATION INTEGRATION: Complete Menu Tree Validation Deep Menu Path Traversals (45 tests) should show specific menu items to users who have completed specific readings" name="MENU NAVIGATION INTEGRATION: Complete Menu Tree Validation Deep Menu Path Traversals (45 tests) should show specific menu items to users who have completed specific readings" time="0.725">
      <failure>AxiosError: Request failed with status code 401
    at settle (/Users/mohitmendiratta/Projects/bots/w1/astro-whatsapp-bot/node_modules/axios/lib/core/settle.js:19:12)
    at IncomingMessage.handleStreamEnd (/Users/mohitmendiratta/Projects/bots/w1/astro-whatsapp-bot/node_modules/axios/lib/adapters/http.js:617:11)
    at IncomingMessage.emit (node:events:520:35)
    at endReadableNT (node:internal/streams/readable:1701:12)
    at processTicksAndRejections (node:internal/process/task_queues:90:21)
    at Axios.request (/Users/mohitmendiratta/Projects/bots/w1/astro-whatsapp-bot/node_modules/axios/lib/core/Axios.js:45:41)
    at processTicksAndRejections (node:internal/process/task_queues:105:5)
    at sendTextMessage (/Users/mohitmendiratta/Projects/bots/w1/astro-whatsapp-bot/src/services/whatsapp/messageSender.js:64:22)
    at sendMessage (/Users/mohitmendiratta/Projects/bots/w1/astro-whatsapp-bot/src/services/whatsapp/messageSender.js:484:18)
    at sendErrorMessage (/Users/mohitmendiratta/Projects/bots/w1/astro-whatsapp-bot/src/services/whatsapp/messageProcessor.js:2515:3)
    at processIncomingMessage (/Users/mohitmendiratta/Projects/bots/w1/astro-whatsapp-bot/src/services/whatsapp/messageProcessor.js:249:5)
    at simulateOnboarding (/Users/mohitmendiratta/Projects/bots/w1/astro-whatsapp-bot/tests/e2e/comprehensive-test-suite/comprehensive-menu-navigation.test.js:28:5)
    at Object.&lt;anonymous&gt; (/Users/mohitmendiratta/Projects/bots/w1/astro-whatsapp-bot/tests/e2e/comprehensive-test-suite/comprehensive-menu-navigation.test.js:882:7)</failure>
    </testcase>
    <testcase classname="MENU NAVIGATION INTEGRATION: Complete Menu Tree Validation Deep Menu Path Traversals (45 tests) should hide &quot;Beginner&quot; options for users who have accessed &quot;Advanced&quot; readings multiple times" name="MENU NAVIGATION INTEGRATION: Complete Menu Tree Validation Deep Menu Path Traversals (45 tests) should hide &quot;Beginner&quot; options for users who have accessed &quot;Advanced&quot; readings multiple times" time="0.813">
      <failure>AxiosError: Request failed with status code 401
    at settle (/Users/mohitmendiratta/Projects/bots/w1/astro-whatsapp-bot/node_modules/axios/lib/core/settle.js:19:12)
    at IncomingMessage.handleStreamEnd (/Users/mohitmendiratta/Projects/bots/w1/astro-whatsapp-bot/node_modules/axios/lib/adapters/http.js:617:11)
    at IncomingMessage.emit (node:events:520:35)
    at endReadableNT (node:internal/streams/readable:1701:12)
    at processTicksAndRejections (node:internal/process/task_queues:90:21)
    at Axios.request (/Users/mohitmendiratta/Projects/bots/w1/astro-whatsapp-bot/node_modules/axios/lib/core/Axios.js:45:41)
    at processTicksAndRejections (node:internal/process/task_queues:105:5)
    at sendTextMessage (/Users/mohitmendiratta/Projects/bots/w1/astro-whatsapp-bot/src/services/whatsapp/messageSender.js:64:22)
    at sendMessage (/Users/mohitmendiratta/Projects/bots/w1/astro-whatsapp-bot/src/services/whatsapp/messageSender.js:484:18)
    at sendErrorMessage (/Users/mohitmendiratta/Projects/bots/w1/astro-whatsapp-bot/src/services/whatsapp/messageProcessor.js:2515:3)
    at processIncomingMessage (/Users/mohitmendiratta/Projects/bots/w1/astro-whatsapp-bot/src/services/whatsapp/messageProcessor.js:249:5)
    at simulateOnboarding (/Users/mohitmendiratta/Projects/bots/w1/astro-whatsapp-bot/tests/e2e/comprehensive-test-suite/comprehensive-menu-navigation.test.js:28:5)
    at Object.&lt;anonymous&gt; (/Users/mohitmendiratta/Projects/bots/w1/astro-whatsapp-bot/tests/e2e/comprehensive-test-suite/comprehensive-menu-navigation.test.js:891:7)</failure>
    </testcase>
    <testcase classname="MENU NAVIGATION INTEGRATION: Complete Menu Tree Validation Deep Menu Path Traversals (45 tests) should offer quick access to &quot;Subscription management&quot; for premium users" name="MENU NAVIGATION INTEGRATION: Complete Menu Tree Validation Deep Menu Path Traversals (45 tests) should offer quick access to &quot;Subscription management&quot; for premium users" time="0.63">
      <failure>AxiosError: Request failed with status code 401
    at settle (/Users/mohitmendiratta/Projects/bots/w1/astro-whatsapp-bot/node_modules/axios/lib/core/settle.js:19:12)
    at IncomingMessage.handleStreamEnd (/Users/mohitmendiratta/Projects/bots/w1/astro-whatsapp-bot/node_modules/axios/lib/adapters/http.js:617:11)
    at IncomingMessage.emit (node:events:520:35)
    at endReadableNT (node:internal/streams/readable:1701:12)
    at processTicksAndRejections (node:internal/process/task_queues:90:21)
    at Axios.request (/Users/mohitmendiratta/Projects/bots/w1/astro-whatsapp-bot/node_modules/axios/lib/core/Axios.js:45:41)
    at processTicksAndRejections (node:internal/process/task_queues:105:5)
    at sendTextMessage (/Users/mohitmendiratta/Projects/bots/w1/astro-whatsapp-bot/src/services/whatsapp/messageSender.js:64:22)
    at sendMessage (/Users/mohitmendiratta/Projects/bots/w1/astro-whatsapp-bot/src/services/whatsapp/messageSender.js:484:18)
    at sendErrorMessage (/Users/mohitmendiratta/Projects/bots/w1/astro-whatsapp-bot/src/services/whatsapp/messageProcessor.js:2515:3)
    at processIncomingMessage (/Users/mohitmendiratta/Projects/bots/w1/astro-whatsapp-bot/src/services/whatsapp/messageProcessor.js:249:5)
    at simulateOnboarding (/Users/mohitmendiratta/Projects/bots/w1/astro-whatsapp-bot/tests/e2e/comprehensive-test-suite/comprehensive-menu-navigation.test.js:28:5)
    at Object.&lt;anonymous&gt; (/Users/mohitmendiratta/Projects/bots/w1/astro-whatsapp-bot/tests/e2e/comprehensive-test-suite/comprehensive-menu-navigation.test.js:903:7)</failure>
    </testcase>
    <testcase classname="MENU NAVIGATION INTEGRATION: Complete Menu Tree Validation Deep Menu Path Traversals (45 tests) should promote a specific new feature to all users upon launch" name="MENU NAVIGATION INTEGRATION: Complete Menu Tree Validation Deep Menu Path Traversals (45 tests) should promote a specific new feature to all users upon launch" time="0.698">
      <failure>AxiosError: Request failed with status code 401
    at settle (/Users/mohitmendiratta/Projects/bots/w1/astro-whatsapp-bot/node_modules/axios/lib/core/settle.js:19:12)
    at IncomingMessage.handleStreamEnd (/Users/mohitmendiratta/Projects/bots/w1/astro-whatsapp-bot/node_modules/axios/lib/adapters/http.js:617:11)
    at IncomingMessage.emit (node:events:520:35)
    at endReadableNT (node:internal/streams/readable:1701:12)
    at processTicksAndRejections (node:internal/process/task_queues:90:21)
    at Axios.request (/Users/mohitmendiratta/Projects/bots/w1/astro-whatsapp-bot/node_modules/axios/lib/core/Axios.js:45:41)
    at processTicksAndRejections (node:internal/process/task_queues:105:5)
    at sendTextMessage (/Users/mohitmendiratta/Projects/bots/w1/astro-whatsapp-bot/src/services/whatsapp/messageSender.js:64:22)
    at sendMessage (/Users/mohitmendiratta/Projects/bots/w1/astro-whatsapp-bot/src/services/whatsapp/messageSender.js:484:18)
    at sendErrorMessage (/Users/mohitmendiratta/Projects/bots/w1/astro-whatsapp-bot/src/services/whatsapp/messageProcessor.js:2515:3)
    at processIncomingMessage (/Users/mohitmendiratta/Projects/bots/w1/astro-whatsapp-bot/src/services/whatsapp/messageProcessor.js:249:5)
    at simulateOnboarding (/Users/mohitmendiratta/Projects/bots/w1/astro-whatsapp-bot/tests/e2e/comprehensive-test-suite/comprehensive-menu-navigation.test.js:28:5)
    at Object.&lt;anonymous&gt; (/Users/mohitmendiratta/Projects/bots/w1/astro-whatsapp-bot/tests/e2e/comprehensive-test-suite/comprehensive-menu-navigation.test.js:912:7)</failure>
    </testcase>
    <testcase classname="MENU NAVIGATION INTEGRATION: Complete Menu Tree Validation Deep Menu Path Traversals (45 tests) should indicate menu options with pending actions/notifications" name="MENU NAVIGATION INTEGRATION: Complete Menu Tree Validation Deep Menu Path Traversals (45 tests) should indicate menu options with pending actions/notifications" time="0.825">
      <failure>AxiosError: Request failed with status code 401
    at settle (/Users/mohitmendiratta/Projects/bots/w1/astro-whatsapp-bot/node_modules/axios/lib/core/settle.js:19:12)
    at IncomingMessage.handleStreamEnd (/Users/mohitmendiratta/Projects/bots/w1/astro-whatsapp-bot/node_modules/axios/lib/adapters/http.js:617:11)
    at IncomingMessage.emit (node:events:520:35)
    at endReadableNT (node:internal/streams/readable:1701:12)
    at processTicksAndRejections (node:internal/process/task_queues:90:21)
    at Axios.request (/Users/mohitmendiratta/Projects/bots/w1/astro-whatsapp-bot/node_modules/axios/lib/core/Axios.js:45:41)
    at processTicksAndRejections (node:internal/process/task_queues:105:5)
    at sendTextMessage (/Users/mohitmendiratta/Projects/bots/w1/astro-whatsapp-bot/src/services/whatsapp/messageSender.js:64:22)
    at sendMessage (/Users/mohitmendiratta/Projects/bots/w1/astro-whatsapp-bot/src/services/whatsapp/messageSender.js:484:18)
    at sendErrorMessage (/Users/mohitmendiratta/Projects/bots/w1/astro-whatsapp-bot/src/services/whatsapp/messageProcessor.js:2515:3)
    at processIncomingMessage (/Users/mohitmendiratta/Projects/bots/w1/astro-whatsapp-bot/src/services/whatsapp/messageProcessor.js:249:5)
    at simulateOnboarding (/Users/mohitmendiratta/Projects/bots/w1/astro-whatsapp-bot/tests/e2e/comprehensive-test-suite/comprehensive-menu-navigation.test.js:28:5)
    at Object.&lt;anonymous&gt; (/Users/mohitmendiratta/Projects/bots/w1/astro-whatsapp-bot/tests/e2e/comprehensive-test-suite/comprehensive-menu-navigation.test.js:920:7)</failure>
    </testcase>
    <testcase classname="MENU NAVIGATION INTEGRATION: Complete Menu Tree Validation Deep Menu Path Traversals (45 tests) should offer a &quot;Go to top&quot; or &quot;Home&quot; option from any deep menu level" name="MENU NAVIGATION INTEGRATION: Complete Menu Tree Validation Deep Menu Path Traversals (45 tests) should offer a &quot;Go to top&quot; or &quot;Home&quot; option from any deep menu level" time="0.72">
      <failure>AxiosError: Request failed with status code 401
    at settle (/Users/mohitmendiratta/Projects/bots/w1/astro-whatsapp-bot/node_modules/axios/lib/core/settle.js:19:12)
    at IncomingMessage.handleStreamEnd (/Users/mohitmendiratta/Projects/bots/w1/astro-whatsapp-bot/node_modules/axios/lib/adapters/http.js:617:11)
    at IncomingMessage.emit (node:events:520:35)
    at endReadableNT (node:internal/streams/readable:1701:12)
    at processTicksAndRejections (node:internal/process/task_queues:90:21)
    at Axios.request (/Users/mohitmendiratta/Projects/bots/w1/astro-whatsapp-bot/node_modules/axios/lib/core/Axios.js:45:41)
    at processTicksAndRejections (node:internal/process/task_queues:105:5)
    at sendTextMessage (/Users/mohitmendiratta/Projects/bots/w1/astro-whatsapp-bot/src/services/whatsapp/messageSender.js:64:22)
    at sendMessage (/Users/mohitmendiratta/Projects/bots/w1/astro-whatsapp-bot/src/services/whatsapp/messageSender.js:484:18)
    at sendErrorMessage (/Users/mohitmendiratta/Projects/bots/w1/astro-whatsapp-bot/src/services/whatsapp/messageProcessor.js:2515:3)
    at processIncomingMessage (/Users/mohitmendiratta/Projects/bots/w1/astro-whatsapp-bot/src/services/whatsapp/messageProcessor.js:249:5)
    at simulateOnboarding (/Users/mohitmendiratta/Projects/bots/w1/astro-whatsapp-bot/tests/e2e/comprehensive-test-suite/comprehensive-menu-navigation.test.js:28:5)
    at Object.&lt;anonymous&gt; (/Users/mohitmendiratta/Projects/bots/w1/astro-whatsapp-bot/tests/e2e/comprehensive-test-suite/comprehensive-menu-navigation.test.js:929:7)</failure>
    </testcase>
    <testcase classname="MENU NAVIGATION INTEGRATION: Complete Menu Tree Validation Deep Menu Path Traversals (45 tests) should allow partial input matching for menu navigation to some depth" name="MENU NAVIGATION INTEGRATION: Complete Menu Tree Validation Deep Menu Path Traversals (45 tests) should allow partial input matching for menu navigation to some depth" time="0.71">
      <failure>AxiosError: Request failed with status code 401
    at settle (/Users/mohitmendiratta/Projects/bots/w1/astro-whatsapp-bot/node_modules/axios/lib/core/settle.js:19:12)
    at IncomingMessage.handleStreamEnd (/Users/mohitmendiratta/Projects/bots/w1/astro-whatsapp-bot/node_modules/axios/lib/adapters/http.js:617:11)
    at IncomingMessage.emit (node:events:520:35)
    at endReadableNT (node:internal/streams/readable:1701:12)
    at processTicksAndRejections (node:internal/process/task_queues:90:21)
    at Axios.request (/Users/mohitmendiratta/Projects/bots/w1/astro-whatsapp-bot/node_modules/axios/lib/core/Axios.js:45:41)
    at processTicksAndRejections (node:internal/process/task_queues:105:5)
    at sendTextMessage (/Users/mohitmendiratta/Projects/bots/w1/astro-whatsapp-bot/src/services/whatsapp/messageSender.js:64:22)
    at sendMessage (/Users/mohitmendiratta/Projects/bots/w1/astro-whatsapp-bot/src/services/whatsapp/messageSender.js:484:18)
    at sendErrorMessage (/Users/mohitmendiratta/Projects/bots/w1/astro-whatsapp-bot/src/services/whatsapp/messageProcessor.js:2515:3)
    at processIncomingMessage (/Users/mohitmendiratta/Projects/bots/w1/astro-whatsapp-bot/src/services/whatsapp/messageProcessor.js:249:5)
    at simulateOnboarding (/Users/mohitmendiratta/Projects/bots/w1/astro-whatsapp-bot/tests/e2e/comprehensive-test-suite/comprehensive-menu-navigation.test.js:28:5)
    at Object.&lt;anonymous&gt; (/Users/mohitmendiratta/Projects/bots/w1/astro-whatsapp-bot/tests/e2e/comprehensive-test-suite/comprehensive-menu-navigation.test.js:940:7)</failure>
    </testcase>
    <testcase classname="MENU NAVIGATION INTEGRATION: Complete Menu Tree Validation Deep Menu Path Traversals (45 tests) should offer &quot;back&quot; option even if current menu has no sub-options" name="MENU NAVIGATION INTEGRATION: Complete Menu Tree Validation Deep Menu Path Traversals (45 tests) should offer &quot;back&quot; option even if current menu has no sub-options" time="0.631">
      <failure>AxiosError: Request failed with status code 401
    at settle (/Users/mohitmendiratta/Projects/bots/w1/astro-whatsapp-bot/node_modules/axios/lib/core/settle.js:19:12)
    at IncomingMessage.handleStreamEnd (/Users/mohitmendiratta/Projects/bots/w1/astro-whatsapp-bot/node_modules/axios/lib/adapters/http.js:617:11)
    at IncomingMessage.emit (node:events:520:35)
    at endReadableNT (node:internal/streams/readable:1701:12)
    at processTicksAndRejections (node:internal/process/task_queues:90:21)
    at Axios.request (/Users/mohitmendiratta/Projects/bots/w1/astro-whatsapp-bot/node_modules/axios/lib/core/Axios.js:45:41)
    at processTicksAndRejections (node:internal/process/task_queues:105:5)
    at sendTextMessage (/Users/mohitmendiratta/Projects/bots/w1/astro-whatsapp-bot/src/services/whatsapp/messageSender.js:64:22)
    at sendMessage (/Users/mohitmendiratta/Projects/bots/w1/astro-whatsapp-bot/src/services/whatsapp/messageSender.js:484:18)
    at sendErrorMessage (/Users/mohitmendiratta/Projects/bots/w1/astro-whatsapp-bot/src/services/whatsapp/messageProcessor.js:2515:3)
    at processIncomingMessage (/Users/mohitmendiratta/Projects/bots/w1/astro-whatsapp-bot/src/services/whatsapp/messageProcessor.js:249:5)
    at simulateOnboarding (/Users/mohitmendiratta/Projects/bots/w1/astro-whatsapp-bot/tests/e2e/comprehensive-test-suite/comprehensive-menu-navigation.test.js:28:5)
    at Object.&lt;anonymous&gt; (/Users/mohitmendiratta/Projects/bots/w1/astro-whatsapp-bot/tests/e2e/comprehensive-test-suite/comprehensive-menu-navigation.test.js:947:7)</failure>
    </testcase>
    <testcase classname="MENU NAVIGATION INTEGRATION: Complete Menu Tree Validation Deep Menu Path Traversals (45 tests) should confirm irreversible actions before proceeding with navigation" name="MENU NAVIGATION INTEGRATION: Complete Menu Tree Validation Deep Menu Path Traversals (45 tests) should confirm irreversible actions before proceeding with navigation" time="0.617">
      <failure>AxiosError: Request failed with status code 401
    at settle (/Users/mohitmendiratta/Projects/bots/w1/astro-whatsapp-bot/node_modules/axios/lib/core/settle.js:19:12)
    at IncomingMessage.handleStreamEnd (/Users/mohitmendiratta/Projects/bots/w1/astro-whatsapp-bot/node_modules/axios/lib/adapters/http.js:617:11)
    at IncomingMessage.emit (node:events:520:35)
    at endReadableNT (node:internal/streams/readable:1701:12)
    at processTicksAndRejections (node:internal/process/task_queues:90:21)
    at Axios.request (/Users/mohitmendiratta/Projects/bots/w1/astro-whatsapp-bot/node_modules/axios/lib/core/Axios.js:45:41)
    at processTicksAndRejections (node:internal/process/task_queues:105:5)
    at sendTextMessage (/Users/mohitmendiratta/Projects/bots/w1/astro-whatsapp-bot/src/services/whatsapp/messageSender.js:64:22)
    at sendMessage (/Users/mohitmendiratta/Projects/bots/w1/astro-whatsapp-bot/src/services/whatsapp/messageSender.js:484:18)
    at sendErrorMessage (/Users/mohitmendiratta/Projects/bots/w1/astro-whatsapp-bot/src/services/whatsapp/messageProcessor.js:2515:3)
    at processIncomingMessage (/Users/mohitmendiratta/Projects/bots/w1/astro-whatsapp-bot/src/services/whatsapp/messageProcessor.js:249:5)
    at simulateOnboarding (/Users/mohitmendiratta/Projects/bots/w1/astro-whatsapp-bot/tests/e2e/comprehensive-test-suite/comprehensive-menu-navigation.test.js:28:5)
    at Object.&lt;anonymous&gt; (/Users/mohitmendiratta/Projects/bots/w1/astro-whatsapp-bot/tests/e2e/comprehensive-test-suite/comprehensive-menu-navigation.test.js:959:7)</failure>
    </testcase>
    <testcase classname="MENU NAVIGATION INTEGRATION: Complete Menu Tree Validation Deep Menu Path Traversals (45 tests) should limit navigation depth for non-premium users in advanced sections" name="MENU NAVIGATION INTEGRATION: Complete Menu Tree Validation Deep Menu Path Traversals (45 tests) should limit navigation depth for non-premium users in advanced sections" time="0.697">
      <failure>AxiosError: Request failed with status code 401
    at settle (/Users/mohitmendiratta/Projects/bots/w1/astro-whatsapp-bot/node_modules/axios/lib/core/settle.js:19:12)
    at IncomingMessage.handleStreamEnd (/Users/mohitmendiratta/Projects/bots/w1/astro-whatsapp-bot/node_modules/axios/lib/adapters/http.js:617:11)
    at IncomingMessage.emit (node:events:520:35)
    at endReadableNT (node:internal/streams/readable:1701:12)
    at processTicksAndRejections (node:internal/process/task_queues:90:21)
    at Axios.request (/Users/mohitmendiratta/Projects/bots/w1/astro-whatsapp-bot/node_modules/axios/lib/core/Axios.js:45:41)
    at processTicksAndRejections (node:internal/process/task_queues:105:5)
    at sendTextMessage (/Users/mohitmendiratta/Projects/bots/w1/astro-whatsapp-bot/src/services/whatsapp/messageSender.js:64:22)
    at sendMessage (/Users/mohitmendiratta/Projects/bots/w1/astro-whatsapp-bot/src/services/whatsapp/messageSender.js:484:18)
    at sendErrorMessage (/Users/mohitmendiratta/Projects/bots/w1/astro-whatsapp-bot/src/services/whatsapp/messageProcessor.js:2515:3)
    at processIncomingMessage (/Users/mohitmendiratta/Projects/bots/w1/astro-whatsapp-bot/src/services/whatsapp/messageProcessor.js:249:5)
    at simulateOnboarding (/Users/mohitmendiratta/Projects/bots/w1/astro-whatsapp-bot/tests/e2e/comprehensive-test-suite/comprehensive-menu-navigation.test.js:28:5)
    at Object.&lt;anonymous&gt; (/Users/mohitmendiratta/Projects/bots/w1/astro-whatsapp-bot/tests/e2e/comprehensive-test-suite/comprehensive-menu-navigation.test.js:968:7)</failure>
    </testcase>
    <testcase classname="MENU NAVIGATION INTEGRATION: Complete Menu Tree Validation Deep Menu Path Traversals (45 tests) should adapt menu options for users tagged with specific astrological interests" name="MENU NAVIGATION INTEGRATION: Complete Menu Tree Validation Deep Menu Path Traversals (45 tests) should adapt menu options for users tagged with specific astrological interests" time="0.633">
      <failure>AxiosError: Request failed with status code 401
    at settle (/Users/mohitmendiratta/Projects/bots/w1/astro-whatsapp-bot/node_modules/axios/lib/core/settle.js:19:12)
    at IncomingMessage.handleStreamEnd (/Users/mohitmendiratta/Projects/bots/w1/astro-whatsapp-bot/node_modules/axios/lib/adapters/http.js:617:11)
    at IncomingMessage.emit (node:events:520:35)
    at endReadableNT (node:internal/streams/readable:1701:12)
    at processTicksAndRejections (node:internal/process/task_queues:90:21)
    at Axios.request (/Users/mohitmendiratta/Projects/bots/w1/astro-whatsapp-bot/node_modules/axios/lib/core/Axios.js:45:41)
    at processTicksAndRejections (node:internal/process/task_queues:105:5)
    at sendTextMessage (/Users/mohitmendiratta/Projects/bots/w1/astro-whatsapp-bot/src/services/whatsapp/messageSender.js:64:22)
    at sendMessage (/Users/mohitmendiratta/Projects/bots/w1/astro-whatsapp-bot/src/services/whatsapp/messageSender.js:484:18)
    at sendErrorMessage (/Users/mohitmendiratta/Projects/bots/w1/astro-whatsapp-bot/src/services/whatsapp/messageProcessor.js:2515:3)
    at processIncomingMessage (/Users/mohitmendiratta/Projects/bots/w1/astro-whatsapp-bot/src/services/whatsapp/messageProcessor.js:249:5)
    at simulateOnboarding (/Users/mohitmendiratta/Projects/bots/w1/astro-whatsapp-bot/tests/e2e/comprehensive-test-suite/comprehensive-menu-navigation.test.js:28:5)
    at Object.&lt;anonymous&gt; (/Users/mohitmendiratta/Projects/bots/w1/astro-whatsapp-bot/tests/e2e/comprehensive-test-suite/comprehensive-menu-navigation.test.js:978:7)</failure>
    </testcase>
    <testcase classname="MENU NAVIGATION INTEGRATION: Complete Menu Tree Validation Deep Menu Path Traversals (45 tests) should offer a return to previous interaction point after completing a reading" name="MENU NAVIGATION INTEGRATION: Complete Menu Tree Validation Deep Menu Path Traversals (45 tests) should offer a return to previous interaction point after completing a reading" time="0.592">
      <failure>AxiosError: Request failed with status code 401
    at settle (/Users/mohitmendiratta/Projects/bots/w1/astro-whatsapp-bot/node_modules/axios/lib/core/settle.js:19:12)
    at IncomingMessage.handleStreamEnd (/Users/mohitmendiratta/Projects/bots/w1/astro-whatsapp-bot/node_modules/axios/lib/adapters/http.js:617:11)
    at IncomingMessage.emit (node:events:520:35)
    at endReadableNT (node:internal/streams/readable:1701:12)
    at processTicksAndRejections (node:internal/process/task_queues:90:21)
    at Axios.request (/Users/mohitmendiratta/Projects/bots/w1/astro-whatsapp-bot/node_modules/axios/lib/core/Axios.js:45:41)
    at processTicksAndRejections (node:internal/process/task_queues:105:5)
    at sendTextMessage (/Users/mohitmendiratta/Projects/bots/w1/astro-whatsapp-bot/src/services/whatsapp/messageSender.js:64:22)
    at sendMessage (/Users/mohitmendiratta/Projects/bots/w1/astro-whatsapp-bot/src/services/whatsapp/messageSender.js:484:18)
    at sendErrorMessage (/Users/mohitmendiratta/Projects/bots/w1/astro-whatsapp-bot/src/services/whatsapp/messageProcessor.js:2515:3)
    at processIncomingMessage (/Users/mohitmendiratta/Projects/bots/w1/astro-whatsapp-bot/src/services/whatsapp/messageProcessor.js:249:5)
    at simulateOnboarding (/Users/mohitmendiratta/Projects/bots/w1/astro-whatsapp-bot/tests/e2e/comprehensive-test-suite/comprehensive-menu-navigation.test.js:28:5)
    at Object.&lt;anonymous&gt; (/Users/mohitmendiratta/Projects/bots/w1/astro-whatsapp-bot/tests/e2e/comprehensive-test-suite/comprehensive-menu-navigation.test.js:987:7)</failure>
    </testcase>
    <testcase classname="MENU NAVIGATION INTEGRATION: Complete Menu Tree Validation Deep Menu Path Traversals (45 tests) should provide a searchable menu if options are too numerous to list" name="MENU NAVIGATION INTEGRATION: Complete Menu Tree Validation Deep Menu Path Traversals (45 tests) should provide a searchable menu if options are too numerous to list" time="0.603">
      <failure>AxiosError: Request failed with status code 401
    at settle (/Users/mohitmendiratta/Projects/bots/w1/astro-whatsapp-bot/node_modules/axios/lib/core/settle.js:19:12)
    at IncomingMessage.handleStreamEnd (/Users/mohitmendiratta/Projects/bots/w1/astro-whatsapp-bot/node_modules/axios/lib/adapters/http.js:617:11)
    at IncomingMessage.emit (node:events:520:35)
    at endReadableNT (node:internal/streams/readable:1701:12)
    at processTicksAndRejections (node:internal/process/task_queues:90:21)
    at Axios.request (/Users/mohitmendiratta/Projects/bots/w1/astro-whatsapp-bot/node_modules/axios/lib/core/Axios.js:45:41)
    at processTicksAndRejections (node:internal/process/task_queues:105:5)
    at sendTextMessage (/Users/mohitmendiratta/Projects/bots/w1/astro-whatsapp-bot/src/services/whatsapp/messageSender.js:64:22)
    at sendMessage (/Users/mohitmendiratta/Projects/bots/w1/astro-whatsapp-bot/src/services/whatsapp/messageSender.js:484:18)
    at sendErrorMessage (/Users/mohitmendiratta/Projects/bots/w1/astro-whatsapp-bot/src/services/whatsapp/messageProcessor.js:2515:3)
    at processIncomingMessage (/Users/mohitmendiratta/Projects/bots/w1/astro-whatsapp-bot/src/services/whatsapp/messageProcessor.js:249:5)
    at simulateOnboarding (/Users/mohitmendiratta/Projects/bots/w1/astro-whatsapp-bot/tests/e2e/comprehensive-test-suite/comprehensive-menu-navigation.test.js:28:5)
    at Object.&lt;anonymous&gt; (/Users/mohitmendiratta/Projects/bots/w1/astro-whatsapp-bot/tests/e2e/comprehensive-test-suite/comprehensive-menu-navigation.test.js:999:7)</failure>
    </testcase>
    <testcase classname="MENU NAVIGATION INTEGRATION: Complete Menu Tree Validation Deep Menu Path Traversals (45 tests) should navigate using direct commands regardless of current menu depth" name="MENU NAVIGATION INTEGRATION: Complete Menu Tree Validation Deep Menu Path Traversals (45 tests) should navigate using direct commands regardless of current menu depth" time="0.623">
      <failure>AxiosError: Request failed with status code 401
    at settle (/Users/mohitmendiratta/Projects/bots/w1/astro-whatsapp-bot/node_modules/axios/lib/core/settle.js:19:12)
    at IncomingMessage.handleStreamEnd (/Users/mohitmendiratta/Projects/bots/w1/astro-whatsapp-bot/node_modules/axios/lib/adapters/http.js:617:11)
    at IncomingMessage.emit (node:events:520:35)
    at endReadableNT (node:internal/streams/readable:1701:12)
    at processTicksAndRejections (node:internal/process/task_queues:90:21)
    at Axios.request (/Users/mohitmendiratta/Projects/bots/w1/astro-whatsapp-bot/node_modules/axios/lib/core/Axios.js:45:41)
    at processTicksAndRejections (node:internal/process/task_queues:105:5)
    at sendTextMessage (/Users/mohitmendiratta/Projects/bots/w1/astro-whatsapp-bot/src/services/whatsapp/messageSender.js:64:22)
    at sendMessage (/Users/mohitmendiratta/Projects/bots/w1/astro-whatsapp-bot/src/services/whatsapp/messageSender.js:484:18)
    at sendErrorMessage (/Users/mohitmendiratta/Projects/bots/w1/astro-whatsapp-bot/src/services/whatsapp/messageProcessor.js:2515:3)
    at processIncomingMessage (/Users/mohitmendiratta/Projects/bots/w1/astro-whatsapp-bot/src/services/whatsapp/messageProcessor.js:249:5)
    at simulateOnboarding (/Users/mohitmendiratta/Projects/bots/w1/astro-whatsapp-bot/tests/e2e/comprehensive-test-suite/comprehensive-menu-navigation.test.js:28:5)
    at Object.&lt;anonymous&gt; (/Users/mohitmendiratta/Projects/bots/w1/astro-whatsapp-bot/tests/e2e/comprehensive-test-suite/comprehensive-menu-navigation.test.js:1007:7)</failure>
    </testcase>
    <testcase classname="MENU NAVIGATION INTEGRATION: Complete Menu Tree Validation Contextual Menu Behaviors (8 tests) should suggest recent interactions based on user history" name="MENU NAVIGATION INTEGRATION: Complete Menu Tree Validation Contextual Menu Behaviors (8 tests) should suggest recent interactions based on user history" time="0.625">
      <failure>AxiosError: Request failed with status code 401
    at settle (/Users/mohitmendiratta/Projects/bots/w1/astro-whatsapp-bot/node_modules/axios/lib/core/settle.js:19:12)
    at IncomingMessage.handleStreamEnd (/Users/mohitmendiratta/Projects/bots/w1/astro-whatsapp-bot/node_modules/axios/lib/adapters/http.js:617:11)
    at IncomingMessage.emit (node:events:520:35)
    at endReadableNT (node:internal/streams/readable:1701:12)
    at processTicksAndRejections (node:internal/process/task_queues:90:21)
    at Axios.request (/Users/mohitmendiratta/Projects/bots/w1/astro-whatsapp-bot/node_modules/axios/lib/core/Axios.js:45:41)
    at processTicksAndRejections (node:internal/process/task_queues:105:5)
    at sendTextMessage (/Users/mohitmendiratta/Projects/bots/w1/astro-whatsapp-bot/src/services/whatsapp/messageSender.js:64:22)
    at sendMessage (/Users/mohitmendiratta/Projects/bots/w1/astro-whatsapp-bot/src/services/whatsapp/messageSender.js:484:18)
    at sendErrorMessage (/Users/mohitmendiratta/Projects/bots/w1/astro-whatsapp-bot/src/services/whatsapp/messageProcessor.js:2515:3)
    at processIncomingMessage (/Users/mohitmendiratta/Projects/bots/w1/astro-whatsapp-bot/src/services/whatsapp/messageProcessor.js:249:5)
    at simulateOnboarding (/Users/mohitmendiratta/Projects/bots/w1/astro-whatsapp-bot/tests/e2e/comprehensive-test-suite/comprehensive-menu-navigation.test.js:28:5)
    at Object.&lt;anonymous&gt; (/Users/mohitmendiratta/Projects/bots/w1/astro-whatsapp-bot/tests/e2e/comprehensive-test-suite/comprehensive-menu-navigation.test.js:1022:7)</failure>
    </testcase>
    <testcase classname="MENU NAVIGATION INTEGRATION: Complete Menu Tree Validation Contextual Menu Behaviors (8 tests) should highlight favorite services based on usage patterns" name="MENU NAVIGATION INTEGRATION: Complete Menu Tree Validation Contextual Menu Behaviors (8 tests) should highlight favorite services based on usage patterns" time="0.686">
      <failure>AxiosError: Request failed with status code 401
    at settle (/Users/mohitmendiratta/Projects/bots/w1/astro-whatsapp-bot/node_modules/axios/lib/core/settle.js:19:12)
    at IncomingMessage.handleStreamEnd (/Users/mohitmendiratta/Projects/bots/w1/astro-whatsapp-bot/node_modules/axios/lib/adapters/http.js:617:11)
    at IncomingMessage.emit (node:events:520:35)
    at endReadableNT (node:internal/streams/readable:1701:12)
    at processTicksAndRejections (node:internal/process/task_queues:90:21)
    at Axios.request (/Users/mohitmendiratta/Projects/bots/w1/astro-whatsapp-bot/node_modules/axios/lib/core/Axios.js:45:41)
    at processTicksAndRejections (node:internal/process/task_queues:105:5)
    at sendTextMessage (/Users/mohitmendiratta/Projects/bots/w1/astro-whatsapp-bot/src/services/whatsapp/messageSender.js:64:22)
    at sendMessage (/Users/mohitmendiratta/Projects/bots/w1/astro-whatsapp-bot/src/services/whatsapp/messageSender.js:484:18)
    at sendErrorMessage (/Users/mohitmendiratta/Projects/bots/w1/astro-whatsapp-bot/src/services/whatsapp/messageProcessor.js:2515:3)
    at processIncomingMessage (/Users/mohitmendiratta/Projects/bots/w1/astro-whatsapp-bot/src/services/whatsapp/messageProcessor.js:249:5)
    at simulateOnboarding (/Users/mohitmendiratta/Projects/bots/w1/astro-whatsapp-bot/tests/e2e/comprehensive-test-suite/comprehensive-menu-navigation.test.js:28:5)
    at Object.&lt;anonymous&gt; (/Users/mohitmendiratta/Projects/bots/w1/astro-whatsapp-bot/tests/e2e/comprehensive-test-suite/comprehensive-menu-navigation.test.js:1038:7)</failure>
    </testcase>
    <testcase classname="MENU NAVIGATION INTEGRATION: Complete Menu Tree Validation Contextual Menu Behaviors (8 tests) should offer service completion continuations (follow-up recommendations)" name="MENU NAVIGATION INTEGRATION: Complete Menu Tree Validation Contextual Menu Behaviors (8 tests) should offer service completion continuations (follow-up recommendations)" time="0.62">
      <failure>AxiosError: Request failed with status code 401
    at settle (/Users/mohitmendiratta/Projects/bots/w1/astro-whatsapp-bot/node_modules/axios/lib/core/settle.js:19:12)
    at IncomingMessage.handleStreamEnd (/Users/mohitmendiratta/Projects/bots/w1/astro-whatsapp-bot/node_modules/axios/lib/adapters/http.js:617:11)
    at IncomingMessage.emit (node:events:520:35)
    at endReadableNT (node:internal/streams/readable:1701:12)
    at processTicksAndRejections (node:internal/process/task_queues:90:21)
    at Axios.request (/Users/mohitmendiratta/Projects/bots/w1/astro-whatsapp-bot/node_modules/axios/lib/core/Axios.js:45:41)
    at processTicksAndRejections (node:internal/process/task_queues:105:5)
    at sendTextMessage (/Users/mohitmendiratta/Projects/bots/w1/astro-whatsapp-bot/src/services/whatsapp/messageSender.js:64:22)
    at sendMessage (/Users/mohitmendiratta/Projects/bots/w1/astro-whatsapp-bot/src/services/whatsapp/messageSender.js:484:18)
    at sendErrorMessage (/Users/mohitmendiratta/Projects/bots/w1/astro-whatsapp-bot/src/services/whatsapp/messageProcessor.js:2515:3)
    at processIncomingMessage (/Users/mohitmendiratta/Projects/bots/w1/astro-whatsapp-bot/src/services/whatsapp/messageProcessor.js:249:5)
    at simulateOnboarding (/Users/mohitmendiratta/Projects/bots/w1/astro-whatsapp-bot/tests/e2e/comprehensive-test-suite/comprehensive-menu-navigation.test.js:28:5)
    at Object.&lt;anonymous&gt; (/Users/mohitmendiratta/Projects/bots/w1/astro-whatsapp-bot/tests/e2e/comprehensive-test-suite/comprehensive-menu-navigation.test.js:1055:7)</failure>
    </testcase>
    <testcase classname="MENU NAVIGATION INTEGRATION: Complete Menu Tree Validation Contextual Menu Behaviors (8 tests) should provide interest-based suggestions (Behavioral personalization)" name="MENU NAVIGATION INTEGRATION: Complete Menu Tree Validation Contextual Menu Behaviors (8 tests) should provide interest-based suggestions (Behavioral personalization)" time="0.716">
      <failure>AxiosError: Request failed with status code 401
    at settle (/Users/mohitmendiratta/Projects/bots/w1/astro-whatsapp-bot/node_modules/axios/lib/core/settle.js:19:12)
    at IncomingMessage.handleStreamEnd (/Users/mohitmendiratta/Projects/bots/w1/astro-whatsapp-bot/node_modules/axios/lib/adapters/http.js:617:11)
    at IncomingMessage.emit (node:events:520:35)
    at endReadableNT (node:internal/streams/readable:1701:12)
    at processTicksAndRejections (node:internal/process/task_queues:90:21)
    at Axios.request (/Users/mohitmendiratta/Projects/bots/w1/astro-whatsapp-bot/node_modules/axios/lib/core/Axios.js:45:41)
    at processTicksAndRejections (node:internal/process/task_queues:105:5)
    at sendTextMessage (/Users/mohitmendiratta/Projects/bots/w1/astro-whatsapp-bot/src/services/whatsapp/messageSender.js:64:22)
    at sendMessage (/Users/mohitmendiratta/Projects/bots/w1/astro-whatsapp-bot/src/services/whatsapp/messageSender.js:484:18)
    at sendErrorMessage (/Users/mohitmendiratta/Projects/bots/w1/astro-whatsapp-bot/src/services/whatsapp/messageProcessor.js:2515:3)
    at processIncomingMessage (/Users/mohitmendiratta/Projects/bots/w1/astro-whatsapp-bot/src/services/whatsapp/messageProcessor.js:249:5)
    at simulateOnboarding (/Users/mohitmendiratta/Projects/bots/w1/astro-whatsapp-bot/tests/e2e/comprehensive-test-suite/comprehensive-menu-navigation.test.js:28:5)
    at Object.&lt;anonymous&gt; (/Users/mohitmendiratta/Projects/bots/w1/astro-whatsapp-bot/tests/e2e/comprehensive-test-suite/comprehensive-menu-navigation.test.js:1071:7)</failure>
    </testcase>
    <testcase classname="MENU NAVIGATION INTEGRATION: Complete Menu Tree Validation Contextual Menu Behaviors (8 tests) should apply free tier limitations and prompt for upgrade" name="MENU NAVIGATION INTEGRATION: Complete Menu Tree Validation Contextual Menu Behaviors (8 tests) should apply free tier limitations and prompt for upgrade" time="0.659">
      <failure>AxiosError: Request failed with status code 401
    at settle (/Users/mohitmendiratta/Projects/bots/w1/astro-whatsapp-bot/node_modules/axios/lib/core/settle.js:19:12)
    at IncomingMessage.handleStreamEnd (/Users/mohitmendiratta/Projects/bots/w1/astro-whatsapp-bot/node_modules/axios/lib/adapters/http.js:617:11)
    at IncomingMessage.emit (node:events:520:35)
    at endReadableNT (node:internal/streams/readable:1701:12)
    at processTicksAndRejections (node:internal/process/task_queues:90:21)
    at Axios.request (/Users/mohitmendiratta/Projects/bots/w1/astro-whatsapp-bot/node_modules/axios/lib/core/Axios.js:45:41)
    at processTicksAndRejections (node:internal/process/task_queues:105:5)
    at sendTextMessage (/Users/mohitmendiratta/Projects/bots/w1/astro-whatsapp-bot/src/services/whatsapp/messageSender.js:64:22)
    at sendMessage (/Users/mohitmendiratta/Projects/bots/w1/astro-whatsapp-bot/src/services/whatsapp/messageSender.js:484:18)
    at sendErrorMessage (/Users/mohitmendiratta/Projects/bots/w1/astro-whatsapp-bot/src/services/whatsapp/messageProcessor.js:2515:3)
    at processIncomingMessage (/Users/mohitmendiratta/Projects/bots/w1/astro-whatsapp-bot/src/services/whatsapp/messageProcessor.js:249:5)
    at simulateOnboarding (/Users/mohitmendiratta/Projects/bots/w1/astro-whatsapp-bot/tests/e2e/comprehensive-test-suite/comprehensive-menu-navigation.test.js:28:5)
    at Object.&lt;anonymous&gt; (/Users/mohitmendiratta/Projects/bots/w1/astro-whatsapp-bot/tests/e2e/comprehensive-test-suite/comprehensive-menu-navigation.test.js:1087:7)</failure>
    </testcase>
    <testcase classname="MENU NAVIGATION INTEGRATION: Complete Menu Tree Validation Contextual Menu Behaviors (8 tests) should unlock premium features upon subscription activation" name="MENU NAVIGATION INTEGRATION: Complete Menu Tree Validation Contextual Menu Behaviors (8 tests) should unlock premium features upon subscription activation" time="0.625">
      <failure>AxiosError: Request failed with status code 401
    at settle (/Users/mohitmendiratta/Projects/bots/w1/astro-whatsapp-bot/node_modules/axios/lib/core/settle.js:19:12)
    at IncomingMessage.handleStreamEnd (/Users/mohitmendiratta/Projects/bots/w1/astro-whatsapp-bot/node_modules/axios/lib/adapters/http.js:617:11)
    at IncomingMessage.emit (node:events:520:35)
    at endReadableNT (node:internal/streams/readable:1701:12)
    at processTicksAndRejections (node:internal/process/task_queues:90:21)
    at Axios.request (/Users/mohitmendiratta/Projects/bots/w1/astro-whatsapp-bot/node_modules/axios/lib/core/Axios.js:45:41)
    at processTicksAndRejections (node:internal/process/task_queues:105:5)
    at sendTextMessage (/Users/mohitmendiratta/Projects/bots/w1/astro-whatsapp-bot/src/services/whatsapp/messageSender.js:64:22)
    at sendMessage (/Users/mohitmendiratta/Projects/bots/w1/astro-whatsapp-bot/src/services/whatsapp/messageSender.js:484:18)
    at sendErrorMessage (/Users/mohitmendiratta/Projects/bots/w1/astro-whatsapp-bot/src/services/whatsapp/messageProcessor.js:2515:3)
    at processIncomingMessage (/Users/mohitmendiratta/Projects/bots/w1/astro-whatsapp-bot/src/services/whatsapp/messageProcessor.js:249:5)
    at simulateOnboarding (/Users/mohitmendiratta/Projects/bots/w1/astro-whatsapp-bot/tests/e2e/comprehensive-test-suite/comprehensive-menu-navigation.test.js:28:5)
    at Object.&lt;anonymous&gt; (/Users/mohitmendiratta/Projects/bots/w1/astro-whatsapp-bot/tests/e2e/comprehensive-test-suite/comprehensive-menu-navigation.test.js:1104:7)</failure>
    </testcase>
    <testcase classname="MENU NAVIGATION INTEGRATION: Complete Menu Tree Validation Contextual Menu Behaviors (8 tests) should modify menus for trial period users" name="MENU NAVIGATION INTEGRATION: Complete Menu Tree Validation Contextual Menu Behaviors (8 tests) should modify menus for trial period users" time="0.668">
      <failure>AxiosError: Request failed with status code 401
    at settle (/Users/mohitmendiratta/Projects/bots/w1/astro-whatsapp-bot/node_modules/axios/lib/core/settle.js:19:12)
    at IncomingMessage.handleStreamEnd (/Users/mohitmendiratta/Projects/bots/w1/astro-whatsapp-bot/node_modules/axios/lib/adapters/http.js:617:11)
    at IncomingMessage.emit (node:events:520:35)
    at endReadableNT (node:internal/streams/readable:1701:12)
    at processTicksAndRejections (node:internal/process/task_queues:90:21)
    at Axios.request (/Users/mohitmendiratta/Projects/bots/w1/astro-whatsapp-bot/node_modules/axios/lib/core/Axios.js:45:41)
    at processTicksAndRejections (node:internal/process/task_queues:105:5)
    at sendTextMessage (/Users/mohitmendiratta/Projects/bots/w1/astro-whatsapp-bot/src/services/whatsapp/messageSender.js:64:22)
    at sendMessage (/Users/mohitmendiratta/Projects/bots/w1/astro-whatsapp-bot/src/services/whatsapp/messageSender.js:484:18)
    at sendErrorMessage (/Users/mohitmendiratta/Projects/bots/w1/astro-whatsapp-bot/src/services/whatsapp/messageProcessor.js:2515:3)
    at processIncomingMessage (/Users/mohitmendiratta/Projects/bots/w1/astro-whatsapp-bot/src/services/whatsapp/messageProcessor.js:249:5)
    at simulateOnboarding (/Users/mohitmendiratta/Projects/bots/w1/astro-whatsapp-bot/tests/e2e/comprehensive-test-suite/comprehensive-menu-navigation.test.js:28:5)
    at Object.&lt;anonymous&gt; (/Users/mohitmendiratta/Projects/bots/w1/astro-whatsapp-bot/tests/e2e/comprehensive-test-suite/comprehensive-menu-navigation.test.js:1127:7)</failure>
    </testcase>
    <testcase classname="MENU NAVIGATION INTEGRATION: Complete Menu Tree Validation Contextual Menu Behaviors (8 tests) should display billing issue indicators in menu overlays" name="MENU NAVIGATION INTEGRATION: Complete Menu Tree Validation Contextual Menu Behaviors (8 tests) should display billing issue indicators in menu overlays" time="0.711">
      <failure>AxiosError: Request failed with status code 401
    at settle (/Users/mohitmendiratta/Projects/bots/w1/astro-whatsapp-bot/node_modules/axios/lib/core/settle.js:19:12)
    at IncomingMessage.handleStreamEnd (/Users/mohitmendiratta/Projects/bots/w1/astro-whatsapp-bot/node_modules/axios/lib/adapters/http.js:617:11)
    at IncomingMessage.emit (node:events:520:35)
    at endReadableNT (node:internal/streams/readable:1701:12)
    at processTicksAndRejections (node:internal/process/task_queues:90:21)
    at Axios.request (/Users/mohitmendiratta/Projects/bots/w1/astro-whatsapp-bot/node_modules/axios/lib/core/Axios.js:45:41)
    at processTicksAndRejections (node:internal/process/task_queues:105:5)
    at sendTextMessage (/Users/mohitmendiratta/Projects/bots/w1/astro-whatsapp-bot/src/services/whatsapp/messageSender.js:64:22)
    at sendMessage (/Users/mohitmendiratta/Projects/bots/w1/astro-whatsapp-bot/src/services/whatsapp/messageSender.js:484:18)
    at sendErrorMessage (/Users/mohitmendiratta/Projects/bots/w1/astro-whatsapp-bot/src/services/whatsapp/messageProcessor.js:2515:3)
    at processIncomingMessage (/Users/mohitmendiratta/Projects/bots/w1/astro-whatsapp-bot/src/services/whatsapp/messageProcessor.js:249:5)
    at simulateOnboarding (/Users/mohitmendiratta/Projects/bots/w1/astro-whatsapp-bot/tests/e2e/comprehensive-test-suite/comprehensive-menu-navigation.test.js:28:5)
    at Object.&lt;anonymous&gt; (/Users/mohitmendiratta/Projects/bots/w1/astro-whatsapp-bot/tests/e2e/comprehensive-test-suite/comprehensive-menu-navigation.test.js:1146:7)</failure>
    </testcase>
    <testcase classname="MENU NAVIGATION INTEGRATION: Complete Menu Tree Validation Error Recovery (23 tests) should handle invalid action IDs gracefully with error message" name="MENU NAVIGATION INTEGRATION: Complete Menu Tree Validation Error Recovery (23 tests) should handle invalid action IDs gracefully with error message" time="0.014">
      <failure>ReferenceError: TEST_PHONES is not defined
    at Object.TEST_PHONES (/Users/mohitmendiratta/Projects/bots/w1/astro-whatsapp-bot/tests/e2e/comprehensive-test-suite/comprehensive-menu-navigation.test.js:1167:15)
    at Promise.then.completed (/Users/mohitmendiratta/Projects/bots/w1/astro-whatsapp-bot/node_modules/jest-circus/build/utils.js:298:28)
    at new Promise (&lt;anonymous&gt;)
    at callAsyncCircusFn (/Users/mohitmendiratta/Projects/bots/w1/astro-whatsapp-bot/node_modules/jest-circus/build/utils.js:231:10)
    at _callCircusTest (/Users/mohitmendiratta/Projects/bots/w1/astro-whatsapp-bot/node_modules/jest-circus/build/run.js:316:40)
    at processTicksAndRejections (node:internal/process/task_queues:105:5)
    at _runTest (/Users/mohitmendiratta/Projects/bots/w1/astro-whatsapp-bot/node_modules/jest-circus/build/run.js:252:3)
    at _runTestsForDescribeBlock (/Users/mohitmendiratta/Projects/bots/w1/astro-whatsapp-bot/node_modules/jest-circus/build/run.js:126:9)
    at _runTestsForDescribeBlock (/Users/mohitmendiratta/Projects/bots/w1/astro-whatsapp-bot/node_modules/jest-circus/build/run.js:121:9)
    at _runTestsForDescribeBlock (/Users/mohitmendiratta/Projects/bots/w1/astro-whatsapp-bot/node_modules/jest-circus/build/run.js:121:9)
    at run (/Users/mohitmendiratta/Projects/bots/w1/astro-whatsapp-bot/node_modules/jest-circus/build/run.js:71:3)
    at runAndTransformResultsToJestFormat (/Users/mohitmendiratta/Projects/bots/w1/astro-whatsapp-bot/node_modules/jest-circus/build/legacy-code-todo-rewrite/jestAdapterInit.js:122:21)
    at jestAdapter (/Users/mohitmendiratta/Projects/bots/w1/astro-whatsapp-bot/node_modules/jest-circus/build/legacy-code-todo-rewrite/jestAdapter.js:79:19)
    at runTestInternal (/Users/mohitmendiratta/Projects/bots/w1/astro-whatsapp-bot/node_modules/jest-runner/build/runTest.js:367:16)
    at runTest (/Users/mohitmendiratta/Projects/bots/w1/astro-whatsapp-bot/node_modules/jest-runner/build/runTest.js:444:34)</failure>
    </testcase>
    <testcase classname="MENU NAVIGATION INTEGRATION: Complete Menu Tree Validation Error Recovery (23 tests) expired session navigation → fresh menu initialization" name="MENU NAVIGATION INTEGRATION: Complete Menu Tree Validation Error Recovery (23 tests) expired session navigation → fresh menu initialization" time="0.01">
      <failure>ReferenceError: Session is not defined
    at Object.&lt;anonymous&gt; (/Users/mohitmendiratta/Projects/bots/w1/astro-whatsapp-bot/tests/e2e/comprehensive-test-suite/comprehensive-menu-navigation.test.js:1192:7)
    at Promise.then.completed (/Users/mohitmendiratta/Projects/bots/w1/astro-whatsapp-bot/node_modules/jest-circus/build/utils.js:298:28)
    at new Promise (&lt;anonymous&gt;)
    at callAsyncCircusFn (/Users/mohitmendiratta/Projects/bots/w1/astro-whatsapp-bot/node_modules/jest-circus/build/utils.js:231:10)
    at _callCircusTest (/Users/mohitmendiratta/Projects/bots/w1/astro-whatsapp-bot/node_modules/jest-circus/build/run.js:316:40)
    at processTicksAndRejections (node:internal/process/task_queues:105:5)
    at _runTest (/Users/mohitmendiratta/Projects/bots/w1/astro-whatsapp-bot/node_modules/jest-circus/build/run.js:252:3)
    at _runTestsForDescribeBlock (/Users/mohitmendiratta/Projects/bots/w1/astro-whatsapp-bot/node_modules/jest-circus/build/run.js:126:9)
    at _runTestsForDescribeBlock (/Users/mohitmendiratta/Projects/bots/w1/astro-whatsapp-bot/node_modules/jest-circus/build/run.js:121:9)
    at _runTestsForDescribeBlock (/Users/mohitmendiratta/Projects/bots/w1/astro-whatsapp-bot/node_modules/jest-circus/build/run.js:121:9)
    at run (/Users/mohitmendiratta/Projects/bots/w1/astro-whatsapp-bot/node_modules/jest-circus/build/run.js:71:3)
    at runAndTransformResultsToJestFormat (/Users/mohitmendiratta/Projects/bots/w1/astro-whatsapp-bot/node_modules/jest-circus/build/legacy-code-todo-rewrite/jestAdapterInit.js:122:21)
    at jestAdapter (/Users/mohitmendiratta/Projects/bots/w1/astro-whatsapp-bot/node_modules/jest-circus/build/legacy-code-todo-rewrite/jestAdapter.js:79:19)
    at runTestInternal (/Users/mohitmendiratta/Projects/bots/w1/astro-whatsapp-bot/node_modules/jest-runner/build/runTest.js:367:16)
    at runTest (/Users/mohitmendiratta/Projects/bots/w1/astro-whatsapp-bot/node_modules/jest-runner/build/runTest.js:444:34)</failure>
    </testcase>
    <testcase classname="MENU NAVIGATION INTEGRATION: Complete Menu Tree Validation Error Recovery (23 tests) concurrent access conflicts → session isolation" name="MENU NAVIGATION INTEGRATION: Complete Menu Tree Validation Error Recovery (23 tests) concurrent access conflicts → session isolation" time="0.011">
      <failure>ReferenceError: TEST_PHONES is not defined
    at Object.TEST_PHONES (/Users/mohitmendiratta/Projects/bots/w1/astro-whatsapp-bot/tests/e2e/comprehensive-test-suite/comprehensive-menu-navigation.test.js:1212:38)
    at Promise.then.completed (/Users/mohitmendiratta/Projects/bots/w1/astro-whatsapp-bot/node_modules/jest-circus/build/utils.js:298:28)
    at new Promise (&lt;anonymous&gt;)
    at callAsyncCircusFn (/Users/mohitmendiratta/Projects/bots/w1/astro-whatsapp-bot/node_modules/jest-circus/build/utils.js:231:10)
    at _callCircusTest (/Users/mohitmendiratta/Projects/bots/w1/astro-whatsapp-bot/node_modules/jest-circus/build/run.js:316:40)
    at processTicksAndRejections (node:internal/process/task_queues:105:5)
    at _runTest (/Users/mohitmendiratta/Projects/bots/w1/astro-whatsapp-bot/node_modules/jest-circus/build/run.js:252:3)
    at _runTestsForDescribeBlock (/Users/mohitmendiratta/Projects/bots/w1/astro-whatsapp-bot/node_modules/jest-circus/build/run.js:126:9)
    at _runTestsForDescribeBlock (/Users/mohitmendiratta/Projects/bots/w1/astro-whatsapp-bot/node_modules/jest-circus/build/run.js:121:9)
    at _runTestsForDescribeBlock (/Users/mohitmendiratta/Projects/bots/w1/astro-whatsapp-bot/node_modules/jest-circus/build/run.js:121:9)
    at run (/Users/mohitmendiratta/Projects/bots/w1/astro-whatsapp-bot/node_modules/jest-circus/build/run.js:71:3)
    at runAndTransformResultsToJestFormat (/Users/mohitmendiratta/Projects/bots/w1/astro-whatsapp-bot/node_modules/jest-circus/build/legacy-code-todo-rewrite/jestAdapterInit.js:122:21)
    at jestAdapter (/Users/mohitmendiratta/Projects/bots/w1/astro-whatsapp-bot/node_modules/jest-circus/build/legacy-code-todo-rewrite/jestAdapter.js:79:19)
    at runTestInternal (/Users/mohitmendiratta/Projects/bots/w1/astro-whatsapp-bot/node_modules/jest-runner/build/runTest.js:367:16)
    at runTest (/Users/mohitmendiratta/Projects/bots/w1/astro-whatsapp-bot/node_modules/jest-runner/build/runTest.js:444:34)</failure>
    </testcase>
    <testcase classname="MENU NAVIGATION INTEGRATION: Complete Menu Tree Validation Error Recovery (23 tests) menu state corruption → recovery and reinitialization" name="MENU NAVIGATION INTEGRATION: Complete Menu Tree Validation Error Recovery (23 tests) menu state corruption → recovery and reinitialization" time="0.019">
      <failure>ReferenceError: TEST_PHONES is not defined
    at Object.TEST_PHONES (/Users/mohitmendiratta/Projects/bots/w1/astro-whatsapp-bot/tests/e2e/comprehensive-test-suite/comprehensive-menu-navigation.test.js:1236:15)
    at Promise.then.completed (/Users/mohitmendiratta/Projects/bots/w1/astro-whatsapp-bot/node_modules/jest-circus/build/utils.js:298:28)
    at new Promise (&lt;anonymous&gt;)
    at callAsyncCircusFn (/Users/mohitmendiratta/Projects/bots/w1/astro-whatsapp-bot/node_modules/jest-circus/build/utils.js:231:10)
    at _callCircusTest (/Users/mohitmendiratta/Projects/bots/w1/astro-whatsapp-bot/node_modules/jest-circus/build/run.js:316:40)
    at processTicksAndRejections (node:internal/process/task_queues:105:5)
    at _runTest (/Users/mohitmendiratta/Projects/bots/w1/astro-whatsapp-bot/node_modules/jest-circus/build/run.js:252:3)
    at _runTestsForDescribeBlock (/Users/mohitmendiratta/Projects/bots/w1/astro-whatsapp-bot/node_modules/jest-circus/build/run.js:126:9)
    at _runTestsForDescribeBlock (/Users/mohitmendiratta/Projects/bots/w1/astro-whatsapp-bot/node_modules/jest-circus/build/run.js:121:9)
    at _runTestsForDescribeBlock (/Users/mohitmendiratta/Projects/bots/w1/astro-whatsapp-bot/node_modules/jest-circus/build/run.js:121:9)
    at run (/Users/mohitmendiratta/Projects/bots/w1/astro-whatsapp-bot/node_modules/jest-circus/build/run.js:71:3)
    at runAndTransformResultsToJestFormat (/Users/mohitmendiratta/Projects/bots/w1/astro-whatsapp-bot/node_modules/jest-circus/build/legacy-code-todo-rewrite/jestAdapterInit.js:122:21)
    at jestAdapter (/Users/mohitmendiratta/Projects/bots/w1/astro-whatsapp-bot/node_modules/jest-circus/build/legacy-code-todo-rewrite/jestAdapter.js:79:19)
    at runTestInternal (/Users/mohitmendiratta/Projects/bots/w1/astro-whatsapp-bot/node_modules/jest-runner/build/runTest.js:367:16)
    at runTest (/Users/mohitmendiratta/Projects/bots/w1/astro-whatsapp-bot/node_modules/jest-runner/build/runTest.js:444:34)</failure>
    </testcase>
    <testcase classname="MENU NAVIGATION INTEGRATION: Complete Menu Tree Validation Error Recovery (23 tests) partial message delivery → state consistency" name="MENU NAVIGATION INTEGRATION: Complete Menu Tree Validation Error Recovery (23 tests) partial message delivery → state consistency" time="0.014">
      <failure>ReferenceError: TEST_PHONES is not defined
    at Object.TEST_PHONES (/Users/mohitmendiratta/Projects/bots/w1/astro-whatsapp-bot/tests/e2e/comprehensive-test-suite/comprehensive-menu-navigation.test.js:1254:15)
    at Promise.then.completed (/Users/mohitmendiratta/Projects/bots/w1/astro-whatsapp-bot/node_modules/jest-circus/build/utils.js:298:28)
    at new Promise (&lt;anonymous&gt;)
    at callAsyncCircusFn (/Users/mohitmendiratta/Projects/bots/w1/astro-whatsapp-bot/node_modules/jest-circus/build/utils.js:231:10)
    at _callCircusTest (/Users/mohitmendiratta/Projects/bots/w1/astro-whatsapp-bot/node_modules/jest-circus/build/run.js:316:40)
    at processTicksAndRejections (node:internal/process/task_queues:105:5)
    at _runTest (/Users/mohitmendiratta/Projects/bots/w1/astro-whatsapp-bot/node_modules/jest-circus/build/run.js:252:3)
    at _runTestsForDescribeBlock (/Users/mohitmendiratta/Projects/bots/w1/astro-whatsapp-bot/node_modules/jest-circus/build/run.js:126:9)
    at _runTestsForDescribeBlock (/Users/mohitmendiratta/Projects/bots/w1/astro-whatsapp-bot/node_modules/jest-circus/build/run.js:121:9)
    at _runTestsForDescribeBlock (/Users/mohitmendiratta/Projects/bots/w1/astro-whatsapp-bot/node_modules/jest-circus/build/run.js:121:9)
    at run (/Users/mohitmendiratta/Projects/bots/w1/astro-whatsapp-bot/node_modules/jest-circus/build/run.js:71:3)
    at runAndTransformResultsToJestFormat (/Users/mohitmendiratta/Projects/bots/w1/astro-whatsapp-bot/node_modules/jest-circus/build/legacy-code-todo-rewrite/jestAdapterInit.js:122:21)
    at jestAdapter (/Users/mohitmendiratta/Projects/bots/w1/astro-whatsapp-bot/node_modules/jest-circus/build/legacy-code-todo-rewrite/jestAdapter.js:79:19)
    at runTestInternal (/Users/mohitmendiratta/Projects/bots/w1/astro-whatsapp-bot/node_modules/jest-runner/build/runTest.js:367:16)
    at runTest (/Users/mohitmendiratta/Projects/bots/w1/astro-whatsapp-bot/node_modules/jest-runner/build/runTest.js:444:34)</failure>
    </testcase>
    <testcase classname="MENU NAVIGATION INTEGRATION: Complete Menu Tree Validation Error Recovery (23 tests) invalid menu structure handling → fallback to main menu" name="MENU NAVIGATION INTEGRATION: Complete Menu Tree Validation Error Recovery (23 tests) invalid menu structure handling → fallback to main menu" time="0.012">
    </testcase>
    <testcase classname="MENU NAVIGATION INTEGRATION: Complete Menu Tree Validation Error Recovery (23 tests) network failure mid-navigation → graceful degradation" name="MENU NAVIGATION INTEGRATION: Complete Menu Tree Validation Error Recovery (23 tests) network failure mid-navigation → graceful degradation" time="0.007">
    </testcase>
    <testcase classname="MENU NAVIGATION INTEGRATION: Complete Menu Tree Validation Error Recovery (23 tests) message timeout during selection → automatic retry" name="MENU NAVIGATION INTEGRATION: Complete Menu Tree Validation Error Recovery (23 tests) message timeout during selection → automatic retry" time="0.011">
    </testcase>
    <testcase classname="MENU NAVIGATION INTEGRATION: Complete Menu Tree Validation Error Recovery (23 tests) service interruption recovery → graceful handling" name="MENU NAVIGATION INTEGRATION: Complete Menu Tree Validation Error Recovery (23 tests) service interruption recovery → graceful handling" time="0.011">
    </testcase>
    <testcase classname="MENU NAVIGATION INTEGRATION: Complete Menu Tree Validation Error Recovery (23 tests) API quota exhaustion → menu throttling" name="MENU NAVIGATION INTEGRATION: Complete Menu Tree Validation Error Recovery (23 tests) API quota exhaustion → menu throttling" time="0.008">
    </testcase>
    <testcase classname="MENU NAVIGATION INTEGRATION: Complete Menu Tree Validation Error Recovery (23 tests) memory overflow protection → large menu truncation" name="MENU NAVIGATION INTEGRATION: Complete Menu Tree Validation Error Recovery (23 tests) memory overflow protection → large menu truncation" time="0.007">
    </testcase>
    <testcase classname="MENU NAVIGATION INTEGRATION: Complete Menu Tree Validation Error Recovery (23 tests) recursive menu loop prevention → depth limiting" name="MENU NAVIGATION INTEGRATION: Complete Menu Tree Validation Error Recovery (23 tests) recursive menu loop prevention → depth limiting" time="0.006">
    </testcase>
    <testcase classname="MENU NAVIGATION INTEGRATION: Complete Menu Tree Validation Error Recovery (23 tests) character encoding issues → menu display correction" name="MENU NAVIGATION INTEGRATION: Complete Menu Tree Validation Error Recovery (23 tests) character encoding issues → menu display correction" time="0.008">
    </testcase>
    <testcase classname="MENU NAVIGATION INTEGRATION: Complete Menu Tree Validation Error Recovery (23 tests) timezone calculation errors → menu timing corrections" name="MENU NAVIGATION INTEGRATION: Complete Menu Tree Validation Error Recovery (23 tests) timezone calculation errors → menu timing corrections" time="0.016">
    </testcase>
    <testcase classname="MENU NAVIGATION INTEGRATION: Complete Menu Tree Validation Error Recovery (23 tests) subscription validation failures → permission-based menus" name="MENU NAVIGATION INTEGRATION: Complete Menu Tree Validation Error Recovery (23 tests) subscription validation failures → permission-based menus" time="0.007">
    </testcase>
    <testcase classname="MENU NAVIGATION INTEGRATION: Complete Menu Tree Validation Error Recovery (23 tests) profile incomplete errors → menu restriction enforcement" name="MENU NAVIGATION INTEGRATION: Complete Menu Tree Validation Error Recovery (23 tests) profile incomplete errors → menu restriction enforcement" time="0.008">
    </testcase>
    <testcase classname="MENU NAVIGATION INTEGRATION: Complete Menu Tree Validation Error Recovery (23 tests) language translation failures → menu fallback handling" name="MENU NAVIGATION INTEGRATION: Complete Menu Tree Validation Error Recovery (23 tests) language translation failures → menu fallback handling" time="0.008">
    </testcase>
    <testcase classname="MENU NAVIGATION INTEGRATION: Complete Menu Tree Validation Error Recovery (23 tests) image loading failures → menu text-only fallbacks" name="MENU NAVIGATION INTEGRATION: Complete Menu Tree Validation Error Recovery (23 tests) image loading failures → menu text-only fallbacks" time="0.008">
    </testcase>
    <testcase classname="MENU NAVIGATION INTEGRATION: Complete Menu Tree Validation Error Recovery (23 tests) button limit exceeded → menu pagination" name="MENU NAVIGATION INTEGRATION: Complete Menu Tree Validation Error Recovery (23 tests) button limit exceeded → menu pagination" time="0.014">
    </testcase>
    <testcase classname="MENU NAVIGATION INTEGRATION: Complete Menu Tree Validation Error Recovery (23 tests) malformed JSON responses → menu parsing error recovery" name="MENU NAVIGATION INTEGRATION: Complete Menu Tree Validation Error Recovery (23 tests) malformed JSON responses → menu parsing error recovery" time="0.006">
    </testcase>
    <testcase classname="MENU NAVIGATION INTEGRATION: Complete Menu Tree Validation Error Recovery (23 tests) external service timeout → menu async error handling" name="MENU NAVIGATION INTEGRATION: Complete Menu Tree Validation Error Recovery (23 tests) external service timeout → menu async error handling" time="0.006">
    </testcase>
    <testcase classname="MENU NAVIGATION INTEGRATION: Complete Menu Tree Validation Error Recovery (23 tests) user input sanitization → menu injection prevention" name="MENU NAVIGATION INTEGRATION: Complete Menu Tree Validation Error Recovery (23 tests) user input sanitization → menu injection prevention" time="0.006">
    </testcase>
    <testcase classname="MENU NAVIGATION INTEGRATION: Complete Menu Tree Validation Session Management (14 tests) clears expired sessions automatically after timeout" name="MENU NAVIGATION INTEGRATION: Complete Menu Tree Validation Session Management (14 tests) clears expired sessions automatically after timeout" time="0.007">
      <failure>ReferenceError: Session is not defined
    at Object.&lt;anonymous&gt; (/Users/mohitmendiratta/Projects/bots/w1/astro-whatsapp-bot/tests/e2e/comprehensive-test-suite/comprehensive-menu-navigation.test.js:1355:7)
    at Promise.then.completed (/Users/mohitmendiratta/Projects/bots/w1/astro-whatsapp-bot/node_modules/jest-circus/build/utils.js:298:28)
    at new Promise (&lt;anonymous&gt;)
    at callAsyncCircusFn (/Users/mohitmendiratta/Projects/bots/w1/astro-whatsapp-bot/node_modules/jest-circus/build/utils.js:231:10)
    at _callCircusTest (/Users/mohitmendiratta/Projects/bots/w1/astro-whatsapp-bot/node_modules/jest-circus/build/run.js:316:40)
    at processTicksAndRejections (node:internal/process/task_queues:105:5)
    at _runTest (/Users/mohitmendiratta/Projects/bots/w1/astro-whatsapp-bot/node_modules/jest-circus/build/run.js:252:3)
    at _runTestsForDescribeBlock (/Users/mohitmendiratta/Projects/bots/w1/astro-whatsapp-bot/node_modules/jest-circus/build/run.js:126:9)
    at _runTestsForDescribeBlock (/Users/mohitmendiratta/Projects/bots/w1/astro-whatsapp-bot/node_modules/jest-circus/build/run.js:121:9)
    at _runTestsForDescribeBlock (/Users/mohitmendiratta/Projects/bots/w1/astro-whatsapp-bot/node_modules/jest-circus/build/run.js:121:9)
    at run (/Users/mohitmendiratta/Projects/bots/w1/astro-whatsapp-bot/node_modules/jest-circus/build/run.js:71:3)
    at runAndTransformResultsToJestFormat (/Users/mohitmendiratta/Projects/bots/w1/astro-whatsapp-bot/node_modules/jest-circus/build/legacy-code-todo-rewrite/jestAdapterInit.js:122:21)
    at jestAdapter (/Users/mohitmendiratta/Projects/bots/w1/astro-whatsapp-bot/node_modules/jest-circus/build/legacy-code-todo-rewrite/jestAdapter.js:79:19)
    at runTestInternal (/Users/mohitmendiratta/Projects/bots/w1/astro-whatsapp-bot/node_modules/jest-runner/build/runTest.js:367:16)
    at runTest (/Users/mohitmendiratta/Projects/bots/w1/astro-whatsapp-bot/node_modules/jest-runner/build/runTest.js:444:34)</failure>
    </testcase>
    <testcase classname="MENU NAVIGATION INTEGRATION: Complete Menu Tree Validation Session Management (14 tests) breadcrumb navigation → multi-level back functionality" name="MENU NAVIGATION INTEGRATION: Complete Menu Tree Validation Session Management (14 tests) breadcrumb navigation → multi-level back functionality" time="0.013">
    </testcase>
    <testcase classname="MENU NAVIGATION INTEGRATION: Complete Menu Tree Validation Session Management (14 tests) quick access bookmarks → favorite menu shortcuts" name="MENU NAVIGATION INTEGRATION: Complete Menu Tree Validation Session Management (14 tests) quick access bookmarks → favorite menu shortcuts" time="0.011">
    </testcase>
    <testcase classname="MENU NAVIGATION INTEGRATION: Complete Menu Tree Validation Session Management (14 tests) recent path memory → frequently used path shortcuts" name="MENU NAVIGATION INTEGRATION: Complete Menu Tree Validation Session Management (14 tests) recent path memory → frequently used path shortcuts" time="0.006">
    </testcase>
    <testcase classname="MENU NAVIGATION INTEGRATION: Complete Menu Tree Validation Session Management (14 tests) return to last menu position persistence" name="MENU NAVIGATION INTEGRATION: Complete Menu Tree Validation Session Management (14 tests) return to last menu position persistence" time="0.007">
    </testcase>
    <testcase classname="MENU NAVIGATION INTEGRATION: Complete Menu Tree Validation Session Management (14 tests) session isolation between concurrent users" name="MENU NAVIGATION INTEGRATION: Complete Menu Tree Validation Session Management (14 tests) session isolation between concurrent users" time="0.006">
    </testcase>
    <testcase classname="MENU NAVIGATION INTEGRATION: Complete Menu Tree Validation Session Management (14 tests) menu state synchronization across devices" name="MENU NAVIGATION INTEGRATION: Complete Menu Tree Validation Session Management (14 tests) menu state synchronization across devices" time="0.008">
    </testcase>
    <testcase classname="MENU NAVIGATION INTEGRATION: Complete Menu Tree Validation Session Management (14 tests) automatic session cleanup on logout" name="MENU NAVIGATION INTEGRATION: Complete Menu Tree Validation Session Management (14 tests) automatic session cleanup on logout" time="0.008">
    </testcase>
    <testcase classname="MENU NAVIGATION INTEGRATION: Complete Menu Tree Validation Session Management (14 tests) session state recovery after app restart" name="MENU NAVIGATION INTEGRATION: Complete Menu Tree Validation Session Management (14 tests) session state recovery after app restart" time="0.013">
    </testcase>
    <testcase classname="MENU NAVIGATION INTEGRATION: Complete Menu Tree Validation Session Management (14 tests) idle timeout warnings and grace periods" name="MENU NAVIGATION INTEGRATION: Complete Menu Tree Validation Session Management (14 tests) idle timeout warnings and grace periods" time="0.007">
    </testcase>
    <testcase classname="MENU NAVIGATION INTEGRATION: Complete Menu Tree Validation Session Management (14 tests) session migration between phone numbers" name="MENU NAVIGATION INTEGRATION: Complete Menu Tree Validation Session Management (14 tests) session migration between phone numbers" time="0.006">
    </testcase>
    <testcase classname="MENU NAVIGATION INTEGRATION: Complete Menu Tree Validation Session Management (14 tests) multi-tab session handling and conflicts" name="MENU NAVIGATION INTEGRATION: Complete Menu Tree Validation Session Management (14 tests) multi-tab session handling and conflicts" time="0.008">
    </testcase>
    <testcase classname="MENU NAVIGATION INTEGRATION: Complete Menu Tree Validation Session Management (14 tests) session export and import capabilities" name="MENU NAVIGATION INTEGRATION: Complete Menu Tree Validation Session Management (14 tests) session export and import capabilities" time="0.007">
    </testcase>
    <testcase classname="MENU NAVIGATION INTEGRATION: Complete Menu Tree Validation Session Management (14 tests) audit logging of session activities" name="MENU NAVIGATION INTEGRATION: Complete Menu Tree Validation Session Management (14 tests) audit logging of session activities" time="0.013">
    </testcase>
    <testcase classname="MENU NAVIGATION INTEGRATION: Complete Menu Tree Validation Additional Specialized Menu Navigation (16 tests for complete 99 total coverage) should navigate to Chinese astrology → Bazi compatibility analysis" name="MENU NAVIGATION INTEGRATION: Complete Menu Tree Validation Additional Specialized Menu Navigation (16 tests for complete 99 total coverage) should navigate to Chinese astrology → Bazi compatibility analysis" time="0.618">
      <failure>AxiosError: Request failed with status code 401
    at settle (/Users/mohitmendiratta/Projects/bots/w1/astro-whatsapp-bot/node_modules/axios/lib/core/settle.js:19:12)
    at IncomingMessage.handleStreamEnd (/Users/mohitmendiratta/Projects/bots/w1/astro-whatsapp-bot/node_modules/axios/lib/adapters/http.js:617:11)
    at IncomingMessage.emit (node:events:520:35)
    at endReadableNT (node:internal/streams/readable:1701:12)
    at processTicksAndRejections (node:internal/process/task_queues:90:21)
    at Axios.request (/Users/mohitmendiratta/Projects/bots/w1/astro-whatsapp-bot/node_modules/axios/lib/core/Axios.js:45:41)
    at processTicksAndRejections (node:internal/process/task_queues:105:5)
    at sendTextMessage (/Users/mohitmendiratta/Projects/bots/w1/astro-whatsapp-bot/src/services/whatsapp/messageSender.js:64:22)
    at sendMessage (/Users/mohitmendiratta/Projects/bots/w1/astro-whatsapp-bot/src/services/whatsapp/messageSender.js:484:18)
    at sendErrorMessage (/Users/mohitmendiratta/Projects/bots/w1/astro-whatsapp-bot/src/services/whatsapp/messageProcessor.js:2515:3)
    at processIncomingMessage (/Users/mohitmendiratta/Projects/bots/w1/astro-whatsapp-bot/src/services/whatsapp/messageProcessor.js:249:5)
    at simulateOnboarding (/Users/mohitmendiratta/Projects/bots/w1/astro-whatsapp-bot/tests/e2e/comprehensive-test-suite/comprehensive-menu-navigation.test.js:28:5)
    at Object.&lt;anonymous&gt; (/Users/mohitmendiratta/Projects/bots/w1/astro-whatsapp-bot/tests/e2e/comprehensive-test-suite/comprehensive-menu-navigation.test.js:1447:7)</failure>
    </testcase>
    <testcase classname="MENU NAVIGATION INTEGRATION: Complete Menu Tree Validation Additional Specialized Menu Navigation (16 tests for complete 99 total coverage) should navigate to Kabbalistic astrology → Tree of Life analysis" name="MENU NAVIGATION INTEGRATION: Complete Menu Tree Validation Additional Specialized Menu Navigation (16 tests for complete 99 total coverage) should navigate to Kabbalistic astrology → Tree of Life analysis" time="0.64">
      <failure>AxiosError: Request failed with status code 401
    at settle (/Users/mohitmendiratta/Projects/bots/w1/astro-whatsapp-bot/node_modules/axios/lib/core/settle.js:19:12)
    at IncomingMessage.handleStreamEnd (/Users/mohitmendiratta/Projects/bots/w1/astro-whatsapp-bot/node_modules/axios/lib/adapters/http.js:617:11)
    at IncomingMessage.emit (node:events:520:35)
    at endReadableNT (node:internal/streams/readable:1701:12)
    at processTicksAndRejections (node:internal/process/task_queues:90:21)
    at Axios.request (/Users/mohitmendiratta/Projects/bots/w1/astro-whatsapp-bot/node_modules/axios/lib/core/Axios.js:45:41)
    at processTicksAndRejections (node:internal/process/task_queues:105:5)
    at sendTextMessage (/Users/mohitmendiratta/Projects/bots/w1/astro-whatsapp-bot/src/services/whatsapp/messageSender.js:64:22)
    at sendMessage (/Users/mohitmendiratta/Projects/bots/w1/astro-whatsapp-bot/src/services/whatsapp/messageSender.js:484:18)
    at sendErrorMessage (/Users/mohitmendiratta/Projects/bots/w1/astro-whatsapp-bot/src/services/whatsapp/messageProcessor.js:2515:3)
    at processIncomingMessage (/Users/mohitmendiratta/Projects/bots/w1/astro-whatsapp-bot/src/services/whatsapp/messageProcessor.js:249:5)
    at simulateOnboarding (/Users/mohitmendiratta/Projects/bots/w1/astro-whatsapp-bot/tests/e2e/comprehensive-test-suite/comprehensive-menu-navigation.test.js:28:5)
    at Object.&lt;anonymous&gt; (/Users/mohitmendiratta/Projects/bots/w1/astro-whatsapp-bot/tests/e2e/comprehensive-test-suite/comprehensive-menu-navigation.test.js:1455:7)</failure>
    </testcase>
    <testcase classname="MENU NAVIGATION INTEGRATION: Complete Menu Tree Validation Additional Specialized Menu Navigation (16 tests for complete 99 total coverage) should navigate to Mayan astrology → Kin analysis" name="MENU NAVIGATION INTEGRATION: Complete Menu Tree Validation Additional Specialized Menu Navigation (16 tests for complete 99 total coverage) should navigate to Mayan astrology → Kin analysis" time="0.628">
      <failure>AxiosError: Request failed with status code 401
    at settle (/Users/mohitmendiratta/Projects/bots/w1/astro-whatsapp-bot/node_modules/axios/lib/core/settle.js:19:12)
    at IncomingMessage.handleStreamEnd (/Users/mohitmendiratta/Projects/bots/w1/astro-whatsapp-bot/node_modules/axios/lib/adapters/http.js:617:11)
    at IncomingMessage.emit (node:events:520:35)
    at endReadableNT (node:internal/streams/readable:1701:12)
    at processTicksAndRejections (node:internal/process/task_queues:90:21)
    at Axios.request (/Users/mohitmendiratta/Projects/bots/w1/astro-whatsapp-bot/node_modules/axios/lib/core/Axios.js:45:41)
    at processTicksAndRejections (node:internal/process/task_queues:105:5)
    at sendTextMessage (/Users/mohitmendiratta/Projects/bots/w1/astro-whatsapp-bot/src/services/whatsapp/messageSender.js:64:22)
    at sendMessage (/Users/mohitmendiratta/Projects/bots/w1/astro-whatsapp-bot/src/services/whatsapp/messageSender.js:484:18)
    at sendErrorMessage (/Users/mohitmendiratta/Projects/bots/w1/astro-whatsapp-bot/src/services/whatsapp/messageProcessor.js:2515:3)
    at processIncomingMessage (/Users/mohitmendiratta/Projects/bots/w1/astro-whatsapp-bot/src/services/whatsapp/messageProcessor.js:249:5)
    at simulateOnboarding (/Users/mohitmendiratta/Projects/bots/w1/astro-whatsapp-bot/tests/e2e/comprehensive-test-suite/comprehensive-menu-navigation.test.js:28:5)
    at Object.&lt;anonymous&gt; (/Users/mohitmendiratta/Projects/bots/w1/astro-whatsapp-bot/tests/e2e/comprehensive-test-suite/comprehensive-menu-navigation.test.js:1463:7)</failure>
    </testcase>
    <testcase classname="MENU NAVIGATION INTEGRATION: Complete Menu Tree Validation Additional Specialized Menu Navigation (16 tests for complete 99 total coverage) should navigate to Celtic astrology → Ogham reading" name="MENU NAVIGATION INTEGRATION: Complete Menu Tree Validation Additional Specialized Menu Navigation (16 tests for complete 99 total coverage) should navigate to Celtic astrology → Ogham reading" time="0.62">
      <failure>AxiosError: Request failed with status code 401
    at settle (/Users/mohitmendiratta/Projects/bots/w1/astro-whatsapp-bot/node_modules/axios/lib/core/settle.js:19:12)
    at IncomingMessage.handleStreamEnd (/Users/mohitmendiratta/Projects/bots/w1/astro-whatsapp-bot/node_modules/axios/lib/adapters/http.js:617:11)
    at IncomingMessage.emit (node:events:520:35)
    at endReadableNT (node:internal/streams/readable:1701:12)
    at processTicksAndRejections (node:internal/process/task_queues:90:21)
    at Axios.request (/Users/mohitmendiratta/Projects/bots/w1/astro-whatsapp-bot/node_modules/axios/lib/core/Axios.js:45:41)
    at processTicksAndRejections (node:internal/process/task_queues:105:5)
    at sendTextMessage (/Users/mohitmendiratta/Projects/bots/w1/astro-whatsapp-bot/src/services/whatsapp/messageSender.js:64:22)
    at sendMessage (/Users/mohitmendiratta/Projects/bots/w1/astro-whatsapp-bot/src/services/whatsapp/messageSender.js:484:18)
    at sendErrorMessage (/Users/mohitmendiratta/Projects/bots/w1/astro-whatsapp-bot/src/services/whatsapp/messageProcessor.js:2515:3)
    at processIncomingMessage (/Users/mohitmendiratta/Projects/bots/w1/astro-whatsapp-bot/src/services/whatsapp/messageProcessor.js:249:5)
    at simulateOnboarding (/Users/mohitmendiratta/Projects/bots/w1/astro-whatsapp-bot/tests/e2e/comprehensive-test-suite/comprehensive-menu-navigation.test.js:28:5)
    at Object.&lt;anonymous&gt; (/Users/mohitmendiratta/Projects/bots/w1/astro-whatsapp-bot/tests/e2e/comprehensive-test-suite/comprehensive-menu-navigation.test.js:1471:7)</failure>
    </testcase>
    <testcase classname="MENU NAVIGATION INTEGRATION: Complete Menu Tree Validation Additional Specialized Menu Navigation (16 tests for complete 99 total coverage) should navigate to Hellenistic astrology → Arabian Parts" name="MENU NAVIGATION INTEGRATION: Complete Menu Tree Validation Additional Specialized Menu Navigation (16 tests for complete 99 total coverage) should navigate to Hellenistic astrology → Arabian Parts" time="0.797">
      <failure>AxiosError: Request failed with status code 401
    at settle (/Users/mohitmendiratta/Projects/bots/w1/astro-whatsapp-bot/node_modules/axios/lib/core/settle.js:19:12)
    at IncomingMessage.handleStreamEnd (/Users/mohitmendiratta/Projects/bots/w1/astro-whatsapp-bot/node_modules/axios/lib/adapters/http.js:617:11)
    at IncomingMessage.emit (node:events:520:35)
    at endReadableNT (node:internal/streams/readable:1701:12)
    at processTicksAndRejections (node:internal/process/task_queues:90:21)
    at Axios.request (/Users/mohitmendiratta/Projects/bots/w1/astro-whatsapp-bot/node_modules/axios/lib/core/Axios.js:45:41)
    at processTicksAndRejections (node:internal/process/task_queues:105:5)
    at sendTextMessage (/Users/mohitmendiratta/Projects/bots/w1/astro-whatsapp-bot/src/services/whatsapp/messageSender.js:64:22)
    at sendMessage (/Users/mohitmendiratta/Projects/bots/w1/astro-whatsapp-bot/src/services/whatsapp/messageSender.js:484:18)
    at sendErrorMessage (/Users/mohitmendiratta/Projects/bots/w1/astro-whatsapp-bot/src/services/whatsapp/messageProcessor.js:2515:3)
    at processIncomingMessage (/Users/mohitmendiratta/Projects/bots/w1/astro-whatsapp-bot/src/services/whatsapp/messageProcessor.js:249:5)
    at simulateOnboarding (/Users/mohitmendiratta/Projects/bots/w1/astro-whatsapp-bot/tests/e2e/comprehensive-test-suite/comprehensive-menu-navigation.test.js:28:5)
    at Object.&lt;anonymous&gt; (/Users/mohitmendiratta/Projects/bots/w1/astro-whatsapp-bot/tests/e2e/comprehensive-test-suite/comprehensive-menu-navigation.test.js:1479:7)</failure>
    </testcase>
    <testcase classname="MENU NAVIGATION INTEGRATION: Complete Menu Tree Validation Additional Specialized Menu Navigation (16 tests for complete 99 total coverage) should navigate to Islamic astrology → Falak analysis" name="MENU NAVIGATION INTEGRATION: Complete Menu Tree Validation Additional Specialized Menu Navigation (16 tests for complete 99 total coverage) should navigate to Islamic astrology → Falak analysis" time="0.616">
      <failure>AxiosError: Request failed with status code 401
    at settle (/Users/mohitmendiratta/Projects/bots/w1/astro-whatsapp-bot/node_modules/axios/lib/core/settle.js:19:12)
    at IncomingMessage.handleStreamEnd (/Users/mohitmendiratta/Projects/bots/w1/astro-whatsapp-bot/node_modules/axios/lib/adapters/http.js:617:11)
    at IncomingMessage.emit (node:events:520:35)
    at endReadableNT (node:internal/streams/readable:1701:12)
    at processTicksAndRejections (node:internal/process/task_queues:90:21)
    at Axios.request (/Users/mohitmendiratta/Projects/bots/w1/astro-whatsapp-bot/node_modules/axios/lib/core/Axios.js:45:41)
    at processTicksAndRejections (node:internal/process/task_queues:105:5)
    at sendTextMessage (/Users/mohitmendiratta/Projects/bots/w1/astro-whatsapp-bot/src/services/whatsapp/messageSender.js:64:22)
    at sendMessage (/Users/mohitmendiratta/Projects/bots/w1/astro-whatsapp-bot/src/services/whatsapp/messageSender.js:484:18)
    at sendErrorMessage (/Users/mohitmendiratta/Projects/bots/w1/astro-whatsapp-bot/src/services/whatsapp/messageProcessor.js:2515:3)
    at processIncomingMessage (/Users/mohitmendiratta/Projects/bots/w1/astro-whatsapp-bot/src/services/whatsapp/messageProcessor.js:249:5)
    at simulateOnboarding (/Users/mohitmendiratta/Projects/bots/w1/astro-whatsapp-bot/tests/e2e/comprehensive-test-suite/comprehensive-menu-navigation.test.js:28:5)
    at Object.&lt;anonymous&gt; (/Users/mohitmendiratta/Projects/bots/w1/astro-whatsapp-bot/tests/e2e/comprehensive-test-suite/comprehensive-menu-navigation.test.js:1487:7)</failure>
    </testcase>
    <testcase classname="MENU NAVIGATION INTEGRATION: Complete Menu Tree Validation Additional Specialized Menu Navigation (16 tests for complete 99 total coverage) should navigate to Palmistry → Life line analysis" name="MENU NAVIGATION INTEGRATION: Complete Menu Tree Validation Additional Specialized Menu Navigation (16 tests for complete 99 total coverage) should navigate to Palmistry → Life line analysis" time="0.63">
      <failure>AxiosError: Request failed with status code 401
    at settle (/Users/mohitmendiratta/Projects/bots/w1/astro-whatsapp-bot/node_modules/axios/lib/core/settle.js:19:12)
    at IncomingMessage.handleStreamEnd (/Users/mohitmendiratta/Projects/bots/w1/astro-whatsapp-bot/node_modules/axios/lib/adapters/http.js:617:11)
    at IncomingMessage.emit (node:events:520:35)
    at endReadableNT (node:internal/streams/readable:1701:12)
    at processTicksAndRejections (node:internal/process/task_queues:90:21)
    at Axios.request (/Users/mohitmendiratta/Projects/bots/w1/astro-whatsapp-bot/node_modules/axios/lib/core/Axios.js:45:41)
    at processTicksAndRejections (node:internal/process/task_queues:105:5)
    at sendTextMessage (/Users/mohitmendiratta/Projects/bots/w1/astro-whatsapp-bot/src/services/whatsapp/messageSender.js:64:22)
    at sendMessage (/Users/mohitmendiratta/Projects/bots/w1/astro-whatsapp-bot/src/services/whatsapp/messageSender.js:484:18)
    at sendErrorMessage (/Users/mohitmendiratta/Projects/bots/w1/astro-whatsapp-bot/src/services/whatsapp/messageProcessor.js:2515:3)
    at processIncomingMessage (/Users/mohitmendiratta/Projects/bots/w1/astro-whatsapp-bot/src/services/whatsapp/messageProcessor.js:249:5)
    at simulateOnboarding (/Users/mohitmendiratta/Projects/bots/w1/astro-whatsapp-bot/tests/e2e/comprehensive-test-suite/comprehensive-menu-navigation.test.js:28:5)
    at Object.&lt;anonymous&gt; (/Users/mohitmendiratta/Projects/bots/w1/astro-whatsapp-bot/tests/e2e/comprehensive-test-suite/comprehensive-menu-navigation.test.js:1495:7)</failure>
    </testcase>
    <testcase classname="MENU NAVIGATION INTEGRATION: Complete Menu Tree Validation Additional Specialized Menu Navigation (16 tests for complete 99 total coverage) should navigate to Medical astrology → Planetary rulers" name="MENU NAVIGATION INTEGRATION: Complete Menu Tree Validation Additional Specialized Menu Navigation (16 tests for complete 99 total coverage) should navigate to Medical astrology → Planetary rulers" time="0.718">
      <failure>AxiosError: Request failed with status code 401
    at settle (/Users/mohitmendiratta/Projects/bots/w1/astro-whatsapp-bot/node_modules/axios/lib/core/settle.js:19:12)
    at IncomingMessage.handleStreamEnd (/Users/mohitmendiratta/Projects/bots/w1/astro-whatsapp-bot/node_modules/axios/lib/adapters/http.js:617:11)
    at IncomingMessage.emit (node:events:520:35)
    at endReadableNT (node:internal/streams/readable:1701:12)
    at processTicksAndRejections (node:internal/process/task_queues:90:21)
    at Axios.request (/Users/mohitmendiratta/Projects/bots/w1/astro-whatsapp-bot/node_modules/axios/lib/core/Axios.js:45:41)
    at processTicksAndRejections (node:internal/process/task_queues:105:5)
    at sendTextMessage (/Users/mohitmendiratta/Projects/bots/w1/astro-whatsapp-bot/src/services/whatsapp/messageSender.js:64:22)
    at sendMessage (/Users/mohitmendiratta/Projects/bots/w1/astro-whatsapp-bot/src/services/whatsapp/messageSender.js:484:18)
    at sendErrorMessage (/Users/mohitmendiratta/Projects/bots/w1/astro-whatsapp-bot/src/services/whatsapp/messageProcessor.js:2515:3)
    at processIncomingMessage (/Users/mohitmendiratta/Projects/bots/w1/astro-whatsapp-bot/src/services/whatsapp/messageProcessor.js:249:5)
    at simulateOnboarding (/Users/mohitmendiratta/Projects/bots/w1/astro-whatsapp-bot/tests/e2e/comprehensive-test-suite/comprehensive-menu-navigation.test.js:28:5)
    at Object.&lt;anonymous&gt; (/Users/mohitmendiratta/Projects/bots/w1/astro-whatsapp-bot/tests/e2e/comprehensive-test-suite/comprehensive-menu-navigation.test.js:1504:7)</failure>
    </testcase>
    <testcase classname="MENU NAVIGATION INTEGRATION: Complete Menu Tree Validation Additional Specialized Menu Navigation (16 tests for complete 99 total coverage) should navigate to Mundane astrology → World transits" name="MENU NAVIGATION INTEGRATION: Complete Menu Tree Validation Additional Specialized Menu Navigation (16 tests for complete 99 total coverage) should navigate to Mundane astrology → World transits" time="0.721">
      <failure>AxiosError: Request failed with status code 401
    at settle (/Users/mohitmendiratta/Projects/bots/w1/astro-whatsapp-bot/node_modules/axios/lib/core/settle.js:19:12)
    at IncomingMessage.handleStreamEnd (/Users/mohitmendiratta/Projects/bots/w1/astro-whatsapp-bot/node_modules/axios/lib/adapters/http.js:617:11)
    at IncomingMessage.emit (node:events:520:35)
    at endReadableNT (node:internal/streams/readable:1701:12)
    at processTicksAndRejections (node:internal/process/task_queues:90:21)
    at Axios.request (/Users/mohitmendiratta/Projects/bots/w1/astro-whatsapp-bot/node_modules/axios/lib/core/Axios.js:45:41)
    at processTicksAndRejections (node:internal/process/task_queues:105:5)
    at sendTextMessage (/Users/mohitmendiratta/Projects/bots/w1/astro-whatsapp-bot/src/services/whatsapp/messageSender.js:64:22)
    at sendMessage (/Users/mohitmendiratta/Projects/bots/w1/astro-whatsapp-bot/src/services/whatsapp/messageSender.js:484:18)
    at sendErrorMessage (/Users/mohitmendiratta/Projects/bots/w1/astro-whatsapp-bot/src/services/whatsapp/messageProcessor.js:2515:3)
    at processIncomingMessage (/Users/mohitmendiratta/Projects/bots/w1/astro-whatsapp-bot/src/services/whatsapp/messageProcessor.js:249:5)
    at simulateOnboarding (/Users/mohitmendiratta/Projects/bots/w1/astro-whatsapp-bot/tests/e2e/comprehensive-test-suite/comprehensive-menu-navigation.test.js:28:5)
    at Object.&lt;anonymous&gt; (/Users/mohitmendiratta/Projects/bots/w1/astro-whatsapp-bot/tests/e2e/comprehensive-test-suite/comprehensive-menu-navigation.test.js:1512:7)</failure>
    </testcase>
    <testcase classname="MENU NAVIGATION INTEGRATION: Complete Menu Tree Validation Additional Specialized Menu Navigation (16 tests for complete 99 total coverage) should navigate to Horary astrology → Question analysis" name="MENU NAVIGATION INTEGRATION: Complete Menu Tree Validation Additional Specialized Menu Navigation (16 tests for complete 99 total coverage) should navigate to Horary astrology → Question analysis" time="0.618">
      <failure>AxiosError: Request failed with status code 401
    at settle (/Users/mohitmendiratta/Projects/bots/w1/astro-whatsapp-bot/node_modules/axios/lib/core/settle.js:19:12)
    at IncomingMessage.handleStreamEnd (/Users/mohitmendiratta/Projects/bots/w1/astro-whatsapp-bot/node_modules/axios/lib/adapters/http.js:617:11)
    at IncomingMessage.emit (node:events:520:35)
    at endReadableNT (node:internal/streams/readable:1701:12)
    at processTicksAndRejections (node:internal/process/task_queues:90:21)
    at Axios.request (/Users/mohitmendiratta/Projects/bots/w1/astro-whatsapp-bot/node_modules/axios/lib/core/Axios.js:45:41)
    at processTicksAndRejections (node:internal/process/task_queues:105:5)
    at sendTextMessage (/Users/mohitmendiratta/Projects/bots/w1/astro-whatsapp-bot/src/services/whatsapp/messageSender.js:64:22)
    at sendMessage (/Users/mohitmendiratta/Projects/bots/w1/astro-whatsapp-bot/src/services/whatsapp/messageSender.js:484:18)
    at sendErrorMessage (/Users/mohitmendiratta/Projects/bots/w1/astro-whatsapp-bot/src/services/whatsapp/messageProcessor.js:2515:3)
    at processIncomingMessage (/Users/mohitmendiratta/Projects/bots/w1/astro-whatsapp-bot/src/services/whatsapp/messageProcessor.js:249:5)
    at simulateOnboarding (/Users/mohitmendiratta/Projects/bots/w1/astro-whatsapp-bot/tests/e2e/comprehensive-test-suite/comprehensive-menu-navigation.test.js:28:5)
    at Object.&lt;anonymous&gt; (/Users/mohitmendiratta/Projects/bots/w1/astro-whatsapp-bot/tests/e2e/comprehensive-test-suite/comprehensive-menu-navigation.test.js:1520:7)</failure>
    </testcase>
    <testcase classname="MENU NAVIGATION INTEGRATION: Complete Menu Tree Validation Additional Specialized Menu Navigation (16 tests for complete 99 total coverage) should navigate to Astrocartography → Jupiter lines" name="MENU NAVIGATION INTEGRATION: Complete Menu Tree Validation Additional Specialized Menu Navigation (16 tests for complete 99 total coverage) should navigate to Astrocartography → Jupiter lines" time="0.626">
      <failure>AxiosError: Request failed with status code 401
    at settle (/Users/mohitmendiratta/Projects/bots/w1/astro-whatsapp-bot/node_modules/axios/lib/core/settle.js:19:12)
    at IncomingMessage.handleStreamEnd (/Users/mohitmendiratta/Projects/bots/w1/astro-whatsapp-bot/node_modules/axios/lib/adapters/http.js:617:11)
    at IncomingMessage.emit (node:events:520:35)
    at endReadableNT (node:internal/streams/readable:1701:12)
    at processTicksAndRejections (node:internal/process/task_queues:90:21)
    at Axios.request (/Users/mohitmendiratta/Projects/bots/w1/astro-whatsapp-bot/node_modules/axios/lib/core/Axios.js:45:41)
    at processTicksAndRejections (node:internal/process/task_queues:105:5)
    at sendTextMessage (/Users/mohitmendiratta/Projects/bots/w1/astro-whatsapp-bot/src/services/whatsapp/messageSender.js:64:22)
    at sendMessage (/Users/mohitmendiratta/Projects/bots/w1/astro-whatsapp-bot/src/services/whatsapp/messageSender.js:484:18)
    at sendErrorMessage (/Users/mohitmendiratta/Projects/bots/w1/astro-whatsapp-bot/src/services/whatsapp/messageProcessor.js:2515:3)
    at processIncomingMessage (/Users/mohitmendiratta/Projects/bots/w1/astro-whatsapp-bot/src/services/whatsapp/messageProcessor.js:249:5)
    at simulateOnboarding (/Users/mohitmendiratta/Projects/bots/w1/astro-whatsapp-bot/tests/e2e/comprehensive-test-suite/comprehensive-menu-navigation.test.js:28:5)
    at Object.&lt;anonymous&gt; (/Users/mohitmendiratta/Projects/bots/w1/astro-whatsapp-bot/tests/e2e/comprehensive-test-suite/comprehensive-menu-navigation.test.js:1528:7)</failure>
    </testcase>
    <testcase classname="MENU NAVIGATION INTEGRATION: Complete Menu Tree Validation Additional Specialized Menu Navigation (16 tests for complete 99 total coverage) should navigate to Career astrology → MC analysis" name="MENU NAVIGATION INTEGRATION: Complete Menu Tree Validation Additional Specialized Menu Navigation (16 tests for complete 99 total coverage) should navigate to Career astrology → MC analysis" time="0.64">
      <failure>AxiosError: Request failed with status code 401
    at settle (/Users/mohitmendiratta/Projects/bots/w1/astro-whatsapp-bot/node_modules/axios/lib/core/settle.js:19:12)
    at IncomingMessage.handleStreamEnd (/Users/mohitmendiratta/Projects/bots/w1/astro-whatsapp-bot/node_modules/axios/lib/adapters/http.js:617:11)
    at IncomingMessage.emit (node:events:520:35)
    at endReadableNT (node:internal/streams/readable:1701:12)
    at processTicksAndRejections (node:internal/process/task_queues:90:21)
    at Axios.request (/Users/mohitmendiratta/Projects/bots/w1/astro-whatsapp-bot/node_modules/axios/lib/core/Axios.js:45:41)
    at processTicksAndRejections (node:internal/process/task_queues:105:5)
    at sendTextMessage (/Users/mohitmendiratta/Projects/bots/w1/astro-whatsapp-bot/src/services/whatsapp/messageSender.js:64:22)
    at sendMessage (/Users/mohitmendiratta/Projects/bots/w1/astro-whatsapp-bot/src/services/whatsapp/messageSender.js:484:18)
    at sendErrorMessage (/Users/mohitmendiratta/Projects/bots/w1/astro-whatsapp-bot/src/services/whatsapp/messageProcessor.js:2515:3)
    at processIncomingMessage (/Users/mohitmendiratta/Projects/bots/w1/astro-whatsapp-bot/src/services/whatsapp/messageProcessor.js:249:5)
    at simulateOnboarding (/Users/mohitmendiratta/Projects/bots/w1/astro-whatsapp-bot/tests/e2e/comprehensive-test-suite/comprehensive-menu-navigation.test.js:28:5)
    at Object.&lt;anonymous&gt; (/Users/mohitmendiratta/Projects/bots/w1/astro-whatsapp-bot/tests/e2e/comprehensive-test-suite/comprehensive-menu-navigation.test.js:1536:7)</failure>
    </testcase>
    <testcase classname="MENU NAVIGATION INTEGRATION: Complete Menu Tree Validation Additional Specialized Menu Navigation (16 tests for complete 99 total coverage) should navigate to Financial astrology → Venus/Jupiter analysis" name="MENU NAVIGATION INTEGRATION: Complete Menu Tree Validation Additional Specialized Menu Navigation (16 tests for complete 99 total coverage) should navigate to Financial astrology → Venus/Jupiter analysis" time="0.661">
      <failure>AxiosError: Request failed with status code 401
    at settle (/Users/mohitmendiratta/Projects/bots/w1/astro-whatsapp-bot/node_modules/axios/lib/core/settle.js:19:12)
    at IncomingMessage.handleStreamEnd (/Users/mohitmendiratta/Projects/bots/w1/astro-whatsapp-bot/node_modules/axios/lib/adapters/http.js:617:11)
    at IncomingMessage.emit (node:events:520:35)
    at endReadableNT (node:internal/streams/readable:1701:12)
    at processTicksAndRejections (node:internal/process/task_queues:90:21)
    at Axios.request (/Users/mohitmendiratta/Projects/bots/w1/astro-whatsapp-bot/node_modules/axios/lib/core/Axios.js:45:41)
    at processTicksAndRejections (node:internal/process/task_queues:105:5)
    at sendTextMessage (/Users/mohitmendiratta/Projects/bots/w1/astro-whatsapp-bot/src/services/whatsapp/messageSender.js:64:22)
    at sendMessage (/Users/mohitmendiratta/Projects/bots/w1/astro-whatsapp-bot/src/services/whatsapp/messageSender.js:484:18)
    at sendErrorMessage (/Users/mohitmendiratta/Projects/bots/w1/astro-whatsapp-bot/src/services/whatsapp/messageProcessor.js:2515:3)
    at processIncomingMessage (/Users/mohitmendiratta/Projects/bots/w1/astro-whatsapp-bot/src/services/whatsapp/messageProcessor.js:249:5)
    at simulateOnboarding (/Users/mohitmendiratta/Projects/bots/w1/astro-whatsapp-bot/tests/e2e/comprehensive-test-suite/comprehensive-menu-navigation.test.js:28:5)
    at Object.&lt;anonymous&gt; (/Users/mohitmendiratta/Projects/bots/w1/astro-whatsapp-bot/tests/e2e/comprehensive-test-suite/comprehensive-menu-navigation.test.js:1544:7)</failure>
    </testcase>
    <testcase classname="MENU NAVIGATION INTEGRATION: Complete Menu Tree Validation Additional Specialized Menu Navigation (16 tests for complete 99 total coverage) should navigate to Family astrology → Parent-child dynamics" name="MENU NAVIGATION INTEGRATION: Complete Menu Tree Validation Additional Specialized Menu Navigation (16 tests for complete 99 total coverage) should navigate to Family astrology → Parent-child dynamics" time="0.616">
      <failure>AxiosError: Request failed with status code 401
    at settle (/Users/mohitmendiratta/Projects/bots/w1/astro-whatsapp-bot/node_modules/axios/lib/core/settle.js:19:12)
    at IncomingMessage.handleStreamEnd (/Users/mohitmendiratta/Projects/bots/w1/astro-whatsapp-bot/node_modules/axios/lib/adapters/http.js:617:11)
    at IncomingMessage.emit (node:events:520:35)
    at endReadableNT (node:internal/streams/readable:1701:12)
    at processTicksAndRejections (node:internal/process/task_queues:90:21)
    at Axios.request (/Users/mohitmendiratta/Projects/bots/w1/astro-whatsapp-bot/node_modules/axios/lib/core/Axios.js:45:41)
    at processTicksAndRejections (node:internal/process/task_queues:105:5)
    at sendTextMessage (/Users/mohitmendiratta/Projects/bots/w1/astro-whatsapp-bot/src/services/whatsapp/messageSender.js:64:22)
    at sendMessage (/Users/mohitmendiratta/Projects/bots/w1/astro-whatsapp-bot/src/services/whatsapp/messageSender.js:484:18)
    at sendErrorMessage (/Users/mohitmendiratta/Projects/bots/w1/astro-whatsapp-bot/src/services/whatsapp/messageProcessor.js:2515:3)
    at processIncomingMessage (/Users/mohitmendiratta/Projects/bots/w1/astro-whatsapp-bot/src/services/whatsapp/messageProcessor.js:249:5)
    at simulateOnboarding (/Users/mohitmendiratta/Projects/bots/w1/astro-whatsapp-bot/tests/e2e/comprehensive-test-suite/comprehensive-menu-navigation.test.js:28:5)
    at Object.&lt;anonymous&gt; (/Users/mohitmendiratta/Projects/bots/w1/astro-whatsapp-bot/tests/e2e/comprehensive-test-suite/comprehensive-menu-navigation.test.js:1552:7)</failure>
    </testcase>
    <testcase classname="MENU NAVIGATION INTEGRATION: Complete Menu Tree Validation Additional Specialized Menu Navigation (16 tests for complete 99 total coverage) should navigate to Nadi astrology → Ancient leaf readings" name="MENU NAVIGATION INTEGRATION: Complete Menu Tree Validation Additional Specialized Menu Navigation (16 tests for complete 99 total coverage) should navigate to Nadi astrology → Ancient leaf readings" time="0.622">
      <failure>AxiosError: Request failed with status code 401
    at settle (/Users/mohitmendiratta/Projects/bots/w1/astro-whatsapp-bot/node_modules/axios/lib/core/settle.js:19:12)
    at IncomingMessage.handleStreamEnd (/Users/mohitmendiratta/Projects/bots/w1/astro-whatsapp-bot/node_modules/axios/lib/adapters/http.js:617:11)
    at IncomingMessage.emit (node:events:520:35)
    at endReadableNT (node:internal/streams/readable:1701:12)
    at processTicksAndRejections (node:internal/process/task_queues:90:21)
    at Axios.request (/Users/mohitmendiratta/Projects/bots/w1/astro-whatsapp-bot/node_modules/axios/lib/core/Axios.js:45:41)
    at processTicksAndRejections (node:internal/process/task_queues:105:5)
    at sendTextMessage (/Users/mohitmendiratta/Projects/bots/w1/astro-whatsapp-bot/src/services/whatsapp/messageSender.js:64:22)
    at sendMessage (/Users/mohitmendiratta/Projects/bots/w1/astro-whatsapp-bot/src/services/whatsapp/messageSender.js:484:18)
    at sendErrorMessage (/Users/mohitmendiratta/Projects/bots/w1/astro-whatsapp-bot/src/services/whatsapp/messageProcessor.js:2515:3)
    at processIncomingMessage (/Users/mohitmendiratta/Projects/bots/w1/astro-whatsapp-bot/src/services/whatsapp/messageProcessor.js:249:5)
    at simulateOnboarding (/Users/mohitmendiratta/Projects/bots/w1/astro-whatsapp-bot/tests/e2e/comprehensive-test-suite/comprehensive-menu-navigation.test.js:28:5)
    at Object.&lt;anonymous&gt; (/Users/mohitmendiratta/Projects/bots/w1/astro-whatsapp-bot/tests/e2e/comprehensive-test-suite/comprehensive-menu-navigation.test.js:1560:7)</failure>
    </testcase>
    <testcase classname="MENU NAVIGATION INTEGRATION: Complete Menu Tree Validation Additional Specialized Menu Navigation (16 tests for complete 99 total coverage) should navigate to Marketplace → Personalized crystals" name="MENU NAVIGATION INTEGRATION: Complete Menu Tree Validation Additional Specialized Menu Navigation (16 tests for complete 99 total coverage) should navigate to Marketplace → Personalized crystals" time="0.618">
      <failure>AxiosError: Request failed with status code 401
    at settle (/Users/mohitmendiratta/Projects/bots/w1/astro-whatsapp-bot/node_modules/axios/lib/core/settle.js:19:12)
    at IncomingMessage.handleStreamEnd (/Users/mohitmendiratta/Projects/bots/w1/astro-whatsapp-bot/node_modules/axios/lib/adapters/http.js:617:11)
    at IncomingMessage.emit (node:events:520:35)
    at endReadableNT (node:internal/streams/readable:1701:12)
    at processTicksAndRejections (node:internal/process/task_queues:90:21)
    at Axios.request (/Users/mohitmendiratta/Projects/bots/w1/astro-whatsapp-bot/node_modules/axios/lib/core/Axios.js:45:41)
    at processTicksAndRejections (node:internal/process/task_queues:105:5)
    at sendTextMessage (/Users/mohitmendiratta/Projects/bots/w1/astro-whatsapp-bot/src/services/whatsapp/messageSender.js:64:22)
    at sendMessage (/Users/mohitmendiratta/Projects/bots/w1/astro-whatsapp-bot/src/services/whatsapp/messageSender.js:484:18)
    at sendErrorMessage (/Users/mohitmendiratta/Projects/bots/w1/astro-whatsapp-bot/src/services/whatsapp/messageProcessor.js:2515:3)
    at processIncomingMessage (/Users/mohitmendiratta/Projects/bots/w1/astro-whatsapp-bot/src/services/whatsapp/messageProcessor.js:249:5)
    at simulateOnboarding (/Users/mohitmendiratta/Projects/bots/w1/astro-whatsapp-bot/tests/e2e/comprehensive-test-suite/comprehensive-menu-navigation.test.js:28:5)
    at Object.&lt;anonymous&gt; (/Users/mohitmendiratta/Projects/bots/w1/astro-whatsapp-bot/tests/e2e/comprehensive-test-suite/comprehensive-menu-navigation.test.js:1568:7)</failure>
    </testcase>
    <testcase classname="MENU NAVIGATION INTEGRATION: Complete Menu Tree Validation Additional Specialized Menu Navigation (16 tests for complete 99 total coverage) should navigate to Support → Live chat" name="MENU NAVIGATION INTEGRATION: Complete Menu Tree Validation Additional Specialized Menu Navigation (16 tests for complete 99 total coverage) should navigate to Support → Live chat" time="0.629">
      <failure>AxiosError: Request failed with status code 401
    at settle (/Users/mohitmendiratta/Projects/bots/w1/astro-whatsapp-bot/node_modules/axios/lib/core/settle.js:19:12)
    at IncomingMessage.handleStreamEnd (/Users/mohitmendiratta/Projects/bots/w1/astro-whatsapp-bot/node_modules/axios/lib/adapters/http.js:617:11)
    at IncomingMessage.emit (node:events:520:35)
    at endReadableNT (node:internal/streams/readable:1701:12)
    at processTicksAndRejections (node:internal/process/task_queues:90:21)
    at Axios.request (/Users/mohitmendiratta/Projects/bots/w1/astro-whatsapp-bot/node_modules/axios/lib/core/Axios.js:45:41)
    at processTicksAndRejections (node:internal/process/task_queues:105:5)
    at sendTextMessage (/Users/mohitmendiratta/Projects/bots/w1/astro-whatsapp-bot/src/services/whatsapp/messageSender.js:64:22)
    at sendMessage (/Users/mohitmendiratta/Projects/bots/w1/astro-whatsapp-bot/src/services/whatsapp/messageSender.js:484:18)
    at sendErrorMessage (/Users/mohitmendiratta/Projects/bots/w1/astro-whatsapp-bot/src/services/whatsapp/messageProcessor.js:2515:3)
    at processIncomingMessage (/Users/mohitmendiratta/Projects/bots/w1/astro-whatsapp-bot/src/services/whatsapp/messageProcessor.js:249:5)
    at simulateOnboarding (/Users/mohitmendiratta/Projects/bots/w1/astro-whatsapp-bot/tests/e2e/comprehensive-test-suite/comprehensive-menu-navigation.test.js:28:5)
    at Object.&lt;anonymous&gt; (/Users/mohitmendiratta/Projects/bots/w1/astro-whatsapp-bot/tests/e2e/comprehensive-test-suite/comprehensive-menu-navigation.test.js:1577:7)</failure>
    </testcase>
    <testcase classname="MENU NAVIGATION INTEGRATION: Complete Menu Tree Validation Additional Specialized Menu Navigation (16 tests for complete 99 total coverage) should navigate to Language settings → Arabic selection" name="MENU NAVIGATION INTEGRATION: Complete Menu Tree Validation Additional Specialized Menu Navigation (16 tests for complete 99 total coverage) should navigate to Language settings → Arabic selection" time="0.627">
      <failure>AxiosError: Request failed with status code 401
    at settle (/Users/mohitmendiratta/Projects/bots/w1/astro-whatsapp-bot/node_modules/axios/lib/core/settle.js:19:12)
    at IncomingMessage.handleStreamEnd (/Users/mohitmendiratta/Projects/bots/w1/astro-whatsapp-bot/node_modules/axios/lib/adapters/http.js:617:11)
    at IncomingMessage.emit (node:events:520:35)
    at endReadableNT (node:internal/streams/readable:1701:12)
    at processTicksAndRejections (node:internal/process/task_queues:90:21)
    at Axios.request (/Users/mohitmendiratta/Projects/bots/w1/astro-whatsapp-bot/node_modules/axios/lib/core/Axios.js:45:41)
    at processTicksAndRejections (node:internal/process/task_queues:105:5)
    at sendTextMessage (/Users/mohitmendiratta/Projects/bots/w1/astro-whatsapp-bot/src/services/whatsapp/messageSender.js:64:22)
    at sendMessage (/Users/mohitmendiratta/Projects/bots/w1/astro-whatsapp-bot/src/services/whatsapp/messageSender.js:484:18)
    at sendErrorMessage (/Users/mohitmendiratta/Projects/bots/w1/astro-whatsapp-bot/src/services/whatsapp/messageProcessor.js:2515:3)
    at processIncomingMessage (/Users/mohitmendiratta/Projects/bots/w1/astro-whatsapp-bot/src/services/whatsapp/messageProcessor.js:249:5)
    at simulateOnboarding (/Users/mohitmendiratta/Projects/bots/w1/astro-whatsapp-bot/tests/e2e/comprehensive-test-suite/comprehensive-menu-navigation.test.js:28:5)
    at Object.&lt;anonymous&gt; (/Users/mohitmendiratta/Projects/bots/w1/astro-whatsapp-bot/tests/e2e/comprehensive-test-suite/comprehensive-menu-navigation.test.js:1585:7)</failure>
    </testcase>
  </testsuite>
  <testsuite name="COMPREHENSIVE PERFORMANCE TESTS: Load &amp; Database Efficiency (27 tests)" errors="0" failures="2" skipped="0" timestamp="2025-10-28T20:48:02" time="47.809" tests="27">
    <testcase classname="COMPREHENSIVE PERFORMANCE TESTS: Load &amp; Database Efficiency (27 tests) Load Testing Scenarios (15 tests) handles sustained 1000 concurrent horoscope requests" name="COMPREHENSIVE PERFORMANCE TESTS: Load &amp; Database Efficiency (27 tests) Load Testing Scenarios (15 tests) handles sustained 1000 concurrent horoscope requests" time="26.957">
      <failure>AxiosError: Request failed with status code 401
    at settle (/Users/mohitmendiratta/Projects/bots/w1/astro-whatsapp-bot/node_modules/axios/lib/core/settle.js:19:12)
    at IncomingMessage.handleStreamEnd (/Users/mohitmendiratta/Projects/bots/w1/astro-whatsapp-bot/node_modules/axios/lib/adapters/http.js:617:11)
    at IncomingMessage.emit (node:events:520:35)
    at endReadableNT (node:internal/streams/readable:1701:12)
    at processTicksAndRejections (node:internal/process/task_queues:90:21)
    at Axios.request (/Users/mohitmendiratta/Projects/bots/w1/astro-whatsapp-bot/node_modules/axios/lib/core/Axios.js:45:41)
    at processTicksAndRejections (node:internal/process/task_queues:105:5)
    at sendTextMessage (/Users/mohitmendiratta/Projects/bots/w1/astro-whatsapp-bot/src/services/whatsapp/messageSender.js:64:22)
    at sendMessage (/Users/mohitmendiratta/Projects/bots/w1/astro-whatsapp-bot/src/services/whatsapp/messageSender.js:484:18)
    at sendErrorMessage (/Users/mohitmendiratta/Projects/bots/w1/astro-whatsapp-bot/src/services/whatsapp/messageProcessor.js:2515:3)
    at processIncomingMessage (/Users/mohitmendiratta/Projects/bots/w1/astro-whatsapp-bot/src/services/whatsapp/messageProcessor.js:249:5)
    at async Promise.all (index 2)
    at Object.&lt;anonymous&gt; (/Users/mohitmendiratta/Projects/bots/w1/astro-whatsapp-bot/tests/e2e/comprehensive-test-suite/comprehensive-performance.test.js:49:7)</failure>
    </testcase>
    <testcase classname="COMPREHENSIVE PERFORMANCE TESTS: Load &amp; Database Efficiency (27 tests) Load Testing Scenarios (15 tests) manages heavy planetary calculation load balancing" name="COMPREHENSIVE PERFORMANCE TESTS: Load &amp; Database Efficiency (27 tests) Load Testing Scenarios (15 tests) manages heavy planetary calculation load balancing" time="0.857">
    </testcase>
    <testcase classname="COMPREHENSIVE PERFORMANCE TESTS: Load &amp; Database Efficiency (27 tests) Load Testing Scenarios (15 tests) detects memory leaks in long-running astrology sessions" name="COMPREHENSIVE PERFORMANCE TESTS: Load &amp; Database Efficiency (27 tests) Load Testing Scenarios (15 tests) detects memory leaks in long-running astrology sessions" time="16.352">
      <failure>AxiosError: Request failed with status code 401
    at settle (/Users/mohitmendiratta/Projects/bots/w1/astro-whatsapp-bot/node_modules/axios/lib/core/settle.js:19:12)
    at IncomingMessage.handleStreamEnd (/Users/mohitmendiratta/Projects/bots/w1/astro-whatsapp-bot/node_modules/axios/lib/adapters/http.js:617:11)
    at IncomingMessage.emit (node:events:520:35)
    at endReadableNT (node:internal/streams/readable:1701:12)
    at processTicksAndRejections (node:internal/process/task_queues:90:21)
    at Axios.request (/Users/mohitmendiratta/Projects/bots/w1/astro-whatsapp-bot/node_modules/axios/lib/core/Axios.js:45:41)
    at processTicksAndRejections (node:internal/process/task_queues:105:5)
    at sendTextMessage (/Users/mohitmendiratta/Projects/bots/w1/astro-whatsapp-bot/src/services/whatsapp/messageSender.js:64:22)
    at sendMessage (/Users/mohitmendiratta/Projects/bots/w1/astro-whatsapp-bot/src/services/whatsapp/messageSender.js:484:18)
    at sendErrorMessage (/Users/mohitmendiratta/Projects/bots/w1/astro-whatsapp-bot/src/services/whatsapp/messageProcessor.js:2515:3)
    at processIncomingMessage (/Users/mohitmendiratta/Projects/bots/w1/astro-whatsapp-bot/src/services/whatsapp/messageProcessor.js:249:5)
    at Object.&lt;anonymous&gt; (/Users/mohitmendiratta/Projects/bots/w1/astro-whatsapp-bot/tests/e2e/comprehensive-test-suite/comprehensive-performance.test.js:67:9)</failure>
    </testcase>
    <testcase classname="COMPREHENSIVE PERFORMANCE TESTS: Load &amp; Database Efficiency (27 tests) Load Testing Scenarios (15 tests) optimizes CPU resource allocation during peak usage" name="COMPREHENSIVE PERFORMANCE TESTS: Load &amp; Database Efficiency (27 tests) Load Testing Scenarios (15 tests) optimizes CPU resource allocation during peak usage" time="0.009">
    </testcase>
    <testcase classname="COMPREHENSIVE PERFORMANCE TESTS: Load &amp; Database Efficiency (27 tests) Load Testing Scenarios (15 tests) handles message queue depth during traffic spikes" name="COMPREHENSIVE PERFORMANCE TESTS: Load &amp; Database Efficiency (27 tests) Load Testing Scenarios (15 tests) handles message queue depth during traffic spikes" time="0.008">
    </testcase>
    <testcase classname="COMPREHENSIVE PERFORMANCE TESTS: Load &amp; Database Efficiency (27 tests) Load Testing Scenarios (15 tests) validates auto-scaling response to demand fluctuations" name="COMPREHENSIVE PERFORMANCE TESTS: Load &amp; Database Efficiency (27 tests) Load Testing Scenarios (15 tests) validates auto-scaling response to demand fluctuations" time="0.008">
    </testcase>
    <testcase classname="COMPREHENSIVE PERFORMANCE TESTS: Load &amp; Database Efficiency (27 tests) Load Testing Scenarios (15 tests) measures cache hit rates for ephemeris data" name="COMPREHENSIVE PERFORMANCE TESTS: Load &amp; Database Efficiency (27 tests) Load Testing Scenarios (15 tests) measures cache hit rates for ephemeris data" time="0.01">
    </testcase>
    <testcase classname="COMPREHENSIVE PERFORMANCE TESTS: Load &amp; Database Efficiency (27 tests) Load Testing Scenarios (15 tests) handles backpressure from overwhelmed processing queues" name="COMPREHENSIVE PERFORMANCE TESTS: Load &amp; Database Efficiency (27 tests) Load Testing Scenarios (15 tests) handles backpressure from overwhelmed processing queues" time="0.008">
    </testcase>
    <testcase classname="COMPREHENSIVE PERFORMANCE TESTS: Load &amp; Database Efficiency (27 tests) Load Testing Scenarios (15 tests) validates response time degradation during sustained load" name="COMPREHENSIVE PERFORMANCE TESTS: Load &amp; Database Efficiency (27 tests) Load Testing Scenarios (15 tests) validates response time degradation during sustained load" time="0.009">
    </testcase>
    <testcase classname="COMPREHENSIVE PERFORMANCE TESTS: Load &amp; Database Efficiency (27 tests) Load Testing Scenarios (15 tests) measures concurrent user session management overhead" name="COMPREHENSIVE PERFORMANCE TESTS: Load &amp; Database Efficiency (27 tests) Load Testing Scenarios (15 tests) measures concurrent user session management overhead" time="0.008">
    </testcase>
    <testcase classname="COMPREHENSIVE PERFORMANCE TESTS: Load &amp; Database Efficiency (27 tests) Load Testing Scenarios (15 tests) handles resource cleanup after large user influx events" name="COMPREHENSIVE PERFORMANCE TESTS: Load &amp; Database Efficiency (27 tests) Load Testing Scenarios (15 tests) handles resource cleanup after large user influx events" time="0.008">
    </testcase>
    <testcase classname="COMPREHENSIVE PERFORMANCE TESTS: Load &amp; Database Efficiency (27 tests) Load Testing Scenarios (15 tests) validates fault tolerance under resource exhaustion" name="COMPREHENSIVE PERFORMANCE TESTS: Load &amp; Database Efficiency (27 tests) Load Testing Scenarios (15 tests) validates fault tolerance under resource exhaustion" time="0.009">
    </testcase>
    <testcase classname="COMPREHENSIVE PERFORMANCE TESTS: Load &amp; Database Efficiency (27 tests) Load Testing Scenarios (15 tests) measures peak throughput for chart generation operations" name="COMPREHENSIVE PERFORMANCE TESTS: Load &amp; Database Efficiency (27 tests) Load Testing Scenarios (15 tests) measures peak throughput for chart generation operations" time="0.016">
    </testcase>
    <testcase classname="COMPREHENSIVE PERFORMANCE TESTS: Load &amp; Database Efficiency (27 tests) Load Testing Scenarios (15 tests) handles graceful degradation during system overload" name="COMPREHENSIVE PERFORMANCE TESTS: Load &amp; Database Efficiency (27 tests) Load Testing Scenarios (15 tests) handles graceful degradation during system overload" time="0.011">
    </testcase>
    <testcase classname="COMPREHENSIVE PERFORMANCE TESTS: Load &amp; Database Efficiency (27 tests) Load Testing Scenarios (15 tests) validates performance monitoring alert thresholds" name="COMPREHENSIVE PERFORMANCE TESTS: Load &amp; Database Efficiency (27 tests) Load Testing Scenarios (15 tests) validates performance monitoring alert thresholds" time="0.009">
    </testcase>
    <testcase classname="COMPREHENSIVE PERFORMANCE TESTS: Load &amp; Database Efficiency (27 tests) Database Performance (12 tests) optimizes complex query patterns for birth chart retrieval" name="COMPREHENSIVE PERFORMANCE TESTS: Load &amp; Database Efficiency (27 tests) Database Performance (12 tests) optimizes complex query patterns for birth chart retrieval" time="0.01">
    </testcase>
    <testcase classname="COMPREHENSIVE PERFORMANCE TESTS: Load &amp; Database Efficiency (27 tests) Database Performance (12 tests) validates index effectiveness on frequently accessed fields" name="COMPREHENSIVE PERFORMANCE TESTS: Load &amp; Database Efficiency (27 tests) Database Performance (12 tests) validates index effectiveness on frequently accessed fields" time="0.01">
    </testcase>
    <testcase classname="COMPREHENSIVE PERFORMANCE TESTS: Load &amp; Database Efficiency (27 tests) Database Performance (12 tests) measures database connection pool utilization rates" name="COMPREHENSIVE PERFORMANCE TESTS: Load &amp; Database Efficiency (27 tests) Database Performance (12 tests) measures database connection pool utilization rates" time="0.009">
    </testcase>
    <testcase classname="COMPREHENSIVE PERFORMANCE TESTS: Load &amp; Database Efficiency (27 tests) Database Performance (12 tests) handles database transaction deadlock resolution" name="COMPREHENSIVE PERFORMANCE TESTS: Load &amp; Database Efficiency (27 tests) Database Performance (12 tests) handles database transaction deadlock resolution" time="0.013">
    </testcase>
    <testcase classname="COMPREHENSIVE PERFORMANCE TESTS: Load &amp; Database Efficiency (27 tests) Database Performance (12 tests) validates read/write operation distribution efficiency" name="COMPREHENSIVE PERFORMANCE TESTS: Load &amp; Database Efficiency (27 tests) Database Performance (12 tests) validates read/write operation distribution efficiency" time="0.01">
    </testcase>
    <testcase classname="COMPREHENSIVE PERFORMANCE TESTS: Load &amp; Database Efficiency (27 tests) Database Performance (12 tests) measures query execution plan optimization" name="COMPREHENSIVE PERFORMANCE TESTS: Load &amp; Database Efficiency (27 tests) Database Performance (12 tests) measures query execution plan optimization" time="0.01">
    </testcase>
    <testcase classname="COMPREHENSIVE PERFORMANCE TESTS: Load &amp; Database Efficiency (27 tests) Database Performance (12 tests) handles large result set pagination performance" name="COMPREHENSIVE PERFORMANCE TESTS: Load &amp; Database Efficiency (27 tests) Database Performance (12 tests) handles large result set pagination performance" time="0.009">
    </testcase>
    <testcase classname="COMPREHENSIVE PERFORMANCE TESTS: Load &amp; Database Efficiency (27 tests) Database Performance (12 tests) validates database backup operation impact assessment" name="COMPREHENSIVE PERFORMANCE TESTS: Load &amp; Database Efficiency (27 tests) Database Performance (12 tests) validates database backup operation impact assessment" time="0.012">
    </testcase>
    <testcase classname="COMPREHENSIVE PERFORMANCE TESTS: Load &amp; Database Efficiency (27 tests) Database Performance (12 tests) measures aggregation pipeline execution efficiency" name="COMPREHENSIVE PERFORMANCE TESTS: Load &amp; Database Efficiency (27 tests) Database Performance (12 tests) measures aggregation pipeline execution efficiency" time="0.009">
    </testcase>
    <testcase classname="COMPREHENSIVE PERFORMANCE TESTS: Load &amp; Database Efficiency (27 tests) Database Performance (12 tests) handles concurrent document lock contention" name="COMPREHENSIVE PERFORMANCE TESTS: Load &amp; Database Efficiency (27 tests) Database Performance (12 tests) handles concurrent document lock contention" time="0.009">
    </testcase>
    <testcase classname="COMPREHENSIVE PERFORMANCE TESTS: Load &amp; Database Efficiency (27 tests) Database Performance (12 tests) validates database maintenance window scheduling efficiency" name="COMPREHENSIVE PERFORMANCE TESTS: Load &amp; Database Efficiency (27 tests) Database Performance (12 tests) validates database maintenance window scheduling efficiency" time="0.01">
    </testcase>
    <testcase classname="COMPREHENSIVE PERFORMANCE TESTS: Load &amp; Database Efficiency (27 tests) Database Performance (12 tests) measures database storage and retrieval throughput" name="COMPREHENSIVE PERFORMANCE TESTS: Load &amp; Database Efficiency (27 tests) Database Performance (12 tests) measures database storage and retrieval throughput" time="0.013">
    </testcase>
  </testsuite>
  <testsuite name="Comprehensive Performance Test Suite" errors="0" failures="1" skipped="0" timestamp="2025-10-28T20:48:50" time="22.481" tests="27">
    <testcase classname="Comprehensive Performance Test Suite Response Time Performance Testing should maintain sub-2-second response times for health check endpoint as mandated by gemini.md" name="Comprehensive Performance Test Suite Response Time Performance Testing should maintain sub-2-second response times for health check endpoint as mandated by gemini.md" time="0.061">
    </testcase>
    <testcase classname="Comprehensive Performance Test Suite Response Time Performance Testing should maintain sub-2-second response times for webhook endpoint as mandated by gemini.md" name="Comprehensive Performance Test Suite Response Time Performance Testing should maintain sub-2-second response times for webhook endpoint as mandated by gemini.md" time="0.047">
    </testcase>
    <testcase classname="Comprehensive Performance Test Suite Response Time Performance Testing should maintain sub-2-second response times for all critical endpoints as mandated by gemini.md" name="Comprehensive Performance Test Suite Response Time Performance Testing should maintain sub-2-second response times for all critical endpoints as mandated by gemini.md" time="0.028">
    </testcase>
    <testcase classname="Comprehensive Performance Test Suite Throughput Performance Testing should handle minimum 100 requests per second throughput as mandated by gemini.md" name="Comprehensive Performance Test Suite Throughput Performance Testing should handle minimum 100 requests per second throughput as mandated by gemini.md" time="1.188">
      <failure>Error: expect(received).toBeGreaterThan(expected)

Expected: &gt; 100
Received:   84.47151990925393
    at Object.toBeGreaterThan (/Users/mohitmendiratta/Projects/bots/w1/astro-whatsapp-bot/tests/performance/comprehensive-performance-test-suite.test.js:160:26)
    at processTicksAndRejections (node:internal/process/task_queues:105:5)</failure>
    </testcase>
    <testcase classname="Comprehensive Performance Test Suite Throughput Performance Testing should maintain consistent throughput under sustained load as mandated by gemini.md" name="Comprehensive Performance Test Suite Throughput Performance Testing should maintain consistent throughput under sustained load as mandated by gemini.md" time="16.288">
    </testcase>
    <testcase classname="Comprehensive Performance Test Suite Resource Usage Performance Testing should maintain memory usage under 512MB as mandated by gemini.md" name="Comprehensive Performance Test Suite Resource Usage Performance Testing should maintain memory usage under 512MB as mandated by gemini.md" time="0.686">
    </testcase>
    <testcase classname="Comprehensive Performance Test Suite Resource Usage Performance Testing should maintain CPU usage under 80% as mandated by gemini.md" name="Comprehensive Performance Test Suite Resource Usage Performance Testing should maintain CPU usage under 80% as mandated by gemini.md" time="0.003">
    </testcase>
    <testcase classname="Comprehensive Performance Test Suite Caching Performance Testing should implement caching with hit rate tracking as mandated by gemini.md" name="Comprehensive Performance Test Suite Caching Performance Testing should implement caching with hit rate tracking as mandated by gemini.md" time="0.002">
    </testcase>
    <testcase classname="Comprehensive Performance Test Suite Caching Performance Testing should implement Redis caching with proper configuration as mandated by gemini.md" name="Comprehensive Performance Test Suite Caching Performance Testing should implement Redis caching with proper configuration as mandated by gemini.md" time="0.002">
    </testcase>
    <testcase classname="Comprehensive Performance Test Suite Database Performance Testing should implement database optimization with query tuning as mandated by gemini.md" name="Comprehensive Performance Test Suite Database Performance Testing should implement database optimization with query tuning as mandated by gemini.md" time="0.002">
    </testcase>
    <testcase classname="Comprehensive Performance Test Suite Database Performance Testing should implement connection pooling with resource utilization optimization as mandated by gemini.md" name="Comprehensive Performance Test Suite Database Performance Testing should implement connection pooling with resource utilization optimization as mandated by gemini.md" time="0.002">
    </testcase>
    <testcase classname="Comprehensive Performance Test Suite Asynchronous Processing Performance Testing should implement asynchronous processing with queuing as mandated by gemini.md" name="Comprehensive Performance Test Suite Asynchronous Processing Performance Testing should implement asynchronous processing with queuing as mandated by gemini.md" time="0.002">
    </testcase>
    <testcase classname="Comprehensive Performance Test Suite Asynchronous Processing Performance Testing should implement background jobs with improved throughput as mandated by gemini.md" name="Comprehensive Performance Test Suite Asynchronous Processing Performance Testing should implement background jobs with improved throughput as mandated by gemini.md" time="0.003">
    </testcase>
    <testcase classname="Comprehensive Performance Test Suite Code Profiling and Optimization Testing should implement code profiling with bottleneck identification as mandated by gemini.md" name="Comprehensive Performance Test Suite Code Profiling and Optimization Testing should implement code profiling with bottleneck identification as mandated by gemini.md" time="0.002">
    </testcase>
    <testcase classname="Comprehensive Performance Test Suite Code Profiling and Optimization Testing should implement memory management with leak prevention as mandated by gemini.md" name="Comprehensive Performance Test Suite Code Profiling and Optimization Testing should implement memory management with leak prevention as mandated by gemini.md" time="0.002">
    </testcase>
    <testcase classname="Comprehensive Performance Test Suite API Efficiency Performance Testing should implement API efficiency with round trip reduction as mandated by gemini.md" name="Comprehensive Performance Test Suite API Efficiency Performance Testing should implement API efficiency with round trip reduction as mandated by gemini.md" time="0.001">
    </testcase>
    <testcase classname="Comprehensive Performance Test Suite API Efficiency Performance Testing should implement compression with bandwidth reduction as mandated by gemini.md" name="Comprehensive Performance Test Suite API Efficiency Performance Testing should implement compression with bandwidth reduction as mandated by gemini.md" time="0.002">
    </testcase>
    <testcase classname="Comprehensive Performance Test Suite Lazy Loading Performance Testing should implement lazy loading with faster load times as mandated by gemini.md" name="Comprehensive Performance Test Suite Lazy Loading Performance Testing should implement lazy loading with faster load times as mandated by gemini.md" time="0.002">
    </testcase>
    <testcase classname="Comprehensive Performance Test Suite Lazy Loading Performance Testing should implement resource optimization with faster load times as mandated by gemini.md" name="Comprehensive Performance Test Suite Lazy Loading Performance Testing should implement resource optimization with faster load times as mandated by gemini.md" time="0.002">
    </testcase>
    <testcase classname="Comprehensive Performance Test Suite Connection Pooling Performance Testing should implement connection pooling for external APIs with reduced connection overhead as mandated by gemini.md" name="Comprehensive Performance Test Suite Connection Pooling Performance Testing should implement connection pooling for external APIs with reduced connection overhead as mandated by gemini.md" time="0.001">
    </testcase>
    <testcase classname="Comprehensive Performance Test Suite Connection Pooling Performance Testing should implement CDN usage for static assets with improved delivery performance as mandated by gemini.md" name="Comprehensive Performance Test Suite Connection Pooling Performance Testing should implement CDN usage for static assets with improved delivery performance as mandated by gemini.md" time="0.001">
    </testcase>
    <testcase classname="Comprehensive Performance Test Suite Concurrency Performance Testing should implement concurrency management with optimal resource utilization as mandated by gemini.md" name="Comprehensive Performance Test Suite Concurrency Performance Testing should implement concurrency management with optimal resource utilization as mandated by gemini.md" time="0.002">
    </testcase>
    <testcase classname="Comprehensive Performance Test Suite Concurrency Performance Testing should implement threading with optimal resource utilization as mandated by gemini.md" name="Comprehensive Performance Test Suite Concurrency Performance Testing should implement threading with optimal resource utilization as mandated by gemini.md" time="0.003">
    </testcase>
    <testcase classname="Comprehensive Performance Test Suite Performance Budget Testing should implement performance budget with automated compliance checking as mandated by gemini.md" name="Comprehensive Performance Test Suite Performance Budget Testing should implement performance budget with automated compliance checking as mandated by gemini.md" time="0.002">
    </testcase>
    <testcase classname="Comprehensive Performance Test Suite Performance Budget Testing should implement performance monitoring with real-time dashboards as mandated by gemini.md" name="Comprehensive Performance Test Suite Performance Budget Testing should implement performance monitoring with real-time dashboards as mandated by gemini.md" time="0.002">
    </testcase>
    <testcase classname="Comprehensive Performance Test Suite Performance Optimization Testing should implement performance optimization with monitoring and benchmarking as mandated by gemini.md" name="Comprehensive Performance Test Suite Performance Optimization Testing should implement performance optimization with monitoring and benchmarking as mandated by gemini.md" time="0.002">
    </testcase>
    <testcase classname="Comprehensive Performance Test Suite Performance Optimization Testing should implement monitoring and benchmarking infrastructure as mandated by gemini.md" name="Comprehensive Performance Test Suite Performance Optimization Testing should implement monitoring and benchmarking infrastructure as mandated by gemini.md" time="0.002">
    </testcase>
  </testsuite>
  <testsuite name="Critical User Flow End-to-End Tests" errors="0" failures="10" skipped="0" timestamp="2025-10-28T20:49:13" time="19.382" tests="11">
    <testcase classname="Critical User Flow End-to-End Tests Existing User Daily Horoscope Flow should generate real daily horoscope for existing user" name="Critical User Flow End-to-End Tests Existing User Daily Horoscope Flow should generate real daily horoscope for existing user" time="0.098">
      <failure>Error: expected 200 &quot;OK&quot;, got 500 &quot;Internal Server Error&quot;
    at Object.expect (/Users/mohitmendiratta/Projects/bots/w1/astro-whatsapp-bot/tests/e2e/critical-user-flow.test.js:215:10)
    at Promise.then.completed (/Users/mohitmendiratta/Projects/bots/w1/astro-whatsapp-bot/node_modules/jest-circus/build/utils.js:298:28)
    at new Promise (&lt;anonymous&gt;)
    at callAsyncCircusFn (/Users/mohitmendiratta/Projects/bots/w1/astro-whatsapp-bot/node_modules/jest-circus/build/utils.js:231:10)
    at _callCircusTest (/Users/mohitmendiratta/Projects/bots/w1/astro-whatsapp-bot/node_modules/jest-circus/build/run.js:316:40)
    at processTicksAndRejections (node:internal/process/task_queues:105:5)
    at _runTest (/Users/mohitmendiratta/Projects/bots/w1/astro-whatsapp-bot/node_modules/jest-circus/build/run.js:252:3)
    at _runTestsForDescribeBlock (/Users/mohitmendiratta/Projects/bots/w1/astro-whatsapp-bot/node_modules/jest-circus/build/run.js:126:9)
    at _runTestsForDescribeBlock (/Users/mohitmendiratta/Projects/bots/w1/astro-whatsapp-bot/node_modules/jest-circus/build/run.js:121:9)
    at _runTestsForDescribeBlock (/Users/mohitmendiratta/Projects/bots/w1/astro-whatsapp-bot/node_modules/jest-circus/build/run.js:121:9)
    at run (/Users/mohitmendiratta/Projects/bots/w1/astro-whatsapp-bot/node_modules/jest-circus/build/run.js:71:3)
    at runAndTransformResultsToJestFormat (/Users/mohitmendiratta/Projects/bots/w1/astro-whatsapp-bot/node_modules/jest-circus/build/legacy-code-todo-rewrite/jestAdapterInit.js:122:21)
    at jestAdapter (/Users/mohitmendiratta/Projects/bots/w1/astro-whatsapp-bot/node_modules/jest-circus/build/legacy-code-todo-rewrite/jestAdapter.js:79:19)
    at runTestInternal (/Users/mohitmendiratta/Projects/bots/w1/astro-whatsapp-bot/node_modules/jest-runner/build/runTest.js:367:16)
    at runTest (/Users/mohitmendiratta/Projects/bots/w1/astro-whatsapp-bot/node_modules/jest-runner/build/runTest.js:444:34)
----
    at Test._assertStatus (/Users/mohitmendiratta/Projects/bots/w1/astro-whatsapp-bot/node_modules/supertest/lib/test.js:252:14)
    at /Users/mohitmendiratta/Projects/bots/w1/astro-whatsapp-bot/node_modules/supertest/lib/test.js:308:13
    at Test._assertFunction (/Users/mohitmendiratta/Projects/bots/w1/astro-whatsapp-bot/node_modules/supertest/lib/test.js:285:13)
    at Test.assert (/Users/mohitmendiratta/Projects/bots/w1/astro-whatsapp-bot/node_modules/supertest/lib/test.js:164:23)
    at Server.localAssert (/Users/mohitmendiratta/Projects/bots/w1/astro-whatsapp-bot/node_modules/supertest/lib/test.js:120:14)
    at Object.onceWrapper (node:events:622:28)
    at Server.emit (node:events:508:28)
    at emitCloseNT (node:net:2419:8)
    at processTicksAndRejections (node:internal/process/task_queues:89:21)</failure>
    </testcase>
    <testcase classname="Critical User Flow End-to-End Tests Interactive Button Flow should process interactive button reply for compatibility checking" name="Critical User Flow End-to-End Tests Interactive Button Flow should process interactive button reply for compatibility checking" time="1.054">
      <failure>Error: expect(jest.fn()).toHaveBeenCalled()

Expected number of calls: &gt;= 1
Received number of calls:    0
    at Object.toHaveBeenCalled (/Users/mohitmendiratta/Projects/bots/w1/astro-whatsapp-bot/tests/e2e/critical-user-flow.test.js:308:27)</failure>
    </testcase>
    <testcase classname="Critical User Flow End-to-End Tests Error Handling Flow should handle processing errors gracefully" name="Critical User Flow End-to-End Tests Error Handling Flow should handle processing errors gracefully" time="3.029">
      <failure>Error: expect(jest.fn()).toHaveBeenCalledWith(...expected)

Expected: &quot;5566778899&quot;, &quot;I&apos;m sorry, I encountered an error processing your message. Please try again later!&quot;

Number of calls: 0
    at Object.toHaveBeenCalledWith (/Users/mohitmendiratta/Projects/bots/w1/astro-whatsapp-bot/tests/e2e/critical-user-flow.test.js:375:27)
    at processTicksAndRejections (node:internal/process/task_queues:105:5)</failure>
    </testcase>
    <testcase classname="Critical User Flow End-to-End Tests Performance and Scalability Flow should handle high volume of messages without crashing" name="Critical User Flow End-to-End Tests Performance and Scalability Flow should handle high volume of messages without crashing" time="3.487">
      <failure>Error: expect(jest.fn()).toHaveBeenCalledTimes(expected)

Expected number of calls: 20
Received number of calls: 0
    at Object.toHaveBeenCalledTimes (/Users/mohitmendiratta/Projects/bots/w1/astro-whatsapp-bot/tests/e2e/critical-user-flow.test.js:480:27)</failure>
    </testcase>
    <testcase classname="Critical User Flow End-to-End Tests Security and Compliance Flow should validate webhook signatures when provided" name="Critical User Flow End-to-End Tests Security and Compliance Flow should validate webhook signatures when provided" time="0.021">
    </testcase>
    <testcase classname="Critical User Flow End-to-End Tests Subscription and Payment Flow should handle subscription plan inquiry" name="Critical User Flow End-to-End Tests Subscription and Payment Flow should handle subscription plan inquiry" time="1.117">
      <failure>Error: expect(jest.fn()).toHaveBeenCalled()

Expected number of calls: &gt;= 1
Received number of calls:    0
    at Object.toHaveBeenCalled (/Users/mohitmendiratta/Projects/bots/w1/astro-whatsapp-bot/tests/e2e/critical-user-flow.test.js:638:27)</failure>
    </testcase>
    <testcase classname="Critical User Flow End-to-End Tests Subscription and Payment Flow should handle premium subscription request" name="Critical User Flow End-to-End Tests Subscription and Payment Flow should handle premium subscription request" time="1.063">
      <failure>Error: expect(jest.fn()).toHaveBeenCalledTimes(expected)

Expected number of calls: 2
Received number of calls: 0
    at Object.toHaveBeenCalledTimes (/Users/mohitmendiratta/Projects/bots/w1/astro-whatsapp-bot/tests/e2e/critical-user-flow.test.js:703:27)</failure>
    </testcase>
    <testcase classname="Critical User Flow End-to-End Tests Astrology Readings Flow Profile Management Flow should handle profile viewing request" name="Critical User Flow End-to-End Tests Astrology Readings Flow Profile Management Flow should handle profile viewing request" time="1.097">
      <failure>Error: expect(jest.fn()).toHaveBeenCalled()

Expected number of calls: &gt;= 1
Received number of calls:    0
    at Object.toHaveBeenCalled (/Users/mohitmendiratta/Projects/bots/w1/astro-whatsapp-bot/tests/e2e/critical-user-flow.test.js:794:29)</failure>
    </testcase>
    <testcase classname="Critical User Flow End-to-End Tests Astrology Readings Flow should handle tarot reading request" name="Critical User Flow End-to-End Tests Astrology Readings Flow should handle tarot reading request" time="1.063">
      <failure>Error: expect(jest.fn()).toHaveBeenCalled()

Expected number of calls: &gt;= 1
Received number of calls:    0
    at Object.toHaveBeenCalled (/Users/mohitmendiratta/Projects/bots/w1/astro-whatsapp-bot/tests/e2e/critical-user-flow.test.js:869:27)</failure>
    </testcase>
    <testcase classname="Critical User Flow End-to-End Tests Astrology Readings Flow should handle palmistry reading request" name="Critical User Flow End-to-End Tests Astrology Readings Flow should handle palmistry reading request" time="1.059">
      <failure>Error: expect(jest.fn()).toHaveBeenCalled()

Expected number of calls: &gt;= 1
Received number of calls:    0
    at Object.toHaveBeenCalled (/Users/mohitmendiratta/Projects/bots/w1/astro-whatsapp-bot/tests/e2e/critical-user-flow.test.js:927:27)
    at runNextTicks (node:internal/process/task_queues:65:5)
    at listOnTimeout (node:internal/timers:569:9)
    at processTimers (node:internal/timers:543:7)</failure>
    </testcase>
    <testcase classname="Critical User Flow End-to-End Tests Astrology Readings Flow should handle numerology report request" name="Critical User Flow End-to-End Tests Astrology Readings Flow should handle numerology report request" time="1.056">
      <failure>Error: expect(jest.fn()).toHaveBeenCalled()

Expected number of calls: &gt;= 1
Received number of calls:    0
    at Object.toHaveBeenCalled (/Users/mohitmendiratta/Projects/bots/w1/astro-whatsapp-bot/tests/e2e/critical-user-flow.test.js:985:27)</failure>
    </testcase>
  </testsuite>
  <testsuite name="COMPREHENSIVE CONVERSATION FLOWS: User Interaction Scenarios (148 tests)" errors="0" failures="20" skipped="0" timestamp="2025-10-28T20:49:33" time="18.92" tests="36">
    <testcase classname="COMPREHENSIVE CONVERSATION FLOWS: User Interaction Scenarios (148 tests) Onboarding Flow (23 tests) handles invalid date formats (abc123 → error message)" name="COMPREHENSIVE CONVERSATION FLOWS: User Interaction Scenarios (148 tests) Onboarding Flow (23 tests) handles invalid date formats (abc123 → error message)" time="1.461">
      <failure>AxiosError: Request failed with status code 401
    at settle (/Users/mohitmendiratta/Projects/bots/w1/astro-whatsapp-bot/node_modules/axios/lib/core/settle.js:19:12)
    at IncomingMessage.handleStreamEnd (/Users/mohitmendiratta/Projects/bots/w1/astro-whatsapp-bot/node_modules/axios/lib/adapters/http.js:617:11)
    at IncomingMessage.emit (node:events:520:35)
    at endReadableNT (node:internal/streams/readable:1701:12)
    at processTicksAndRejections (node:internal/process/task_queues:90:21)
    at Axios.request (/Users/mohitmendiratta/Projects/bots/w1/astro-whatsapp-bot/node_modules/axios/lib/core/Axios.js:45:41)
    at processTicksAndRejections (node:internal/process/task_queues:105:5)
    at sendTextMessage (/Users/mohitmendiratta/Projects/bots/w1/astro-whatsapp-bot/src/services/whatsapp/messageSender.js:64:22)
    at sendMessage (/Users/mohitmendiratta/Projects/bots/w1/astro-whatsapp-bot/src/services/whatsapp/messageSender.js:484:18)
    at sendErrorMessage (/Users/mohitmendiratta/Projects/bots/w1/astro-whatsapp-bot/src/services/whatsapp/messageProcessor.js:2515:3)
    at processIncomingMessage (/Users/mohitmendiratta/Projects/bots/w1/astro-whatsapp-bot/src/services/whatsapp/messageProcessor.js:249:5)
    at Object.&lt;anonymous&gt; (/Users/mohitmendiratta/Projects/bots/w1/astro-whatsapp-bot/tests/e2e/comprehensive-test-suite/comprehensive-conversation-flows.test.js:47:7)</failure>
    </testcase>
    <testcase classname="COMPREHENSIVE CONVERSATION FLOWS: User Interaction Scenarios (148 tests) Onboarding Flow (23 tests) rejects future dates (31122025 → rejection)" name="COMPREHENSIVE CONVERSATION FLOWS: User Interaction Scenarios (148 tests) Onboarding Flow (23 tests) rejects future dates (31122025 → rejection)" time="0.842">
      <failure>AxiosError: Request failed with status code 401
    at settle (/Users/mohitmendiratta/Projects/bots/w1/astro-whatsapp-bot/node_modules/axios/lib/core/settle.js:19:12)
    at IncomingMessage.handleStreamEnd (/Users/mohitmendiratta/Projects/bots/w1/astro-whatsapp-bot/node_modules/axios/lib/adapters/http.js:617:11)
    at IncomingMessage.emit (node:events:520:35)
    at endReadableNT (node:internal/streams/readable:1701:12)
    at processTicksAndRejections (node:internal/process/task_queues:90:21)
    at Axios.request (/Users/mohitmendiratta/Projects/bots/w1/astro-whatsapp-bot/node_modules/axios/lib/core/Axios.js:45:41)
    at processTicksAndRejections (node:internal/process/task_queues:105:5)
    at sendTextMessage (/Users/mohitmendiratta/Projects/bots/w1/astro-whatsapp-bot/src/services/whatsapp/messageSender.js:64:22)
    at sendMessage (/Users/mohitmendiratta/Projects/bots/w1/astro-whatsapp-bot/src/services/whatsapp/messageSender.js:484:18)
    at sendErrorMessage (/Users/mohitmendiratta/Projects/bots/w1/astro-whatsapp-bot/src/services/whatsapp/messageProcessor.js:2515:3)
    at processIncomingMessage (/Users/mohitmendiratta/Projects/bots/w1/astro-whatsapp-bot/src/services/whatsapp/messageProcessor.js:249:5)
    at Object.&lt;anonymous&gt; (/Users/mohitmendiratta/Projects/bots/w1/astro-whatsapp-bot/tests/e2e/comprehensive-test-suite/comprehensive-conversation-flows.test.js:59:7)</failure>
    </testcase>
    <testcase classname="COMPREHENSIVE CONVERSATION FLOWS: User Interaction Scenarios (148 tests) Onboarding Flow (23 tests) auto-corrects malformed date (15/06/90 → 150690) and proceeds" name="COMPREHENSIVE CONVERSATION FLOWS: User Interaction Scenarios (148 tests) Onboarding Flow (23 tests) auto-corrects malformed date (15/06/90 → 150690) and proceeds" time="0.926">
      <failure>AxiosError: Request failed with status code 401
    at settle (/Users/mohitmendiratta/Projects/bots/w1/astro-whatsapp-bot/node_modules/axios/lib/core/settle.js:19:12)
    at IncomingMessage.handleStreamEnd (/Users/mohitmendiratta/Projects/bots/w1/astro-whatsapp-bot/node_modules/axios/lib/adapters/http.js:617:11)
    at IncomingMessage.emit (node:events:520:35)
    at endReadableNT (node:internal/streams/readable:1701:12)
    at processTicksAndRejections (node:internal/process/task_queues:90:21)
    at Axios.request (/Users/mohitmendiratta/Projects/bots/w1/astro-whatsapp-bot/node_modules/axios/lib/core/Axios.js:45:41)
    at processTicksAndRejections (node:internal/process/task_queues:105:5)
    at sendTextMessage (/Users/mohitmendiratta/Projects/bots/w1/astro-whatsapp-bot/src/services/whatsapp/messageSender.js:64:22)
    at sendMessage (/Users/mohitmendiratta/Projects/bots/w1/astro-whatsapp-bot/src/services/whatsapp/messageSender.js:484:18)
    at sendErrorMessage (/Users/mohitmendiratta/Projects/bots/w1/astro-whatsapp-bot/src/services/whatsapp/messageProcessor.js:2515:3)
    at processIncomingMessage (/Users/mohitmendiratta/Projects/bots/w1/astro-whatsapp-bot/src/services/whatsapp/messageProcessor.js:249:5)
    at Object.&lt;anonymous&gt; (/Users/mohitmendiratta/Projects/bots/w1/astro-whatsapp-bot/tests/e2e/comprehensive-test-suite/comprehensive-conversation-flows.test.js:71:7)</failure>
    </testcase>
    <testcase classname="COMPREHENSIVE CONVERSATION FLOWS: User Interaction Scenarios (148 tests) Onboarding Flow (23 tests) accepts very old valid dates (01011800) and proceeds" name="COMPREHENSIVE CONVERSATION FLOWS: User Interaction Scenarios (148 tests) Onboarding Flow (23 tests) accepts very old valid dates (01011800) and proceeds" time="0.633">
      <failure>AxiosError: Request failed with status code 401
    at settle (/Users/mohitmendiratta/Projects/bots/w1/astro-whatsapp-bot/node_modules/axios/lib/core/settle.js:19:12)
    at IncomingMessage.handleStreamEnd (/Users/mohitmendiratta/Projects/bots/w1/astro-whatsapp-bot/node_modules/axios/lib/adapters/http.js:617:11)
    at IncomingMessage.emit (node:events:520:35)
    at endReadableNT (node:internal/streams/readable:1701:12)
    at processTicksAndRejections (node:internal/process/task_queues:90:21)
    at Axios.request (/Users/mohitmendiratta/Projects/bots/w1/astro-whatsapp-bot/node_modules/axios/lib/core/Axios.js:45:41)
    at processTicksAndRejections (node:internal/process/task_queues:105:5)
    at sendTextMessage (/Users/mohitmendiratta/Projects/bots/w1/astro-whatsapp-bot/src/services/whatsapp/messageSender.js:64:22)
    at sendMessage (/Users/mohitmendiratta/Projects/bots/w1/astro-whatsapp-bot/src/services/whatsapp/messageSender.js:484:18)
    at sendErrorMessage (/Users/mohitmendiratta/Projects/bots/w1/astro-whatsapp-bot/src/services/whatsapp/messageProcessor.js:2515:3)
    at processIncomingMessage (/Users/mohitmendiratta/Projects/bots/w1/astro-whatsapp-bot/src/services/whatsapp/messageProcessor.js:249:5)
    at Object.&lt;anonymous&gt; (/Users/mohitmendiratta/Projects/bots/w1/astro-whatsapp-bot/tests/e2e/comprehensive-test-suite/comprehensive-conversation-flows.test.js:88:7)</failure>
    </testcase>
    <testcase classname="COMPREHENSIVE CONVERSATION FLOWS: User Interaction Scenarios (148 tests) Onboarding Flow (23 tests) shows error for literal date format text (DDMMYY) and re-prompts" name="COMPREHENSIVE CONVERSATION FLOWS: User Interaction Scenarios (148 tests) Onboarding Flow (23 tests) shows error for literal date format text (DDMMYY) and re-prompts" time="0.695">
      <failure>AxiosError: Request failed with status code 401
    at settle (/Users/mohitmendiratta/Projects/bots/w1/astro-whatsapp-bot/node_modules/axios/lib/core/settle.js:19:12)
    at IncomingMessage.handleStreamEnd (/Users/mohitmendiratta/Projects/bots/w1/astro-whatsapp-bot/node_modules/axios/lib/adapters/http.js:617:11)
    at IncomingMessage.emit (node:events:520:35)
    at endReadableNT (node:internal/streams/readable:1701:12)
    at processTicksAndRejections (node:internal/process/task_queues:90:21)
    at Axios.request (/Users/mohitmendiratta/Projects/bots/w1/astro-whatsapp-bot/node_modules/axios/lib/core/Axios.js:45:41)
    at processTicksAndRejections (node:internal/process/task_queues:105:5)
    at sendTextMessage (/Users/mohitmendiratta/Projects/bots/w1/astro-whatsapp-bot/src/services/whatsapp/messageSender.js:64:22)
    at sendMessage (/Users/mohitmendiratta/Projects/bots/w1/astro-whatsapp-bot/src/services/whatsapp/messageSender.js:484:18)
    at sendErrorMessage (/Users/mohitmendiratta/Projects/bots/w1/astro-whatsapp-bot/src/services/whatsapp/messageProcessor.js:2515:3)
    at processIncomingMessage (/Users/mohitmendiratta/Projects/bots/w1/astro-whatsapp-bot/src/services/whatsapp/messageProcessor.js:249:5)
    at Object.&lt;anonymous&gt; (/Users/mohitmendiratta/Projects/bots/w1/astro-whatsapp-bot/tests/e2e/comprehensive-test-suite/comprehensive-conversation-flows.test.js:102:7)</failure>
    </testcase>
    <testcase classname="COMPREHENSIVE CONVERSATION FLOWS: User Interaction Scenarios (148 tests) Onboarding Flow (23 tests) rejects time in colon format (9:30 → error)" name="COMPREHENSIVE CONVERSATION FLOWS: User Interaction Scenarios (148 tests) Onboarding Flow (23 tests) rejects time in colon format (9:30 → error)" time="0.628">
      <failure>AxiosError: Request failed with status code 401
    at settle (/Users/mohitmendiratta/Projects/bots/w1/astro-whatsapp-bot/node_modules/axios/lib/core/settle.js:19:12)
    at IncomingMessage.handleStreamEnd (/Users/mohitmendiratta/Projects/bots/w1/astro-whatsapp-bot/node_modules/axios/lib/adapters/http.js:617:11)
    at IncomingMessage.emit (node:events:520:35)
    at endReadableNT (node:internal/streams/readable:1701:12)
    at processTicksAndRejections (node:internal/process/task_queues:90:21)
    at Axios.request (/Users/mohitmendiratta/Projects/bots/w1/astro-whatsapp-bot/node_modules/axios/lib/core/Axios.js:45:41)
    at processTicksAndRejections (node:internal/process/task_queues:105:5)
    at sendTextMessage (/Users/mohitmendiratta/Projects/bots/w1/astro-whatsapp-bot/src/services/whatsapp/messageSender.js:64:22)
    at sendMessage (/Users/mohitmendiratta/Projects/bots/w1/astro-whatsapp-bot/src/services/whatsapp/messageSender.js:484:18)
    at sendErrorMessage (/Users/mohitmendiratta/Projects/bots/w1/astro-whatsapp-bot/src/services/whatsapp/messageProcessor.js:2515:3)
    at processIncomingMessage (/Users/mohitmendiratta/Projects/bots/w1/astro-whatsapp-bot/src/services/whatsapp/messageProcessor.js:249:5)
    at Object.&lt;anonymous&gt; (/Users/mohitmendiratta/Projects/bots/w1/astro-whatsapp-bot/tests/e2e/comprehensive-test-suite/comprehensive-conversation-flows.test.js:116:7)</failure>
    </testcase>
    <testcase classname="COMPREHENSIVE CONVERSATION FLOWS: User Interaction Scenarios (148 tests) Onboarding Flow (23 tests) rejects invalid hour (2530 → validation error)" name="COMPREHENSIVE CONVERSATION FLOWS: User Interaction Scenarios (148 tests) Onboarding Flow (23 tests) rejects invalid hour (2530 → validation error)" time="0.643">
      <failure>AxiosError: Request failed with status code 401
    at settle (/Users/mohitmendiratta/Projects/bots/w1/astro-whatsapp-bot/node_modules/axios/lib/core/settle.js:19:12)
    at IncomingMessage.handleStreamEnd (/Users/mohitmendiratta/Projects/bots/w1/astro-whatsapp-bot/node_modules/axios/lib/adapters/http.js:617:11)
    at IncomingMessage.emit (node:events:520:35)
    at endReadableNT (node:internal/streams/readable:1701:12)
    at processTicksAndRejections (node:internal/process/task_queues:90:21)
    at Axios.request (/Users/mohitmendiratta/Projects/bots/w1/astro-whatsapp-bot/node_modules/axios/lib/core/Axios.js:45:41)
    at processTicksAndRejections (node:internal/process/task_queues:105:5)
    at sendTextMessage (/Users/mohitmendiratta/Projects/bots/w1/astro-whatsapp-bot/src/services/whatsapp/messageSender.js:64:22)
    at sendMessage (/Users/mohitmendiratta/Projects/bots/w1/astro-whatsapp-bot/src/services/whatsapp/messageSender.js:484:18)
    at sendErrorMessage (/Users/mohitmendiratta/Projects/bots/w1/astro-whatsapp-bot/src/services/whatsapp/messageProcessor.js:2515:3)
    at processIncomingMessage (/Users/mohitmendiratta/Projects/bots/w1/astro-whatsapp-bot/src/services/whatsapp/messageProcessor.js:249:5)
    at Object.&lt;anonymous&gt; (/Users/mohitmendiratta/Projects/bots/w1/astro-whatsapp-bot/tests/e2e/comprehensive-test-suite/comprehensive-conversation-flows.test.js:130:7)</failure>
    </testcase>
    <testcase classname="COMPREHENSIVE CONVERSATION FLOWS: User Interaction Scenarios (148 tests) Onboarding Flow (23 tests) rejects invalid minutes (2460 → validation error)" name="COMPREHENSIVE CONVERSATION FLOWS: User Interaction Scenarios (148 tests) Onboarding Flow (23 tests) rejects invalid minutes (2460 → validation error)" time="0.872">
      <failure>AxiosError: Request failed with status code 401
    at settle (/Users/mohitmendiratta/Projects/bots/w1/astro-whatsapp-bot/node_modules/axios/lib/core/settle.js:19:12)
    at IncomingMessage.handleStreamEnd (/Users/mohitmendiratta/Projects/bots/w1/astro-whatsapp-bot/node_modules/axios/lib/adapters/http.js:617:11)
    at IncomingMessage.emit (node:events:520:35)
    at endReadableNT (node:internal/streams/readable:1701:12)
    at processTicksAndRejections (node:internal/process/task_queues:90:21)
    at Axios.request (/Users/mohitmendiratta/Projects/bots/w1/astro-whatsapp-bot/node_modules/axios/lib/core/Axios.js:45:41)
    at processTicksAndRejections (node:internal/process/task_queues:105:5)
    at sendTextMessage (/Users/mohitmendiratta/Projects/bots/w1/astro-whatsapp-bot/src/services/whatsapp/messageSender.js:64:22)
    at sendMessage (/Users/mohitmendiratta/Projects/bots/w1/astro-whatsapp-bot/src/services/whatsapp/messageSender.js:484:18)
    at sendErrorMessage (/Users/mohitmendiratta/Projects/bots/w1/astro-whatsapp-bot/src/services/whatsapp/messageProcessor.js:2515:3)
    at processIncomingMessage (/Users/mohitmendiratta/Projects/bots/w1/astro-whatsapp-bot/src/services/whatsapp/messageProcessor.js:249:5)
    at Object.&lt;anonymous&gt; (/Users/mohitmendiratta/Projects/bots/w1/astro-whatsapp-bot/tests/e2e/comprehensive-test-suite/comprehensive-conversation-flows.test.js:144:7)</failure>
    </testcase>
    <testcase classname="COMPREHENSIVE CONVERSATION FLOWS: User Interaction Scenarios (148 tests) Onboarding Flow (23 tests) auto-formats short time input (930 → 0930) and proceeds" name="COMPREHENSIVE CONVERSATION FLOWS: User Interaction Scenarios (148 tests) Onboarding Flow (23 tests) auto-formats short time input (930 → 0930) and proceeds" time="0.635">
      <failure>AxiosError: Request failed with status code 401
    at settle (/Users/mohitmendiratta/Projects/bots/w1/astro-whatsapp-bot/node_modules/axios/lib/core/settle.js:19:12)
    at IncomingMessage.handleStreamEnd (/Users/mohitmendiratta/Projects/bots/w1/astro-whatsapp-bot/node_modules/axios/lib/adapters/http.js:617:11)
    at IncomingMessage.emit (node:events:520:35)
    at endReadableNT (node:internal/streams/readable:1701:12)
    at processTicksAndRejections (node:internal/process/task_queues:90:21)
    at Axios.request (/Users/mohitmendiratta/Projects/bots/w1/astro-whatsapp-bot/node_modules/axios/lib/core/Axios.js:45:41)
    at processTicksAndRejections (node:internal/process/task_queues:105:5)
    at sendTextMessage (/Users/mohitmendiratta/Projects/bots/w1/astro-whatsapp-bot/src/services/whatsapp/messageSender.js:64:22)
    at sendMessage (/Users/mohitmendiratta/Projects/bots/w1/astro-whatsapp-bot/src/services/whatsapp/messageSender.js:484:18)
    at sendErrorMessage (/Users/mohitmendiratta/Projects/bots/w1/astro-whatsapp-bot/src/services/whatsapp/messageProcessor.js:2515:3)
    at processIncomingMessage (/Users/mohitmendiratta/Projects/bots/w1/astro-whatsapp-bot/src/services/whatsapp/messageProcessor.js:249:5)
    at Object.&lt;anonymous&gt; (/Users/mohitmendiratta/Projects/bots/w1/astro-whatsapp-bot/tests/e2e/comprehensive-test-suite/comprehensive-conversation-flows.test.js:158:7)</failure>
    </testcase>
    <testcase classname="COMPREHENSIVE CONVERSATION FLOWS: User Interaction Scenarios (148 tests) Onboarding Flow (23 tests) recognizes time skip functionality with various capitalizations" name="COMPREHENSIVE CONVERSATION FLOWS: User Interaction Scenarios (148 tests) Onboarding Flow (23 tests) recognizes time skip functionality with various capitalizations" time="0.697">
      <failure>AxiosError: Request failed with status code 401
    at settle (/Users/mohitmendiratta/Projects/bots/w1/astro-whatsapp-bot/node_modules/axios/lib/core/settle.js:19:12)
    at IncomingMessage.handleStreamEnd (/Users/mohitmendiratta/Projects/bots/w1/astro-whatsapp-bot/node_modules/axios/lib/adapters/http.js:617:11)
    at IncomingMessage.emit (node:events:520:35)
    at endReadableNT (node:internal/streams/readable:1701:12)
    at processTicksAndRejections (node:internal/process/task_queues:90:21)
    at Axios.request (/Users/mohitmendiratta/Projects/bots/w1/astro-whatsapp-bot/node_modules/axios/lib/core/Axios.js:45:41)
    at processTicksAndRejections (node:internal/process/task_queues:105:5)
    at sendTextMessage (/Users/mohitmendiratta/Projects/bots/w1/astro-whatsapp-bot/src/services/whatsapp/messageSender.js:64:22)
    at sendMessage (/Users/mohitmendiratta/Projects/bots/w1/astro-whatsapp-bot/src/services/whatsapp/messageSender.js:484:18)
    at sendErrorMessage (/Users/mohitmendiratta/Projects/bots/w1/astro-whatsapp-bot/src/services/whatsapp/messageProcessor.js:2515:3)
    at processIncomingMessage (/Users/mohitmendiratta/Projects/bots/w1/astro-whatsapp-bot/src/services/whatsapp/messageProcessor.js:249:5)
    at Object.&lt;anonymous&gt; (/Users/mohitmendiratta/Projects/bots/w1/astro-whatsapp-bot/tests/e2e/comprehensive-test-suite/comprehensive-conversation-flows.test.js:172:7)</failure>
    </testcase>
    <testcase classname="COMPREHENSIVE CONVERSATION FLOWS: User Interaction Scenarios (148 tests) Onboarding Flow (23 tests) handles geocoding failures gracefully" name="COMPREHENSIVE CONVERSATION FLOWS: User Interaction Scenarios (148 tests) Onboarding Flow (23 tests) handles geocoding failures gracefully" time="0.804">
      <failure>AxiosError: Request failed with status code 401
    at settle (/Users/mohitmendiratta/Projects/bots/w1/astro-whatsapp-bot/node_modules/axios/lib/core/settle.js:19:12)
    at IncomingMessage.handleStreamEnd (/Users/mohitmendiratta/Projects/bots/w1/astro-whatsapp-bot/node_modules/axios/lib/adapters/http.js:617:11)
    at IncomingMessage.emit (node:events:520:35)
    at endReadableNT (node:internal/streams/readable:1701:12)
    at processTicksAndRejections (node:internal/process/task_queues:90:21)
    at Axios.request (/Users/mohitmendiratta/Projects/bots/w1/astro-whatsapp-bot/node_modules/axios/lib/core/Axios.js:45:41)
    at processTicksAndRejections (node:internal/process/task_queues:105:5)
    at sendTextMessage (/Users/mohitmendiratta/Projects/bots/w1/astro-whatsapp-bot/src/services/whatsapp/messageSender.js:64:22)
    at sendMessage (/Users/mohitmendiratta/Projects/bots/w1/astro-whatsapp-bot/src/services/whatsapp/messageSender.js:484:18)
    at sendErrorMessage (/Users/mohitmendiratta/Projects/bots/w1/astro-whatsapp-bot/src/services/whatsapp/messageProcessor.js:2515:3)
    at processIncomingMessage (/Users/mohitmendiratta/Projects/bots/w1/astro-whatsapp-bot/src/services/whatsapp/messageProcessor.js:249:5)
    at Object.&lt;anonymous&gt; (/Users/mohitmendiratta/Projects/bots/w1/astro-whatsapp-bot/tests/e2e/comprehensive-test-suite/comprehensive-conversation-flows.test.js:189:7)</failure>
    </testcase>
    <testcase classname="COMPREHENSIVE CONVERSATION FLOWS: User Interaction Scenarios (148 tests) Onboarding Flow (23 tests) accepts timezone calculations for birth location" name="COMPREHENSIVE CONVERSATION FLOWS: User Interaction Scenarios (148 tests) Onboarding Flow (23 tests) accepts timezone calculations for birth location" time="0.714">
      <failure>AxiosError: Request failed with status code 401
    at settle (/Users/mohitmendiratta/Projects/bots/w1/astro-whatsapp-bot/node_modules/axios/lib/core/settle.js:19:12)
    at IncomingMessage.handleStreamEnd (/Users/mohitmendiratta/Projects/bots/w1/astro-whatsapp-bot/node_modules/axios/lib/adapters/http.js:617:11)
    at IncomingMessage.emit (node:events:520:35)
    at endReadableNT (node:internal/streams/readable:1701:12)
    at processTicksAndRejections (node:internal/process/task_queues:90:21)
    at Axios.request (/Users/mohitmendiratta/Projects/bots/w1/astro-whatsapp-bot/node_modules/axios/lib/core/Axios.js:45:41)
    at processTicksAndRejections (node:internal/process/task_queues:105:5)
    at sendTextMessage (/Users/mohitmendiratta/Projects/bots/w1/astro-whatsapp-bot/src/services/whatsapp/messageSender.js:64:22)
    at sendMessage (/Users/mohitmendiratta/Projects/bots/w1/astro-whatsapp-bot/src/services/whatsapp/messageSender.js:484:18)
    at sendErrorMessage (/Users/mohitmendiratta/Projects/bots/w1/astro-whatsapp-bot/src/services/whatsapp/messageProcessor.js:2515:3)
    at processIncomingMessage (/Users/mohitmendiratta/Projects/bots/w1/astro-whatsapp-bot/src/services/whatsapp/messageProcessor.js:249:5)
    at Object.&lt;anonymous&gt; (/Users/mohitmendiratta/Projects/bots/w1/astro-whatsapp-bot/tests/e2e/comprehensive-test-suite/comprehensive-conversation-flows.test.js:205:7)</failure>
    </testcase>
    <testcase classname="COMPREHENSIVE CONVERSATION FLOWS: User Interaction Scenarios (148 tests) Onboarding Flow (23 tests) handles DST transition in birth time correctly" name="COMPREHENSIVE CONVERSATION FLOWS: User Interaction Scenarios (148 tests) Onboarding Flow (23 tests) handles DST transition in birth time correctly" time="0.832">
      <failure>AxiosError: Request failed with status code 401
    at settle (/Users/mohitmendiratta/Projects/bots/w1/astro-whatsapp-bot/node_modules/axios/lib/core/settle.js:19:12)
    at IncomingMessage.handleStreamEnd (/Users/mohitmendiratta/Projects/bots/w1/astro-whatsapp-bot/node_modules/axios/lib/adapters/http.js:617:11)
    at IncomingMessage.emit (node:events:520:35)
    at endReadableNT (node:internal/streams/readable:1701:12)
    at processTicksAndRejections (node:internal/process/task_queues:90:21)
    at Axios.request (/Users/mohitmendiratta/Projects/bots/w1/astro-whatsapp-bot/node_modules/axios/lib/core/Axios.js:45:41)
    at processTicksAndRejections (node:internal/process/task_queues:105:5)
    at sendTextMessage (/Users/mohitmendiratta/Projects/bots/w1/astro-whatsapp-bot/src/services/whatsapp/messageSender.js:64:22)
    at sendMessage (/Users/mohitmendiratta/Projects/bots/w1/astro-whatsapp-bot/src/services/whatsapp/messageSender.js:484:18)
    at sendErrorMessage (/Users/mohitmendiratta/Projects/bots/w1/astro-whatsapp-bot/src/services/whatsapp/messageProcessor.js:2515:3)
    at processIncomingMessage (/Users/mohitmendiratta/Projects/bots/w1/astro-whatsapp-bot/src/services/whatsapp/messageProcessor.js:249:5)
    at Object.&lt;anonymous&gt; (/Users/mohitmendiratta/Projects/bots/w1/astro-whatsapp-bot/tests/e2e/comprehensive-test-suite/comprehensive-conversation-flows.test.js:222:7)</failure>
    </testcase>
    <testcase classname="COMPREHENSIVE CONVERSATION FLOWS: User Interaction Scenarios (148 tests) Onboarding Flow (23 tests) validates international location geocoding" name="COMPREHENSIVE CONVERSATION FLOWS: User Interaction Scenarios (148 tests) Onboarding Flow (23 tests) validates international location geocoding" time="0.628">
      <failure>AxiosError: Request failed with status code 401
    at settle (/Users/mohitmendiratta/Projects/bots/w1/astro-whatsapp-bot/node_modules/axios/lib/core/settle.js:19:12)
    at IncomingMessage.handleStreamEnd (/Users/mohitmendiratta/Projects/bots/w1/astro-whatsapp-bot/node_modules/axios/lib/adapters/http.js:617:11)
    at IncomingMessage.emit (node:events:520:35)
    at endReadableNT (node:internal/streams/readable:1701:12)
    at processTicksAndRejections (node:internal/process/task_queues:90:21)
    at Axios.request (/Users/mohitmendiratta/Projects/bots/w1/astro-whatsapp-bot/node_modules/axios/lib/core/Axios.js:45:41)
    at processTicksAndRejections (node:internal/process/task_queues:105:5)
    at sendTextMessage (/Users/mohitmendiratta/Projects/bots/w1/astro-whatsapp-bot/src/services/whatsapp/messageSender.js:64:22)
    at sendMessage (/Users/mohitmendiratta/Projects/bots/w1/astro-whatsapp-bot/src/services/whatsapp/messageSender.js:484:18)
    at sendErrorMessage (/Users/mohitmendiratta/Projects/bots/w1/astro-whatsapp-bot/src/services/whatsapp/messageProcessor.js:2515:3)
    at processIncomingMessage (/Users/mohitmendiratta/Projects/bots/w1/astro-whatsapp-bot/src/services/whatsapp/messageProcessor.js:249:5)
    at Object.&lt;anonymous&gt; (/Users/mohitmendiratta/Projects/bots/w1/astro-whatsapp-bot/tests/e2e/comprehensive-test-suite/comprehensive-conversation-flows.test.js:239:7)</failure>
    </testcase>
    <testcase classname="COMPREHENSIVE CONVERSATION FLOWS: User Interaction Scenarios (148 tests) Onboarding Flow (23 tests) defaults to English for invalid language codes" name="COMPREHENSIVE CONVERSATION FLOWS: User Interaction Scenarios (148 tests) Onboarding Flow (23 tests) defaults to English for invalid language codes" time="0.696">
      <failure>AxiosError: Request failed with status code 401
    at settle (/Users/mohitmendiratta/Projects/bots/w1/astro-whatsapp-bot/node_modules/axios/lib/core/settle.js:19:12)
    at IncomingMessage.handleStreamEnd (/Users/mohitmendiratta/Projects/bots/w1/astro-whatsapp-bot/node_modules/axios/lib/adapters/http.js:617:11)
    at IncomingMessage.emit (node:events:520:35)
    at endReadableNT (node:internal/streams/readable:1701:12)
    at processTicksAndRejections (node:internal/process/task_queues:90:21)
    at Axios.request (/Users/mohitmendiratta/Projects/bots/w1/astro-whatsapp-bot/node_modules/axios/lib/core/Axios.js:45:41)
    at processTicksAndRejections (node:internal/process/task_queues:105:5)
    at sendTextMessage (/Users/mohitmendiratta/Projects/bots/w1/astro-whatsapp-bot/src/services/whatsapp/messageSender.js:64:22)
    at sendMessage (/Users/mohitmendiratta/Projects/bots/w1/astro-whatsapp-bot/src/services/whatsapp/messageSender.js:484:18)
    at sendErrorMessage (/Users/mohitmendiratta/Projects/bots/w1/astro-whatsapp-bot/src/services/whatsapp/messageProcessor.js:2515:3)
    at processIncomingMessage (/Users/mohitmendiratta/Projects/bots/w1/astro-whatsapp-bot/src/services/whatsapp/messageProcessor.js:249:5)
    at Object.&lt;anonymous&gt; (/Users/mohitmendiratta/Projects/bots/w1/astro-whatsapp-bot/tests/e2e/comprehensive-test-suite/comprehensive-conversation-flows.test.js:256:7)</failure>
    </testcase>
    <testcase classname="COMPREHENSIVE CONVERSATION FLOWS: User Interaction Scenarios (148 tests) Onboarding Flow (23 tests) lists available options for unsupported language" name="COMPREHENSIVE CONVERSATION FLOWS: User Interaction Scenarios (148 tests) Onboarding Flow (23 tests) lists available options for unsupported language" time="0.708">
      <failure>AxiosError: Request failed with status code 401
    at settle (/Users/mohitmendiratta/Projects/bots/w1/astro-whatsapp-bot/node_modules/axios/lib/core/settle.js:19:12)
    at IncomingMessage.handleStreamEnd (/Users/mohitmendiratta/Projects/bots/w1/astro-whatsapp-bot/node_modules/axios/lib/adapters/http.js:617:11)
    at IncomingMessage.emit (node:events:520:35)
    at endReadableNT (node:internal/streams/readable:1701:12)
    at processTicksAndRejections (node:internal/process/task_queues:90:21)
    at Axios.request (/Users/mohitmendiratta/Projects/bots/w1/astro-whatsapp-bot/node_modules/axios/lib/core/Axios.js:45:41)
    at processTicksAndRejections (node:internal/process/task_queues:105:5)
    at sendTextMessage (/Users/mohitmendiratta/Projects/bots/w1/astro-whatsapp-bot/src/services/whatsapp/messageSender.js:64:22)
    at sendMessage (/Users/mohitmendiratta/Projects/bots/w1/astro-whatsapp-bot/src/services/whatsapp/messageSender.js:484:18)
    at sendErrorMessage (/Users/mohitmendiratta/Projects/bots/w1/astro-whatsapp-bot/src/services/whatsapp/messageProcessor.js:2515:3)
    at processIncomingMessage (/Users/mohitmendiratta/Projects/bots/w1/astro-whatsapp-bot/src/services/whatsapp/messageProcessor.js:249:5)
    at Object.&lt;anonymous&gt; (/Users/mohitmendiratta/Projects/bots/w1/astro-whatsapp-bot/tests/e2e/comprehensive-test-suite/comprehensive-conversation-flows.test.js:264:7)</failure>
    </testcase>
    <testcase classname="COMPREHENSIVE CONVERSATION FLOWS: User Interaction Scenarios (148 tests) Onboarding Flow (23 tests) handles language change mid-flow" name="COMPREHENSIVE CONVERSATION FLOWS: User Interaction Scenarios (148 tests) Onboarding Flow (23 tests) handles language change mid-flow" time="0.71">
      <failure>AxiosError: Request failed with status code 401
    at settle (/Users/mohitmendiratta/Projects/bots/w1/astro-whatsapp-bot/node_modules/axios/lib/core/settle.js:19:12)
    at IncomingMessage.handleStreamEnd (/Users/mohitmendiratta/Projects/bots/w1/astro-whatsapp-bot/node_modules/axios/lib/adapters/http.js:617:11)
    at IncomingMessage.emit (node:events:520:35)
    at endReadableNT (node:internal/streams/readable:1701:12)
    at processTicksAndRejections (node:internal/process/task_queues:90:21)
    at Axios.request (/Users/mohitmendiratta/Projects/bots/w1/astro-whatsapp-bot/node_modules/axios/lib/core/Axios.js:45:41)
    at processTicksAndRejections (node:internal/process/task_queues:105:5)
    at sendTextMessage (/Users/mohitmendiratta/Projects/bots/w1/astro-whatsapp-bot/src/services/whatsapp/messageSender.js:64:22)
    at sendMessage (/Users/mohitmendiratta/Projects/bots/w1/astro-whatsapp-bot/src/services/whatsapp/messageSender.js:484:18)
    at sendErrorMessage (/Users/mohitmendiratta/Projects/bots/w1/astro-whatsapp-bot/src/services/whatsapp/messageProcessor.js:2515:3)
    at processIncomingMessage (/Users/mohitmendiratta/Projects/bots/w1/astro-whatsapp-bot/src/services/whatsapp/messageProcessor.js:249:5)
    at Object.&lt;anonymous&gt; (/Users/mohitmendiratta/Projects/bots/w1/astro-whatsapp-bot/tests/e2e/comprehensive-test-suite/comprehensive-conversation-flows.test.js:273:7)</failure>
    </testcase>
    <testcase classname="COMPREHENSIVE CONVERSATION FLOWS: User Interaction Scenarios (148 tests) Onboarding Flow (23 tests) activates Hindi interface for emoji response" name="COMPREHENSIVE CONVERSATION FLOWS: User Interaction Scenarios (148 tests) Onboarding Flow (23 tests) activates Hindi interface for emoji response" time="0.64">
      <failure>AxiosError: Request failed with status code 401
    at settle (/Users/mohitmendiratta/Projects/bots/w1/astro-whatsapp-bot/node_modules/axios/lib/core/settle.js:19:12)
    at IncomingMessage.handleStreamEnd (/Users/mohitmendiratta/Projects/bots/w1/astro-whatsapp-bot/node_modules/axios/lib/adapters/http.js:617:11)
    at IncomingMessage.emit (node:events:520:35)
    at endReadableNT (node:internal/streams/readable:1701:12)
    at processTicksAndRejections (node:internal/process/task_queues:90:21)
    at Axios.request (/Users/mohitmendiratta/Projects/bots/w1/astro-whatsapp-bot/node_modules/axios/lib/core/Axios.js:45:41)
    at processTicksAndRejections (node:internal/process/task_queues:105:5)
    at sendTextMessage (/Users/mohitmendiratta/Projects/bots/w1/astro-whatsapp-bot/src/services/whatsapp/messageSender.js:64:22)
    at sendMessage (/Users/mohitmendiratta/Projects/bots/w1/astro-whatsapp-bot/src/services/whatsapp/messageSender.js:484:18)
    at sendErrorMessage (/Users/mohitmendiratta/Projects/bots/w1/astro-whatsapp-bot/src/services/whatsapp/messageProcessor.js:2515:3)
    at processIncomingMessage (/Users/mohitmendiratta/Projects/bots/w1/astro-whatsapp-bot/src/services/whatsapp/messageProcessor.js:249:5)
    at Object.&lt;anonymous&gt; (/Users/mohitmendiratta/Projects/bots/w1/astro-whatsapp-bot/tests/e2e/comprehensive-test-suite/comprehensive-conversation-flows.test.js:285:7)</failure>
    </testcase>
    <testcase classname="COMPREHENSIVE CONVERSATION FLOWS: User Interaction Scenarios (148 tests) Onboarding Flow (23 tests) returns to date input when &quot;No&quot; is sent during confirmation" name="COMPREHENSIVE CONVERSATION FLOWS: User Interaction Scenarios (148 tests) Onboarding Flow (23 tests) returns to date input when &quot;No&quot; is sent during confirmation" time="0.634">
      <failure>AxiosError: Request failed with status code 401
    at settle (/Users/mohitmendiratta/Projects/bots/w1/astro-whatsapp-bot/node_modules/axios/lib/core/settle.js:19:12)
    at IncomingMessage.handleStreamEnd (/Users/mohitmendiratta/Projects/bots/w1/astro-whatsapp-bot/node_modules/axios/lib/adapters/http.js:617:11)
    at IncomingMessage.emit (node:events:520:35)
    at endReadableNT (node:internal/streams/readable:1701:12)
    at processTicksAndRejections (node:internal/process/task_queues:90:21)
    at Axios.request (/Users/mohitmendiratta/Projects/bots/w1/astro-whatsapp-bot/node_modules/axios/lib/core/Axios.js:45:41)
    at processTicksAndRejections (node:internal/process/task_queues:105:5)
    at sendTextMessage (/Users/mohitmendiratta/Projects/bots/w1/astro-whatsapp-bot/src/services/whatsapp/messageSender.js:64:22)
    at sendMessage (/Users/mohitmendiratta/Projects/bots/w1/astro-whatsapp-bot/src/services/whatsapp/messageSender.js:484:18)
    at sendErrorMessage (/Users/mohitmendiratta/Projects/bots/w1/astro-whatsapp-bot/src/services/whatsapp/messageProcessor.js:2515:3)
    at processIncomingMessage (/Users/mohitmendiratta/Projects/bots/w1/astro-whatsapp-bot/src/services/whatsapp/messageProcessor.js:249:5)
    at Object.&lt;anonymous&gt; (/Users/mohitmendiratta/Projects/bots/w1/astro-whatsapp-bot/tests/e2e/comprehensive-test-suite/comprehensive-conversation-flows.test.js:297:7)</failure>
    </testcase>
    <testcase classname="COMPREHENSIVE CONVERSATION FLOWS: User Interaction Scenarios (148 tests) Onboarding Flow (23 tests) restarts complete flow if confirmation attempted with missing data" name="COMPREHENSIVE CONVERSATION FLOWS: User Interaction Scenarios (148 tests) Onboarding Flow (23 tests) restarts complete flow if confirmation attempted with missing data" time="0.682">
      <failure>AxiosError: Request failed with status code 401
    at settle (/Users/mohitmendiratta/Projects/bots/w1/astro-whatsapp-bot/node_modules/axios/lib/core/settle.js:19:12)
    at IncomingMessage.handleStreamEnd (/Users/mohitmendiratta/Projects/bots/w1/astro-whatsapp-bot/node_modules/axios/lib/adapters/http.js:617:11)
    at IncomingMessage.emit (node:events:520:35)
    at endReadableNT (node:internal/streams/readable:1701:12)
    at processTicksAndRejections (node:internal/process/task_queues:90:21)
    at Axios.request (/Users/mohitmendiratta/Projects/bots/w1/astro-whatsapp-bot/node_modules/axios/lib/core/Axios.js:45:41)
    at processTicksAndRejections (node:internal/process/task_queues:105:5)
    at sendTextMessage (/Users/mohitmendiratta/Projects/bots/w1/astro-whatsapp-bot/src/services/whatsapp/messageSender.js:64:22)
    at sendMessage (/Users/mohitmendiratta/Projects/bots/w1/astro-whatsapp-bot/src/services/whatsapp/messageSender.js:484:18)
    at sendErrorMessage (/Users/mohitmendiratta/Projects/bots/w1/astro-whatsapp-bot/src/services/whatsapp/messageProcessor.js:2515:3)
    at processIncomingMessage (/Users/mohitmendiratta/Projects/bots/w1/astro-whatsapp-bot/src/services/whatsapp/messageProcessor.js:249:5)
    at simulateOnboarding (/Users/mohitmendiratta/Projects/bots/w1/astro-whatsapp-bot/tests/e2e/comprehensive-test-suite/comprehensive-conversation-flows.test.js:36:5)
    at Object.&lt;anonymous&gt; (/Users/mohitmendiratta/Projects/bots/w1/astro-whatsapp-bot/tests/e2e/comprehensive-test-suite/comprehensive-conversation-flows.test.js:312:7)</failure>
    </testcase>
    <testcase classname="COMPREHENSIVE CONVERSATION FLOWS: User Interaction Scenarios (148 tests) Compatibility Analysis Flow (18 tests) allows partner data validation edge cases" name="COMPREHENSIVE CONVERSATION FLOWS: User Interaction Scenarios (148 tests) Compatibility Analysis Flow (18 tests) allows partner data validation edge cases" time="0.013">
    </testcase>
    <testcase classname="COMPREHENSIVE CONVERSATION FLOWS: User Interaction Scenarios (148 tests) Compatibility Analysis Flow (18 tests) handles same-sex partnership compatibility" name="COMPREHENSIVE CONVERSATION FLOWS: User Interaction Scenarios (148 tests) Compatibility Analysis Flow (18 tests) handles same-sex partnership compatibility" time="0.013">
    </testcase>
    <testcase classname="COMPREHENSIVE CONVERSATION FLOWS: User Interaction Scenarios (148 tests) Compatibility Analysis Flow (18 tests) supports multi-partner compatibility checks" name="COMPREHENSIVE CONVERSATION FLOWS: User Interaction Scenarios (148 tests) Compatibility Analysis Flow (18 tests) supports multi-partner compatibility checks" time="0.013">
    </testcase>
    <testcase classname="COMPREHENSIVE CONVERSATION FLOWS: User Interaction Scenarios (148 tests) Compatibility Analysis Flow (18 tests) relationship context variations (romantic vs friendship)" name="COMPREHENSIVE CONVERSATION FLOWS: User Interaction Scenarios (148 tests) Compatibility Analysis Flow (18 tests) relationship context variations (romantic vs friendship)" time="0.014">
    </testcase>
    <testcase classname="COMPREHENSIVE CONVERSATION FLOWS: User Interaction Scenarios (148 tests) Subscription Flow (27 tests) handles payment provider timeouts and failures" name="COMPREHENSIVE CONVERSATION FLOWS: User Interaction Scenarios (148 tests) Subscription Flow (27 tests) handles payment provider timeouts and failures" time="0.014">
    </testcase>
    <testcase classname="COMPREHENSIVE CONVERSATION FLOWS: User Interaction Scenarios (148 tests) Subscription Flow (27 tests) manages subscription state transitions correctly" name="COMPREHENSIVE CONVERSATION FLOWS: User Interaction Scenarios (148 tests) Subscription Flow (27 tests) manages subscription state transitions correctly" time="0.007">
    </testcase>
    <testcase classname="COMPREHENSIVE CONVERSATION FLOWS: User Interaction Scenarios (148 tests) Subscription Flow (27 tests) supports multiple currency handling" name="COMPREHENSIVE CONVERSATION FLOWS: User Interaction Scenarios (148 tests) Subscription Flow (27 tests) supports multiple currency handling" time="0.007">
    </testcase>
    <testcase classname="COMPREHENSIVE CONVERSATION FLOWS: User Interaction Scenarios (148 tests) Numerology Analysis Flow (15 tests) handles special character processing in names" name="COMPREHENSIVE CONVERSATION FLOWS: User Interaction Scenarios (148 tests) Numerology Analysis Flow (15 tests) handles special character processing in names" time="0.009">
    </testcase>
    <testcase classname="COMPREHENSIVE CONVERSATION FLOWS: User Interaction Scenarios (148 tests) Numerology Analysis Flow (15 tests) supports non-English names in numerological calculations" name="COMPREHENSIVE CONVERSATION FLOWS: User Interaction Scenarios (148 tests) Numerology Analysis Flow (15 tests) supports non-English names in numerological calculations" time="0.008">
    </testcase>
    <testcase classname="COMPREHENSIVE CONVERSATION FLOWS: User Interaction Scenarios (148 tests) Numerology Analysis Flow (15 tests) provides Vedic vs Pythagorean numerology differences" name="COMPREHENSIVE CONVERSATION FLOWS: User Interaction Scenarios (148 tests) Numerology Analysis Flow (15 tests) provides Vedic vs Pythagorean numerology differences" time="0.009">
    </testcase>
    <testcase classname="COMPREHENSIVE CONVERSATION FLOWS: User Interaction Scenarios (148 tests) Nadi Astrology Flow (12 tests) validates traditional Nadi leaf authentication methods" name="COMPREHENSIVE CONVERSATION FLOWS: User Interaction Scenarios (148 tests) Nadi Astrology Flow (12 tests) validates traditional Nadi leaf authentication methods" time="0.008">
    </testcase>
    <testcase classname="COMPREHENSIVE CONVERSATION FLOWS: User Interaction Scenarios (148 tests) Nadi Astrology Flow (12 tests) maintains predictability accuracy validation" name="COMPREHENSIVE CONVERSATION FLOWS: User Interaction Scenarios (148 tests) Nadi Astrology Flow (12 tests) maintains predictability accuracy validation" time="0.009">
    </testcase>
    <testcase classname="COMPREHENSIVE CONVERSATION FLOWS: User Interaction Scenarios (148 tests) Chinese Astrology Flow (14 tests) validates Four Pillars completeness according to traditional rules" name="COMPREHENSIVE CONVERSATION FLOWS: User Interaction Scenarios (148 tests) Chinese Astrology Flow (14 tests) validates Four Pillars completeness according to traditional rules" time="0.007">
    </testcase>
    <testcase classname="COMPREHENSIVE CONVERSATION FLOWS: User Interaction Scenarios (148 tests) Chinese Astrology Flow (14 tests) performs seasonal strength calculations for Five Element variations" name="COMPREHENSIVE CONVERSATION FLOWS: User Interaction Scenarios (148 tests) Chinese Astrology Flow (14 tests) performs seasonal strength calculations for Five Element variations" time="0.007">
    </testcase>
    <testcase classname="COMPREHENSIVE CONVERSATION FLOWS: User Interaction Scenarios (148 tests) Group Astrology Flows (39 tests) analyzes multi-generational family chart complexity" name="COMPREHENSIVE CONVERSATION FLOWS: User Interaction Scenarios (148 tests) Group Astrology Flows (39 tests) analyzes multi-generational family chart complexity" time="0.008">
    </testcase>
    <testcase classname="COMPREHENSIVE CONVERSATION FLOWS: User Interaction Scenarios (148 tests) Group Astrology Flows (39 tests) supports business partnership synastry calculations" name="COMPREHENSIVE CONVERSATION FLOWS: User Interaction Scenarios (148 tests) Group Astrology Flows (39 tests) supports business partnership synastry calculations" time="0.009">
    </testcase>
  </testsuite>
  <testsuite name="REAL WhatsApp Bot End-to-End Flow Tests" errors="0" failures="3" skipped="0" timestamp="2025-10-28T20:49:52" time="15.566" tests="5">
    <testcase classname="REAL WhatsApp Bot End-to-End Flow Tests Complete User Onboarding Flow should complete full onboarding and generate real astrology reading" name="REAL WhatsApp Bot End-to-End Flow Tests Complete User Onboarding Flow should complete full onboarding and generate real astrology reading" time="7.27">
      <failure>Error: expect(received).toBe(expected) // Object.is equality

Expected: true
Received: false
    at Object.toBe (/Users/mohitmendiratta/Projects/bots/w1/astro-whatsapp-bot/tests/e2e/real-whatsapp-flow.test.js:224:36)
    at processTicksAndRejections (node:internal/process/task_queues:105:5)</failure>
    </testcase>
    <testcase classname="REAL WhatsApp Bot End-to-End Flow Tests Existing User Astrology Requests should generate real daily horoscope for existing user" name="REAL WhatsApp Bot End-to-End Flow Tests Existing User Astrology Requests should generate real daily horoscope for existing user" time="4.553">
      <failure>Error: expect(received).toContain(expected) // indexOf

Expected substring: &quot;🔮 *Your Daily Horoscope*&quot;
Received string:    &quot;[object Promise]·
[object Promise]·
[object Promise]
[object Promise]
[object Promise]
[object Promise]
[object Promise]
[object Promise][object Promise]&quot;
    at Object.toContain (/Users/mohitmendiratta/Projects/bots/w1/astro-whatsapp-bot/tests/e2e/real-whatsapp-flow.test.js:309:37)
    at processTicksAndRejections (node:internal/process/task_queues:105:5)</failure>
    </testcase>
    <testcase classname="REAL WhatsApp Bot End-to-End Flow Tests Existing User Astrology Requests should handle compatibility request with real calculations" name="REAL WhatsApp Bot End-to-End Flow Tests Existing User Astrology Requests should handle compatibility request with real calculations" time="0.077">
      <failure>Error: expect(received).toContain(expected) // indexOf

Expected substring: &quot;💕 *Compatibility Analysis*&quot;
Received string:    &quot;messages.compatibility.error&quot;
    at Object.toContain (/Users/mohitmendiratta/Projects/bots/w1/astro-whatsapp-bot/tests/e2e/real-whatsapp-flow.test.js:349:27)
    at processTicksAndRejections (node:internal/process/task_queues:105:5)</failure>
    </testcase>
    <testcase classname="REAL WhatsApp Bot End-to-End Flow Tests Error Handling and Edge Cases should handle invalid webhook payload gracefully" name="REAL WhatsApp Bot End-to-End Flow Tests Error Handling and Edge Cases should handle invalid webhook payload gracefully" time="0.019">
    </testcase>
    <testcase classname="REAL WhatsApp Bot End-to-End Flow Tests Error Handling and Edge Cases should handle malformed messages gracefully" name="REAL WhatsApp Bot End-to-End Flow Tests Error Handling and Edge Cases should handle malformed messages gracefully" time="0.055">
    </testcase>
  </testsuite>
  <testsuite name="COMPREHENSIVE ASTROLOGY CALCULATIONS: Birth Charts &amp; Predictions (114 tests)" errors="0" failures="12" skipped="0" timestamp="2025-10-28T20:50:08" time="12.338" tests="37">
    <testcase classname="COMPREHENSIVE ASTROLOGY CALCULATIONS: Birth Charts &amp; Predictions (114 tests) Birth Data Edge Cases (67 tests) calculates chart accurately for exact solstice birth moment" name="COMPREHENSIVE ASTROLOGY CALCULATIONS: Birth Charts &amp; Predictions (114 tests) Birth Data Edge Cases (67 tests) calculates chart accurately for exact solstice birth moment" time="1.447">
      <failure>AxiosError: Request failed with status code 401
    at settle (/Users/mohitmendiratta/Projects/bots/w1/astro-whatsapp-bot/node_modules/axios/lib/core/settle.js:19:12)
    at IncomingMessage.handleStreamEnd (/Users/mohitmendiratta/Projects/bots/w1/astro-whatsapp-bot/node_modules/axios/lib/adapters/http.js:617:11)
    at IncomingMessage.emit (node:events:520:35)
    at endReadableNT (node:internal/streams/readable:1701:12)
    at processTicksAndRejections (node:internal/process/task_queues:90:21)
    at Axios.request (/Users/mohitmendiratta/Projects/bots/w1/astro-whatsapp-bot/node_modules/axios/lib/core/Axios.js:45:41)
    at processTicksAndRejections (node:internal/process/task_queues:105:5)
    at sendTextMessage (/Users/mohitmendiratta/Projects/bots/w1/astro-whatsapp-bot/src/services/whatsapp/messageSender.js:64:22)
    at sendMessage (/Users/mohitmendiratta/Projects/bots/w1/astro-whatsapp-bot/src/services/whatsapp/messageSender.js:484:18)
    at sendErrorMessage (/Users/mohitmendiratta/Projects/bots/w1/astro-whatsapp-bot/src/services/whatsapp/messageProcessor.js:2515:3)
    at processIncomingMessage (/Users/mohitmendiratta/Projects/bots/w1/astro-whatsapp-bot/src/services/whatsapp/messageProcessor.js:249:5)
    at Object.&lt;anonymous&gt; (/Users/mohitmendiratta/Projects/bots/w1/astro-whatsapp-bot/tests/e2e/comprehensive-test-suite/comprehensive-astrology-calculations.test.js:36:7)</failure>
    </testcase>
    <testcase classname="COMPREHENSIVE ASTROLOGY CALCULATIONS: Birth Charts &amp; Predictions (114 tests) Birth Data Edge Cases (67 tests) handles February 29th leap year birth correctly" name="COMPREHENSIVE ASTROLOGY CALCULATIONS: Birth Charts &amp; Predictions (114 tests) Birth Data Edge Cases (67 tests) handles February 29th leap year birth correctly" time="0.746">
      <failure>AxiosError: Request failed with status code 401
    at settle (/Users/mohitmendiratta/Projects/bots/w1/astro-whatsapp-bot/node_modules/axios/lib/core/settle.js:19:12)
    at IncomingMessage.handleStreamEnd (/Users/mohitmendiratta/Projects/bots/w1/astro-whatsapp-bot/node_modules/axios/lib/adapters/http.js:617:11)
    at IncomingMessage.emit (node:events:520:35)
    at endReadableNT (node:internal/streams/readable:1701:12)
    at processTicksAndRejections (node:internal/process/task_queues:90:21)
    at Axios.request (/Users/mohitmendiratta/Projects/bots/w1/astro-whatsapp-bot/node_modules/axios/lib/core/Axios.js:45:41)
    at processTicksAndRejections (node:internal/process/task_queues:105:5)
    at sendTextMessage (/Users/mohitmendiratta/Projects/bots/w1/astro-whatsapp-bot/src/services/whatsapp/messageSender.js:64:22)
    at sendMessage (/Users/mohitmendiratta/Projects/bots/w1/astro-whatsapp-bot/src/services/whatsapp/messageSender.js:484:18)
    at sendErrorMessage (/Users/mohitmendiratta/Projects/bots/w1/astro-whatsapp-bot/src/services/whatsapp/messageProcessor.js:2515:3)
    at processIncomingMessage (/Users/mohitmendiratta/Projects/bots/w1/astro-whatsapp-bot/src/services/whatsapp/messageProcessor.js:249:5)
    at Object.&lt;anonymous&gt; (/Users/mohitmendiratta/Projects/bots/w1/astro-whatsapp-bot/tests/e2e/comprehensive-test-suite/comprehensive-astrology-calculations.test.js:52:7)</failure>
    </testcase>
    <testcase classname="COMPREHENSIVE ASTROLOGY CALCULATIONS: Birth Charts &amp; Predictions (114 tests) Birth Data Edge Cases (67 tests) handles polar latitude birth calculations" name="COMPREHENSIVE ASTROLOGY CALCULATIONS: Birth Charts &amp; Predictions (114 tests) Birth Data Edge Cases (67 tests) handles polar latitude birth calculations" time="0.629">
      <failure>AxiosError: Request failed with status code 401
    at settle (/Users/mohitmendiratta/Projects/bots/w1/astro-whatsapp-bot/node_modules/axios/lib/core/settle.js:19:12)
    at IncomingMessage.handleStreamEnd (/Users/mohitmendiratta/Projects/bots/w1/astro-whatsapp-bot/node_modules/axios/lib/adapters/http.js:617:11)
    at IncomingMessage.emit (node:events:520:35)
    at endReadableNT (node:internal/streams/readable:1701:12)
    at processTicksAndRejections (node:internal/process/task_queues:90:21)
    at Axios.request (/Users/mohitmendiratta/Projects/bots/w1/astro-whatsapp-bot/node_modules/axios/lib/core/Axios.js:45:41)
    at processTicksAndRejections (node:internal/process/task_queues:105:5)
    at sendTextMessage (/Users/mohitmendiratta/Projects/bots/w1/astro-whatsapp-bot/src/services/whatsapp/messageSender.js:64:22)
    at sendMessage (/Users/mohitmendiratta/Projects/bots/w1/astro-whatsapp-bot/src/services/whatsapp/messageSender.js:484:18)
    at sendErrorMessage (/Users/mohitmendiratta/Projects/bots/w1/astro-whatsapp-bot/src/services/whatsapp/messageProcessor.js:2515:3)
    at processIncomingMessage (/Users/mohitmendiratta/Projects/bots/w1/astro-whatsapp-bot/src/services/whatsapp/messageProcessor.js:249:5)
    at Object.&lt;anonymous&gt; (/Users/mohitmendiratta/Projects/bots/w1/astro-whatsapp-bot/tests/e2e/comprehensive-test-suite/comprehensive-astrology-calculations.test.js:68:7)</failure>
    </testcase>
    <testcase classname="COMPREHENSIVE ASTROLOGY CALCULATIONS: Birth Charts &amp; Predictions (114 tests) Birth Data Edge Cases (67 tests) incorporates eclipse energy in birth chart" name="COMPREHENSIVE ASTROLOGY CALCULATIONS: Birth Charts &amp; Predictions (114 tests) Birth Data Edge Cases (67 tests) incorporates eclipse energy in birth chart" time="0.633">
      <failure>AxiosError: Request failed with status code 401
    at settle (/Users/mohitmendiratta/Projects/bots/w1/astro-whatsapp-bot/node_modules/axios/lib/core/settle.js:19:12)
    at IncomingMessage.handleStreamEnd (/Users/mohitmendiratta/Projects/bots/w1/astro-whatsapp-bot/node_modules/axios/lib/adapters/http.js:617:11)
    at IncomingMessage.emit (node:events:520:35)
    at endReadableNT (node:internal/streams/readable:1701:12)
    at processTicksAndRejections (node:internal/process/task_queues:90:21)
    at Axios.request (/Users/mohitmendiratta/Projects/bots/w1/astro-whatsapp-bot/node_modules/axios/lib/core/Axios.js:45:41)
    at processTicksAndRejections (node:internal/process/task_queues:105:5)
    at sendTextMessage (/Users/mohitmendiratta/Projects/bots/w1/astro-whatsapp-bot/src/services/whatsapp/messageSender.js:64:22)
    at sendMessage (/Users/mohitmendiratta/Projects/bots/w1/astro-whatsapp-bot/src/services/whatsapp/messageSender.js:484:18)
    at sendErrorMessage (/Users/mohitmendiratta/Projects/bots/w1/astro-whatsapp-bot/src/services/whatsapp/messageProcessor.js:2515:3)
    at processIncomingMessage (/Users/mohitmendiratta/Projects/bots/w1/astro-whatsapp-bot/src/services/whatsapp/messageProcessor.js:249:5)
    at Object.&lt;anonymous&gt; (/Users/mohitmendiratta/Projects/bots/w1/astro-whatsapp-bot/tests/e2e/comprehensive-test-suite/comprehensive-astrology-calculations.test.js:78:7)</failure>
    </testcase>
    <testcase classname="COMPREHENSIVE ASTROLOGY CALCULATIONS: Birth Charts &amp; Predictions (114 tests) Birth Data Edge Cases (67 tests) calculates accurate midnight boundary charts" name="COMPREHENSIVE ASTROLOGY CALCULATIONS: Birth Charts &amp; Predictions (114 tests) Birth Data Edge Cases (67 tests) calculates accurate midnight boundary charts" time="0.639">
      <failure>AxiosError: Request failed with status code 401
    at settle (/Users/mohitmendiratta/Projects/bots/w1/astro-whatsapp-bot/node_modules/axios/lib/core/settle.js:19:12)
    at IncomingMessage.handleStreamEnd (/Users/mohitmendiratta/Projects/bots/w1/astro-whatsapp-bot/node_modules/axios/lib/adapters/http.js:617:11)
    at IncomingMessage.emit (node:events:520:35)
    at endReadableNT (node:internal/streams/readable:1701:12)
    at processTicksAndRejections (node:internal/process/task_queues:90:21)
    at Axios.request (/Users/mohitmendiratta/Projects/bots/w1/astro-whatsapp-bot/node_modules/axios/lib/core/Axios.js:45:41)
    at processTicksAndRejections (node:internal/process/task_queues:105:5)
    at sendTextMessage (/Users/mohitmendiratta/Projects/bots/w1/astro-whatsapp-bot/src/services/whatsapp/messageSender.js:64:22)
    at sendMessage (/Users/mohitmendiratta/Projects/bots/w1/astro-whatsapp-bot/src/services/whatsapp/messageSender.js:484:18)
    at sendErrorMessage (/Users/mohitmendiratta/Projects/bots/w1/astro-whatsapp-bot/src/services/whatsapp/messageProcessor.js:2515:3)
    at processIncomingMessage (/Users/mohitmendiratta/Projects/bots/w1/astro-whatsapp-bot/src/services/whatsapp/messageProcessor.js:249:5)
    at Object.&lt;anonymous&gt; (/Users/mohitmendiratta/Projects/bots/w1/astro-whatsapp-bot/tests/e2e/comprehensive-test-suite/comprehensive-astrology-calculations.test.js:94:7)</failure>
    </testcase>
    <testcase classname="COMPREHENSIVE ASTROLOGY CALCULATIONS: Birth Charts &amp; Predictions (114 tests) Birth Data Edge Cases (67 tests) accurately calculates pre-1900 historical charts" name="COMPREHENSIVE ASTROLOGY CALCULATIONS: Birth Charts &amp; Predictions (114 tests) Birth Data Edge Cases (67 tests) accurately calculates pre-1900 historical charts" time="0.641">
      <failure>AxiosError: Request failed with status code 401
    at settle (/Users/mohitmendiratta/Projects/bots/w1/astro-whatsapp-bot/node_modules/axios/lib/core/settle.js:19:12)
    at IncomingMessage.handleStreamEnd (/Users/mohitmendiratta/Projects/bots/w1/astro-whatsapp-bot/node_modules/axios/lib/adapters/http.js:617:11)
    at IncomingMessage.emit (node:events:520:35)
    at endReadableNT (node:internal/streams/readable:1701:12)
    at processTicksAndRejections (node:internal/process/task_queues:90:21)
    at Axios.request (/Users/mohitmendiratta/Projects/bots/w1/astro-whatsapp-bot/node_modules/axios/lib/core/Axios.js:45:41)
    at processTicksAndRejections (node:internal/process/task_queues:105:5)
    at sendTextMessage (/Users/mohitmendiratta/Projects/bots/w1/astro-whatsapp-bot/src/services/whatsapp/messageSender.js:64:22)
    at sendMessage (/Users/mohitmendiratta/Projects/bots/w1/astro-whatsapp-bot/src/services/whatsapp/messageSender.js:484:18)
    at sendErrorMessage (/Users/mohitmendiratta/Projects/bots/w1/astro-whatsapp-bot/src/services/whatsapp/messageProcessor.js:2515:3)
    at processIncomingMessage (/Users/mohitmendiratta/Projects/bots/w1/astro-whatsapp-bot/src/services/whatsapp/messageProcessor.js:249:5)
    at Object.&lt;anonymous&gt; (/Users/mohitmendiratta/Projects/bots/w1/astro-whatsapp-bot/tests/e2e/comprehensive-test-suite/comprehensive-astrology-calculations.test.js:104:7)</failure>
    </testcase>
    <testcase classname="COMPREHENSIVE ASTROLOGY CALCULATIONS: Birth Charts &amp; Predictions (114 tests) Birth Data Edge Cases (67 tests) handles ancient birth date astronomical verification" name="COMPREHENSIVE ASTROLOGY CALCULATIONS: Birth Charts &amp; Predictions (114 tests) Birth Data Edge Cases (67 tests) handles ancient birth date astronomical verification" time="0.621">
      <failure>AxiosError: Request failed with status code 401
    at settle (/Users/mohitmendiratta/Projects/bots/w1/astro-whatsapp-bot/node_modules/axios/lib/core/settle.js:19:12)
    at IncomingMessage.handleStreamEnd (/Users/mohitmendiratta/Projects/bots/w1/astro-whatsapp-bot/node_modules/axios/lib/adapters/http.js:617:11)
    at IncomingMessage.emit (node:events:520:35)
    at endReadableNT (node:internal/streams/readable:1701:12)
    at processTicksAndRejections (node:internal/process/task_queues:90:21)
    at Axios.request (/Users/mohitmendiratta/Projects/bots/w1/astro-whatsapp-bot/node_modules/axios/lib/core/Axios.js:45:41)
    at processTicksAndRejections (node:internal/process/task_queues:105:5)
    at sendTextMessage (/Users/mohitmendiratta/Projects/bots/w1/astro-whatsapp-bot/src/services/whatsapp/messageSender.js:64:22)
    at sendMessage (/Users/mohitmendiratta/Projects/bots/w1/astro-whatsapp-bot/src/services/whatsapp/messageSender.js:484:18)
    at sendErrorMessage (/Users/mohitmendiratta/Projects/bots/w1/astro-whatsapp-bot/src/services/whatsapp/messageProcessor.js:2515:3)
    at processIncomingMessage (/Users/mohitmendiratta/Projects/bots/w1/astro-whatsapp-bot/src/services/whatsapp/messageProcessor.js:249:5)
    at Object.&lt;anonymous&gt; (/Users/mohitmendiratta/Projects/bots/w1/astro-whatsapp-bot/tests/e2e/comprehensive-test-suite/comprehensive-astrology-calculations.test.js:114:7)</failure>
    </testcase>
    <testcase classname="COMPREHENSIVE ASTROLOGY CALCULATIONS: Birth Charts &amp; Predictions (114 tests) Birth Data Edge Cases (67 tests) provides future birth predictive calculations" name="COMPREHENSIVE ASTROLOGY CALCULATIONS: Birth Charts &amp; Predictions (114 tests) Birth Data Edge Cases (67 tests) provides future birth predictive calculations" time="0.733">
      <failure>AxiosError: Request failed with status code 401
    at settle (/Users/mohitmendiratta/Projects/bots/w1/astro-whatsapp-bot/node_modules/axios/lib/core/settle.js:19:12)
    at IncomingMessage.handleStreamEnd (/Users/mohitmendiratta/Projects/bots/w1/astro-whatsapp-bot/node_modules/axios/lib/adapters/http.js:617:11)
    at IncomingMessage.emit (node:events:520:35)
    at endReadableNT (node:internal/streams/readable:1701:12)
    at processTicksAndRejections (node:internal/process/task_queues:90:21)
    at Axios.request (/Users/mohitmendiratta/Projects/bots/w1/astro-whatsapp-bot/node_modules/axios/lib/core/Axios.js:45:41)
    at processTicksAndRejections (node:internal/process/task_queues:105:5)
    at sendTextMessage (/Users/mohitmendiratta/Projects/bots/w1/astro-whatsapp-bot/src/services/whatsapp/messageSender.js:64:22)
    at sendMessage (/Users/mohitmendiratta/Projects/bots/w1/astro-whatsapp-bot/src/services/whatsapp/messageSender.js:484:18)
    at sendErrorMessage (/Users/mohitmendiratta/Projects/bots/w1/astro-whatsapp-bot/src/services/whatsapp/messageProcessor.js:2515:3)
    at processIncomingMessage (/Users/mohitmendiratta/Projects/bots/w1/astro-whatsapp-bot/src/services/whatsapp/messageProcessor.js:249:5)
    at Object.&lt;anonymous&gt; (/Users/mohitmendiratta/Projects/bots/w1/astro-whatsapp-bot/tests/e2e/comprehensive-test-suite/comprehensive-astrology-calculations.test.js:124:7)</failure>
    </testcase>
    <testcase classname="COMPREHENSIVE ASTROLOGY CALCULATIONS: Birth Charts &amp; Predictions (114 tests) Birth Data Edge Cases (67 tests) reproduces famous birth charts accurately" name="COMPREHENSIVE ASTROLOGY CALCULATIONS: Birth Charts &amp; Predictions (114 tests) Birth Data Edge Cases (67 tests) reproduces famous birth charts accurately" time="0.731">
      <failure>AxiosError: Request failed with status code 401
    at settle (/Users/mohitmendiratta/Projects/bots/w1/astro-whatsapp-bot/node_modules/axios/lib/core/settle.js:19:12)
    at IncomingMessage.handleStreamEnd (/Users/mohitmendiratta/Projects/bots/w1/astro-whatsapp-bot/node_modules/axios/lib/adapters/http.js:617:11)
    at IncomingMessage.emit (node:events:520:35)
    at endReadableNT (node:internal/streams/readable:1701:12)
    at processTicksAndRejections (node:internal/process/task_queues:90:21)
    at Axios.request (/Users/mohitmendiratta/Projects/bots/w1/astro-whatsapp-bot/node_modules/axios/lib/core/Axios.js:45:41)
    at processTicksAndRejections (node:internal/process/task_queues:105:5)
    at sendTextMessage (/Users/mohitmendiratta/Projects/bots/w1/astro-whatsapp-bot/src/services/whatsapp/messageSender.js:64:22)
    at sendMessage (/Users/mohitmendiratta/Projects/bots/w1/astro-whatsapp-bot/src/services/whatsapp/messageSender.js:484:18)
    at sendErrorMessage (/Users/mohitmendiratta/Projects/bots/w1/astro-whatsapp-bot/src/services/whatsapp/messageProcessor.js:2515:3)
    at processIncomingMessage (/Users/mohitmendiratta/Projects/bots/w1/astro-whatsapp-bot/src/services/whatsapp/messageProcessor.js:249:5)
    at Object.&lt;anonymous&gt; (/Users/mohitmendiratta/Projects/bots/w1/astro-whatsapp-bot/tests/e2e/comprehensive-test-suite/comprehensive-astrology-calculations.test.js:140:7)</failure>
    </testcase>
    <testcase classname="COMPREHENSIVE ASTROLOGY CALCULATIONS: Birth Charts &amp; Predictions (114 tests) Birth Data Edge Cases (67 tests) maintains accuracy with seconds-level precision" name="COMPREHENSIVE ASTROLOGY CALCULATIONS: Birth Charts &amp; Predictions (114 tests) Birth Data Edge Cases (67 tests) maintains accuracy with seconds-level precision" time="0.708">
      <failure>AxiosError: Request failed with status code 401
    at settle (/Users/mohitmendiratta/Projects/bots/w1/astro-whatsapp-bot/node_modules/axios/lib/core/settle.js:19:12)
    at IncomingMessage.handleStreamEnd (/Users/mohitmendiratta/Projects/bots/w1/astro-whatsapp-bot/node_modules/axios/lib/adapters/http.js:617:11)
    at IncomingMessage.emit (node:events:520:35)
    at endReadableNT (node:internal/streams/readable:1701:12)
    at processTicksAndRejections (node:internal/process/task_queues:90:21)
    at Axios.request (/Users/mohitmendiratta/Projects/bots/w1/astro-whatsapp-bot/node_modules/axios/lib/core/Axios.js:45:41)
    at processTicksAndRejections (node:internal/process/task_queues:105:5)
    at sendTextMessage (/Users/mohitmendiratta/Projects/bots/w1/astro-whatsapp-bot/src/services/whatsapp/messageSender.js:64:22)
    at sendMessage (/Users/mohitmendiratta/Projects/bots/w1/astro-whatsapp-bot/src/services/whatsapp/messageSender.js:484:18)
    at sendErrorMessage (/Users/mohitmendiratta/Projects/bots/w1/astro-whatsapp-bot/src/services/whatsapp/messageProcessor.js:2515:3)
    at processIncomingMessage (/Users/mohitmendiratta/Projects/bots/w1/astro-whatsapp-bot/src/services/whatsapp/messageProcessor.js:249:5)
    at Object.&lt;anonymous&gt; (/Users/mohitmendiratta/Projects/bots/w1/astro-whatsapp-bot/tests/e2e/comprehensive-test-suite/comprehensive-astrology-calculations.test.js:156:7)</failure>
    </testcase>
    <testcase classname="COMPREHENSIVE ASTROLOGY CALCULATIONS: Birth Charts &amp; Predictions (114 tests) Birth Data Edge Cases (67 tests) handles global timezone offset calculations correctly" name="COMPREHENSIVE ASTROLOGY CALCULATIONS: Birth Charts &amp; Predictions (114 tests) Birth Data Edge Cases (67 tests) handles global timezone offset calculations correctly" time="0.63">
      <failure>AxiosError: Request failed with status code 401
    at settle (/Users/mohitmendiratta/Projects/bots/w1/astro-whatsapp-bot/node_modules/axios/lib/core/settle.js:19:12)
    at IncomingMessage.handleStreamEnd (/Users/mohitmendiratta/Projects/bots/w1/astro-whatsapp-bot/node_modules/axios/lib/adapters/http.js:617:11)
    at IncomingMessage.emit (node:events:520:35)
    at endReadableNT (node:internal/streams/readable:1701:12)
    at processTicksAndRejections (node:internal/process/task_queues:90:21)
    at Axios.request (/Users/mohitmendiratta/Projects/bots/w1/astro-whatsapp-bot/node_modules/axios/lib/core/Axios.js:45:41)
    at processTicksAndRejections (node:internal/process/task_queues:105:5)
    at sendTextMessage (/Users/mohitmendiratta/Projects/bots/w1/astro-whatsapp-bot/src/services/whatsapp/messageSender.js:64:22)
    at sendMessage (/Users/mohitmendiratta/Projects/bots/w1/astro-whatsapp-bot/src/services/whatsapp/messageSender.js:484:18)
    at sendErrorMessage (/Users/mohitmendiratta/Projects/bots/w1/astro-whatsapp-bot/src/services/whatsapp/messageProcessor.js:2515:3)
    at processIncomingMessage (/Users/mohitmendiratta/Projects/bots/w1/astro-whatsapp-bot/src/services/whatsapp/messageProcessor.js:249:5)
    at Object.&lt;anonymous&gt; (/Users/mohitmendiratta/Projects/bots/w1/astro-whatsapp-bot/tests/e2e/comprehensive-test-suite/comprehensive-astrology-calculations.test.js:166:7)</failure>
    </testcase>
    <testcase classname="COMPREHENSIVE ASTROLOGY CALCULATIONS: Birth Charts &amp; Predictions (114 tests) Birth Data Edge Cases (67 tests) correctly handles DST transition adjustments" name="COMPREHENSIVE ASTROLOGY CALCULATIONS: Birth Charts &amp; Predictions (114 tests) Birth Data Edge Cases (67 tests) correctly handles DST transition adjustments" time="0.612">
      <failure>AxiosError: Request failed with status code 401
    at settle (/Users/mohitmendiratta/Projects/bots/w1/astro-whatsapp-bot/node_modules/axios/lib/core/settle.js:19:12)
    at IncomingMessage.handleStreamEnd (/Users/mohitmendiratta/Projects/bots/w1/astro-whatsapp-bot/node_modules/axios/lib/adapters/http.js:617:11)
    at IncomingMessage.emit (node:events:520:35)
    at endReadableNT (node:internal/streams/readable:1701:12)
    at processTicksAndRejections (node:internal/process/task_queues:90:21)
    at Axios.request (/Users/mohitmendiratta/Projects/bots/w1/astro-whatsapp-bot/node_modules/axios/lib/core/Axios.js:45:41)
    at processTicksAndRejections (node:internal/process/task_queues:105:5)
    at sendTextMessage (/Users/mohitmendiratta/Projects/bots/w1/astro-whatsapp-bot/src/services/whatsapp/messageSender.js:64:22)
    at sendMessage (/Users/mohitmendiratta/Projects/bots/w1/astro-whatsapp-bot/src/services/whatsapp/messageSender.js:484:18)
    at sendErrorMessage (/Users/mohitmendiratta/Projects/bots/w1/astro-whatsapp-bot/src/services/whatsapp/messageProcessor.js:2515:3)
    at processIncomingMessage (/Users/mohitmendiratta/Projects/bots/w1/astro-whatsapp-bot/src/services/whatsapp/messageProcessor.js:249:5)
    at Object.&lt;anonymous&gt; (/Users/mohitmendiratta/Projects/bots/w1/astro-whatsapp-bot/tests/e2e/comprehensive-test-suite/comprehensive-astrology-calculations.test.js:176:7)</failure>
    </testcase>
    <testcase classname="COMPREHENSIVE ASTROLOGY CALCULATIONS: Birth Charts &amp; Predictions (114 tests) Birth Data Edge Cases (67 tests) handles extreme latitude polar region calculations" name="COMPREHENSIVE ASTROLOGY CALCULATIONS: Birth Charts &amp; Predictions (114 tests) Birth Data Edge Cases (67 tests) handles extreme latitude polar region calculations" time="0.011">
    </testcase>
    <testcase classname="COMPREHENSIVE ASTROLOGY CALCULATIONS: Birth Charts &amp; Predictions (114 tests) Birth Data Edge Cases (67 tests) processes birth charts for mountains and subterranean locations" name="COMPREHENSIVE ASTROLOGY CALCULATIONS: Birth Charts &amp; Predictions (114 tests) Birth Data Edge Cases (67 tests) processes birth charts for mountains and subterranean locations" time="0.011">
    </testcase>
    <testcase classname="COMPREHENSIVE ASTROLOGY CALCULATIONS: Birth Charts &amp; Predictions (114 tests) Birth Data Edge Cases (67 tests) calculates mobile births for planes/cars with motion" name="COMPREHENSIVE ASTROLOGY CALCULATIONS: Birth Charts &amp; Predictions (114 tests) Birth Data Edge Cases (67 tests) calculates mobile births for planes/cars with motion" time="0.018">
    </testcase>
    <testcase classname="COMPREHENSIVE ASTROLOGY CALCULATIONS: Birth Charts &amp; Predictions (114 tests) Birth Data Edge Cases (67 tests) integrates sacred site spiritual energy factors" name="COMPREHENSIVE ASTROLOGY CALCULATIONS: Birth Charts &amp; Predictions (114 tests) Birth Data Edge Cases (67 tests) integrates sacred site spiritual energy factors" time="0.009">
    </testcase>
    <testcase classname="COMPREHENSIVE ASTROLOGY CALCULATIONS: Birth Charts &amp; Predictions (114 tests) Birth Data Edge Cases (67 tests) incorporates historical battleground karmic influences" name="COMPREHENSIVE ASTROLOGY CALCULATIONS: Birth Charts &amp; Predictions (114 tests) Birth Data Edge Cases (67 tests) incorporates historical battleground karmic influences" time="0.009">
    </testcase>
    <testcase classname="COMPREHENSIVE ASTROLOGY CALCULATIONS: Birth Charts &amp; Predictions (114 tests) Birth Data Edge Cases (67 tests) considers natural disaster environmental energy patterns" name="COMPREHENSIVE ASTROLOGY CALCULATIONS: Birth Charts &amp; Predictions (114 tests) Birth Data Edge Cases (67 tests) considers natural disaster environmental energy patterns" time="0.007">
    </testcase>
    <testcase classname="COMPREHENSIVE ASTROLOGY CALCULATIONS: Birth Charts &amp; Predictions (114 tests) Location-Based Calculations (28 tests) calculates accurately for North Pole coordinates" name="COMPREHENSIVE ASTROLOGY CALCULATIONS: Birth Charts &amp; Predictions (114 tests) Location-Based Calculations (28 tests) calculates accurately for North Pole coordinates" time="0.007">
    </testcase>
    <testcase classname="COMPREHENSIVE ASTROLOGY CALCULATIONS: Birth Charts &amp; Predictions (114 tests) Location-Based Calculations (28 tests) handles Pacific International Dateline transitions" name="COMPREHENSIVE ASTROLOGY CALCULATIONS: Birth Charts &amp; Predictions (114 tests) Location-Based Calculations (28 tests) handles Pacific International Dateline transitions" time="0.007">
    </testcase>
    <testcase classname="COMPREHENSIVE ASTROLOGY CALCULATIONS: Birth Charts &amp; Predictions (114 tests) Location-Based Calculations (28 tests) accounts for mountain peak altitude astronomical corrections" name="COMPREHENSIVE ASTROLOGY CALCULATIONS: Birth Charts &amp; Predictions (114 tests) Location-Based Calculations (28 tests) accounts for mountain peak altitude astronomical corrections" time="0.006">
    </testcase>
    <testcase classname="COMPREHENSIVE ASTROLOGY CALCULATIONS: Birth Charts &amp; Predictions (114 tests) Location-Based Calculations (28 tests) processes subterranean birth location charts" name="COMPREHENSIVE ASTROLOGY CALCULATIONS: Birth Charts &amp; Predictions (114 tests) Location-Based Calculations (28 tests) processes subterranean birth location charts" time="0.009">
    </testcase>
    <testcase classname="COMPREHENSIVE ASTROLOGY CALCULATIONS: Birth Charts &amp; Predictions (114 tests) Location-Based Calculations (28 tests) calculates moving location charts for aircraft/airports" name="COMPREHENSIVE ASTROLOGY CALCULATIONS: Birth Charts &amp; Predictions (114 tests) Location-Based Calculations (28 tests) calculates moving location charts for aircraft/airports" time="0.009">
    </testcase>
    <testcase classname="COMPREHENSIVE ASTROLOGY CALCULATIONS: Birth Charts &amp; Predictions (114 tests) Location-Based Calculations (28 tests) integrates sacred site spiritual geographic energy" name="COMPREHENSIVE ASTROLOGY CALCULATIONS: Birth Charts &amp; Predictions (114 tests) Location-Based Calculations (28 tests) integrates sacred site spiritual geographic energy" time="0.007">
    </testcase>
    <testcase classname="COMPREHENSIVE ASTROLOGY CALCULATIONS: Birth Charts &amp; Predictions (114 tests) Location-Based Calculations (28 tests) incorporates historical karmic energy from battlefields" name="COMPREHENSIVE ASTROLOGY CALCULATIONS: Birth Charts &amp; Predictions (114 tests) Location-Based Calculations (28 tests) incorporates historical karmic energy from battlefields" time="0.008">
    </testcase>
    <testcase classname="COMPREHENSIVE ASTROLOGY CALCULATIONS: Birth Charts &amp; Predictions (114 tests) Location-Based Calculations (28 tests) considers disaster zone environmental energy patterns" name="COMPREHENSIVE ASTROLOGY CALCULATIONS: Birth Charts &amp; Predictions (114 tests) Location-Based Calculations (28 tests) considers disaster zone environmental energy patterns" time="0.006">
    </testcase>
    <testcase classname="COMPREHENSIVE ASTROLOGY CALCULATIONS: Birth Charts &amp; Predictions (114 tests) Location-Based Calculations (28 tests) handles tropical zone eclipse calculations" name="COMPREHENSIVE ASTROLOGY CALCULATIONS: Birth Charts &amp; Predictions (114 tests) Location-Based Calculations (28 tests) handles tropical zone eclipse calculations" time="0.014">
    </testcase>
    <testcase classname="COMPREHENSIVE ASTROLOGY CALCULATIONS: Birth Charts &amp; Predictions (114 tests) Location-Based Calculations (28 tests) processes equatorial region planetary position variations" name="COMPREHENSIVE ASTROLOGY CALCULATIONS: Birth Charts &amp; Predictions (114 tests) Location-Based Calculations (28 tests) processes equatorial region planetary position variations" time="0.007">
    </testcase>
    <testcase classname="COMPREHENSIVE ASTROLOGY CALCULATIONS: Birth Charts &amp; Predictions (114 tests) Planetary Configuration Edges (19 tests) reflects accurate retrograde influence patterns" name="COMPREHENSIVE ASTROLOGY CALCULATIONS: Birth Charts &amp; Predictions (114 tests) Planetary Configuration Edges (19 tests) reflects accurate retrograde influence patterns" time="0.007">
    </testcase>
    <testcase classname="COMPREHENSIVE ASTROLOGY CALCULATIONS: Birth Charts &amp; Predictions (114 tests) Planetary Configuration Edges (19 tests) handles multiple planet conjunction complexity" name="COMPREHENSIVE ASTROLOGY CALCULATIONS: Birth Charts &amp; Predictions (114 tests) Planetary Configuration Edges (19 tests) handles multiple planet conjunction complexity" time="0.006">
    </testcase>
    <testcase classname="COMPREHENSIVE ASTROLOGY CALCULATIONS: Birth Charts &amp; Predictions (114 tests) Planetary Configuration Edges (19 tests) incorporates eclipse energy during planetary birth moments" name="COMPREHENSIVE ASTROLOGY CALCULATIONS: Birth Charts &amp; Predictions (114 tests) Planetary Configuration Edges (19 tests) incorporates eclipse energy during planetary birth moments" time="0.007">
    </testcase>
    <testcase classname="COMPREHENSIVE ASTROLOGY CALCULATIONS: Birth Charts &amp; Predictions (114 tests) Planetary Configuration Edges (19 tests) considers comet visitation astronomical rare event energy" name="COMPREHENSIVE ASTROLOGY CALCULATIONS: Birth Charts &amp; Predictions (114 tests) Planetary Configuration Edges (19 tests) considers comet visitation astronomical rare event energy" time="0.007">
    </testcase>
    <testcase classname="COMPREHENSIVE ASTROLOGY CALCULATIONS: Birth Charts &amp; Predictions (114 tests) Planetary Configuration Edges (19 tests) validates Grand Trine formation harmonious calculations" name="COMPREHENSIVE ASTROLOGY CALCULATIONS: Birth Charts &amp; Predictions (114 tests) Planetary Configuration Edges (19 tests) validates Grand Trine formation harmonious calculations" time="0.007">
    </testcase>
    <testcase classname="COMPREHENSIVE ASTROLOGY CALCULATIONS: Birth Charts &amp; Predictions (114 tests) Planetary Configuration Edges (19 tests) accurately interprets T-Square tension pattern interactions" name="COMPREHENSIVE ASTROLOGY CALCULATIONS: Birth Charts &amp; Predictions (114 tests) Planetary Configuration Edges (19 tests) accurately interprets T-Square tension pattern interactions" time="0.007">
    </testcase>
    <testcase classname="COMPREHENSIVE ASTROLOGY CALCULATIONS: Birth Charts &amp; Predictions (114 tests) Planetary Configuration Edges (19 tests) recognizes Kite formation unique opportunity signatures" name="COMPREHENSIVE ASTROLOGY CALCULATIONS: Birth Charts &amp; Predictions (114 tests) Planetary Configuration Edges (19 tests) recognizes Kite formation unique opportunity signatures" time="0.008">
    </testcase>
    <testcase classname="COMPREHENSIVE ASTROLOGY CALCULATIONS: Birth Charts &amp; Predictions (114 tests) Planetary Configuration Edges (19 tests) analyzes complex aspect web energy flow patterns" name="COMPREHENSIVE ASTROLOGY CALCULATIONS: Birth Charts &amp; Predictions (114 tests) Planetary Configuration Edges (19 tests) analyzes complex aspect web energy flow patterns" time="0.007">
    </testcase>
    <testcase classname="COMPREHENSIVE ASTROLOGY CALCULATIONS: Birth Charts &amp; Predictions (114 tests) Planetary Configuration Edges (19 tests) handles mysterious outer planet transit patterns" name="COMPREHENSIVE ASTROLOGY CALCULATIONS: Birth Charts &amp; Predictions (114 tests) Planetary Configuration Edges (19 tests) handles mysterious outer planet transit patterns" time="0.008">
    </testcase>
  </testsuite>
  <testsuite name="COMPREHENSIVE REAL-TIME INTEGRATION: API &amp; Database Operations (72 tests)" errors="0" failures="8" skipped="0" timestamp="2025-10-28T20:50:21" time="9.701" tests="71">
    <testcase classname="COMPREHENSIVE REAL-TIME INTEGRATION: API &amp; Database Operations (72 tests) API Failure Recovery (22 tests) handles Google Maps geocoding service failures gracefully" name="COMPREHENSIVE REAL-TIME INTEGRATION: API &amp; Database Operations (72 tests) API Failure Recovery (22 tests) handles Google Maps geocoding service failures gracefully" time="1.221">
      <failure>AxiosError: Request failed with status code 401
    at settle (/Users/mohitmendiratta/Projects/bots/w1/astro-whatsapp-bot/node_modules/axios/lib/core/settle.js:19:12)
    at IncomingMessage.handleStreamEnd (/Users/mohitmendiratta/Projects/bots/w1/astro-whatsapp-bot/node_modules/axios/lib/adapters/http.js:617:11)
    at IncomingMessage.emit (node:events:520:35)
    at endReadableNT (node:internal/streams/readable:1701:12)
    at processTicksAndRejections (node:internal/process/task_queues:90:21)
    at Axios.request (/Users/mohitmendiratta/Projects/bots/w1/astro-whatsapp-bot/node_modules/axios/lib/core/Axios.js:45:41)
    at processTicksAndRejections (node:internal/process/task_queues:105:5)
    at sendTextMessage (/Users/mohitmendiratta/Projects/bots/w1/astro-whatsapp-bot/src/services/whatsapp/messageSender.js:64:22)
    at sendMessage (/Users/mohitmendiratta/Projects/bots/w1/astro-whatsapp-bot/src/services/whatsapp/messageSender.js:484:18)
    at sendErrorMessage (/Users/mohitmendiratta/Projects/bots/w1/astro-whatsapp-bot/src/services/whatsapp/messageProcessor.js:2515:3)
    at processIncomingMessage (/Users/mohitmendiratta/Projects/bots/w1/astro-whatsapp-bot/src/services/whatsapp/messageProcessor.js:249:5)
    at Object.&lt;anonymous&gt; (/Users/mohitmendiratta/Projects/bots/w1/astro-whatsapp-bot/tests/e2e/comprehensive-test-suite/comprehensive-real-time-integration.test.js:36:7)</failure>
    </testcase>
    <testcase classname="COMPREHENSIVE REAL-TIME INTEGRATION: API &amp; Database Operations (72 tests) API Failure Recovery (22 tests) manages Google Maps API quota exhaustion with fallback" name="COMPREHENSIVE REAL-TIME INTEGRATION: API &amp; Database Operations (72 tests) API Failure Recovery (22 tests) manages Google Maps API quota exhaustion with fallback" time="0.644">
      <failure>AxiosError: Request failed with status code 401
    at settle (/Users/mohitmendiratta/Projects/bots/w1/astro-whatsapp-bot/node_modules/axios/lib/core/settle.js:19:12)
    at IncomingMessage.handleStreamEnd (/Users/mohitmendiratta/Projects/bots/w1/astro-whatsapp-bot/node_modules/axios/lib/adapters/http.js:617:11)
    at IncomingMessage.emit (node:events:520:35)
    at endReadableNT (node:internal/streams/readable:1701:12)
    at processTicksAndRejections (node:internal/process/task_queues:90:21)
    at Axios.request (/Users/mohitmendiratta/Projects/bots/w1/astro-whatsapp-bot/node_modules/axios/lib/core/Axios.js:45:41)
    at processTicksAndRejections (node:internal/process/task_queues:105:5)
    at sendTextMessage (/Users/mohitmendiratta/Projects/bots/w1/astro-whatsapp-bot/src/services/whatsapp/messageSender.js:64:22)
    at sendMessage (/Users/mohitmendiratta/Projects/bots/w1/astro-whatsapp-bot/src/services/whatsapp/messageSender.js:484:18)
    at sendErrorMessage (/Users/mohitmendiratta/Projects/bots/w1/astro-whatsapp-bot/src/services/whatsapp/messageProcessor.js:2515:3)
    at processIncomingMessage (/Users/mohitmendiratta/Projects/bots/w1/astro-whatsapp-bot/src/services/whatsapp/messageProcessor.js:249:5)
    at Object.&lt;anonymous&gt; (/Users/mohitmendiratta/Projects/bots/w1/astro-whatsapp-bot/tests/e2e/comprehensive-test-suite/comprehensive-real-time-integration.test.js:54:7)</failure>
    </testcase>
    <testcase classname="COMPREHENSIVE REAL-TIME INTEGRATION: API &amp; Database Operations (72 tests) API Failure Recovery (22 tests) handles Google Maps API rate limiting correctly" name="COMPREHENSIVE REAL-TIME INTEGRATION: API &amp; Database Operations (72 tests) API Failure Recovery (22 tests) handles Google Maps API rate limiting correctly" time="0.634">
      <failure>AxiosError: Request failed with status code 401
    at settle (/Users/mohitmendiratta/Projects/bots/w1/astro-whatsapp-bot/node_modules/axios/lib/core/settle.js:19:12)
    at IncomingMessage.handleStreamEnd (/Users/mohitmendiratta/Projects/bots/w1/astro-whatsapp-bot/node_modules/axios/lib/adapters/http.js:617:11)
    at IncomingMessage.emit (node:events:520:35)
    at endReadableNT (node:internal/streams/readable:1701:12)
    at processTicksAndRejections (node:internal/process/task_queues:90:21)
    at Axios.request (/Users/mohitmendiratta/Projects/bots/w1/astro-whatsapp-bot/node_modules/axios/lib/core/Axios.js:45:41)
    at processTicksAndRejections (node:internal/process/task_queues:105:5)
    at sendTextMessage (/Users/mohitmendiratta/Projects/bots/w1/astro-whatsapp-bot/src/services/whatsapp/messageSender.js:64:22)
    at sendMessage (/Users/mohitmendiratta/Projects/bots/w1/astro-whatsapp-bot/src/services/whatsapp/messageSender.js:484:18)
    at sendErrorMessage (/Users/mohitmendiratta/Projects/bots/w1/astro-whatsapp-bot/src/services/whatsapp/messageProcessor.js:2515:3)
    at processIncomingMessage (/Users/mohitmendiratta/Projects/bots/w1/astro-whatsapp-bot/src/services/whatsapp/messageProcessor.js:249:5)
    at Object.&lt;anonymous&gt; (/Users/mohitmendiratta/Projects/bots/w1/astro-whatsapp-bot/tests/e2e/comprehensive-test-suite/comprehensive-real-time-integration.test.js:72:7)</failure>
    </testcase>
    <testcase classname="COMPREHENSIVE REAL-TIME INTEGRATION: API &amp; Database Operations (72 tests) API Failure Recovery (22 tests) manages Mistral AI content filtering violations" name="COMPREHENSIVE REAL-TIME INTEGRATION: API &amp; Database Operations (72 tests) API Failure Recovery (22 tests) manages Mistral AI content filtering violations" time="0.747">
      <failure>AxiosError: Request failed with status code 401
    at settle (/Users/mohitmendiratta/Projects/bots/w1/astro-whatsapp-bot/node_modules/axios/lib/core/settle.js:19:12)
    at IncomingMessage.handleStreamEnd (/Users/mohitmendiratta/Projects/bots/w1/astro-whatsapp-bot/node_modules/axios/lib/adapters/http.js:617:11)
    at IncomingMessage.emit (node:events:520:35)
    at endReadableNT (node:internal/streams/readable:1701:12)
    at processTicksAndRejections (node:internal/process/task_queues:90:21)
    at Axios.request (/Users/mohitmendiratta/Projects/bots/w1/astro-whatsapp-bot/node_modules/axios/lib/core/Axios.js:45:41)
    at processTicksAndRejections (node:internal/process/task_queues:105:5)
    at sendTextMessage (/Users/mohitmendiratta/Projects/bots/w1/astro-whatsapp-bot/src/services/whatsapp/messageSender.js:64:22)
    at sendMessage (/Users/mohitmendiratta/Projects/bots/w1/astro-whatsapp-bot/src/services/whatsapp/messageSender.js:484:18)
    at sendErrorMessage (/Users/mohitmendiratta/Projects/bots/w1/astro-whatsapp-bot/src/services/whatsapp/messageProcessor.js:2515:3)
    at processIncomingMessage (/Users/mohitmendiratta/Projects/bots/w1/astro-whatsapp-bot/src/services/whatsapp/messageProcessor.js:249:5)
    at Object.&lt;anonymous&gt; (/Users/mohitmendiratta/Projects/bots/w1/astro-whatsapp-bot/tests/e2e/comprehensive-test-suite/comprehensive-real-time-integration.test.js:90:7)</failure>
    </testcase>
    <testcase classname="COMPREHENSIVE REAL-TIME INTEGRATION: API &amp; Database Operations (72 tests) API Failure Recovery (22 tests) handles Mistral AI API timeout gracefully" name="COMPREHENSIVE REAL-TIME INTEGRATION: API &amp; Database Operations (72 tests) API Failure Recovery (22 tests) handles Mistral AI API timeout gracefully" time="0.634">
      <failure>AxiosError: Request failed with status code 401
    at settle (/Users/mohitmendiratta/Projects/bots/w1/astro-whatsapp-bot/node_modules/axios/lib/core/settle.js:19:12)
    at IncomingMessage.handleStreamEnd (/Users/mohitmendiratta/Projects/bots/w1/astro-whatsapp-bot/node_modules/axios/lib/adapters/http.js:617:11)
    at IncomingMessage.emit (node:events:520:35)
    at endReadableNT (node:internal/streams/readable:1701:12)
    at processTicksAndRejections (node:internal/process/task_queues:90:21)
    at Axios.request (/Users/mohitmendiratta/Projects/bots/w1/astro-whatsapp-bot/node_modules/axios/lib/core/Axios.js:45:41)
    at processTicksAndRejections (node:internal/process/task_queues:105:5)
    at sendTextMessage (/Users/mohitmendiratta/Projects/bots/w1/astro-whatsapp-bot/src/services/whatsapp/messageSender.js:64:22)
    at sendMessage (/Users/mohitmendiratta/Projects/bots/w1/astro-whatsapp-bot/src/services/whatsapp/messageSender.js:484:18)
    at sendErrorMessage (/Users/mohitmendiratta/Projects/bots/w1/astro-whatsapp-bot/src/services/whatsapp/messageProcessor.js:2515:3)
    at processIncomingMessage (/Users/mohitmendiratta/Projects/bots/w1/astro-whatsapp-bot/src/services/whatsapp/messageProcessor.js:249:5)
    at Object.&lt;anonymous&gt; (/Users/mohitmendiratta/Projects/bots/w1/astro-whatsapp-bot/tests/e2e/comprehensive-test-suite/comprehensive-real-time-integration.test.js:110:7)</failure>
    </testcase>
    <testcase classname="COMPREHENSIVE REAL-TIME INTEGRATION: API &amp; Database Operations (72 tests) API Failure Recovery (22 tests) manages Mistral AI rate limit exceeded scenarios" name="COMPREHENSIVE REAL-TIME INTEGRATION: API &amp; Database Operations (72 tests) API Failure Recovery (22 tests) manages Mistral AI rate limit exceeded scenarios" time="0.617">
      <failure>AxiosError: Request failed with status code 401
    at settle (/Users/mohitmendiratta/Projects/bots/w1/astro-whatsapp-bot/node_modules/axios/lib/core/settle.js:19:12)
    at IncomingMessage.handleStreamEnd (/Users/mohitmendiratta/Projects/bots/w1/astro-whatsapp-bot/node_modules/axios/lib/adapters/http.js:617:11)
    at IncomingMessage.emit (node:events:520:35)
    at endReadableNT (node:internal/streams/readable:1701:12)
    at processTicksAndRejections (node:internal/process/task_queues:90:21)
    at Axios.request (/Users/mohitmendiratta/Projects/bots/w1/astro-whatsapp-bot/node_modules/axios/lib/core/Axios.js:45:41)
    at processTicksAndRejections (node:internal/process/task_queues:105:5)
    at sendTextMessage (/Users/mohitmendiratta/Projects/bots/w1/astro-whatsapp-bot/src/services/whatsapp/messageSender.js:64:22)
    at sendMessage (/Users/mohitmendiratta/Projects/bots/w1/astro-whatsapp-bot/src/services/whatsapp/messageSender.js:484:18)
    at sendErrorMessage (/Users/mohitmendiratta/Projects/bots/w1/astro-whatsapp-bot/src/services/whatsapp/messageProcessor.js:2515:3)
    at processIncomingMessage (/Users/mohitmendiratta/Projects/bots/w1/astro-whatsapp-bot/src/services/whatsapp/messageProcessor.js:249:5)
    at Object.&lt;anonymous&gt; (/Users/mohitmendiratta/Projects/bots/w1/astro-whatsapp-bot/tests/e2e/comprehensive-test-suite/comprehensive-real-time-integration.test.js:130:7)</failure>
    </testcase>
    <testcase classname="COMPREHENSIVE REAL-TIME INTEGRATION: API &amp; Database Operations (72 tests) API Failure Recovery (22 tests) exponential backoff for Google Maps API failures" name="COMPREHENSIVE REAL-TIME INTEGRATION: API &amp; Database Operations (72 tests) API Failure Recovery (22 tests) exponential backoff for Google Maps API failures" time="0.622">
      <failure>AxiosError: Request failed with status code 401
    at settle (/Users/mohitmendiratta/Projects/bots/w1/astro-whatsapp-bot/node_modules/axios/lib/core/settle.js:19:12)
    at IncomingMessage.handleStreamEnd (/Users/mohitmendiratta/Projects/bots/w1/astro-whatsapp-bot/node_modules/axios/lib/adapters/http.js:617:11)
    at IncomingMessage.emit (node:events:520:35)
    at endReadableNT (node:internal/streams/readable:1701:12)
    at processTicksAndRejections (node:internal/process/task_queues:90:21)
    at Axios.request (/Users/mohitmendiratta/Projects/bots/w1/astro-whatsapp-bot/node_modules/axios/lib/core/Axios.js:45:41)
    at processTicksAndRejections (node:internal/process/task_queues:105:5)
    at sendTextMessage (/Users/mohitmendiratta/Projects/bots/w1/astro-whatsapp-bot/src/services/whatsapp/messageSender.js:64:22)
    at sendMessage (/Users/mohitmendiratta/Projects/bots/w1/astro-whatsapp-bot/src/services/whatsapp/messageSender.js:484:18)
    at sendErrorMessage (/Users/mohitmendiratta/Projects/bots/w1/astro-whatsapp-bot/src/services/whatsapp/messageProcessor.js:2515:3)
    at processIncomingMessage (/Users/mohitmendiratta/Projects/bots/w1/astro-whatsapp-bot/src/services/whatsapp/messageProcessor.js:249:5)
    at Object.&lt;anonymous&gt; (/Users/mohitmendiratta/Projects/bots/w1/astro-whatsapp-bot/tests/e2e/comprehensive-test-suite/comprehensive-real-time-integration.test.js:158:7)</failure>
    </testcase>
    <testcase classname="COMPREHENSIVE REAL-TIME INTEGRATION: API &amp; Database Operations (72 tests) API Failure Recovery (22 tests) fallback content generation when AI filters trigger" name="COMPREHENSIVE REAL-TIME INTEGRATION: API &amp; Database Operations (72 tests) API Failure Recovery (22 tests) fallback content generation when AI filters trigger" time="0.017">
    </testcase>
    <testcase classname="COMPREHENSIVE REAL-TIME INTEGRATION: API &amp; Database Operations (72 tests) API Failure Recovery (22 tests) partial API response handling and data reconstruction" name="COMPREHENSIVE REAL-TIME INTEGRATION: API &amp; Database Operations (72 tests) API Failure Recovery (22 tests) partial API response handling and data reconstruction" time="0.012">
    </testcase>
    <testcase classname="COMPREHENSIVE REAL-TIME INTEGRATION: API &amp; Database Operations (72 tests) API Failure Recovery (22 tests) handles network timeout scenarios with retry logic" name="COMPREHENSIVE REAL-TIME INTEGRATION: API &amp; Database Operations (72 tests) API Failure Recovery (22 tests) handles network timeout scenarios with retry logic" time="0.012">
    </testcase>
    <testcase classname="COMPREHENSIVE REAL-TIME INTEGRATION: API &amp; Database Operations (72 tests) API Failure Recovery (22 tests) manages DNS resolution failures for external services" name="COMPREHENSIVE REAL-TIME INTEGRATION: API &amp; Database Operations (72 tests) API Failure Recovery (22 tests) manages DNS resolution failures for external services" time="0.011">
    </testcase>
    <testcase classname="COMPREHENSIVE REAL-TIME INTEGRATION: API &amp; Database Operations (72 tests) API Failure Recovery (22 tests) handles SSL certificate validation failures" name="COMPREHENSIVE REAL-TIME INTEGRATION: API &amp; Database Operations (72 tests) API Failure Recovery (22 tests) handles SSL certificate validation failures" time="0.01">
    </testcase>
    <testcase classname="COMPREHENSIVE REAL-TIME INTEGRATION: API &amp; Database Operations (72 tests) API Failure Recovery (22 tests) manages proxy authentication failures" name="COMPREHENSIVE REAL-TIME INTEGRATION: API &amp; Database Operations (72 tests) API Failure Recovery (22 tests) manages proxy authentication failures" time="0.009">
    </testcase>
    <testcase classname="COMPREHENSIVE REAL-TIME INTEGRATION: API &amp; Database Operations (72 tests) API Failure Recovery (22 tests) handles HTTP status code 5xx server errors" name="COMPREHENSIVE REAL-TIME INTEGRATION: API &amp; Database Operations (72 tests) API Failure Recovery (22 tests) handles HTTP status code 5xx server errors" time="0.009">
    </testcase>
    <testcase classname="COMPREHENSIVE REAL-TIME INTEGRATION: API &amp; Database Operations (72 tests) API Failure Recovery (22 tests) manages HTTP status code 4xx client errors" name="COMPREHENSIVE REAL-TIME INTEGRATION: API &amp; Database Operations (72 tests) API Failure Recovery (22 tests) manages HTTP status code 4xx client errors" time="0.009">
    </testcase>
    <testcase classname="COMPREHENSIVE REAL-TIME INTEGRATION: API &amp; Database Operations (72 tests) API Failure Recovery (22 tests) handles JSON parsing failures from APIs" name="COMPREHENSIVE REAL-TIME INTEGRATION: API &amp; Database Operations (72 tests) API Failure Recovery (22 tests) handles JSON parsing failures from APIs" time="0.008">
    </testcase>
    <testcase classname="COMPREHENSIVE REAL-TIME INTEGRATION: API &amp; Database Operations (72 tests) API Failure Recovery (22 tests) manages API version incompatibility issues" name="COMPREHENSIVE REAL-TIME INTEGRATION: API &amp; Database Operations (72 tests) API Failure Recovery (22 tests) manages API version incompatibility issues" time="0.006">
    </testcase>
    <testcase classname="COMPREHENSIVE REAL-TIME INTEGRATION: API &amp; Database Operations (72 tests) API Failure Recovery (22 tests) handles API authentication token expiration" name="COMPREHENSIVE REAL-TIME INTEGRATION: API &amp; Database Operations (72 tests) API Failure Recovery (22 tests) handles API authentication token expiration" time="0.007">
    </testcase>
    <testcase classname="COMPREHENSIVE REAL-TIME INTEGRATION: API &amp; Database Operations (72 tests) API Failure Recovery (22 tests) manages API parameter validation errors" name="COMPREHENSIVE REAL-TIME INTEGRATION: API &amp; Database Operations (72 tests) API Failure Recovery (22 tests) manages API parameter validation errors" time="0.006">
    </testcase>
    <testcase classname="COMPREHENSIVE REAL-TIME INTEGRATION: API &amp; Database Operations (72 tests) API Failure Recovery (22 tests) handles circuit breaker tripped scenarios" name="COMPREHENSIVE REAL-TIME INTEGRATION: API &amp; Database Operations (72 tests) API Failure Recovery (22 tests) handles circuit breaker tripped scenarios" time="0.007">
    </testcase>
    <testcase classname="COMPREHENSIVE REAL-TIME INTEGRATION: API &amp; Database Operations (72 tests) API Failure Recovery (22 tests) manages API response schema changes" name="COMPREHENSIVE REAL-TIME INTEGRATION: API &amp; Database Operations (72 tests) API Failure Recovery (22 tests) manages API response schema changes" time="0.007">
    </testcase>
    <testcase classname="COMPREHENSIVE REAL-TIME INTEGRATION: API &amp; Database Operations (72 tests) API Failure Recovery (22 tests) handles slow API responses with user notifications" name="COMPREHENSIVE REAL-TIME INTEGRATION: API &amp; Database Operations (72 tests) API Failure Recovery (22 tests) handles slow API responses with user notifications" time="0.011">
    </testcase>
    <testcase classname="COMPREHENSIVE REAL-TIME INTEGRATION: API &amp; Database Operations (72 tests) Database Transaction Integrity (34 tests) handles concurrent user registration conflicts" name="COMPREHENSIVE REAL-TIME INTEGRATION: API &amp; Database Operations (72 tests) Database Transaction Integrity (34 tests) handles concurrent user registration conflicts" time="0.68">
      <failure>AxiosError: Request failed with status code 401
    at settle (/Users/mohitmendiratta/Projects/bots/w1/astro-whatsapp-bot/node_modules/axios/lib/core/settle.js:19:12)
    at IncomingMessage.handleStreamEnd (/Users/mohitmendiratta/Projects/bots/w1/astro-whatsapp-bot/node_modules/axios/lib/adapters/http.js:617:11)
    at IncomingMessage.emit (node:events:520:35)
    at endReadableNT (node:internal/streams/readable:1701:12)
    at processTicksAndRejections (node:internal/process/task_queues:90:21)
    at Axios.request (/Users/mohitmendiratta/Projects/bots/w1/astro-whatsapp-bot/node_modules/axios/lib/core/Axios.js:45:41)
    at processTicksAndRejections (node:internal/process/task_queues:105:5)
    at sendTextMessage (/Users/mohitmendiratta/Projects/bots/w1/astro-whatsapp-bot/src/services/whatsapp/messageSender.js:64:22)
    at sendMessage (/Users/mohitmendiratta/Projects/bots/w1/astro-whatsapp-bot/src/services/whatsapp/messageSender.js:484:18)
    at sendErrorMessage (/Users/mohitmendiratta/Projects/bots/w1/astro-whatsapp-bot/src/services/whatsapp/messageProcessor.js:2515:3)
    at processIncomingMessage (/Users/mohitmendiratta/Projects/bots/w1/astro-whatsapp-bot/src/services/whatsapp/messageProcessor.js:249:5)
    at async Promise.all (index 0)
    at Object.&lt;anonymous&gt; (/Users/mohitmendiratta/Projects/bots/w1/astro-whatsapp-bot/tests/e2e/comprehensive-test-suite/comprehensive-real-time-integration.test.js:239:7)</failure>
    </testcase>
    <testcase classname="COMPREHENSIVE REAL-TIME INTEGRATION: API &amp; Database Operations (72 tests) Database Transaction Integrity (34 tests) manages database connection pool exhaustion" name="COMPREHENSIVE REAL-TIME INTEGRATION: API &amp; Database Operations (72 tests) Database Transaction Integrity (34 tests) manages database connection pool exhaustion" time="0.012">
    </testcase>
    <testcase classname="COMPREHENSIVE REAL-TIME INTEGRATION: API &amp; Database Operations (72 tests) Database Transaction Integrity (34 tests) handles transaction rollback on partial failures" name="COMPREHENSIVE REAL-TIME INTEGRATION: API &amp; Database Operations (72 tests) Database Transaction Integrity (34 tests) handles transaction rollback on partial failures" time="0.011">
    </testcase>
    <testcase classname="COMPREHENSIVE REAL-TIME INTEGRATION: API &amp; Database Operations (72 tests) Database Transaction Integrity (34 tests) manages database index query performance" name="COMPREHENSIVE REAL-TIME INTEGRATION: API &amp; Database Operations (72 tests) Database Transaction Integrity (34 tests) manages database index query performance" time="0.012">
    </testcase>
    <testcase classname="COMPREHENSIVE REAL-TIME INTEGRATION: API &amp; Database Operations (72 tests) Database Transaction Integrity (34 tests) handles MongoDB replica set failover scenarios" name="COMPREHENSIVE REAL-TIME INTEGRATION: API &amp; Database Operations (72 tests) Database Transaction Integrity (34 tests) handles MongoDB replica set failover scenarios" time="0.018">
    </testcase>
    <testcase classname="COMPREHENSIVE REAL-TIME INTEGRATION: API &amp; Database Operations (72 tests) Database Transaction Integrity (34 tests) manages large data operation batch processing" name="COMPREHENSIVE REAL-TIME INTEGRATION: API &amp; Database Operations (72 tests) Database Transaction Integrity (34 tests) manages large data operation batch processing" time="0.011">
    </testcase>
    <testcase classname="COMPREHENSIVE REAL-TIME INTEGRATION: API &amp; Database Operations (72 tests) Database Transaction Integrity (34 tests) handles database read/write replica lag" name="COMPREHENSIVE REAL-TIME INTEGRATION: API &amp; Database Operations (72 tests) Database Transaction Integrity (34 tests) handles database read/write replica lag" time="0.008">
    </testcase>
    <testcase classname="COMPREHENSIVE REAL-TIME INTEGRATION: API &amp; Database Operations (72 tests) Database Transaction Integrity (34 tests) manages schema migration conflicts" name="COMPREHENSIVE REAL-TIME INTEGRATION: API &amp; Database Operations (72 tests) Database Transaction Integrity (34 tests) manages schema migration conflicts" time="0.008">
    </testcase>
    <testcase classname="COMPREHENSIVE REAL-TIME INTEGRATION: API &amp; Database Operations (72 tests) Database Transaction Integrity (34 tests) handles database deadlock situations" name="COMPREHENSIVE REAL-TIME INTEGRATION: API &amp; Database Operations (72 tests) Database Transaction Integrity (34 tests) handles database deadlock situations" time="0.008">
    </testcase>
    <testcase classname="COMPREHENSIVE REAL-TIME INTEGRATION: API &amp; Database Operations (72 tests) Database Transaction Integrity (34 tests) manages memory exhausted query scenarios" name="COMPREHENSIVE REAL-TIME INTEGRATION: API &amp; Database Operations (72 tests) Database Transaction Integrity (34 tests) manages memory exhausted query scenarios" time="0.012">
    </testcase>
    <testcase classname="COMPREHENSIVE REAL-TIME INTEGRATION: API &amp; Database Operations (72 tests) Database Transaction Integrity (34 tests) handles database operational mode switches" name="COMPREHENSIVE REAL-TIME INTEGRATION: API &amp; Database Operations (72 tests) Database Transaction Integrity (34 tests) handles database operational mode switches" time="0.008">
    </testcase>
    <testcase classname="COMPREHENSIVE REAL-TIME INTEGRATION: API &amp; Database Operations (72 tests) Database Transaction Integrity (34 tests) manages archive data restoration failures" name="COMPREHENSIVE REAL-TIME INTEGRATION: API &amp; Database Operations (72 tests) Database Transaction Integrity (34 tests) manages archive data restoration failures" time="0.007">
    </testcase>
    <testcase classname="COMPREHENSIVE REAL-TIME INTEGRATION: API &amp; Database Operations (72 tests) Database Transaction Integrity (34 tests) handles database encryption key rotation" name="COMPREHENSIVE REAL-TIME INTEGRATION: API &amp; Database Operations (72 tests) Database Transaction Integrity (34 tests) handles database encryption key rotation" time="0.01">
    </testcase>
    <testcase classname="COMPREHENSIVE REAL-TIME INTEGRATION: API &amp; Database Operations (72 tests) Database Transaction Integrity (34 tests) manages cross-collection transaction consistency" name="COMPREHENSIVE REAL-TIME INTEGRATION: API &amp; Database Operations (72 tests) Database Transaction Integrity (34 tests) manages cross-collection transaction consistency" time="0.008">
    </testcase>
    <testcase classname="COMPREHENSIVE REAL-TIME INTEGRATION: API &amp; Database Operations (72 tests) Database Transaction Integrity (34 tests) handles database connection string failures" name="COMPREHENSIVE REAL-TIME INTEGRATION: API &amp; Database Operations (72 tests) Database Transaction Integrity (34 tests) handles database connection string failures" time="0.008">
    </testcase>
    <testcase classname="COMPREHENSIVE REAL-TIME INTEGRATION: API &amp; Database Operations (72 tests) Database Transaction Integrity (34 tests) manages document size limit exceeded errors" name="COMPREHENSIVE REAL-TIME INTEGRATION: API &amp; Database Operations (72 tests) Database Transaction Integrity (34 tests) manages document size limit exceeded errors" time="0.008">
    </testcase>
    <testcase classname="COMPREHENSIVE REAL-TIME INTEGRATION: API &amp; Database Operations (72 tests) Database Transaction Integrity (34 tests) handles field name limitations and conflicts" name="COMPREHENSIVE REAL-TIME INTEGRATION: API &amp; Database Operations (72 tests) Database Transaction Integrity (34 tests) handles field name limitations and conflicts" time="0.008">
    </testcase>
    <testcase classname="COMPREHENSIVE REAL-TIME INTEGRATION: API &amp; Database Operations (72 tests) Database Transaction Integrity (34 tests) manages collection naming validation errors" name="COMPREHENSIVE REAL-TIME INTEGRATION: API &amp; Database Operations (72 tests) Database Transaction Integrity (34 tests) manages collection naming validation errors" time="0.008">
    </testcase>
    <testcase classname="COMPREHENSIVE REAL-TIME INTEGRATION: API &amp; Database Operations (72 tests) Database Transaction Integrity (34 tests) handles database collation setting conflicts" name="COMPREHENSIVE REAL-TIME INTEGRATION: API &amp; Database Operations (72 tests) Database Transaction Integrity (34 tests) handles database collation setting conflicts" time="0.008">
    </testcase>
    <testcase classname="COMPREHENSIVE REAL-TIME INTEGRATION: API &amp; Database Operations (72 tests) Database Transaction Integrity (34 tests) manages index key size limit scenarios" name="COMPREHENSIVE REAL-TIME INTEGRATION: API &amp; Database Operations (72 tests) Database Transaction Integrity (34 tests) manages index key size limit scenarios" time="0.008">
    </testcase>
    <testcase classname="COMPREHENSIVE REAL-TIME INTEGRATION: API &amp; Database Operations (72 tests) Database Transaction Integrity (34 tests) handles write concern level failures" name="COMPREHENSIVE REAL-TIME INTEGRATION: API &amp; Database Operations (72 tests) Database Transaction Integrity (34 tests) handles write concern level failures" time="0.01">
    </testcase>
    <testcase classname="COMPREHENSIVE REAL-TIME INTEGRATION: API &amp; Database Operations (72 tests) Database Transaction Integrity (34 tests) manages read preference configuration issues" name="COMPREHENSIVE REAL-TIME INTEGRATION: API &amp; Database Operations (72 tests) Database Transaction Integrity (34 tests) manages read preference configuration issues" time="0.011">
    </testcase>
    <testcase classname="COMPREHENSIVE REAL-TIME INTEGRATION: API &amp; Database Operations (72 tests) Database Transaction Integrity (34 tests) handles cursor timeout scenarios" name="COMPREHENSIVE REAL-TIME INTEGRATION: API &amp; Database Operations (72 tests) Database Transaction Integrity (34 tests) handles cursor timeout scenarios" time="0.006">
    </testcase>
    <testcase classname="COMPREHENSIVE REAL-TIME INTEGRATION: API &amp; Database Operations (72 tests) Database Transaction Integrity (34 tests) manages aggregation pipeline failures" name="COMPREHENSIVE REAL-TIME INTEGRATION: API &amp; Database Operations (72 tests) Database Transaction Integrity (34 tests) manages aggregation pipeline failures" time="0.006">
    </testcase>
    <testcase classname="COMPREHENSIVE REAL-TIME INTEGRATION: API &amp; Database Operations (72 tests) Database Transaction Integrity (34 tests) handles geospatial query validation errors" name="COMPREHENSIVE REAL-TIME INTEGRATION: API &amp; Database Operations (72 tests) Database Transaction Integrity (34 tests) handles geospatial query validation errors" time="0.012">
    </testcase>
    <testcase classname="COMPREHENSIVE REAL-TIME INTEGRATION: API &amp; Database Operations (72 tests) Database Transaction Integrity (34 tests) manages text search index failures" name="COMPREHENSIVE REAL-TIME INTEGRATION: API &amp; Database Operations (72 tests) Database Transaction Integrity (34 tests) manages text search index failures" time="0.009">
    </testcase>
    <testcase classname="COMPREHENSIVE REAL-TIME INTEGRATION: API &amp; Database Operations (72 tests) Database Transaction Integrity (34 tests) handles change stream connection issues" name="COMPREHENSIVE REAL-TIME INTEGRATION: API &amp; Database Operations (72 tests) Database Transaction Integrity (34 tests) handles change stream connection issues" time="0.01">
    </testcase>
    <testcase classname="COMPREHENSIVE REAL-TIME INTEGRATION: API &amp; Database Operations (72 tests) Database Transaction Integrity (34 tests) manages session management conflicts" name="COMPREHENSIVE REAL-TIME INTEGRATION: API &amp; Database Operations (72 tests) Database Transaction Integrity (34 tests) manages session management conflicts" time="0.007">
    </testcase>
    <testcase classname="COMPREHENSIVE REAL-TIME INTEGRATION: API &amp; Database Operations (72 tests) Database Transaction Integrity (34 tests) handles database audit log failures" name="COMPREHENSIVE REAL-TIME INTEGRATION: API &amp; Database Operations (72 tests) Database Transaction Integrity (34 tests) handles database audit log failures" time="0.008">
    </testcase>
    <testcase classname="COMPREHENSIVE REAL-TIME INTEGRATION: API &amp; Database Operations (72 tests) Database Transaction Integrity (34 tests) manages bulk write operation failures" name="COMPREHENSIVE REAL-TIME INTEGRATION: API &amp; Database Operations (72 tests) Database Transaction Integrity (34 tests) manages bulk write operation failures" time="0.007">
    </testcase>
    <testcase classname="COMPREHENSIVE REAL-TIME INTEGRATION: API &amp; Database Operations (72 tests) Database Transaction Integrity (34 tests) handles database maintenance window conflicts" name="COMPREHENSIVE REAL-TIME INTEGRATION: API &amp; Database Operations (72 tests) Database Transaction Integrity (34 tests) handles database maintenance window conflicts" time="0.007">
    </testcase>
    <testcase classname="COMPREHENSIVE REAL-TIME INTEGRATION: API &amp; Database Operations (72 tests) Database Transaction Integrity (34 tests) manages read-only mode operation restrictions" name="COMPREHENSIVE REAL-TIME INTEGRATION: API &amp; Database Operations (72 tests) Database Transaction Integrity (34 tests) manages read-only mode operation restrictions" time="0.007">
    </testcase>
    <testcase classname="COMPREHENSIVE REAL-TIME INTEGRATION: API &amp; Database Operations (72 tests) Database Transaction Integrity (34 tests) handles database diagnostic command failures" name="COMPREHENSIVE REAL-TIME INTEGRATION: API &amp; Database Operations (72 tests) Database Transaction Integrity (34 tests) handles database diagnostic command failures" time="0.006">
    </testcase>
    <testcase classname="COMPREHENSIVE REAL-TIME INTEGRATION: API &amp; Database Operations (72 tests) Real-time Synchronization (16 tests) handles live planetary position calculations" name="COMPREHENSIVE REAL-TIME INTEGRATION: API &amp; Database Operations (72 tests) Real-time Synchronization (16 tests) handles live planetary position calculations" time="0.008">
    </testcase>
    <testcase classname="COMPREHENSIVE REAL-TIME INTEGRATION: API &amp; Database Operations (72 tests) Real-time Synchronization (16 tests) manages ephemeris data synchronization accuracy" name="COMPREHENSIVE REAL-TIME INTEGRATION: API &amp; Database Operations (72 tests) Real-time Synchronization (16 tests) manages ephemeris data synchronization accuracy" time="0.006">
    </testcase>
    <testcase classname="COMPREHENSIVE REAL-TIME INTEGRATION: API &amp; Database Operations (72 tests) Real-time Synchronization (16 tests) handles time-sensitive prediction accuracy" name="COMPREHENSIVE REAL-TIME INTEGRATION: API &amp; Database Operations (72 tests) Real-time Synchronization (16 tests) handles time-sensitive prediction accuracy" time="0.008">
    </testcase>
    <testcase classname="COMPREHENSIVE REAL-TIME INTEGRATION: API &amp; Database Operations (72 tests) Real-time Synchronization (16 tests) manages real-time event scheduling conflicts" name="COMPREHENSIVE REAL-TIME INTEGRATION: API &amp; Database Operations (72 tests) Real-time Synchronization (16 tests) manages real-time event scheduling conflicts" time="0.008">
    </testcase>
    <testcase classname="COMPREHENSIVE REAL-TIME INTEGRATION: API &amp; Database Operations (72 tests) Real-time Synchronization (16 tests) handles live transit calculation caching" name="COMPREHENSIVE REAL-TIME INTEGRATION: API &amp; Database Operations (72 tests) Real-time Synchronization (16 tests) handles live transit calculation caching" time="0.007">
    </testcase>
    <testcase classname="COMPREHENSIVE REAL-TIME INTEGRATION: API &amp; Database Operations (72 tests) Real-time Synchronization (16 tests) manages real-time user preference synchronization" name="COMPREHENSIVE REAL-TIME INTEGRATION: API &amp; Database Operations (72 tests) Real-time Synchronization (16 tests) manages real-time user preference synchronization" time="0.012">
    </testcase>
    <testcase classname="COMPREHENSIVE REAL-TIME INTEGRATION: API &amp; Database Operations (72 tests) Real-time Synchronization (16 tests) handles session state real-time persistence" name="COMPREHENSIVE REAL-TIME INTEGRATION: API &amp; Database Operations (72 tests) Real-time Synchronization (16 tests) handles session state real-time persistence" time="0.009">
    </testcase>
    <testcase classname="COMPREHENSIVE REAL-TIME INTEGRATION: API &amp; Database Operations (72 tests) Real-time Synchronization (16 tests) manages push notification delivery conflicts" name="COMPREHENSIVE REAL-TIME INTEGRATION: API &amp; Database Operations (72 tests) Real-time Synchronization (16 tests) manages push notification delivery conflicts" time="0.008">
    </testcase>
    <testcase classname="COMPREHENSIVE REAL-TIME INTEGRATION: API &amp; Database Operations (72 tests) Real-time Synchronization (16 tests) handles real-time astrology data streaming" name="COMPREHENSIVE REAL-TIME INTEGRATION: API &amp; Database Operations (72 tests) Real-time Synchronization (16 tests) handles real-time astrology data streaming" time="0.009">
    </testcase>
    <testcase classname="COMPREHENSIVE REAL-TIME INTEGRATION: API &amp; Database Operations (72 tests) Real-time Synchronization (16 tests) manages live compatibility result generation" name="COMPREHENSIVE REAL-TIME INTEGRATION: API &amp; Database Operations (72 tests) Real-time Synchronization (16 tests) manages live compatibility result generation" time="0.012">
    </testcase>
    <testcase classname="COMPREHENSIVE REAL-TIME INTEGRATION: API &amp; Database Operations (72 tests) Real-time Synchronization (16 tests) handles real-time prediction updates" name="COMPREHENSIVE REAL-TIME INTEGRATION: API &amp; Database Operations (72 tests) Real-time Synchronization (16 tests) handles real-time prediction updates" time="0.007">
    </testcase>
    <testcase classname="COMPREHENSIVE REAL-TIME INTEGRATION: API &amp; Database Operations (72 tests) Real-time Synchronization (16 tests) manages live horoscope content generation" name="COMPREHENSIVE REAL-TIME INTEGRATION: API &amp; Database Operations (72 tests) Real-time Synchronization (16 tests) manages live horoscope content generation" time="0.007">
    </testcase>
    <testcase classname="COMPREHENSIVE REAL-TIME INTEGRATION: API &amp; Database Operations (72 tests) Real-time Synchronization (16 tests) handles real-time user interaction tracking" name="COMPREHENSIVE REAL-TIME INTEGRATION: API &amp; Database Operations (72 tests) Real-time Synchronization (16 tests) handles real-time user interaction tracking" time="0.008">
    </testcase>
    <testcase classname="COMPREHENSIVE REAL-TIME INTEGRATION: API &amp; Database Operations (72 tests) Real-time Synchronization (16 tests) manages live data broadcasting scenarios" name="COMPREHENSIVE REAL-TIME INTEGRATION: API &amp; Database Operations (72 tests) Real-time Synchronization (16 tests) manages live data broadcasting scenarios" time="0.007">
    </testcase>
    <testcase classname="COMPREHENSIVE REAL-TIME INTEGRATION: API &amp; Database Operations (72 tests) Real-time Synchronization (16 tests) handles real-time analytics data collection" name="COMPREHENSIVE REAL-TIME INTEGRATION: API &amp; Database Operations (72 tests) Real-time Synchronization (16 tests) handles real-time analytics data collection" time="0.007">
    </testcase>
    <testcase classname="COMPREHENSIVE REAL-TIME INTEGRATION: API &amp; Database Operations (72 tests) Real-time Synchronization (16 tests) manages concurrent real-time operation conflicts" name="COMPREHENSIVE REAL-TIME INTEGRATION: API &amp; Database Operations (72 tests) Real-time Synchronization (16 tests) manages concurrent real-time operation conflicts" time="0.008">
    </testcase>
  </testsuite>
  <testsuite name="COMPREHENSIVE SECURITY TESTS: Input &amp; Access Control Validation (44 tests)" errors="0" failures="9" skipped="0" timestamp="2025-10-28T20:50:31" time="10.888" tests="44">
    <testcase classname="COMPREHENSIVE SECURITY TESTS: Input &amp; Access Control Validation (44 tests) Input Validation &amp; Sanitization (25 tests) prevents SQL injection through date input sanitization" name="COMPREHENSIVE SECURITY TESTS: Input &amp; Access Control Validation (44 tests) Input Validation &amp; Sanitization (25 tests) prevents SQL injection through date input sanitization" time="1.333">
      <failure>AxiosError: Request failed with status code 401
    at settle (/Users/mohitmendiratta/Projects/bots/w1/astro-whatsapp-bot/node_modules/axios/lib/core/settle.js:19:12)
    at IncomingMessage.handleStreamEnd (/Users/mohitmendiratta/Projects/bots/w1/astro-whatsapp-bot/node_modules/axios/lib/adapters/http.js:617:11)
    at IncomingMessage.emit (node:events:520:35)
    at endReadableNT (node:internal/streams/readable:1701:12)
    at processTicksAndRejections (node:internal/process/task_queues:90:21)
    at Axios.request (/Users/mohitmendiratta/Projects/bots/w1/astro-whatsapp-bot/node_modules/axios/lib/core/Axios.js:45:41)
    at processTicksAndRejections (node:internal/process/task_queues:105:5)
    at sendTextMessage (/Users/mohitmendiratta/Projects/bots/w1/astro-whatsapp-bot/src/services/whatsapp/messageSender.js:64:22)
    at sendMessage (/Users/mohitmendiratta/Projects/bots/w1/astro-whatsapp-bot/src/services/whatsapp/messageSender.js:484:18)
    at sendErrorMessage (/Users/mohitmendiratta/Projects/bots/w1/astro-whatsapp-bot/src/services/whatsapp/messageProcessor.js:2515:3)
    at processIncomingMessage (/Users/mohitmendiratta/Projects/bots/w1/astro-whatsapp-bot/src/services/whatsapp/messageProcessor.js:249:5)
    at Object.&lt;anonymous&gt; (/Users/mohitmendiratta/Projects/bots/w1/astro-whatsapp-bot/tests/e2e/comprehensive-test-suite/comprehensive-security.test.js:37:7)</failure>
    </testcase>
    <testcase classname="COMPREHENSIVE SECURITY TESTS: Input &amp; Access Control Validation (44 tests) Input Validation &amp; Sanitization (25 tests) sanitizes XSS payloads in location inputs" name="COMPREHENSIVE SECURITY TESTS: Input &amp; Access Control Validation (44 tests) Input Validation &amp; Sanitization (25 tests) sanitizes XSS payloads in location inputs" time="0.7">
      <failure>AxiosError: Request failed with status code 401
    at settle (/Users/mohitmendiratta/Projects/bots/w1/astro-whatsapp-bot/node_modules/axios/lib/core/settle.js:19:12)
    at IncomingMessage.handleStreamEnd (/Users/mohitmendiratta/Projects/bots/w1/astro-whatsapp-bot/node_modules/axios/lib/adapters/http.js:617:11)
    at IncomingMessage.emit (node:events:520:35)
    at endReadableNT (node:internal/streams/readable:1701:12)
    at processTicksAndRejections (node:internal/process/task_queues:90:21)
    at Axios.request (/Users/mohitmendiratta/Projects/bots/w1/astro-whatsapp-bot/node_modules/axios/lib/core/Axios.js:45:41)
    at processTicksAndRejections (node:internal/process/task_queues:105:5)
    at sendTextMessage (/Users/mohitmendiratta/Projects/bots/w1/astro-whatsapp-bot/src/services/whatsapp/messageSender.js:64:22)
    at sendMessage (/Users/mohitmendiratta/Projects/bots/w1/astro-whatsapp-bot/src/services/whatsapp/messageSender.js:484:18)
    at sendErrorMessage (/Users/mohitmendiratta/Projects/bots/w1/astro-whatsapp-bot/src/services/whatsapp/messageProcessor.js:2515:3)
    at processIncomingMessage (/Users/mohitmendiratta/Projects/bots/w1/astro-whatsapp-bot/src/services/whatsapp/messageProcessor.js:249:5)
    at Object.&lt;anonymous&gt; (/Users/mohitmendiratta/Projects/bots/w1/astro-whatsapp-bot/tests/e2e/comprehensive-test-suite/comprehensive-security.test.js:54:7)</failure>
    </testcase>
    <testcase classname="COMPREHENSIVE SECURITY TESTS: Input &amp; Access Control Validation (44 tests) Input Validation &amp; Sanitization (25 tests) blocks command injection in geocoding service calls" name="COMPREHENSIVE SECURITY TESTS: Input &amp; Access Control Validation (44 tests) Input Validation &amp; Sanitization (25 tests) blocks command injection in geocoding service calls" time="0.729">
      <failure>AxiosError: Request failed with status code 401
    at settle (/Users/mohitmendiratta/Projects/bots/w1/astro-whatsapp-bot/node_modules/axios/lib/core/settle.js:19:12)
    at IncomingMessage.handleStreamEnd (/Users/mohitmendiratta/Projects/bots/w1/astro-whatsapp-bot/node_modules/axios/lib/adapters/http.js:617:11)
    at IncomingMessage.emit (node:events:520:35)
    at endReadableNT (node:internal/streams/readable:1701:12)
    at processTicksAndRejections (node:internal/process/task_queues:90:21)
    at Axios.request (/Users/mohitmendiratta/Projects/bots/w1/astro-whatsapp-bot/node_modules/axios/lib/core/Axios.js:45:41)
    at processTicksAndRejections (node:internal/process/task_queues:105:5)
    at sendTextMessage (/Users/mohitmendiratta/Projects/bots/w1/astro-whatsapp-bot/src/services/whatsapp/messageSender.js:64:22)
    at sendMessage (/Users/mohitmendiratta/Projects/bots/w1/astro-whatsapp-bot/src/services/whatsapp/messageSender.js:484:18)
    at sendErrorMessage (/Users/mohitmendiratta/Projects/bots/w1/astro-whatsapp-bot/src/services/whatsapp/messageProcessor.js:2515:3)
    at processIncomingMessage (/Users/mohitmendiratta/Projects/bots/w1/astro-whatsapp-bot/src/services/whatsapp/messageProcessor.js:249:5)
    at Object.&lt;anonymous&gt; (/Users/mohitmendiratta/Projects/bots/w1/astro-whatsapp-bot/tests/e2e/comprehensive-test-suite/comprehensive-security.test.js:71:7)</failure>
    </testcase>
    <testcase classname="COMPREHENSIVE SECURITY TESTS: Input &amp; Access Control Validation (44 tests) Input Validation &amp; Sanitization (25 tests) handles buffer overflow attempts in name inputs" name="COMPREHENSIVE SECURITY TESTS: Input &amp; Access Control Validation (44 tests) Input Validation &amp; Sanitization (25 tests) handles buffer overflow attempts in name inputs" time="0.82">
      <failure>AxiosError: Request failed with status code 401
    at settle (/Users/mohitmendiratta/Projects/bots/w1/astro-whatsapp-bot/node_modules/axios/lib/core/settle.js:19:12)
    at IncomingMessage.handleStreamEnd (/Users/mohitmendiratta/Projects/bots/w1/astro-whatsapp-bot/node_modules/axios/lib/adapters/http.js:617:11)
    at IncomingMessage.emit (node:events:520:35)
    at endReadableNT (node:internal/streams/readable:1701:12)
    at processTicksAndRejections (node:internal/process/task_queues:90:21)
    at Axios.request (/Users/mohitmendiratta/Projects/bots/w1/astro-whatsapp-bot/node_modules/axios/lib/core/Axios.js:45:41)
    at processTicksAndRejections (node:internal/process/task_queues:105:5)
    at sendTextMessage (/Users/mohitmendiratta/Projects/bots/w1/astro-whatsapp-bot/src/services/whatsapp/messageSender.js:64:22)
    at sendMessage (/Users/mohitmendiratta/Projects/bots/w1/astro-whatsapp-bot/src/services/whatsapp/messageSender.js:484:18)
    at sendErrorMessage (/Users/mohitmendiratta/Projects/bots/w1/astro-whatsapp-bot/src/services/whatsapp/messageProcessor.js:2515:3)
    at processIncomingMessage (/Users/mohitmendiratta/Projects/bots/w1/astro-whatsapp-bot/src/services/whatsapp/messageProcessor.js:249:5)
    at Object.&lt;anonymous&gt; (/Users/mohitmendiratta/Projects/bots/w1/astro-whatsapp-bot/tests/e2e/comprehensive-test-suite/comprehensive-security.test.js:88:7)</failure>
    </testcase>
    <testcase classname="COMPREHENSIVE SECURITY TESTS: Input &amp; Access Control Validation (44 tests) Input Validation &amp; Sanitization (25 tests) prevents Unicode attack vectors in user data" name="COMPREHENSIVE SECURITY TESTS: Input &amp; Access Control Validation (44 tests) Input Validation &amp; Sanitization (25 tests) prevents Unicode attack vectors in user data" time="0.632">
      <failure>AxiosError: Request failed with status code 401
    at settle (/Users/mohitmendiratta/Projects/bots/w1/astro-whatsapp-bot/node_modules/axios/lib/core/settle.js:19:12)
    at IncomingMessage.handleStreamEnd (/Users/mohitmendiratta/Projects/bots/w1/astro-whatsapp-bot/node_modules/axios/lib/adapters/http.js:617:11)
    at IncomingMessage.emit (node:events:520:35)
    at endReadableNT (node:internal/streams/readable:1701:12)
    at processTicksAndRejections (node:internal/process/task_queues:90:21)
    at Axios.request (/Users/mohitmendiratta/Projects/bots/w1/astro-whatsapp-bot/node_modules/axios/lib/core/Axios.js:45:41)
    at processTicksAndRejections (node:internal/process/task_queues:105:5)
    at sendTextMessage (/Users/mohitmendiratta/Projects/bots/w1/astro-whatsapp-bot/src/services/whatsapp/messageSender.js:64:22)
    at sendMessage (/Users/mohitmendiratta/Projects/bots/w1/astro-whatsapp-bot/src/services/whatsapp/messageSender.js:484:18)
    at sendErrorMessage (/Users/mohitmendiratta/Projects/bots/w1/astro-whatsapp-bot/src/services/whatsapp/messageProcessor.js:2515:3)
    at processIncomingMessage (/Users/mohitmendiratta/Projects/bots/w1/astro-whatsapp-bot/src/services/whatsapp/messageProcessor.js:249:5)
    at Object.&lt;anonymous&gt; (/Users/mohitmendiratta/Projects/bots/w1/astro-whatsapp-bot/tests/e2e/comprehensive-test-suite/comprehensive-security.test.js:108:9)</failure>
    </testcase>
    <testcase classname="COMPREHENSIVE SECURITY TESTS: Input &amp; Access Control Validation (44 tests) Input Validation &amp; Sanitization (25 tests) sanitizes control character abuse in messages" name="COMPREHENSIVE SECURITY TESTS: Input &amp; Access Control Validation (44 tests) Input Validation &amp; Sanitization (25 tests) sanitizes control character abuse in messages" time="0.627">
      <failure>AxiosError: Request failed with status code 401
    at settle (/Users/mohitmendiratta/Projects/bots/w1/astro-whatsapp-bot/node_modules/axios/lib/core/settle.js:19:12)
    at IncomingMessage.handleStreamEnd (/Users/mohitmendiratta/Projects/bots/w1/astro-whatsapp-bot/node_modules/axios/lib/adapters/http.js:617:11)
    at IncomingMessage.emit (node:events:520:35)
    at endReadableNT (node:internal/streams/readable:1701:12)
    at processTicksAndRejections (node:internal/process/task_queues:90:21)
    at Axios.request (/Users/mohitmendiratta/Projects/bots/w1/astro-whatsapp-bot/node_modules/axios/lib/core/Axios.js:45:41)
    at processTicksAndRejections (node:internal/process/task_queues:105:5)
    at sendTextMessage (/Users/mohitmendiratta/Projects/bots/w1/astro-whatsapp-bot/src/services/whatsapp/messageSender.js:64:22)
    at sendMessage (/Users/mohitmendiratta/Projects/bots/w1/astro-whatsapp-bot/src/services/whatsapp/messageSender.js:484:18)
    at sendErrorMessage (/Users/mohitmendiratta/Projects/bots/w1/astro-whatsapp-bot/src/services/whatsapp/messageProcessor.js:2515:3)
    at processIncomingMessage (/Users/mohitmendiratta/Projects/bots/w1/astro-whatsapp-bot/src/services/whatsapp/messageProcessor.js:249:5)
    at Object.&lt;anonymous&gt; (/Users/mohitmendiratta/Projects/bots/w1/astro-whatsapp-bot/tests/e2e/comprehensive-test-suite/comprehensive-security.test.js:121:7)</failure>
    </testcase>
    <testcase classname="COMPREHENSIVE SECURITY TESTS: Input &amp; Access Control Validation (44 tests) Input Validation &amp; Sanitization (25 tests) validates input length limits to prevent memory exhaustion" name="COMPREHENSIVE SECURITY TESTS: Input &amp; Access Control Validation (44 tests) Input Validation &amp; Sanitization (25 tests) validates input length limits to prevent memory exhaustion" time="0.68">
      <failure>AxiosError: Request failed with status code 401
    at settle (/Users/mohitmendiratta/Projects/bots/w1/astro-whatsapp-bot/node_modules/axios/lib/core/settle.js:19:12)
    at IncomingMessage.handleStreamEnd (/Users/mohitmendiratta/Projects/bots/w1/astro-whatsapp-bot/node_modules/axios/lib/adapters/http.js:617:11)
    at IncomingMessage.emit (node:events:520:35)
    at endReadableNT (node:internal/streams/readable:1701:12)
    at processTicksAndRejections (node:internal/process/task_queues:90:21)
    at Axios.request (/Users/mohitmendiratta/Projects/bots/w1/astro-whatsapp-bot/node_modules/axios/lib/core/Axios.js:45:41)
    at processTicksAndRejections (node:internal/process/task_queues:105:5)
    at sendTextMessage (/Users/mohitmendiratta/Projects/bots/w1/astro-whatsapp-bot/src/services/whatsapp/messageSender.js:64:22)
    at sendMessage (/Users/mohitmendiratta/Projects/bots/w1/astro-whatsapp-bot/src/services/whatsapp/messageSender.js:484:18)
    at sendErrorMessage (/Users/mohitmendiratta/Projects/bots/w1/astro-whatsapp-bot/src/services/whatsapp/messageProcessor.js:2515:3)
    at processIncomingMessage (/Users/mohitmendiratta/Projects/bots/w1/astro-whatsapp-bot/src/services/whatsapp/messageProcessor.js:249:5)
    at Object.&lt;anonymous&gt; (/Users/mohitmendiratta/Projects/bots/w1/astro-whatsapp-bot/tests/e2e/comprehensive-test-suite/comprehensive-security.test.js:133:7)</failure>
    </testcase>
    <testcase classname="COMPREHENSIVE SECURITY TESTS: Input &amp; Access Control Validation (44 tests) Input Validation &amp; Sanitization (25 tests) prevents path traversal in ephemeris file requests" name="COMPREHENSIVE SECURITY TESTS: Input &amp; Access Control Validation (44 tests) Input Validation &amp; Sanitization (25 tests) prevents path traversal in ephemeris file requests" time="0.716">
      <failure>AxiosError: Request failed with status code 401
    at settle (/Users/mohitmendiratta/Projects/bots/w1/astro-whatsapp-bot/node_modules/axios/lib/core/settle.js:19:12)
    at IncomingMessage.handleStreamEnd (/Users/mohitmendiratta/Projects/bots/w1/astro-whatsapp-bot/node_modules/axios/lib/adapters/http.js:617:11)
    at IncomingMessage.emit (node:events:520:35)
    at endReadableNT (node:internal/streams/readable:1701:12)
    at processTicksAndRejections (node:internal/process/task_queues:90:21)
    at Axios.request (/Users/mohitmendiratta/Projects/bots/w1/astro-whatsapp-bot/node_modules/axios/lib/core/Axios.js:45:41)
    at processTicksAndRejections (node:internal/process/task_queues:105:5)
    at sendTextMessage (/Users/mohitmendiratta/Projects/bots/w1/astro-whatsapp-bot/src/services/whatsapp/messageSender.js:64:22)
    at sendMessage (/Users/mohitmendiratta/Projects/bots/w1/astro-whatsapp-bot/src/services/whatsapp/messageSender.js:484:18)
    at sendErrorMessage (/Users/mohitmendiratta/Projects/bots/w1/astro-whatsapp-bot/src/services/whatsapp/messageProcessor.js:2515:3)
    at processIncomingMessage (/Users/mohitmendiratta/Projects/bots/w1/astro-whatsapp-bot/src/services/whatsapp/messageProcessor.js:249:5)
    at Object.&lt;anonymous&gt; (/Users/mohitmendiratta/Projects/bots/w1/astro-whatsapp-bot/tests/e2e/comprehensive-test-suite/comprehensive-security.test.js:146:7)</failure>
    </testcase>
    <testcase classname="COMPREHENSIVE SECURITY TESTS: Input &amp; Access Control Validation (44 tests) Input Validation &amp; Sanitization (25 tests) sanitizes HTML content in message responses" name="COMPREHENSIVE SECURITY TESTS: Input &amp; Access Control Validation (44 tests) Input Validation &amp; Sanitization (25 tests) sanitizes HTML content in message responses" time="0.815">
      <failure>AxiosError: Request failed with status code 401
    at settle (/Users/mohitmendiratta/Projects/bots/w1/astro-whatsapp-bot/node_modules/axios/lib/core/settle.js:19:12)
    at IncomingMessage.handleStreamEnd (/Users/mohitmendiratta/Projects/bots/w1/astro-whatsapp-bot/node_modules/axios/lib/adapters/http.js:617:11)
    at IncomingMessage.emit (node:events:520:35)
    at endReadableNT (node:internal/streams/readable:1701:12)
    at processTicksAndRejections (node:internal/process/task_queues:90:21)
    at Axios.request (/Users/mohitmendiratta/Projects/bots/w1/astro-whatsapp-bot/node_modules/axios/lib/core/Axios.js:45:41)
    at processTicksAndRejections (node:internal/process/task_queues:105:5)
    at sendTextMessage (/Users/mohitmendiratta/Projects/bots/w1/astro-whatsapp-bot/src/services/whatsapp/messageSender.js:64:22)
    at sendMessage (/Users/mohitmendiratta/Projects/bots/w1/astro-whatsapp-bot/src/services/whatsapp/messageSender.js:484:18)
    at sendErrorMessage (/Users/mohitmendiratta/Projects/bots/w1/astro-whatsapp-bot/src/services/whatsapp/messageProcessor.js:2515:3)
    at processIncomingMessage (/Users/mohitmendiratta/Projects/bots/w1/astro-whatsapp-bot/src/services/whatsapp/messageProcessor.js:249:5)
    at Object.&lt;anonymous&gt; (/Users/mohitmendiratta/Projects/bots/w1/astro-whatsapp-bot/tests/e2e/comprehensive-test-suite/comprehensive-security.test.js:158:7)</failure>
    </testcase>
    <testcase classname="COMPREHENSIVE SECURITY TESTS: Input &amp; Access Control Validation (44 tests) Input Validation &amp; Sanitization (25 tests) validates email format protection against injection" name="COMPREHENSIVE SECURITY TESTS: Input &amp; Access Control Validation (44 tests) Input Validation &amp; Sanitization (25 tests) validates email format protection against injection" time="0.017">
    </testcase>
    <testcase classname="COMPREHENSIVE SECURITY TESTS: Input &amp; Access Control Validation (44 tests) Input Validation &amp; Sanitization (25 tests) prevents CRLF injection in HTTP headers" name="COMPREHENSIVE SECURITY TESTS: Input &amp; Access Control Validation (44 tests) Input Validation &amp; Sanitization (25 tests) prevents CRLF injection in HTTP headers" time="0.018">
    </testcase>
    <testcase classname="COMPREHENSIVE SECURITY TESTS: Input &amp; Access Control Validation (44 tests) Input Validation &amp; Sanitization (25 tests) sanitizes JSON input from external APIs" name="COMPREHENSIVE SECURITY TESTS: Input &amp; Access Control Validation (44 tests) Input Validation &amp; Sanitization (25 tests) sanitizes JSON input from external APIs" time="0.011">
    </testcase>
    <testcase classname="COMPREHENSIVE SECURITY TESTS: Input &amp; Access Control Validation (44 tests) Input Validation &amp; Sanitization (25 tests) validates URL scheme restrictions for external links" name="COMPREHENSIVE SECURITY TESTS: Input &amp; Access Control Validation (44 tests) Input Validation &amp; Sanitization (25 tests) validates URL scheme restrictions for external links" time="0.011">
    </testcase>
    <testcase classname="COMPREHENSIVE SECURITY TESTS: Input &amp; Access Control Validation (44 tests) Input Validation &amp; Sanitization (25 tests) prevents directory listing through file path inputs" name="COMPREHENSIVE SECURITY TESTS: Input &amp; Access Control Validation (44 tests) Input Validation &amp; Sanitization (25 tests) prevents directory listing through file path inputs" time="0.008">
    </testcase>
    <testcase classname="COMPREHENSIVE SECURITY TESTS: Input &amp; Access Control Validation (44 tests) Input Validation &amp; Sanitization (25 tests) handles integer overflow in numerical calculations" name="COMPREHENSIVE SECURITY TESTS: Input &amp; Access Control Validation (44 tests) Input Validation &amp; Sanitization (25 tests) handles integer overflow in numerical calculations" time="0.009">
    </testcase>
    <testcase classname="COMPREHENSIVE SECURITY TESTS: Input &amp; Access Control Validation (44 tests) Input Validation &amp; Sanitization (25 tests) validates timezone offset ranges to prevent abuse" name="COMPREHENSIVE SECURITY TESTS: Input &amp; Access Control Validation (44 tests) Input Validation &amp; Sanitization (25 tests) validates timezone offset ranges to prevent abuse" time="0.007">
    </testcase>
    <testcase classname="COMPREHENSIVE SECURITY TESTS: Input &amp; Access Control Validation (44 tests) Input Validation &amp; Sanitization (25 tests) prevents symlink following in file operations" name="COMPREHENSIVE SECURITY TESTS: Input &amp; Access Control Validation (44 tests) Input Validation &amp; Sanitization (25 tests) prevents symlink following in file operations" time="0.007">
    </testcase>
    <testcase classname="COMPREHENSIVE SECURITY TESTS: Input &amp; Access Control Validation (44 tests) Input Validation &amp; Sanitization (25 tests) sanitizes CSV data from external sources" name="COMPREHENSIVE SECURITY TESTS: Input &amp; Access Control Validation (44 tests) Input Validation &amp; Sanitization (25 tests) sanitizes CSV data from external sources" time="0.007">
    </testcase>
    <testcase classname="COMPREHENSIVE SECURITY TESTS: Input &amp; Access Control Validation (44 tests) Input Validation &amp; Sanitization (25 tests) validates XML input for XXE attack prevention" name="COMPREHENSIVE SECURITY TESTS: Input &amp; Access Control Validation (44 tests) Input Validation &amp; Sanitization (25 tests) validates XML input for XXE attack prevention" time="0.006">
    </testcase>
    <testcase classname="COMPREHENSIVE SECURITY TESTS: Input &amp; Access Control Validation (44 tests) Input Validation &amp; Sanitization (25 tests) handles floating point precision errors in calculations" name="COMPREHENSIVE SECURITY TESTS: Input &amp; Access Control Validation (44 tests) Input Validation &amp; Sanitization (25 tests) handles floating point precision errors in calculations" time="0.006">
    </testcase>
    <testcase classname="COMPREHENSIVE SECURITY TESTS: Input &amp; Access Control Validation (44 tests) Input Validation &amp; Sanitization (25 tests) prevents race conditions in concurrent user operations" name="COMPREHENSIVE SECURITY TESTS: Input &amp; Access Control Validation (44 tests) Input Validation &amp; Sanitization (25 tests) prevents race conditions in concurrent user operations" time="0.006">
    </testcase>
    <testcase classname="COMPREHENSIVE SECURITY TESTS: Input &amp; Access Control Validation (44 tests) Input Validation &amp; Sanitization (25 tests) validates regular expression input patterns" name="COMPREHENSIVE SECURITY TESTS: Input &amp; Access Control Validation (44 tests) Input Validation &amp; Sanitization (25 tests) validates regular expression input patterns" time="0.007">
    </testcase>
    <testcase classname="COMPREHENSIVE SECURITY TESTS: Input &amp; Access Control Validation (44 tests) Input Validation &amp; Sanitization (25 tests) prevents infinite loops in input processing" name="COMPREHENSIVE SECURITY TESTS: Input &amp; Access Control Validation (44 tests) Input Validation &amp; Sanitization (25 tests) prevents infinite loops in input processing" time="0.008">
    </testcase>
    <testcase classname="COMPREHENSIVE SECURITY TESTS: Input &amp; Access Control Validation (44 tests) Input Validation &amp; Sanitization (25 tests) sanitizes error messages to prevent information leakage" name="COMPREHENSIVE SECURITY TESTS: Input &amp; Access Control Validation (44 tests) Input Validation &amp; Sanitization (25 tests) sanitizes error messages to prevent information leakage" time="0.007">
    </testcase>
    <testcase classname="COMPREHENSIVE SECURITY TESTS: Input &amp; Access Control Validation (44 tests) Input Validation &amp; Sanitization (25 tests) handles memory pressure from large input processing" name="COMPREHENSIVE SECURITY TESTS: Input &amp; Access Control Validation (44 tests) Input Validation &amp; Sanitization (25 tests) handles memory pressure from large input processing" time="0.01">
    </testcase>
    <testcase classname="COMPREHENSIVE SECURITY TESTS: Input &amp; Access Control Validation (44 tests) Authentication &amp; Authorization (19 tests) prevents session fixation through proper session ID regeneration" name="COMPREHENSIVE SECURITY TESTS: Input &amp; Access Control Validation (44 tests) Authentication &amp; Authorization (19 tests) prevents session fixation through proper session ID regeneration" time="0.013">
    </testcase>
    <testcase classname="COMPREHENSIVE SECURITY TESTS: Input &amp; Access Control Validation (44 tests) Authentication &amp; Authorization (19 tests) enforces session timeout limits for inactive users" name="COMPREHENSIVE SECURITY TESTS: Input &amp; Access Control Validation (44 tests) Authentication &amp; Authorization (19 tests) enforces session timeout limits for inactive users" time="0.007">
    </testcase>
    <testcase classname="COMPREHENSIVE SECURITY TESTS: Input &amp; Access Control Validation (44 tests) Authentication &amp; Authorization (19 tests) limits concurrent sessions per user account" name="COMPREHENSIVE SECURITY TESTS: Input &amp; Access Control Validation (44 tests) Authentication &amp; Authorization (19 tests) limits concurrent sessions per user account" time="0.007">
    </testcase>
    <testcase classname="COMPREHENSIVE SECURITY TESTS: Input &amp; Access Control Validation (44 tests) Authentication &amp; Authorization (19 tests) validates request origin to prevent hijacking" name="COMPREHENSIVE SECURITY TESTS: Input &amp; Access Control Validation (44 tests) Authentication &amp; Authorization (19 tests) validates request origin to prevent hijacking" time="0.007">
    </testcase>
    <testcase classname="COMPREHENSIVE SECURITY TESTS: Input &amp; Access Control Validation (44 tests) Authentication &amp; Authorization (19 tests) prevents session hijacking through secure session handling" name="COMPREHENSIVE SECURITY TESTS: Input &amp; Access Control Validation (44 tests) Authentication &amp; Authorization (19 tests) prevents session hijacking through secure session handling" time="0.007">
    </testcase>
    <testcase classname="COMPREHENSIVE SECURITY TESTS: Input &amp; Access Control Validation (44 tests) Authentication &amp; Authorization (19 tests) enforces password complexity for authenticated users" name="COMPREHENSIVE SECURITY TESTS: Input &amp; Access Control Validation (44 tests) Authentication &amp; Authorization (19 tests) enforces password complexity for authenticated users" time="0.006">
    </testcase>
    <testcase classname="COMPREHENSIVE SECURITY TESTS: Input &amp; Access Control Validation (44 tests) Authentication &amp; Authorization (19 tests) validates two-factor authentication integration" name="COMPREHENSIVE SECURITY TESTS: Input &amp; Access Control Validation (44 tests) Authentication &amp; Authorization (19 tests) validates two-factor authentication integration" time="0.008">
    </testcase>
    <testcase classname="COMPREHENSIVE SECURITY TESTS: Input &amp; Access Control Validation (44 tests) Authentication &amp; Authorization (19 tests) handles account lockout after failed login attempts" name="COMPREHENSIVE SECURITY TESTS: Input &amp; Access Control Validation (44 tests) Authentication &amp; Authorization (19 tests) handles account lockout after failed login attempts" time="0.007">
    </testcase>
    <testcase classname="COMPREHENSIVE SECURITY TESTS: Input &amp; Access Control Validation (44 tests) Authentication &amp; Authorization (19 tests) prevents brute force attacks on user accounts" name="COMPREHENSIVE SECURITY TESTS: Input &amp; Access Control Validation (44 tests) Authentication &amp; Authorization (19 tests) prevents brute force attacks on user accounts" time="0.007">
    </testcase>
    <testcase classname="COMPREHENSIVE SECURITY TESTS: Input &amp; Access Control Validation (44 tests) Authentication &amp; Authorization (19 tests) validates API key security for external services" name="COMPREHENSIVE SECURITY TESTS: Input &amp; Access Control Validation (44 tests) Authentication &amp; Authorization (19 tests) validates API key security for external services" time="0.01">
    </testcase>
    <testcase classname="COMPREHENSIVE SECURITY TESTS: Input &amp; Access Control Validation (44 tests) Authentication &amp; Authorization (19 tests) handles secure token expiration and refresh" name="COMPREHENSIVE SECURITY TESTS: Input &amp; Access Control Validation (44 tests) Authentication &amp; Authorization (19 tests) handles secure token expiration and refresh" time="0.007">
    </testcase>
    <testcase classname="COMPREHENSIVE SECURITY TESTS: Input &amp; Access Control Validation (44 tests) Authentication &amp; Authorization (19 tests) prevents unauthorized access to premium features" name="COMPREHENSIVE SECURITY TESTS: Input &amp; Access Control Validation (44 tests) Authentication &amp; Authorization (19 tests) prevents unauthorized access to premium features" time="0.009">
    </testcase>
    <testcase classname="COMPREHENSIVE SECURITY TESTS: Input &amp; Access Control Validation (44 tests) Authentication &amp; Authorization (19 tests) validates role-based permission systems" name="COMPREHENSIVE SECURITY TESTS: Input &amp; Access Control Validation (44 tests) Authentication &amp; Authorization (19 tests) validates role-based permission systems" time="0.008">
    </testcase>
    <testcase classname="COMPREHENSIVE SECURITY TESTS: Input &amp; Access Control Validation (44 tests) Authentication &amp; Authorization (19 tests) handles secure logout and session cleanup" name="COMPREHENSIVE SECURITY TESTS: Input &amp; Access Control Validation (44 tests) Authentication &amp; Authorization (19 tests) handles secure logout and session cleanup" time="0.007">
    </testcase>
    <testcase classname="COMPREHENSIVE SECURITY TESTS: Input &amp; Access Control Validation (44 tests) Authentication &amp; Authorization (19 tests) prevents privilege escalation through parameter manipulation" name="COMPREHENSIVE SECURITY TESTS: Input &amp; Access Control Validation (44 tests) Authentication &amp; Authorization (19 tests) prevents privilege escalation through parameter manipulation" time="0.008">
    </testcase>
    <testcase classname="COMPREHENSIVE SECURITY TESTS: Input &amp; Access Control Validation (44 tests) Authentication &amp; Authorization (19 tests) validates cross-site request forgery protections" name="COMPREHENSIVE SECURITY TESTS: Input &amp; Access Control Validation (44 tests) Authentication &amp; Authorization (19 tests) validates cross-site request forgery protections" time="0.013">
    </testcase>
    <testcase classname="COMPREHENSIVE SECURITY TESTS: Input &amp; Access Control Validation (44 tests) Authentication &amp; Authorization (19 tests) handles secure password reset workflows" name="COMPREHENSIVE SECURITY TESTS: Input &amp; Access Control Validation (44 tests) Authentication &amp; Authorization (19 tests) handles secure password reset workflows" time="0.006">
    </testcase>
    <testcase classname="COMPREHENSIVE SECURITY TESTS: Input &amp; Access Control Validation (44 tests) Authentication &amp; Authorization (19 tests) prevents clickjacking through frame options" name="COMPREHENSIVE SECURITY TESTS: Input &amp; Access Control Validation (44 tests) Authentication &amp; Authorization (19 tests) prevents clickjacking through frame options" time="0.008">
    </testcase>
    <testcase classname="COMPREHENSIVE SECURITY TESTS: Input &amp; Access Control Validation (44 tests) Authentication &amp; Authorization (19 tests) validates secure headers implementation" name="COMPREHENSIVE SECURITY TESTS: Input &amp; Access Control Validation (44 tests) Authentication &amp; Authorization (19 tests) validates secure headers implementation" time="0.009">
    </testcase>
  </testsuite>
  <testsuite name="External API Integration Tests - SAFE VALIDATION" errors="0" failures="10" skipped="0" timestamp="2025-10-28T20:50:42" time="9.241" tests="15">
    <testcase classname="External API Integration Tests - SAFE VALIDATION Google Maps Integration - SAFE TESTING should validate Google Maps client setup" name="External API Integration Tests - SAFE VALIDATION Google Maps Integration - SAFE TESTING should validate Google Maps client setup" time="0.005">
    </testcase>
    <testcase classname="External API Integration Tests - SAFE VALIDATION Google Maps Integration - SAFE TESTING should handle astrocartography requests safely" name="External API Integration Tests - SAFE VALIDATION Google Maps Integration - SAFE TESTING should handle astrocartography requests safely" time="0.653">
      <failure>AxiosError: Request failed with status code 401
    at settle (/Users/mohitmendiratta/Projects/bots/w1/astro-whatsapp-bot/node_modules/axios/lib/core/settle.js:19:12)
    at IncomingMessage.handleStreamEnd (/Users/mohitmendiratta/Projects/bots/w1/astro-whatsapp-bot/node_modules/axios/lib/adapters/http.js:617:11)
    at IncomingMessage.emit (node:events:520:35)
    at endReadableNT (node:internal/streams/readable:1701:12)
    at processTicksAndRejections (node:internal/process/task_queues:90:21)
    at Axios.request (/Users/mohitmendiratta/Projects/bots/w1/astro-whatsapp-bot/node_modules/axios/lib/core/Axios.js:45:41)
    at processTicksAndRejections (node:internal/process/task_queues:105:5)
    at sendTextMessage (/Users/mohitmendiratta/Projects/bots/w1/astro-whatsapp-bot/src/services/whatsapp/messageSender.js:64:22)
    at sendMessage (/Users/mohitmendiratta/Projects/bots/w1/astro-whatsapp-bot/src/services/whatsapp/messageSender.js:484:18)
    at sendErrorMessage (/Users/mohitmendiratta/Projects/bots/w1/astro-whatsapp-bot/src/services/whatsapp/messageProcessor.js:2515:3)
    at processIncomingMessage (/Users/mohitmendiratta/Projects/bots/w1/astro-whatsapp-bot/src/services/whatsapp/messageProcessor.js:249:5)
    at Object.&lt;anonymous&gt; (/Users/mohitmendiratta/Projects/bots/w1/astro-whatsapp-bot/tests/e2e/external-api-integration.test.js:93:9)</failure>
    </testcase>
    <testcase classname="External API Integration Tests - SAFE VALIDATION OpenAI/Gemini Integration - SAFE TESTING should validate AI service imports" name="External API Integration Tests - SAFE VALIDATION OpenAI/Gemini Integration - SAFE TESTING should validate AI service imports" time="0.002">
    </testcase>
    <testcase classname="External API Integration Tests - SAFE VALIDATION OpenAI/Gemini Integration - SAFE TESTING should handle AI-powered readings safely" name="External API Integration Tests - SAFE VALIDATION OpenAI/Gemini Integration - SAFE TESTING should handle AI-powered readings safely" time="0.626">
      <failure>AxiosError: Request failed with status code 401
    at settle (/Users/mohitmendiratta/Projects/bots/w1/astro-whatsapp-bot/node_modules/axios/lib/core/settle.js:19:12)
    at IncomingMessage.handleStreamEnd (/Users/mohitmendiratta/Projects/bots/w1/astro-whatsapp-bot/node_modules/axios/lib/adapters/http.js:617:11)
    at IncomingMessage.emit (node:events:520:35)
    at endReadableNT (node:internal/streams/readable:1701:12)
    at processTicksAndRejections (node:internal/process/task_queues:90:21)
    at Axios.request (/Users/mohitmendiratta/Projects/bots/w1/astro-whatsapp-bot/node_modules/axios/lib/core/Axios.js:45:41)
    at processTicksAndRejections (node:internal/process/task_queues:105:5)
    at sendTextMessage (/Users/mohitmendiratta/Projects/bots/w1/astro-whatsapp-bot/src/services/whatsapp/messageSender.js:64:22)
    at sendMessage (/Users/mohitmendiratta/Projects/bots/w1/astro-whatsapp-bot/src/services/whatsapp/messageSender.js:484:18)
    at sendErrorMessage (/Users/mohitmendiratta/Projects/bots/w1/astro-whatsapp-bot/src/services/whatsapp/messageProcessor.js:2515:3)
    at processIncomingMessage (/Users/mohitmendiratta/Projects/bots/w1/astro-whatsapp-bot/src/services/whatsapp/messageProcessor.js:249:5)
    at Object.&lt;anonymous&gt; (/Users/mohitmendiratta/Projects/bots/w1/astro-whatsapp-bot/tests/e2e/external-api-integration.test.js:148:9)</failure>
    </testcase>
    <testcase classname="External API Integration Tests - SAFE VALIDATION WhatsApp API Integration - SAFE TESTING should validate WhatsApp service setup" name="External API Integration Tests - SAFE VALIDATION WhatsApp API Integration - SAFE TESTING should validate WhatsApp service setup" time="0.005">
    </testcase>
    <testcase classname="External API Integration Tests - SAFE VALIDATION WhatsApp API Integration - SAFE TESTING should handle WhatsApp message processing" name="External API Integration Tests - SAFE VALIDATION WhatsApp API Integration - SAFE TESTING should handle WhatsApp message processing" time="0.309">
      <failure>AxiosError: Request failed with status code 401
    at settle (/Users/mohitmendiratta/Projects/bots/w1/astro-whatsapp-bot/node_modules/axios/lib/core/settle.js:19:12)
    at IncomingMessage.handleStreamEnd (/Users/mohitmendiratta/Projects/bots/w1/astro-whatsapp-bot/node_modules/axios/lib/adapters/http.js:617:11)
    at IncomingMessage.emit (node:events:520:35)
    at endReadableNT (node:internal/streams/readable:1701:12)
    at processTicksAndRejections (node:internal/process/task_queues:90:21)
    at Axios.request (/Users/mohitmendiratta/Projects/bots/w1/astro-whatsapp-bot/node_modules/axios/lib/core/Axios.js:45:41)
    at processTicksAndRejections (node:internal/process/task_queues:105:5)
    at sendTextMessage (/Users/mohitmendiratta/Projects/bots/w1/astro-whatsapp-bot/src/services/whatsapp/messageSender.js:64:22)
    at sendMessage (/Users/mohitmendiratta/Projects/bots/w1/astro-whatsapp-bot/src/services/whatsapp/messageSender.js:484:18)
    at sendErrorMessage (/Users/mohitmendiratta/Projects/bots/w1/astro-whatsapp-bot/src/services/whatsapp/messageProcessor.js:2515:3)
    at processIncomingMessage (/Users/mohitmendiratta/Projects/bots/w1/astro-whatsapp-bot/src/services/whatsapp/messageProcessor.js:249:5)
    at Object.&lt;anonymous&gt; (/Users/mohitmendiratta/Projects/bots/w1/astro-whatsapp-bot/tests/e2e/external-api-integration.test.js:196:9)</failure>
    </testcase>
    <testcase classname="External API Integration Tests - SAFE VALIDATION Database Integration - REAL MONGO OPERATIONS should perform REAL database CRUD operations" name="External API Integration Tests - SAFE VALIDATION Database Integration - REAL MONGO OPERATIONS should perform REAL database CRUD operations" time="0.027">
      <failure>Error: expect(received).toBe(expected) // Object.is equality

Expected: &quot;es&quot;
Received: undefined
    at Object.toBe (/Users/mohitmendiratta/Projects/bots/w1/astro-whatsapp-bot/tests/e2e/external-api-integration.test.js:221:36)
    at processTicksAndRejections (node:internal/process/task_queues:105:5)</failure>
    </testcase>
    <testcase classname="External API Integration Tests - SAFE VALIDATION Database Integration - REAL MONGO OPERATIONS should handle database connection errors gracefully" name="External API Integration Tests - SAFE VALIDATION Database Integration - REAL MONGO OPERATIONS should handle database connection errors gracefully" time="0.007">
    </testcase>
    <testcase classname="External API Integration Tests - SAFE VALIDATION Payment Integration - SAFE TESTING should validate payment service setup" name="External API Integration Tests - SAFE VALIDATION Payment Integration - SAFE TESTING should validate payment service setup" time="0.001">
    </testcase>
    <testcase classname="External API Integration Tests - SAFE VALIDATION Payment Integration - SAFE TESTING should handle payment-related requests safely" name="External API Integration Tests - SAFE VALIDATION Payment Integration - SAFE TESTING should handle payment-related requests safely" time="0.354">
      <failure>AxiosError: Request failed with status code 401
    at settle (/Users/mohitmendiratta/Projects/bots/w1/astro-whatsapp-bot/node_modules/axios/lib/core/settle.js:19:12)
    at IncomingMessage.handleStreamEnd (/Users/mohitmendiratta/Projects/bots/w1/astro-whatsapp-bot/node_modules/axios/lib/adapters/http.js:617:11)
    at IncomingMessage.emit (node:events:520:35)
    at endReadableNT (node:internal/streams/readable:1701:12)
    at processTicksAndRejections (node:internal/process/task_queues:90:21)
    at Axios.request (/Users/mohitmendiratta/Projects/bots/w1/astro-whatsapp-bot/node_modules/axios/lib/core/Axios.js:45:41)
    at processTicksAndRejections (node:internal/process/task_queues:105:5)
    at sendTextMessage (/Users/mohitmendiratta/Projects/bots/w1/astro-whatsapp-bot/src/services/whatsapp/messageSender.js:64:22)
    at sendMessage (/Users/mohitmendiratta/Projects/bots/w1/astro-whatsapp-bot/src/services/whatsapp/messageSender.js:484:18)
    at sendErrorMessage (/Users/mohitmendiratta/Projects/bots/w1/astro-whatsapp-bot/src/services/whatsapp/messageProcessor.js:2515:3)
    at processIncomingMessage (/Users/mohitmendiratta/Projects/bots/w1/astro-whatsapp-bot/src/services/whatsapp/messageProcessor.js:249:5)
    at Object.&lt;anonymous&gt; (/Users/mohitmendiratta/Projects/bots/w1/astro-whatsapp-bot/tests/e2e/external-api-integration.test.js:259:9)</failure>
    </testcase>
    <testcase classname="External API Integration Tests - SAFE VALIDATION Error Handling &amp; Resilience should handle network timeouts gracefully" name="External API Integration Tests - SAFE VALIDATION Error Handling &amp; Resilience should handle network timeouts gracefully" time="0.709">
      <failure>AxiosError: Request failed with status code 401
    at settle (/Users/mohitmendiratta/Projects/bots/w1/astro-whatsapp-bot/node_modules/axios/lib/core/settle.js:19:12)
    at IncomingMessage.handleStreamEnd (/Users/mohitmendiratta/Projects/bots/w1/astro-whatsapp-bot/node_modules/axios/lib/adapters/http.js:617:11)
    at IncomingMessage.emit (node:events:520:35)
    at endReadableNT (node:internal/streams/readable:1701:12)
    at processTicksAndRejections (node:internal/process/task_queues:90:21)
    at Axios.request (/Users/mohitmendiratta/Projects/bots/w1/astro-whatsapp-bot/node_modules/axios/lib/core/Axios.js:45:41)
    at processTicksAndRejections (node:internal/process/task_queues:105:5)
    at sendTextMessage (/Users/mohitmendiratta/Projects/bots/w1/astro-whatsapp-bot/src/services/whatsapp/messageSender.js:64:22)
    at sendMessage (/Users/mohitmendiratta/Projects/bots/w1/astro-whatsapp-bot/src/services/whatsapp/messageSender.js:484:18)
    at sendErrorMessage (/Users/mohitmendiratta/Projects/bots/w1/astro-whatsapp-bot/src/services/whatsapp/messageProcessor.js:2515:3)
    at processIncomingMessage (/Users/mohitmendiratta/Projects/bots/w1/astro-whatsapp-bot/src/services/whatsapp/messageProcessor.js:249:5)
    at Object.&lt;anonymous&gt; (/Users/mohitmendiratta/Projects/bots/w1/astro-whatsapp-bot/tests/e2e/external-api-integration.test.js:291:9)</failure>
    </testcase>
    <testcase classname="External API Integration Tests - SAFE VALIDATION Error Handling &amp; Resilience should handle malformed data gracefully" name="External API Integration Tests - SAFE VALIDATION Error Handling &amp; Resilience should handle malformed data gracefully" time="0.009">
      <failure>CastError: Cast to string failed for value &quot;{ phoneNumber: &apos;+incomplete&apos;, profileComplete: false }&quot; (type Object) at path &quot;phoneNumber&quot; for model &quot;User&quot;
    at SchemaString.Object.&lt;anonymous&gt;.SchemaString.cast (/Users/mohitmendiratta/Projects/bots/w1/astro-whatsapp-bot/node_modules/mongoose/lib/schema/string.js:606:11)
    at SchemaString.Object.&lt;anonymous&gt;.SchemaType.applySetters (/Users/mohitmendiratta/Projects/bots/w1/astro-whatsapp-bot/node_modules/mongoose/lib/schematype.js:1219:12)
    at SchemaString.Object.&lt;anonymous&gt;.SchemaString.castForQuery (/Users/mohitmendiratta/Projects/bots/w1/astro-whatsapp-bot/node_modules/mongoose/lib/schema/string.js:691:15)
    at cast (/Users/mohitmendiratta/Projects/bots/w1/astro-whatsapp-bot/node_modules/mongoose/lib/cast.js:318:34)
    at model.Query.Object.&lt;anonymous&gt;.Query.cast (/Users/mohitmendiratta/Projects/bots/w1/astro-whatsapp-bot/node_modules/mongoose/lib/query.js:4927:12)
    at model.Query.Object.&lt;anonymous&gt;.Query._castConditions (/Users/mohitmendiratta/Projects/bots/w1/astro-whatsapp-bot/node_modules/mongoose/lib/query.js:2237:10)
    at model.Query._findOne (/Users/mohitmendiratta/Projects/bots/w1/astro-whatsapp-bot/node_modules/mongoose/lib/query.js:2533:8)
    at model.Query.exec (/Users/mohitmendiratta/Projects/bots/w1/astro-whatsapp-bot/node_modules/mongoose/lib/query.js:4447:28)
    at processTicksAndRejections (node:internal/process/task_queues:105:5)
    at Object.createUser (/Users/mohitmendiratta/Projects/bots/w1/astro-whatsapp-bot/src/models/userModel.js:19:26)
    at Object.&lt;anonymous&gt; (/Users/mohitmendiratta/Projects/bots/w1/astro-whatsapp-bot/tests/e2e/external-api-integration.test.js:309:32)</failure>
    </testcase>
    <testcase classname="External API Integration Tests - SAFE VALIDATION Performance &amp; Scalability should handle concurrent requests efficiently" name="External API Integration Tests - SAFE VALIDATION Performance &amp; Scalability should handle concurrent requests efficiently" time="0.823">
      <failure>AxiosError: Request failed with status code 401
    at settle (/Users/mohitmendiratta/Projects/bots/w1/astro-whatsapp-bot/node_modules/axios/lib/core/settle.js:19:12)
    at IncomingMessage.handleStreamEnd (/Users/mohitmendiratta/Projects/bots/w1/astro-whatsapp-bot/node_modules/axios/lib/adapters/http.js:617:11)
    at IncomingMessage.emit (node:events:520:35)
    at endReadableNT (node:internal/streams/readable:1701:12)
    at processTicksAndRejections (node:internal/process/task_queues:90:21)
    at Axios.request (/Users/mohitmendiratta/Projects/bots/w1/astro-whatsapp-bot/node_modules/axios/lib/core/Axios.js:45:41)
    at processTicksAndRejections (node:internal/process/task_queues:105:5)
    at sendTextMessage (/Users/mohitmendiratta/Projects/bots/w1/astro-whatsapp-bot/src/services/whatsapp/messageSender.js:64:22)
    at sendMessage (/Users/mohitmendiratta/Projects/bots/w1/astro-whatsapp-bot/src/services/whatsapp/messageSender.js:484:18)
    at sendErrorMessage (/Users/mohitmendiratta/Projects/bots/w1/astro-whatsapp-bot/src/services/whatsapp/messageProcessor.js:2515:3)
    at processIncomingMessage (/Users/mohitmendiratta/Projects/bots/w1/astro-whatsapp-bot/src/services/whatsapp/messageProcessor.js:249:5)
    at async Promise.all (index 1)
    at Object.&lt;anonymous&gt; (/Users/mohitmendiratta/Projects/bots/w1/astro-whatsapp-bot/tests/e2e/external-api-integration.test.js:376:9)</failure>
    </testcase>
    <testcase classname="External API Integration Tests - SAFE VALIDATION Performance &amp; Scalability should handle high-volume user load testing" name="External API Integration Tests - SAFE VALIDATION Performance &amp; Scalability should handle high-volume user load testing" time="0.846">
      <failure>AxiosError: Request failed with status code 401
    at settle (/Users/mohitmendiratta/Projects/bots/w1/astro-whatsapp-bot/node_modules/axios/lib/core/settle.js:19:12)
    at IncomingMessage.handleStreamEnd (/Users/mohitmendiratta/Projects/bots/w1/astro-whatsapp-bot/node_modules/axios/lib/adapters/http.js:617:11)
    at IncomingMessage.emit (node:events:520:35)
    at endReadableNT (node:internal/streams/readable:1701:12)
    at processTicksAndRejections (node:internal/process/task_queues:90:21)
    at Axios.request (/Users/mohitmendiratta/Projects/bots/w1/astro-whatsapp-bot/node_modules/axios/lib/core/Axios.js:45:41)
    at processTicksAndRejections (node:internal/process/task_queues:105:5)
    at sendTextMessage (/Users/mohitmendiratta/Projects/bots/w1/astro-whatsapp-bot/src/services/whatsapp/messageSender.js:64:22)
    at sendMessage (/Users/mohitmendiratta/Projects/bots/w1/astro-whatsapp-bot/src/services/whatsapp/messageSender.js:484:18)
    at sendErrorMessage (/Users/mohitmendiratta/Projects/bots/w1/astro-whatsapp-bot/src/services/whatsapp/messageProcessor.js:2515:3)
    at processIncomingMessage (/Users/mohitmendiratta/Projects/bots/w1/astro-whatsapp-bot/src/services/whatsapp/messageProcessor.js:249:5)
    at async Promise.all (index 2)
    at Object.&lt;anonymous&gt; (/Users/mohitmendiratta/Projects/bots/w1/astro-whatsapp-bot/tests/e2e/external-api-integration.test.js:446:9)</failure>
    </testcase>
    <testcase classname="External API Integration Tests - SAFE VALIDATION Performance &amp; Scalability should maintain response times under load" name="External API Integration Tests - SAFE VALIDATION Performance &amp; Scalability should maintain response times under load" time="0.919">
      <failure>AxiosError: Request failed with status code 401
    at settle (/Users/mohitmendiratta/Projects/bots/w1/astro-whatsapp-bot/node_modules/axios/lib/core/settle.js:19:12)
    at IncomingMessage.handleStreamEnd (/Users/mohitmendiratta/Projects/bots/w1/astro-whatsapp-bot/node_modules/axios/lib/adapters/http.js:617:11)
    at IncomingMessage.emit (node:events:520:35)
    at endReadableNT (node:internal/streams/readable:1701:12)
    at processTicksAndRejections (node:internal/process/task_queues:90:21)
    at Axios.request (/Users/mohitmendiratta/Projects/bots/w1/astro-whatsapp-bot/node_modules/axios/lib/core/Axios.js:45:41)
    at processTicksAndRejections (node:internal/process/task_queues:105:5)
    at sendTextMessage (/Users/mohitmendiratta/Projects/bots/w1/astro-whatsapp-bot/src/services/whatsapp/messageSender.js:64:22)
    at sendMessage (/Users/mohitmendiratta/Projects/bots/w1/astro-whatsapp-bot/src/services/whatsapp/messageSender.js:484:18)
    at sendErrorMessage (/Users/mohitmendiratta/Projects/bots/w1/astro-whatsapp-bot/src/services/whatsapp/messageProcessor.js:2515:3)
    at processIncomingMessage (/Users/mohitmendiratta/Projects/bots/w1/astro-whatsapp-bot/src/services/whatsapp/messageProcessor.js:249:5)
    at Object.&lt;anonymous&gt; (/Users/mohitmendiratta/Projects/bots/w1/astro-whatsapp-bot/tests/e2e/external-api-integration.test.js:493:11)</failure>
    </testcase>
  </testsuite>
  <testsuite name="Logger" errors="0" failures="3" skipped="0" timestamp="2025-10-28T20:50:52" time="2.72" tests="4">
    <testcase classname="Logger Logging Methods should log info message" name="Logger Logging Methods should log info message" time="0.004">
      <failure>Error: expect(jest.fn()).toHaveBeenCalledWith(...expected)

Expected: StringContaining &quot;Test info message&quot;

Number of calls: 0
    at Object.toHaveBeenCalledWith (/Users/mohitmendiratta/Projects/bots/w1/astro-whatsapp-bot/tests/unit/utils/logger.test.js:18:26)
    at Promise.then.completed (/Users/mohitmendiratta/Projects/bots/w1/astro-whatsapp-bot/node_modules/jest-circus/build/utils.js:298:28)
    at new Promise (&lt;anonymous&gt;)
    at callAsyncCircusFn (/Users/mohitmendiratta/Projects/bots/w1/astro-whatsapp-bot/node_modules/jest-circus/build/utils.js:231:10)
    at _callCircusTest (/Users/mohitmendiratta/Projects/bots/w1/astro-whatsapp-bot/node_modules/jest-circus/build/run.js:316:40)
    at processTicksAndRejections (node:internal/process/task_queues:105:5)
    at _runTest (/Users/mohitmendiratta/Projects/bots/w1/astro-whatsapp-bot/node_modules/jest-circus/build/run.js:252:3)
    at _runTestsForDescribeBlock (/Users/mohitmendiratta/Projects/bots/w1/astro-whatsapp-bot/node_modules/jest-circus/build/run.js:126:9)
    at _runTestsForDescribeBlock (/Users/mohitmendiratta/Projects/bots/w1/astro-whatsapp-bot/node_modules/jest-circus/build/run.js:121:9)
    at _runTestsForDescribeBlock (/Users/mohitmendiratta/Projects/bots/w1/astro-whatsapp-bot/node_modules/jest-circus/build/run.js:121:9)
    at run (/Users/mohitmendiratta/Projects/bots/w1/astro-whatsapp-bot/node_modules/jest-circus/build/run.js:71:3)
    at runAndTransformResultsToJestFormat (/Users/mohitmendiratta/Projects/bots/w1/astro-whatsapp-bot/node_modules/jest-circus/build/legacy-code-todo-rewrite/jestAdapterInit.js:122:21)
    at jestAdapter (/Users/mohitmendiratta/Projects/bots/w1/astro-whatsapp-bot/node_modules/jest-circus/build/legacy-code-todo-rewrite/jestAdapter.js:79:19)
    at runTestInternal (/Users/mohitmendiratta/Projects/bots/w1/astro-whatsapp-bot/node_modules/jest-runner/build/runTest.js:367:16)
    at runTest (/Users/mohitmendiratta/Projects/bots/w1/astro-whatsapp-bot/node_modules/jest-runner/build/runTest.js:444:34)</failure>
    </testcase>
    <testcase classname="Logger Logging Methods should log error message" name="Logger Logging Methods should log error message" time="0.002">
      <failure>Error: expect(jest.fn()).toHaveBeenCalledWith(...expected)

Expected: StringContaining &quot;Test error message&quot;

Number of calls: 0
    at Object.toHaveBeenCalledWith (/Users/mohitmendiratta/Projects/bots/w1/astro-whatsapp-bot/tests/unit/utils/logger.test.js:28:26)
    at Promise.then.completed (/Users/mohitmendiratta/Projects/bots/w1/astro-whatsapp-bot/node_modules/jest-circus/build/utils.js:298:28)
    at new Promise (&lt;anonymous&gt;)
    at callAsyncCircusFn (/Users/mohitmendiratta/Projects/bots/w1/astro-whatsapp-bot/node_modules/jest-circus/build/utils.js:231:10)
    at _callCircusTest (/Users/mohitmendiratta/Projects/bots/w1/astro-whatsapp-bot/node_modules/jest-circus/build/run.js:316:40)
    at processTicksAndRejections (node:internal/process/task_queues:105:5)
    at _runTest (/Users/mohitmendiratta/Projects/bots/w1/astro-whatsapp-bot/node_modules/jest-circus/build/run.js:252:3)
    at _runTestsForDescribeBlock (/Users/mohitmendiratta/Projects/bots/w1/astro-whatsapp-bot/node_modules/jest-circus/build/run.js:126:9)
    at _runTestsForDescribeBlock (/Users/mohitmendiratta/Projects/bots/w1/astro-whatsapp-bot/node_modules/jest-circus/build/run.js:121:9)
    at _runTestsForDescribeBlock (/Users/mohitmendiratta/Projects/bots/w1/astro-whatsapp-bot/node_modules/jest-circus/build/run.js:121:9)
    at run (/Users/mohitmendiratta/Projects/bots/w1/astro-whatsapp-bot/node_modules/jest-circus/build/run.js:71:3)
    at runAndTransformResultsToJestFormat (/Users/mohitmendiratta/Projects/bots/w1/astro-whatsapp-bot/node_modules/jest-circus/build/legacy-code-todo-rewrite/jestAdapterInit.js:122:21)
    at jestAdapter (/Users/mohitmendiratta/Projects/bots/w1/astro-whatsapp-bot/node_modules/jest-circus/build/legacy-code-todo-rewrite/jestAdapter.js:79:19)
    at runTestInternal (/Users/mohitmendiratta/Projects/bots/w1/astro-whatsapp-bot/node_modules/jest-runner/build/runTest.js:367:16)
    at runTest (/Users/mohitmendiratta/Projects/bots/w1/astro-whatsapp-bot/node_modules/jest-runner/build/runTest.js:444:34)</failure>
    </testcase>
    <testcase classname="Logger Logging Methods should log warn message" name="Logger Logging Methods should log warn message" time="0.002">
      <failure>Error: expect(jest.fn()).toHaveBeenCalledWith(...expected)

Expected: StringContaining &quot;Test warn message&quot;

Number of calls: 0
    at Object.toHaveBeenCalledWith (/Users/mohitmendiratta/Projects/bots/w1/astro-whatsapp-bot/tests/unit/utils/logger.test.js:38:26)
    at Promise.then.completed (/Users/mohitmendiratta/Projects/bots/w1/astro-whatsapp-bot/node_modules/jest-circus/build/utils.js:298:28)
    at new Promise (&lt;anonymous&gt;)
    at callAsyncCircusFn (/Users/mohitmendiratta/Projects/bots/w1/astro-whatsapp-bot/node_modules/jest-circus/build/utils.js:231:10)
    at _callCircusTest (/Users/mohitmendiratta/Projects/bots/w1/astro-whatsapp-bot/node_modules/jest-circus/build/run.js:316:40)
    at processTicksAndRejections (node:internal/process/task_queues:105:5)
    at _runTest (/Users/mohitmendiratta/Projects/bots/w1/astro-whatsapp-bot/node_modules/jest-circus/build/run.js:252:3)
    at _runTestsForDescribeBlock (/Users/mohitmendiratta/Projects/bots/w1/astro-whatsapp-bot/node_modules/jest-circus/build/run.js:126:9)
    at _runTestsForDescribeBlock (/Users/mohitmendiratta/Projects/bots/w1/astro-whatsapp-bot/node_modules/jest-circus/build/run.js:121:9)
    at _runTestsForDescribeBlock (/Users/mohitmendiratta/Projects/bots/w1/astro-whatsapp-bot/node_modules/jest-circus/build/run.js:121:9)
    at run (/Users/mohitmendiratta/Projects/bots/w1/astro-whatsapp-bot/node_modules/jest-circus/build/run.js:71:3)
    at runAndTransformResultsToJestFormat (/Users/mohitmendiratta/Projects/bots/w1/astro-whatsapp-bot/node_modules/jest-circus/build/legacy-code-todo-rewrite/jestAdapterInit.js:122:21)
    at jestAdapter (/Users/mohitmendiratta/Projects/bots/w1/astro-whatsapp-bot/node_modules/jest-circus/build/legacy-code-todo-rewrite/jestAdapter.js:79:19)
    at runTestInternal (/Users/mohitmendiratta/Projects/bots/w1/astro-whatsapp-bot/node_modules/jest-runner/build/runTest.js:367:16)
    at runTest (/Users/mohitmendiratta/Projects/bots/w1/astro-whatsapp-bot/node_modules/jest-runner/build/runTest.js:444:34)</failure>
    </testcase>
    <testcase classname="Logger Logging Methods should log debug message" name="Logger Logging Methods should log debug message" time="0.001">
    </testcase>
  </testsuite>
  <testsuite name="COMPREHENSIVE USER EXPERIENCE: Language &amp; Accessibility Testing (51 tests)" errors="0" failures="4" skipped="0" timestamp="2025-10-28T20:50:55" time="7.411" tests="53">
    <testcase classname="COMPREHENSIVE USER EXPERIENCE: Language &amp; Accessibility Testing (51 tests) Multi-Language Support (33 tests) defaults to English for invalid language codes" name="COMPREHENSIVE USER EXPERIENCE: Language &amp; Accessibility Testing (51 tests) Multi-Language Support (33 tests) defaults to English for invalid language codes" time="1.439">
      <failure>AxiosError: Request failed with status code 401
    at settle (/Users/mohitmendiratta/Projects/bots/w1/astro-whatsapp-bot/node_modules/axios/lib/core/settle.js:19:12)
    at IncomingMessage.handleStreamEnd (/Users/mohitmendiratta/Projects/bots/w1/astro-whatsapp-bot/node_modules/axios/lib/adapters/http.js:617:11)
    at IncomingMessage.emit (node:events:520:35)
    at endReadableNT (node:internal/streams/readable:1701:12)
    at processTicksAndRejections (node:internal/process/task_queues:90:21)
    at Axios.request (/Users/mohitmendiratta/Projects/bots/w1/astro-whatsapp-bot/node_modules/axios/lib/core/Axios.js:45:41)
    at processTicksAndRejections (node:internal/process/task_queues:105:5)
    at sendTextMessage (/Users/mohitmendiratta/Projects/bots/w1/astro-whatsapp-bot/src/services/whatsapp/messageSender.js:64:22)
    at sendMessage (/Users/mohitmendiratta/Projects/bots/w1/astro-whatsapp-bot/src/services/whatsapp/messageSender.js:484:18)
    at sendErrorMessage (/Users/mohitmendiratta/Projects/bots/w1/astro-whatsapp-bot/src/services/whatsapp/messageProcessor.js:2515:3)
    at processIncomingMessage (/Users/mohitmendiratta/Projects/bots/w1/astro-whatsapp-bot/src/services/whatsapp/messageProcessor.js:249:5)
    at Object.&lt;anonymous&gt; (/Users/mohitmendiratta/Projects/bots/w1/astro-whatsapp-bot/tests/e2e/comprehensive-test-suite/comprehensive-user-experience.test.js:36:7)</failure>
    </testcase>
    <testcase classname="COMPREHENSIVE USER EXPERIENCE: Language &amp; Accessibility Testing (51 tests) Multi-Language Support (33 tests) lists available options for unsupported Klingon language" name="COMPREHENSIVE USER EXPERIENCE: Language &amp; Accessibility Testing (51 tests) Multi-Language Support (33 tests) lists available options for unsupported Klingon language" time="0.711">
      <failure>AxiosError: Request failed with status code 401
    at settle (/Users/mohitmendiratta/Projects/bots/w1/astro-whatsapp-bot/node_modules/axios/lib/core/settle.js:19:12)
    at IncomingMessage.handleStreamEnd (/Users/mohitmendiratta/Projects/bots/w1/astro-whatsapp-bot/node_modules/axios/lib/adapters/http.js:617:11)
    at IncomingMessage.emit (node:events:520:35)
    at endReadableNT (node:internal/streams/readable:1701:12)
    at processTicksAndRejections (node:internal/process/task_queues:90:21)
    at Axios.request (/Users/mohitmendiratta/Projects/bots/w1/astro-whatsapp-bot/node_modules/axios/lib/core/Axios.js:45:41)
    at processTicksAndRejections (node:internal/process/task_queues:105:5)
    at sendTextMessage (/Users/mohitmendiratta/Projects/bots/w1/astro-whatsapp-bot/src/services/whatsapp/messageSender.js:64:22)
    at sendMessage (/Users/mohitmendiratta/Projects/bots/w1/astro-whatsapp-bot/src/services/whatsapp/messageSender.js:484:18)
    at sendErrorMessage (/Users/mohitmendiratta/Projects/bots/w1/astro-whatsapp-bot/src/services/whatsapp/messageProcessor.js:2515:3)
    at processIncomingMessage (/Users/mohitmendiratta/Projects/bots/w1/astro-whatsapp-bot/src/services/whatsapp/messageProcessor.js:249:5)
    at Object.&lt;anonymous&gt; (/Users/mohitmendiratta/Projects/bots/w1/astro-whatsapp-bot/tests/e2e/comprehensive-test-suite/comprehensive-user-experience.test.js:46:7)</failure>
    </testcase>
    <testcase classname="COMPREHENSIVE USER EXPERIENCE: Language &amp; Accessibility Testing (51 tests) Multi-Language Support (33 tests) handles Spanish language switching mid-flow" name="COMPREHENSIVE USER EXPERIENCE: Language &amp; Accessibility Testing (51 tests) Multi-Language Support (33 tests) handles Spanish language switching mid-flow" time="0.7">
      <failure>AxiosError: Request failed with status code 401
    at settle (/Users/mohitmendiratta/Projects/bots/w1/astro-whatsapp-bot/node_modules/axios/lib/core/settle.js:19:12)
    at IncomingMessage.handleStreamEnd (/Users/mohitmendiratta/Projects/bots/w1/astro-whatsapp-bot/node_modules/axios/lib/adapters/http.js:617:11)
    at IncomingMessage.emit (node:events:520:35)
    at endReadableNT (node:internal/streams/readable:1701:12)
    at processTicksAndRejections (node:internal/process/task_queues:90:21)
    at Axios.request (/Users/mohitmendiratta/Projects/bots/w1/astro-whatsapp-bot/node_modules/axios/lib/core/Axios.js:45:41)
    at processTicksAndRejections (node:internal/process/task_queues:105:5)
    at sendTextMessage (/Users/mohitmendiratta/Projects/bots/w1/astro-whatsapp-bot/src/services/whatsapp/messageSender.js:64:22)
    at sendMessage (/Users/mohitmendiratta/Projects/bots/w1/astro-whatsapp-bot/src/services/whatsapp/messageSender.js:484:18)
    at sendErrorMessage (/Users/mohitmendiratta/Projects/bots/w1/astro-whatsapp-bot/src/services/whatsapp/messageProcessor.js:2515:3)
    at processIncomingMessage (/Users/mohitmendiratta/Projects/bots/w1/astro-whatsapp-bot/src/services/whatsapp/messageProcessor.js:249:5)
    at Object.&lt;anonymous&gt; (/Users/mohitmendiratta/Projects/bots/w1/astro-whatsapp-bot/tests/e2e/comprehensive-test-suite/comprehensive-user-experience.test.js:56:7)</failure>
    </testcase>
    <testcase classname="COMPREHENSIVE USER EXPERIENCE: Language &amp; Accessibility Testing (51 tests) Multi-Language Support (33 tests) activates Hindi interface with emoji flag input" name="COMPREHENSIVE USER EXPERIENCE: Language &amp; Accessibility Testing (51 tests) Multi-Language Support (33 tests) activates Hindi interface with emoji flag input" time="0.637">
      <failure>AxiosError: Request failed with status code 401
    at settle (/Users/mohitmendiratta/Projects/bots/w1/astro-whatsapp-bot/node_modules/axios/lib/core/settle.js:19:12)
    at IncomingMessage.handleStreamEnd (/Users/mohitmendiratta/Projects/bots/w1/astro-whatsapp-bot/node_modules/axios/lib/adapters/http.js:617:11)
    at IncomingMessage.emit (node:events:520:35)
    at endReadableNT (node:internal/streams/readable:1701:12)
    at processTicksAndRejections (node:internal/process/task_queues:90:21)
    at Axios.request (/Users/mohitmendiratta/Projects/bots/w1/astro-whatsapp-bot/node_modules/axios/lib/core/Axios.js:45:41)
    at processTicksAndRejections (node:internal/process/task_queues:105:5)
    at sendTextMessage (/Users/mohitmendiratta/Projects/bots/w1/astro-whatsapp-bot/src/services/whatsapp/messageSender.js:64:22)
    at sendMessage (/Users/mohitmendiratta/Projects/bots/w1/astro-whatsapp-bot/src/services/whatsapp/messageSender.js:484:18)
    at sendErrorMessage (/Users/mohitmendiratta/Projects/bots/w1/astro-whatsapp-bot/src/services/whatsapp/messageProcessor.js:2515:3)
    at processIncomingMessage (/Users/mohitmendiratta/Projects/bots/w1/astro-whatsapp-bot/src/services/whatsapp/messageProcessor.js:249:5)
    at Object.&lt;anonymous&gt; (/Users/mohitmendiratta/Projects/bots/w1/astro-whatsapp-bot/tests/e2e/comprehensive-test-suite/comprehensive-user-experience.test.js:69:7)</failure>
    </testcase>
    <testcase classname="COMPREHENSIVE USER EXPERIENCE: Language &amp; Accessibility Testing (51 tests) Multi-Language Support (33 tests) translates date input validation messages in Spanish" name="COMPREHENSIVE USER EXPERIENCE: Language &amp; Accessibility Testing (51 tests) Multi-Language Support (33 tests) translates date input validation messages in Spanish" time="0.018">
    </testcase>
    <testcase classname="COMPREHENSIVE USER EXPERIENCE: Language &amp; Accessibility Testing (51 tests) Multi-Language Support (33 tests) handles Arabic right-to-left text display correctly" name="COMPREHENSIVE USER EXPERIENCE: Language &amp; Accessibility Testing (51 tests) Multi-Language Support (33 tests) handles Arabic right-to-left text display correctly" time="0.013">
    </testcase>
    <testcase classname="COMPREHENSIVE USER EXPERIENCE: Language &amp; Accessibility Testing (51 tests) Multi-Language Support (33 tests) translates time validation errors in Hindi" name="COMPREHENSIVE USER EXPERIENCE: Language &amp; Accessibility Testing (51 tests) Multi-Language Support (33 tests) translates time validation errors in Hindi" time="0.011">
    </testcase>
    <testcase classname="COMPREHENSIVE USER EXPERIENCE: Language &amp; Accessibility Testing (51 tests) Multi-Language Support (33 tests) manages language persistence across user sessions" name="COMPREHENSIVE USER EXPERIENCE: Language &amp; Accessibility Testing (51 tests) Multi-Language Support (33 tests) manages language persistence across user sessions" time="0.011">
    </testcase>
    <testcase classname="COMPREHENSIVE USER EXPERIENCE: Language &amp; Accessibility Testing (51 tests) Multi-Language Support (33 tests) handles language switching during onboarding flow" name="COMPREHENSIVE USER EXPERIENCE: Language &amp; Accessibility Testing (51 tests) Multi-Language Support (33 tests) handles language switching during onboarding flow" time="0.011">
    </testcase>
    <testcase classname="COMPREHENSIVE USER EXPERIENCE: Language &amp; Accessibility Testing (51 tests) Multi-Language Support (33 tests) provides consistent terminology in Malayalam" name="COMPREHENSIVE USER EXPERIENCE: Language &amp; Accessibility Testing (51 tests) Multi-Language Support (33 tests) provides consistent terminology in Malayalam" time="0.009">
    </testcase>
    <testcase classname="COMPREHENSIVE USER EXPERIENCE: Language &amp; Accessibility Testing (51 tests) Multi-Language Support (33 tests) supports Telugu astrological term translations" name="COMPREHENSIVE USER EXPERIENCE: Language &amp; Accessibility Testing (51 tests) Multi-Language Support (33 tests) supports Telugu astrological term translations" time="0.013">
    </testcase>
    <testcase classname="COMPREHENSIVE USER EXPERIENCE: Language &amp; Accessibility Testing (51 tests) Multi-Language Support (33 tests) validates Tamil interface character encoding" name="COMPREHENSIVE USER EXPERIENCE: Language &amp; Accessibility Testing (51 tests) Multi-Language Support (33 tests) validates Tamil interface character encoding" time="0.007">
    </testcase>
    <testcase classname="COMPREHENSIVE USER EXPERIENCE: Language &amp; Accessibility Testing (51 tests) Multi-Language Support (33 tests) translations preserve cultural context in Kannada" name="COMPREHENSIVE USER EXPERIENCE: Language &amp; Accessibility Testing (51 tests) Multi-Language Support (33 tests) translations preserve cultural context in Kannada" time="0.008">
    </testcase>
    <testcase classname="COMPREHENSIVE USER EXPERIENCE: Language &amp; Accessibility Testing (51 tests) Multi-Language Support (33 tests) language resources load correctly for Gujarati users" name="COMPREHENSIVE USER EXPERIENCE: Language &amp; Accessibility Testing (51 tests) Multi-Language Support (33 tests) language resources load correctly for Gujarati users" time="0.011">
    </testcase>
    <testcase classname="COMPREHENSIVE USER EXPERIENCE: Language &amp; Accessibility Testing (51 tests) Multi-Language Support (33 tests) processes Marathi date format variations" name="COMPREHENSIVE USER EXPERIENCE: Language &amp; Accessibility Testing (51 tests) Multi-Language Support (33 tests) processes Marathi date format variations" time="0.008">
    </testcase>
    <testcase classname="COMPREHENSIVE USER EXPERIENCE: Language &amp; Accessibility Testing (51 tests) Multi-Language Support (33 tests) handles Bengali script complex character combinations" name="COMPREHENSIVE USER EXPERIENCE: Language &amp; Accessibility Testing (51 tests) Multi-Language Support (33 tests) handles Bengali script complex character combinations" time="0.009">
    </testcase>
    <testcase classname="COMPREHENSIVE USER EXPERIENCE: Language &amp; Accessibility Testing (51 tests) Multi-Language Support (33 tests) linguistically validates Punjabi greeting responses" name="COMPREHENSIVE USER EXPERIENCE: Language &amp; Accessibility Testing (51 tests) Multi-Language Support (33 tests) linguistically validates Punjabi greeting responses" time="0.007">
    </testcase>
    <testcase classname="COMPREHENSIVE USER EXPERIENCE: Language &amp; Accessibility Testing (51 tests) Multi-Language Support (33 tests) persists Urdu text direction preferences" name="COMPREHENSIVE USER EXPERIENCE: Language &amp; Accessibility Testing (51 tests) Multi-Language Support (33 tests) persists Urdu text direction preferences" time="0.006">
    </testcase>
    <testcase classname="COMPREHENSIVE USER EXPERIENCE: Language &amp; Accessibility Testing (51 tests) Multi-Language Support (33 tests) validates Tagalog celestial terminology accuracy" name="COMPREHENSIVE USER EXPERIENCE: Language &amp; Accessibility Testing (51 tests) Multi-Language Support (33 tests) validates Tagalog celestial terminology accuracy" time="0.006">
    </testcase>
    <testcase classname="COMPREHENSIVE USER EXPERIENCE: Language &amp; Accessibility Testing (51 tests) Multi-Language Support (33 tests) handles Malay zodiac concept adaptations" name="COMPREHENSIVE USER EXPERIENCE: Language &amp; Accessibility Testing (51 tests) Multi-Language Support (33 tests) handles Malay zodiac concept adaptations" time="0.008">
    </testcase>
    <testcase classname="COMPREHENSIVE USER EXPERIENCE: Language &amp; Accessibility Testing (51 tests) Multi-Language Support (33 tests) validates Indonesian cultural astrology interpretations" name="COMPREHENSIVE USER EXPERIENCE: Language &amp; Accessibility Testing (51 tests) Multi-Language Support (33 tests) validates Indonesian cultural astrology interpretations" time="0.008">
    </testcase>
    <testcase classname="COMPREHENSIVE USER EXPERIENCE: Language &amp; Accessibility Testing (51 tests) Multi-Language Support (33 tests) defaults to English when language server is unavailable" name="COMPREHENSIVE USER EXPERIENCE: Language &amp; Accessibility Testing (51 tests) Multi-Language Support (33 tests) defaults to English when language server is unavailable" time="0.007">
    </testcase>
    <testcase classname="COMPREHENSIVE USER EXPERIENCE: Language &amp; Accessibility Testing (51 tests) Multi-Language Support (33 tests) handles concurrent multi-language user support" name="COMPREHENSIVE USER EXPERIENCE: Language &amp; Accessibility Testing (51 tests) Multi-Language Support (33 tests) handles concurrent multi-language user support" time="0.006">
    </testcase>
    <testcase classname="COMPREHENSIVE USER EXPERIENCE: Language &amp; Accessibility Testing (51 tests) Multi-Language Support (33 tests) validates message truncation in shorter languages" name="COMPREHENSIVE USER EXPERIENCE: Language &amp; Accessibility Testing (51 tests) Multi-Language Support (33 tests) validates message truncation in shorter languages" time="0.008">
    </testcase>
    <testcase classname="COMPREHENSIVE USER EXPERIENCE: Language &amp; Accessibility Testing (51 tests) Multi-Language Support (33 tests) supports keyboard input methods for all languages" name="COMPREHENSIVE USER EXPERIENCE: Language &amp; Accessibility Testing (51 tests) Multi-Language Support (33 tests) supports keyboard input methods for all languages" time="0.008">
    </testcase>
    <testcase classname="COMPREHENSIVE USER EXPERIENCE: Language &amp; Accessibility Testing (51 tests) Multi-Language Support (33 tests) handles voice input language detection accuracy" name="COMPREHENSIVE USER EXPERIENCE: Language &amp; Accessibility Testing (51 tests) Multi-Language Support (33 tests) handles voice input language detection accuracy" time="0.012">
    </testcase>
    <testcase classname="COMPREHENSIVE USER EXPERIENCE: Language &amp; Accessibility Testing (51 tests) Multi-Language Support (33 tests) supports mixed script user names (e.g., Tamil Sangam periods)" name="COMPREHENSIVE USER EXPERIENCE: Language &amp; Accessibility Testing (51 tests) Multi-Language Support (33 tests) supports mixed script user names (e.g., Tamil Sangam periods)" time="0.008">
    </testcase>
    <testcase classname="COMPREHENSIVE USER EXPERIENCE: Language &amp; Accessibility Testing (51 tests) Multi-Language Support (33 tests) adapts emoji responses based on cultural context" name="COMPREHENSIVE USER EXPERIENCE: Language &amp; Accessibility Testing (51 tests) Multi-Language Support (33 tests) adapts emoji responses based on cultural context" time="0.007">
    </testcase>
    <testcase classname="COMPREHENSIVE USER EXPERIENCE: Language &amp; Accessibility Testing (51 tests) Multi-Language Support (33 tests) handles language-specific astrological symbol representations" name="COMPREHENSIVE USER EXPERIENCE: Language &amp; Accessibility Testing (51 tests) Multi-Language Support (33 tests) handles language-specific astrological symbol representations" time="0.009">
    </testcase>
    <testcase classname="COMPREHENSIVE USER EXPERIENCE: Language &amp; Accessibility Testing (51 tests) Multi-Language Support (33 tests) validates festival notification language accuracy" name="COMPREHENSIVE USER EXPERIENCE: Language &amp; Accessibility Testing (51 tests) Multi-Language Support (33 tests) validates festival notification language accuracy" time="0.007">
    </testcase>
    <testcase classname="COMPREHENSIVE USER EXPERIENCE: Language &amp; Accessibility Testing (51 tests) Multi-Language Support (33 tests) supports administrative region language variations" name="COMPREHENSIVE USER EXPERIENCE: Language &amp; Accessibility Testing (51 tests) Multi-Language Support (33 tests) supports administrative region language variations" time="0.007">
    </testcase>
    <testcase classname="COMPREHENSIVE USER EXPERIENCE: Language &amp; Accessibility Testing (51 tests) Multi-Language Support (33 tests) handles mixed language conversation scenarios" name="COMPREHENSIVE USER EXPERIENCE: Language &amp; Accessibility Testing (51 tests) Multi-Language Support (33 tests) handles mixed language conversation scenarios" time="0.009">
    </testcase>
    <testcase classname="COMPREHENSIVE USER EXPERIENCE: Language &amp; Accessibility Testing (51 tests) Multi-Language Support (33 tests) validates backup language fallback mechanisms" name="COMPREHENSIVE USER EXPERIENCE: Language &amp; Accessibility Testing (51 tests) Multi-Language Support (33 tests) validates backup language fallback mechanisms" time="0.007">
    </testcase>
    <testcase classname="COMPREHENSIVE USER EXPERIENCE: Language &amp; Accessibility Testing (51 tests) Multi-Language Support (33 tests) language context preservation in chart interpretations" name="COMPREHENSIVE USER EXPERIENCE: Language &amp; Accessibility Testing (51 tests) Multi-Language Support (33 tests) language context preservation in chart interpretations" time="0.007">
    </testcase>
    <testcase classname="COMPREHENSIVE USER EXPERIENCE: Language &amp; Accessibility Testing (51 tests) Multi-Language Support (33 tests) economy typing adaptations for short-form languages" name="COMPREHENSIVE USER EXPERIENCE: Language &amp; Accessibility Testing (51 tests) Multi-Language Support (33 tests) economy typing adaptations for short-form languages" time="0.007">
    </testcase>
    <testcase classname="COMPREHENSIVE USER EXPERIENCE: Language &amp; Accessibility Testing (51 tests) Accessibility Testing (18 tests) provides consistent navigation structure across all interfaces" name="COMPREHENSIVE USER EXPERIENCE: Language &amp; Accessibility Testing (51 tests) Accessibility Testing (18 tests) provides consistent navigation structure across all interfaces" time="0.007">
    </testcase>
    <testcase classname="COMPREHENSIVE USER EXPERIENCE: Language &amp; Accessibility Testing (51 tests) Accessibility Testing (18 tests) implements accessible menu hierarchy patterns" name="COMPREHENSIVE USER EXPERIENCE: Language &amp; Accessibility Testing (51 tests) Accessibility Testing (18 tests) implements accessible menu hierarchy patterns" time="0.011">
    </testcase>
    <testcase classname="COMPREHENSIVE USER EXPERIENCE: Language &amp; Accessibility Testing (51 tests) Accessibility Testing (18 tests) supports screen reader text announcement clarity" name="COMPREHENSIVE USER EXPERIENCE: Language &amp; Accessibility Testing (51 tests) Accessibility Testing (18 tests) supports screen reader text announcement clarity" time="0.01">
    </testcase>
    <testcase classname="COMPREHENSIVE USER EXPERIENCE: Language &amp; Accessibility Testing (51 tests) Accessibility Testing (18 tests) validates semantic markup for assistive technologies" name="COMPREHENSIVE USER EXPERIENCE: Language &amp; Accessibility Testing (51 tests) Accessibility Testing (18 tests) validates semantic markup for assistive technologies" time="0.008">
    </testcase>
    <testcase classname="COMPREHENSIVE USER EXPERIENCE: Language &amp; Accessibility Testing (51 tests) Accessibility Testing (18 tests) ensures adequate color contrast ratios throughout" name="COMPREHENSIVE USER EXPERIENCE: Language &amp; Accessibility Testing (51 tests) Accessibility Testing (18 tests) ensures adequate color contrast ratios throughout" time="0.008">
    </testcase>
    <testcase classname="COMPREHENSIVE USER EXPERIENCE: Language &amp; Accessibility Testing (51 tests) Accessibility Testing (18 tests) provides keyboard-only navigation support" name="COMPREHENSIVE USER EXPERIENCE: Language &amp; Accessibility Testing (51 tests) Accessibility Testing (18 tests) provides keyboard-only navigation support" time="0.015">
    </testcase>
    <testcase classname="COMPREHENSIVE USER EXPERIENCE: Language &amp; Accessibility Testing (51 tests) Accessibility Testing (18 tests) handles complex input field accessibility patterns" name="COMPREHENSIVE USER EXPERIENCE: Language &amp; Accessibility Testing (51 tests) Accessibility Testing (18 tests) handles complex input field accessibility patterns" time="0.012">
    </testcase>
    <testcase classname="COMPREHENSIVE USER EXPERIENCE: Language &amp; Accessibility Testing (51 tests) Accessibility Testing (18 tests) validates error message presentation in accessible formats" name="COMPREHENSIVE USER EXPERIENCE: Language &amp; Accessibility Testing (51 tests) Accessibility Testing (18 tests) validates error message presentation in accessible formats" time="0.008">
    </testcase>
    <testcase classname="COMPREHENSIVE USER EXPERIENCE: Language &amp; Accessibility Testing (51 tests) Accessibility Testing (18 tests) supports multiple assistive technology combinations" name="COMPREHENSIVE USER EXPERIENCE: Language &amp; Accessibility Testing (51 tests) Accessibility Testing (18 tests) supports multiple assistive technology combinations" time="0.008">
    </testcase>
    <testcase classname="COMPREHENSIVE USER EXPERIENCE: Language &amp; Accessibility Testing (51 tests) Accessibility Testing (18 tests) provides accessible form validation feedback mechanisms" name="COMPREHENSIVE USER EXPERIENCE: Language &amp; Accessibility Testing (51 tests) Accessibility Testing (18 tests) provides accessible form validation feedback mechanisms" time="0.007">
    </testcase>
    <testcase classname="COMPREHENSIVE USER EXPERIENCE: Language &amp; Accessibility Testing (51 tests) Accessibility Testing (18 tests) validates image alternative text completeness" name="COMPREHENSIVE USER EXPERIENCE: Language &amp; Accessibility Testing (51 tests) Accessibility Testing (18 tests) validates image alternative text completeness" time="0.007">
    </testcase>
    <testcase classname="COMPREHENSIVE USER EXPERIENCE: Language &amp; Accessibility Testing (51 tests) Accessibility Testing (18 tests) supports focus management in dynamic content updates" name="COMPREHENSIVE USER EXPERIENCE: Language &amp; Accessibility Testing (51 tests) Accessibility Testing (18 tests) supports focus management in dynamic content updates" time="0.009">
    </testcase>
    <testcase classname="COMPREHENSIVE USER EXPERIENCE: Language &amp; Accessibility Testing (51 tests) Accessibility Testing (18 tests) handles gesture-based navigation accessibility" name="COMPREHENSIVE USER EXPERIENCE: Language &amp; Accessibility Testing (51 tests) Accessibility Testing (18 tests) handles gesture-based navigation accessibility" time="0.007">
    </testcase>
    <testcase classname="COMPREHENSIVE USER EXPERIENCE: Language &amp; Accessibility Testing (51 tests) Accessibility Testing (18 tests) validates spoken text clarity and pacing" name="COMPREHENSIVE USER EXPERIENCE: Language &amp; Accessibility Testing (51 tests) Accessibility Testing (18 tests) validates spoken text clarity and pacing" time="0.007">
    </testcase>
    <testcase classname="COMPREHENSIVE USER EXPERIENCE: Language &amp; Accessibility Testing (51 tests) Accessibility Testing (18 tests) provides accessible chart visualization alternatives" name="COMPREHENSIVE USER EXPERIENCE: Language &amp; Accessibility Testing (51 tests) Accessibility Testing (18 tests) provides accessible chart visualization alternatives" time="0.01">
    </testcase>
    <testcase classname="COMPREHENSIVE USER EXPERIENCE: Language &amp; Accessibility Testing (51 tests) Accessibility Testing (18 tests) supports multiple cognitive processing patterns" name="COMPREHENSIVE USER EXPERIENCE: Language &amp; Accessibility Testing (51 tests) Accessibility Testing (18 tests) supports multiple cognitive processing patterns" time="0.01">
    </testcase>
    <testcase classname="COMPREHENSIVE USER EXPERIENCE: Language &amp; Accessibility Testing (51 tests) Accessibility Testing (18 tests) validates hearing accessibility for audio content" name="COMPREHENSIVE USER EXPERIENCE: Language &amp; Accessibility Testing (51 tests) Accessibility Testing (18 tests) validates hearing accessibility for audio content" time="0.012">
    </testcase>
    <testcase classname="COMPREHENSIVE USER EXPERIENCE: Language &amp; Accessibility Testing (51 tests) Accessibility Testing (18 tests) handles mobility accessibility for motor control variations" name="COMPREHENSIVE USER EXPERIENCE: Language &amp; Accessibility Testing (51 tests) Accessibility Testing (18 tests) handles mobility accessibility for motor control variations" time="0.008">
    </testcase>
  </testsuite>
  <testsuite name="COMPREHENSIVE CROSS-PLATFORM TESTS: Device &amp; Network Compatibility (27 tests)" errors="0" failures="2" skipped="0" timestamp="2025-10-28T20:51:02" time="5.969" tests="27">
    <testcase classname="COMPREHENSIVE CROSS-PLATFORM TESTS: Device &amp; Network Compatibility (27 tests) Device Type Variations (16 tests) validates iOS WhatsApp message handling consistency" name="COMPREHENSIVE CROSS-PLATFORM TESTS: Device &amp; Network Compatibility (27 tests) Device Type Variations (16 tests) validates iOS WhatsApp message handling consistency" time="1.416">
      <failure>AxiosError: Request failed with status code 401
    at settle (/Users/mohitmendiratta/Projects/bots/w1/astro-whatsapp-bot/node_modules/axios/lib/core/settle.js:19:12)
    at IncomingMessage.handleStreamEnd (/Users/mohitmendiratta/Projects/bots/w1/astro-whatsapp-bot/node_modules/axios/lib/adapters/http.js:617:11)
    at IncomingMessage.emit (node:events:520:35)
    at endReadableNT (node:internal/streams/readable:1701:12)
    at processTicksAndRejections (node:internal/process/task_queues:90:21)
    at Axios.request (/Users/mohitmendiratta/Projects/bots/w1/astro-whatsapp-bot/node_modules/axios/lib/core/Axios.js:45:41)
    at processTicksAndRejections (node:internal/process/task_queues:105:5)
    at sendTextMessage (/Users/mohitmendiratta/Projects/bots/w1/astro-whatsapp-bot/src/services/whatsapp/messageSender.js:64:22)
    at sendMessage (/Users/mohitmendiratta/Projects/bots/w1/astro-whatsapp-bot/src/services/whatsapp/messageSender.js:484:18)
    at sendErrorMessage (/Users/mohitmendiratta/Projects/bots/w1/astro-whatsapp-bot/src/services/whatsapp/messageProcessor.js:2515:3)
    at processIncomingMessage (/Users/mohitmendiratta/Projects/bots/w1/astro-whatsapp-bot/src/services/whatsapp/messageProcessor.js:249:5)
    at Object.&lt;anonymous&gt; (/Users/mohitmendiratta/Projects/bots/w1/astro-whatsapp-bot/tests/e2e/comprehensive-test-suite/comprehensive-cross-platform.test.js:36:7)</failure>
    </testcase>
    <testcase classname="COMPREHENSIVE CROSS-PLATFORM TESTS: Device &amp; Network Compatibility (27 tests) Device Type Variations (16 tests) handles Android WhatsApp UI adaptation requirements" name="COMPREHENSIVE CROSS-PLATFORM TESTS: Device &amp; Network Compatibility (27 tests) Device Type Variations (16 tests) handles Android WhatsApp UI adaptation requirements" time="0.017">
    </testcase>
    <testcase classname="COMPREHENSIVE CROSS-PLATFORM TESTS: Device &amp; Network Compatibility (27 tests) Device Type Variations (16 tests) validates desktop web WhatsApp feature parity" name="COMPREHENSIVE CROSS-PLATFORM TESTS: Device &amp; Network Compatibility (27 tests) Device Type Variations (16 tests) validates desktop web WhatsApp feature parity" time="0.012">
    </testcase>
    <testcase classname="COMPREHENSIVE CROSS-PLATFORM TESTS: Device &amp; Network Compatibility (27 tests) Device Type Variations (16 tests) handles WhatsApp Business API message formatting differences" name="COMPREHENSIVE CROSS-PLATFORM TESTS: Device &amp; Network Compatibility (27 tests) Device Type Variations (16 tests) handles WhatsApp Business API message formatting differences" time="0.023">
    </testcase>
    <testcase classname="COMPREHENSIVE CROSS-PLATFORM TESTS: Device &amp; Network Compatibility (27 tests) Device Type Variations (16 tests) validates tablet landscape orientation compatibility" name="COMPREHENSIVE CROSS-PLATFORM TESTS: Device &amp; Network Compatibility (27 tests) Device Type Variations (16 tests) validates tablet landscape orientation compatibility" time="0.019">
    </testcase>
    <testcase classname="COMPREHENSIVE CROSS-PLATFORM TESTS: Device &amp; Network Compatibility (27 tests) Device Type Variations (16 tests) handles mobile portrait mode navigation patterns" name="COMPREHENSIVE CROSS-PLATFORM TESTS: Device &amp; Network Compatibility (27 tests) Device Type Variations (16 tests) handles mobile portrait mode navigation patterns" time="0.014">
    </testcase>
    <testcase classname="COMPREHENSIVE CROSS-PLATFORM TESTS: Device &amp; Network Compatibility (27 tests) Device Type Variations (16 tests) validates foldable device display adaptability" name="COMPREHENSIVE CROSS-PLATFORM TESTS: Device &amp; Network Compatibility (27 tests) Device Type Variations (16 tests) validates foldable device display adaptability" time="0.01">
    </testcase>
    <testcase classname="COMPREHENSIVE CROSS-PLATFORM TESTS: Device &amp; Network Compatibility (27 tests) Device Type Variations (16 tests) handles watch companion app integration limitations" name="COMPREHENSIVE CROSS-PLATFORM TESTS: Device &amp; Network Compatibility (27 tests) Device Type Variations (16 tests) handles watch companion app integration limitations" time="0.007">
    </testcase>
    <testcase classname="COMPREHENSIVE CROSS-PLATFORM TESTS: Device &amp; Network Compatibility (27 tests) Device Type Variations (16 tests) validates smart TV interface optimization" name="COMPREHENSIVE CROSS-PLATFORM TESTS: Device &amp; Network Compatibility (27 tests) Device Type Variations (16 tests) validates smart TV interface optimization" time="0.007">
    </testcase>
    <testcase classname="COMPREHENSIVE CROSS-PLATFORM TESTS: Device &amp; Network Compatibility (27 tests) Device Type Variations (16 tests) handles e-ink device text rendering optimization" name="COMPREHENSIVE CROSS-PLATFORM TESTS: Device &amp; Network Compatibility (27 tests) Device Type Variations (16 tests) handles e-ink device text rendering optimization" time="0.007">
    </testcase>
    <testcase classname="COMPREHENSIVE CROSS-PLATFORM TESTS: Device &amp; Network Compatibility (27 tests) Device Type Variations (16 tests) validates keyboard navigation for non-touch interfaces" name="COMPREHENSIVE CROSS-PLATFORM TESTS: Device &amp; Network Compatibility (27 tests) Device Type Variations (16 tests) validates keyboard navigation for non-touch interfaces" time="0.007">
    </testcase>
    <testcase classname="COMPREHENSIVE CROSS-PLATFORM TESTS: Device &amp; Network Compatibility (27 tests) Device Type Variations (16 tests) handles gesture-based Android navigation patterns" name="COMPREHENSIVE CROSS-PLATFORM TESTS: Device &amp; Network Compatibility (27 tests) Device Type Variations (16 tests) handles gesture-based Android navigation patterns" time="0.008">
    </testcase>
    <testcase classname="COMPREHENSIVE CROSS-PLATFORM TESTS: Device &amp; Network Compatibility (27 tests) Device Type Variations (16 tests) validates message composition interface variations" name="COMPREHENSIVE CROSS-PLATFORM TESTS: Device &amp; Network Compatibility (27 tests) Device Type Variations (16 tests) validates message composition interface variations" time="0.007">
    </testcase>
    <testcase classname="COMPREHENSIVE CROSS-PLATFORM TESTS: Device &amp; Network Compatibility (27 tests) Device Type Variations (16 tests) handles notification management across platforms" name="COMPREHENSIVE CROSS-PLATFORM TESTS: Device &amp; Network Compatibility (27 tests) Device Type Variations (16 tests) handles notification management across platforms" time="0.007">
    </testcase>
    <testcase classname="COMPREHENSIVE CROSS-PLATFORM TESTS: Device &amp; Network Compatibility (27 tests) Device Type Variations (16 tests) validates offline message queuing behavior" name="COMPREHENSIVE CROSS-PLATFORM TESTS: Device &amp; Network Compatibility (27 tests) Device Type Variations (16 tests) validates offline message queuing behavior" time="0.01">
    </testcase>
    <testcase classname="COMPREHENSIVE CROSS-PLATFORM TESTS: Device &amp; Network Compatibility (27 tests) Device Type Variations (16 tests) handles platform-specific emoji rendering differences" name="COMPREHENSIVE CROSS-PLATFORM TESTS: Device &amp; Network Compatibility (27 tests) Device Type Variations (16 tests) handles platform-specific emoji rendering differences" time="0.008">
    </testcase>
    <testcase classname="COMPREHENSIVE CROSS-PLATFORM TESTS: Device &amp; Network Compatibility (27 tests) Network Condition Testing (11 tests) handles 2G network slow connection performance" name="COMPREHENSIVE CROSS-PLATFORM TESTS: Device &amp; Network Compatibility (27 tests) Network Condition Testing (11 tests) handles 2G network slow connection performance" time="0.609">
      <failure>AxiosError: Request failed with status code 401
    at settle (/Users/mohitmendiratta/Projects/bots/w1/astro-whatsapp-bot/node_modules/axios/lib/core/settle.js:19:12)
    at IncomingMessage.handleStreamEnd (/Users/mohitmendiratta/Projects/bots/w1/astro-whatsapp-bot/node_modules/axios/lib/adapters/http.js:617:11)
    at IncomingMessage.emit (node:events:520:35)
    at endReadableNT (node:internal/streams/readable:1701:12)
    at processTicksAndRejections (node:internal/process/task_queues:90:21)
    at Axios.request (/Users/mohitmendiratta/Projects/bots/w1/astro-whatsapp-bot/node_modules/axios/lib/core/Axios.js:45:41)
    at processTicksAndRejections (node:internal/process/task_queues:105:5)
    at sendTextMessage (/Users/mohitmendiratta/Projects/bots/w1/astro-whatsapp-bot/src/services/whatsapp/messageSender.js:64:22)
    at sendMessage (/Users/mohitmendiratta/Projects/bots/w1/astro-whatsapp-bot/src/services/whatsapp/messageSender.js:484:18)
    at sendErrorMessage (/Users/mohitmendiratta/Projects/bots/w1/astro-whatsapp-bot/src/services/whatsapp/messageProcessor.js:2515:3)
    at processIncomingMessage (/Users/mohitmendiratta/Projects/bots/w1/astro-whatsapp-bot/src/services/whatsapp/messageProcessor.js:249:5)
    at Object.&lt;anonymous&gt; (/Users/mohitmendiratta/Projects/bots/w1/astro-whatsapp-bot/tests/e2e/comprehensive-test-suite/comprehensive-cross-platform.test.js:119:7)</failure>
    </testcase>
    <testcase classname="COMPREHENSIVE CROSS-PLATFORM TESTS: Device &amp; Network Compatibility (27 tests) Network Condition Testing (11 tests) manages intermittent connectivity with retry mechanisms" name="COMPREHENSIVE CROSS-PLATFORM TESTS: Device &amp; Network Compatibility (27 tests) Network Condition Testing (11 tests) manages intermittent connectivity with retry mechanisms" time="0.014">
    </testcase>
    <testcase classname="COMPREHENSIVE CROSS-PLATFORM TESTS: Device &amp; Network Compatibility (27 tests) Network Condition Testing (11 tests) handles bandwidth throttling for large chart data" name="COMPREHENSIVE CROSS-PLATFORM TESTS: Device &amp; Network Compatibility (27 tests) Network Condition Testing (11 tests) handles bandwidth throttling for large chart data" time="0.01">
    </testcase>
    <testcase classname="COMPREHENSIVE CROSS-PLATFORM TESTS: Device &amp; Network Compatibility (27 tests) Network Condition Testing (11 tests) validates compression effectiveness across network types" name="COMPREHENSIVE CROSS-PLATFORM TESTS: Device &amp; Network Compatibility (27 tests) Network Condition Testing (11 tests) validates compression effectiveness across network types" time="0.008">
    </testcase>
    <testcase classname="COMPREHENSIVE CROSS-PLATFORM TESTS: Device &amp; Network Compatibility (27 tests) Network Condition Testing (11 tests) handles network timeout scenarios gracefully" name="COMPREHENSIVE CROSS-PLATFORM TESTS: Device &amp; Network Compatibility (27 tests) Network Condition Testing (11 tests) handles network timeout scenarios gracefully" time="0.007">
    </testcase>
    <testcase classname="COMPREHENSIVE CROSS-PLATFORM TESTS: Device &amp; Network Compatibility (27 tests) Network Condition Testing (11 tests) manages connection pooling for WebSocket operations" name="COMPREHENSIVE CROSS-PLATFORM TESTS: Device &amp; Network Compatibility (27 tests) Network Condition Testing (11 tests) manages connection pooling for WebSocket operations" time="0.008">
    </testcase>
    <testcase classname="COMPREHENSIVE CROSS-PLATFORM TESTS: Device &amp; Network Compatibility (27 tests) Network Condition Testing (11 tests) validates VPN routing transparency" name="COMPREHENSIVE CROSS-PLATFORM TESTS: Device &amp; Network Compatibility (27 tests) Network Condition Testing (11 tests) validates VPN routing transparency" time="0.006">
    </testcase>
    <testcase classname="COMPREHENSIVE CROSS-PLATFORM TESTS: Device &amp; Network Compatibility (27 tests) Network Condition Testing (11 tests) handles proxy server interaction requirements" name="COMPREHENSIVE CROSS-PLATFORM TESTS: Device &amp; Network Compatibility (27 tests) Network Condition Testing (11 tests) handles proxy server interaction requirements" time="0.006">
    </testcase>
    <testcase classname="COMPREHENSIVE CROSS-PLATFORM TESTS: Device &amp; Network Compatibility (27 tests) Network Condition Testing (11 tests) manages firewall traversal for enterprise networks" name="COMPREHENSIVE CROSS-PLATFORM TESTS: Device &amp; Network Compatibility (27 tests) Network Condition Testing (11 tests) manages firewall traversal for enterprise networks" time="0.007">
    </testcase>
    <testcase classname="COMPREHENSIVE CROSS-PLATFORM TESTS: Device &amp; Network Compatibility (27 tests) Network Condition Testing (11 tests) validates satellite internet high-latency tolerance" name="COMPREHENSIVE CROSS-PLATFORM TESTS: Device &amp; Network Compatibility (27 tests) Network Condition Testing (11 tests) validates satellite internet high-latency tolerance" time="0.007">
    </testcase>
    <testcase classname="COMPREHENSIVE CROSS-PLATFORM TESTS: Device &amp; Network Compatibility (27 tests) Network Condition Testing (11 tests) handles mobile data roaming restrictions" name="COMPREHENSIVE CROSS-PLATFORM TESTS: Device &amp; Network Compatibility (27 tests) Network Condition Testing (11 tests) handles mobile data roaming restrictions" time="0.007">
    </testcase>
  </testsuite>
  <testsuite name="AstrocartographyReader" errors="0" failures="3" skipped="0" timestamp="2025-10-28T20:51:09" time="2.721" tests="4">
    <testcase classname="AstrocartographyReader generateAstrocartographyReading should generate Astrocartography reading for valid birth data" name="AstrocartographyReader generateAstrocartographyReading should generate Astrocartography reading for valid birth data" time="0.004">
      <failure>Error: expect(received).toEqual(expected) // deep equality

Expected: {&quot;date&quot;: &quot;15/03/1990&quot;, &quot;place&quot;: &quot;Mumbai, India&quot;, &quot;time&quot;: &quot;14:30&quot;}
Received: undefined
    at Object.toEqual (/Users/mohitmendiratta/Projects/bots/w1/astro-whatsapp-bot/tests/unit/services/astrology/astrocartographyReader.test.js:30:33)
    at Promise.then.completed (/Users/mohitmendiratta/Projects/bots/w1/astro-whatsapp-bot/node_modules/jest-circus/build/utils.js:298:28)
    at new Promise (&lt;anonymous&gt;)
    at callAsyncCircusFn (/Users/mohitmendiratta/Projects/bots/w1/astro-whatsapp-bot/node_modules/jest-circus/build/utils.js:231:10)
    at _callCircusTest (/Users/mohitmendiratta/Projects/bots/w1/astro-whatsapp-bot/node_modules/jest-circus/build/run.js:316:40)
    at processTicksAndRejections (node:internal/process/task_queues:105:5)
    at _runTest (/Users/mohitmendiratta/Projects/bots/w1/astro-whatsapp-bot/node_modules/jest-circus/build/run.js:252:3)
    at _runTestsForDescribeBlock (/Users/mohitmendiratta/Projects/bots/w1/astro-whatsapp-bot/node_modules/jest-circus/build/run.js:126:9)
    at _runTestsForDescribeBlock (/Users/mohitmendiratta/Projects/bots/w1/astro-whatsapp-bot/node_modules/jest-circus/build/run.js:121:9)
    at _runTestsForDescribeBlock (/Users/mohitmendiratta/Projects/bots/w1/astro-whatsapp-bot/node_modules/jest-circus/build/run.js:121:9)
    at run (/Users/mohitmendiratta/Projects/bots/w1/astro-whatsapp-bot/node_modules/jest-circus/build/run.js:71:3)
    at runAndTransformResultsToJestFormat (/Users/mohitmendiratta/Projects/bots/w1/astro-whatsapp-bot/node_modules/jest-circus/build/legacy-code-todo-rewrite/jestAdapterInit.js:122:21)
    at jestAdapter (/Users/mohitmendiratta/Projects/bots/w1/astro-whatsapp-bot/node_modules/jest-circus/build/legacy-code-todo-rewrite/jestAdapter.js:79:19)
    at runTestInternal (/Users/mohitmendiratta/Projects/bots/w1/astro-whatsapp-bot/node_modules/jest-runner/build/runTest.js:367:16)
    at runTest (/Users/mohitmendiratta/Projects/bots/w1/astro-whatsapp-bot/node_modules/jest-runner/build/runTest.js:444:34)</failure>
    </testcase>
    <testcase classname="AstrocartographyReader generateAstrocartographyReading should handle invalid birth data" name="AstrocartographyReader generateAstrocartographyReading should handle invalid birth data" time="0.003">
    </testcase>
    <testcase classname="AstrocartographyReader calculateAstrocartographyLines should calculate Astrocartography lines" name="AstrocartographyReader calculateAstrocartographyLines should calculate Astrocartography lines" time="0.002">
      <failure>TypeError: astrocartographyReader.calculateLines is not a function
    at Object.calculateLines (/Users/mohitmendiratta/Projects/bots/w1/astro-whatsapp-bot/tests/unit/services/astrology/astrocartographyReader.test.js:54:44)
    at Promise.then.completed (/Users/mohitmendiratta/Projects/bots/w1/astro-whatsapp-bot/node_modules/jest-circus/build/utils.js:298:28)
    at new Promise (&lt;anonymous&gt;)
    at callAsyncCircusFn (/Users/mohitmendiratta/Projects/bots/w1/astro-whatsapp-bot/node_modules/jest-circus/build/utils.js:231:10)
    at _callCircusTest (/Users/mohitmendiratta/Projects/bots/w1/astro-whatsapp-bot/node_modules/jest-circus/build/run.js:316:40)
    at processTicksAndRejections (node:internal/process/task_queues:105:5)
    at _runTest (/Users/mohitmendiratta/Projects/bots/w1/astro-whatsapp-bot/node_modules/jest-circus/build/run.js:252:3)
    at _runTestsForDescribeBlock (/Users/mohitmendiratta/Projects/bots/w1/astro-whatsapp-bot/node_modules/jest-circus/build/run.js:126:9)
    at _runTestsForDescribeBlock (/Users/mohitmendiratta/Projects/bots/w1/astro-whatsapp-bot/node_modules/jest-circus/build/run.js:121:9)
    at _runTestsForDescribeBlock (/Users/mohitmendiratta/Projects/bots/w1/astro-whatsapp-bot/node_modules/jest-circus/build/run.js:121:9)
    at run (/Users/mohitmendiratta/Projects/bots/w1/astro-whatsapp-bot/node_modules/jest-circus/build/run.js:71:3)
    at runAndTransformResultsToJestFormat (/Users/mohitmendiratta/Projects/bots/w1/astro-whatsapp-bot/node_modules/jest-circus/build/legacy-code-todo-rewrite/jestAdapterInit.js:122:21)
    at jestAdapter (/Users/mohitmendiratta/Projects/bots/w1/astro-whatsapp-bot/node_modules/jest-circus/build/legacy-code-todo-rewrite/jestAdapter.js:79:19)
    at runTestInternal (/Users/mohitmendiratta/Projects/bots/w1/astro-whatsapp-bot/node_modules/jest-runner/build/runTest.js:367:16)
    at runTest (/Users/mohitmendiratta/Projects/bots/w1/astro-whatsapp-bot/node_modules/jest-runner/build/runTest.js:444:34)</failure>
    </testcase>
    <testcase classname="AstrocartographyReader interpretLines should interpret Astrocartography lines" name="AstrocartographyReader interpretLines should interpret Astrocartography lines" time="0.002">
      <failure>TypeError: astrocartographyReader.interpretLines is not a function
    at Object.interpretLines (/Users/mohitmendiratta/Projects/bots/w1/astro-whatsapp-bot/tests/unit/services/astrology/astrocartographyReader.test.js:68:53)
    at Promise.then.completed (/Users/mohitmendiratta/Projects/bots/w1/astro-whatsapp-bot/node_modules/jest-circus/build/utils.js:298:28)
    at new Promise (&lt;anonymous&gt;)
    at callAsyncCircusFn (/Users/mohitmendiratta/Projects/bots/w1/astro-whatsapp-bot/node_modules/jest-circus/build/utils.js:231:10)
    at _callCircusTest (/Users/mohitmendiratta/Projects/bots/w1/astro-whatsapp-bot/node_modules/jest-circus/build/run.js:316:40)
    at processTicksAndRejections (node:internal/process/task_queues:105:5)
    at _runTest (/Users/mohitmendiratta/Projects/bots/w1/astro-whatsapp-bot/node_modules/jest-circus/build/run.js:252:3)
    at _runTestsForDescribeBlock (/Users/mohitmendiratta/Projects/bots/w1/astro-whatsapp-bot/node_modules/jest-circus/build/run.js:126:9)
    at _runTestsForDescribeBlock (/Users/mohitmendiratta/Projects/bots/w1/astro-whatsapp-bot/node_modules/jest-circus/build/run.js:121:9)
    at _runTestsForDescribeBlock (/Users/mohitmendiratta/Projects/bots/w1/astro-whatsapp-bot/node_modules/jest-circus/build/run.js:121:9)
    at run (/Users/mohitmendiratta/Projects/bots/w1/astro-whatsapp-bot/node_modules/jest-circus/build/run.js:71:3)
    at runAndTransformResultsToJestFormat (/Users/mohitmendiratta/Projects/bots/w1/astro-whatsapp-bot/node_modules/jest-circus/build/legacy-code-todo-rewrite/jestAdapterInit.js:122:21)
    at jestAdapter (/Users/mohitmendiratta/Projects/bots/w1/astro-whatsapp-bot/node_modules/jest-circus/build/legacy-code-todo-rewrite/jestAdapter.js:79:19)
    at runTestInternal (/Users/mohitmendiratta/Projects/bots/w1/astro-whatsapp-bot/node_modules/jest-runner/build/runTest.js:367:16)
    at runTest (/Users/mohitmendiratta/Projects/bots/w1/astro-whatsapp-bot/node_modules/jest-runner/build/runTest.js:444:34)</failure>
    </testcase>
  </testsuite>
  <testsuite name="Server Setup" errors="0" failures="1" skipped="0" timestamp="2025-10-28T20:51:12" time="4.676" tests="4">
    <testcase classname="Server Setup GET /health should return health status with correct structure" name="Server Setup GET /health should return health status with correct structure" time="0.03">
      <failure>Error: expect(received).toHaveProperty(path, value)

Expected path: &quot;status&quot;

Expected value: &quot;healthy&quot;
Received value: &quot;degraded&quot;
    at Object.toHaveProperty (/Users/mohitmendiratta/Projects/bots/w1/astro-whatsapp-bot/tests/unit/server.test.js:21:29)
    at processTicksAndRejections (node:internal/process/task_queues:105:5)</failure>
    </testcase>
    <testcase classname="Server Setup GET / should return welcome message with version" name="Server Setup GET / should return welcome message with version" time="0.01">
    </testcase>
    <testcase classname="Server Setup POST /webhook should return webhook ready message" name="Server Setup POST /webhook should return webhook ready message" time="0.013">
    </testcase>
    <testcase classname="Server Setup 404 Handler should return 404 for non-existent routes" name="Server Setup 404 Handler should return 404 for non-existent routes" time="0.011">
    </testcase>
  </testsuite>
  <testsuite name="ChineseCalculator" errors="0" failures="1" skipped="0" timestamp="2025-10-28T20:51:17" time="2.621" tests="4">
    <testcase classname="ChineseCalculator getChineseZodiac should calculate Chinese zodiac for valid birth date" name="ChineseCalculator getChineseZodiac should calculate Chinese zodiac for valid birth date" time="0.022">
    </testcase>
    <testcase classname="ChineseCalculator getChineseZodiac should handle invalid birth date for Chinese zodiac" name="ChineseCalculator getChineseZodiac should handle invalid birth date for Chinese zodiac" time="0.007">
    </testcase>
    <testcase classname="ChineseCalculator calculateFourPillars should calculate Four Pillars for valid birth data" name="ChineseCalculator calculateFourPillars should calculate Four Pillars for valid birth data" time="0.037">
    </testcase>
    <testcase classname="ChineseCalculator calculateFourPillars should handle invalid birth data for Four Pillars" name="ChineseCalculator calculateFourPillars should handle invalid birth data for Four Pillars" time="0.012">
      <failure>Error: expect(received).toBeDefined()

Received: undefined
    at Object.toBeDefined (/Users/mohitmendiratta/Projects/bots/w1/astro-whatsapp-bot/tests/unit/services/astrology/chineseCalculator.test.js:66:29)
    at Promise.then.completed (/Users/mohitmendiratta/Projects/bots/w1/astro-whatsapp-bot/node_modules/jest-circus/build/utils.js:298:28)
    at new Promise (&lt;anonymous&gt;)
    at callAsyncCircusFn (/Users/mohitmendiratta/Projects/bots/w1/astro-whatsapp-bot/node_modules/jest-circus/build/utils.js:231:10)
    at _callCircusTest (/Users/mohitmendiratta/Projects/bots/w1/astro-whatsapp-bot/node_modules/jest-circus/build/run.js:316:40)
    at processTicksAndRejections (node:internal/process/task_queues:105:5)
    at _runTest (/Users/mohitmendiratta/Projects/bots/w1/astro-whatsapp-bot/node_modules/jest-circus/build/run.js:252:3)
    at _runTestsForDescribeBlock (/Users/mohitmendiratta/Projects/bots/w1/astro-whatsapp-bot/node_modules/jest-circus/build/run.js:126:9)
    at _runTestsForDescribeBlock (/Users/mohitmendiratta/Projects/bots/w1/astro-whatsapp-bot/node_modules/jest-circus/build/run.js:121:9)
    at _runTestsForDescribeBlock (/Users/mohitmendiratta/Projects/bots/w1/astro-whatsapp-bot/node_modules/jest-circus/build/run.js:121:9)
    at run (/Users/mohitmendiratta/Projects/bots/w1/astro-whatsapp-bot/node_modules/jest-circus/build/run.js:71:3)
    at runAndTransformResultsToJestFormat (/Users/mohitmendiratta/Projects/bots/w1/astro-whatsapp-bot/node_modules/jest-circus/build/legacy-code-todo-rewrite/jestAdapterInit.js:122:21)
    at jestAdapter (/Users/mohitmendiratta/Projects/bots/w1/astro-whatsapp-bot/node_modules/jest-circus/build/legacy-code-todo-rewrite/jestAdapter.js:79:19)
    at runTestInternal (/Users/mohitmendiratta/Projects/bots/w1/astro-whatsapp-bot/node_modules/jest-runner/build/runTest.js:367:16)
    at runTest (/Users/mohitmendiratta/Projects/bots/w1/astro-whatsapp-bot/node_modules/jest-runner/build/runTest.js:444:34)</failure>
    </testcase>
  </testsuite>
  <testsuite name="PaymentService" errors="0" failures="1" skipped="0" timestamp="2025-10-28T20:51:19" time="2.876" tests="9">
    <testcase classname="PaymentService getPlan should return plan details for valid plan" name="PaymentService getPlan should return plan details for valid plan" time="0.004">
    </testcase>
    <testcase classname="PaymentService getPlan should return free plan for invalid plan" name="PaymentService getPlan should return free plan for invalid plan" time="0.003">
    </testcase>
    <testcase classname="PaymentService processSubscription should process subscription successfully with mocked payment" name="PaymentService processSubscription should process subscription successfully with mocked payment" time="0.038">
      <failure>Error: User not found: +1234567890
    at updateSubscription (/Users/mohitmendiratta/Projects/bots/w1/astro-whatsapp-bot/src/models/userModel.js:186:13)
    at processTicksAndRejections (node:internal/process/task_queues:105:5)
    at PaymentService.processSubscription (/Users/mohitmendiratta/Projects/bots/w1/astro-whatsapp-bot/src/services/payment/paymentService.js:165:9)
    at Object.&lt;anonymous&gt; (/Users/mohitmendiratta/Projects/bots/w1/astro-whatsapp-bot/tests/unit/services/payment/paymentService.test.js:75:22)</failure>
    </testcase>
    <testcase classname="PaymentService processSubscription should handle payment failure" name="PaymentService processSubscription should handle payment failure" time="0.004">
    </testcase>
    <testcase classname="PaymentService detectRegion should detect UAE region from phone number" name="PaymentService detectRegion should detect UAE region from phone number" time="0.004">
    </testcase>
    <testcase classname="PaymentService detectRegion should detect Australia region from phone number" name="PaymentService detectRegion should detect Australia region from phone number" time="0.003">
    </testcase>
    <testcase classname="PaymentService detectRegion should default to India region" name="PaymentService detectRegion should default to India region" time="0.002">
    </testcase>
    <testcase classname="PaymentService calculateSubscriptionExpiry should calculate expiry date based on plan" name="PaymentService calculateSubscriptionExpiry should calculate expiry date based on plan" time="0.003">
    </testcase>
    <testcase classname="PaymentService calculateSubscriptionExpiry should handle invalid plan with default duration" name="PaymentService calculateSubscriptionExpiry should handle invalid plan with default duration" time="0.002">
    </testcase>
  </testsuite>
  <testsuite name="Tarot Reader Service" errors="0" failures="5" skipped="0" timestamp="2025-10-28T20:51:22" time="2.761" tests="5">
    <testcase classname="Tarot Reader Service generateTarotReading should generate a single card reading" name="Tarot Reader Service generateTarotReading should generate a single card reading" time="0.006">
      <failure>Error: expect(received).toHaveLength(expected)

Expected length: 1
Received length: 0
Received array:  []
    at Object.toHaveLength (/Users/mohitmendiratta/Projects/bots/w1/astro-whatsapp-bot/tests/unit/services/astrology/tarotReader.test.js:14:29)
    at Promise.then.completed (/Users/mohitmendiratta/Projects/bots/w1/astro-whatsapp-bot/node_modules/jest-circus/build/utils.js:298:28)
    at new Promise (&lt;anonymous&gt;)
    at callAsyncCircusFn (/Users/mohitmendiratta/Projects/bots/w1/astro-whatsapp-bot/node_modules/jest-circus/build/utils.js:231:10)
    at _callCircusTest (/Users/mohitmendiratta/Projects/bots/w1/astro-whatsapp-bot/node_modules/jest-circus/build/run.js:316:40)
    at processTicksAndRejections (node:internal/process/task_queues:105:5)
    at _runTest (/Users/mohitmendiratta/Projects/bots/w1/astro-whatsapp-bot/node_modules/jest-circus/build/run.js:252:3)
    at _runTestsForDescribeBlock (/Users/mohitmendiratta/Projects/bots/w1/astro-whatsapp-bot/node_modules/jest-circus/build/run.js:126:9)
    at _runTestsForDescribeBlock (/Users/mohitmendiratta/Projects/bots/w1/astro-whatsapp-bot/node_modules/jest-circus/build/run.js:121:9)
    at _runTestsForDescribeBlock (/Users/mohitmendiratta/Projects/bots/w1/astro-whatsapp-bot/node_modules/jest-circus/build/run.js:121:9)
    at run (/Users/mohitmendiratta/Projects/bots/w1/astro-whatsapp-bot/node_modules/jest-circus/build/run.js:71:3)
    at runAndTransformResultsToJestFormat (/Users/mohitmendiratta/Projects/bots/w1/astro-whatsapp-bot/node_modules/jest-circus/build/legacy-code-todo-rewrite/jestAdapterInit.js:122:21)
    at jestAdapter (/Users/mohitmendiratta/Projects/bots/w1/astro-whatsapp-bot/node_modules/jest-circus/build/legacy-code-todo-rewrite/jestAdapter.js:79:19)
    at runTestInternal (/Users/mohitmendiratta/Projects/bots/w1/astro-whatsapp-bot/node_modules/jest-runner/build/runTest.js:367:16)
    at runTest (/Users/mohitmendiratta/Projects/bots/w1/astro-whatsapp-bot/node_modules/jest-runner/build/runTest.js:444:34)</failure>
    </testcase>
    <testcase classname="Tarot Reader Service generateTarotReading should generate a three-card spread reading" name="Tarot Reader Service generateTarotReading should generate a three-card spread reading" time="0.002">
      <failure>Error: expect(received).toHaveLength(expected)

Expected length: 3
Received length: 0
Received array:  []
    at Object.toHaveLength (/Users/mohitmendiratta/Projects/bots/w1/astro-whatsapp-bot/tests/unit/services/astrology/tarotReader.test.js:25:29)
    at Promise.then.completed (/Users/mohitmendiratta/Projects/bots/w1/astro-whatsapp-bot/node_modules/jest-circus/build/utils.js:298:28)
    at new Promise (&lt;anonymous&gt;)
    at callAsyncCircusFn (/Users/mohitmendiratta/Projects/bots/w1/astro-whatsapp-bot/node_modules/jest-circus/build/utils.js:231:10)
    at _callCircusTest (/Users/mohitmendiratta/Projects/bots/w1/astro-whatsapp-bot/node_modules/jest-circus/build/run.js:316:40)
    at processTicksAndRejections (node:internal/process/task_queues:105:5)
    at _runTest (/Users/mohitmendiratta/Projects/bots/w1/astro-whatsapp-bot/node_modules/jest-circus/build/run.js:252:3)
    at _runTestsForDescribeBlock (/Users/mohitmendiratta/Projects/bots/w1/astro-whatsapp-bot/node_modules/jest-circus/build/run.js:126:9)
    at _runTestsForDescribeBlock (/Users/mohitmendiratta/Projects/bots/w1/astro-whatsapp-bot/node_modules/jest-circus/build/run.js:121:9)
    at _runTestsForDescribeBlock (/Users/mohitmendiratta/Projects/bots/w1/astro-whatsapp-bot/node_modules/jest-circus/build/run.js:121:9)
    at run (/Users/mohitmendiratta/Projects/bots/w1/astro-whatsapp-bot/node_modules/jest-circus/build/run.js:71:3)
    at runAndTransformResultsToJestFormat (/Users/mohitmendiratta/Projects/bots/w1/astro-whatsapp-bot/node_modules/jest-circus/build/legacy-code-todo-rewrite/jestAdapterInit.js:122:21)
    at jestAdapter (/Users/mohitmendiratta/Projects/bots/w1/astro-whatsapp-bot/node_modules/jest-circus/build/legacy-code-todo-rewrite/jestAdapter.js:79:19)
    at runTestInternal (/Users/mohitmendiratta/Projects/bots/w1/astro-whatsapp-bot/node_modules/jest-runner/build/runTest.js:367:16)
    at runTest (/Users/mohitmendiratta/Projects/bots/w1/astro-whatsapp-bot/node_modules/jest-runner/build/runTest.js:444:34)</failure>
    </testcase>
    <testcase classname="Tarot Reader Service generateTarotReading should generate a Celtic cross spread reading" name="Tarot Reader Service generateTarotReading should generate a Celtic cross spread reading" time="0.001">
      <failure>Error: expect(received).toHaveLength(expected)

Expected length: 10
Received length: 0
Received array:  []
    at Object.toHaveLength (/Users/mohitmendiratta/Projects/bots/w1/astro-whatsapp-bot/tests/unit/services/astrology/tarotReader.test.js:36:29)
    at Promise.then.completed (/Users/mohitmendiratta/Projects/bots/w1/astro-whatsapp-bot/node_modules/jest-circus/build/utils.js:298:28)
    at new Promise (&lt;anonymous&gt;)
    at callAsyncCircusFn (/Users/mohitmendiratta/Projects/bots/w1/astro-whatsapp-bot/node_modules/jest-circus/build/utils.js:231:10)
    at _callCircusTest (/Users/mohitmendiratta/Projects/bots/w1/astro-whatsapp-bot/node_modules/jest-circus/build/run.js:316:40)
    at processTicksAndRejections (node:internal/process/task_queues:105:5)
    at _runTest (/Users/mohitmendiratta/Projects/bots/w1/astro-whatsapp-bot/node_modules/jest-circus/build/run.js:252:3)
    at _runTestsForDescribeBlock (/Users/mohitmendiratta/Projects/bots/w1/astro-whatsapp-bot/node_modules/jest-circus/build/run.js:126:9)
    at _runTestsForDescribeBlock (/Users/mohitmendiratta/Projects/bots/w1/astro-whatsapp-bot/node_modules/jest-circus/build/run.js:121:9)
    at _runTestsForDescribeBlock (/Users/mohitmendiratta/Projects/bots/w1/astro-whatsapp-bot/node_modules/jest-circus/build/run.js:121:9)
    at run (/Users/mohitmendiratta/Projects/bots/w1/astro-whatsapp-bot/node_modules/jest-circus/build/run.js:71:3)
    at runAndTransformResultsToJestFormat (/Users/mohitmendiratta/Projects/bots/w1/astro-whatsapp-bot/node_modules/jest-circus/build/legacy-code-todo-rewrite/jestAdapterInit.js:122:21)
    at jestAdapter (/Users/mohitmendiratta/Projects/bots/w1/astro-whatsapp-bot/node_modules/jest-circus/build/legacy-code-todo-rewrite/jestAdapter.js:79:19)
    at runTestInternal (/Users/mohitmendiratta/Projects/bots/w1/astro-whatsapp-bot/node_modules/jest-runner/build/runTest.js:367:16)
    at runTest (/Users/mohitmendiratta/Projects/bots/w1/astro-whatsapp-bot/node_modules/jest-runner/build/runTest.js:444:34)</failure>
    </testcase>
    <testcase classname="Tarot Reader Service generateTarotReading should handle invalid spread type" name="Tarot Reader Service generateTarotReading should handle invalid spread type" time="0.003">
      <failure>Error: expect(received).toHaveLength(expected)

Expected length: 1
Received length: 0
Received array:  []
    at Object.toHaveLength (/Users/mohitmendiratta/Projects/bots/w1/astro-whatsapp-bot/tests/unit/services/astrology/tarotReader.test.js:47:29)
    at Promise.then.completed (/Users/mohitmendiratta/Projects/bots/w1/astro-whatsapp-bot/node_modules/jest-circus/build/utils.js:298:28)
    at new Promise (&lt;anonymous&gt;)
    at callAsyncCircusFn (/Users/mohitmendiratta/Projects/bots/w1/astro-whatsapp-bot/node_modules/jest-circus/build/utils.js:231:10)
    at _callCircusTest (/Users/mohitmendiratta/Projects/bots/w1/astro-whatsapp-bot/node_modules/jest-circus/build/run.js:316:40)
    at processTicksAndRejections (node:internal/process/task_queues:105:5)
    at _runTest (/Users/mohitmendiratta/Projects/bots/w1/astro-whatsapp-bot/node_modules/jest-circus/build/run.js:252:3)
    at _runTestsForDescribeBlock (/Users/mohitmendiratta/Projects/bots/w1/astro-whatsapp-bot/node_modules/jest-circus/build/run.js:126:9)
    at _runTestsForDescribeBlock (/Users/mohitmendiratta/Projects/bots/w1/astro-whatsapp-bot/node_modules/jest-circus/build/run.js:121:9)
    at _runTestsForDescribeBlock (/Users/mohitmendiratta/Projects/bots/w1/astro-whatsapp-bot/node_modules/jest-circus/build/run.js:121:9)
    at run (/Users/mohitmendiratta/Projects/bots/w1/astro-whatsapp-bot/node_modules/jest-circus/build/run.js:71:3)
    at runAndTransformResultsToJestFormat (/Users/mohitmendiratta/Projects/bots/w1/astro-whatsapp-bot/node_modules/jest-circus/build/legacy-code-todo-rewrite/jestAdapterInit.js:122:21)
    at jestAdapter (/Users/mohitmendiratta/Projects/bots/w1/astro-whatsapp-bot/node_modules/jest-circus/build/legacy-code-todo-rewrite/jestAdapter.js:79:19)
    at runTestInternal (/Users/mohitmendiratta/Projects/bots/w1/astro-whatsapp-bot/node_modules/jest-runner/build/runTest.js:367:16)
    at runTest (/Users/mohitmendiratta/Projects/bots/w1/astro-whatsapp-bot/node_modules/jest-runner/build/runTest.js:444:34)</failure>
    </testcase>
    <testcase classname="Tarot Reader Service generateTarotReading should handle user personalization" name="Tarot Reader Service generateTarotReading should handle user personalization" time="0.002">
      <failure>Error: expect(received).toBe(expected) // Object.is equality

Expected: true
Received: undefined
    at Object.toBe (/Users/mohitmendiratta/Projects/bots/w1/astro-whatsapp-bot/tests/unit/services/astrology/tarotReader.test.js:59:36)
    at Promise.then.completed (/Users/mohitmendiratta/Projects/bots/w1/astro-whatsapp-bot/node_modules/jest-circus/build/utils.js:298:28)
    at new Promise (&lt;anonymous&gt;)
    at callAsyncCircusFn (/Users/mohitmendiratta/Projects/bots/w1/astro-whatsapp-bot/node_modules/jest-circus/build/utils.js:231:10)
    at _callCircusTest (/Users/mohitmendiratta/Projects/bots/w1/astro-whatsapp-bot/node_modules/jest-circus/build/run.js:316:40)
    at processTicksAndRejections (node:internal/process/task_queues:105:5)
    at _runTest (/Users/mohitmendiratta/Projects/bots/w1/astro-whatsapp-bot/node_modules/jest-circus/build/run.js:252:3)
    at _runTestsForDescribeBlock (/Users/mohitmendiratta/Projects/bots/w1/astro-whatsapp-bot/node_modules/jest-circus/build/run.js:126:9)
    at _runTestsForDescribeBlock (/Users/mohitmendiratta/Projects/bots/w1/astro-whatsapp-bot/node_modules/jest-circus/build/run.js:121:9)
    at _runTestsForDescribeBlock (/Users/mohitmendiratta/Projects/bots/w1/astro-whatsapp-bot/node_modules/jest-circus/build/run.js:121:9)
    at run (/Users/mohitmendiratta/Projects/bots/w1/astro-whatsapp-bot/node_modules/jest-circus/build/run.js:71:3)
    at runAndTransformResultsToJestFormat (/Users/mohitmendiratta/Projects/bots/w1/astro-whatsapp-bot/node_modules/jest-circus/build/legacy-code-todo-rewrite/jestAdapterInit.js:122:21)
    at jestAdapter (/Users/mohitmendiratta/Projects/bots/w1/astro-whatsapp-bot/node_modules/jest-circus/build/legacy-code-todo-rewrite/jestAdapter.js:79:19)
    at runTestInternal (/Users/mohitmendiratta/Projects/bots/w1/astro-whatsapp-bot/node_modules/jest-runner/build/runTest.js:367:16)
    at runTest (/Users/mohitmendiratta/Projects/bots/w1/astro-whatsapp-bot/node_modules/jest-runner/build/runTest.js:444:34)</failure>
    </testcase>
  </testsuite>
  <testsuite name="CelticReader" errors="0" failures="1" skipped="0" timestamp="2025-10-28T20:51:25" time="2.448" tests="4">
    <testcase classname="CelticReader generateCelticChart should generate Celtic chart for valid birth data" name="CelticReader generateCelticChart should generate Celtic chart for valid birth data" time="0.012">
    </testcase>
    <testcase classname="CelticReader generateCelticChart should handle invalid birth data gracefully" name="CelticReader generateCelticChart should handle invalid birth data gracefully" time="0.006">
    </testcase>
    <testcase classname="CelticReader generateCelticGuidance should generate Celtic daily guidance for valid birth date" name="CelticReader generateCelticGuidance should generate Celtic daily guidance for valid birth date" time="0.003">
    </testcase>
    <testcase classname="CelticReader generateCelticGuidance should handle errors during guidance generation" name="CelticReader generateCelticGuidance should handle errors during guidance generation" time="0.004">
      <failure>Error: expect(received).toBeDefined()

Received: undefined
    at Object.toBeDefined (/Users/mohitmendiratta/Projects/bots/w1/astro-whatsapp-bot/tests/unit/services/astrology/celticReader.test.js:78:33)
    at Promise.then.completed (/Users/mohitmendiratta/Projects/bots/w1/astro-whatsapp-bot/node_modules/jest-circus/build/utils.js:298:28)
    at new Promise (&lt;anonymous&gt;)
    at callAsyncCircusFn (/Users/mohitmendiratta/Projects/bots/w1/astro-whatsapp-bot/node_modules/jest-circus/build/utils.js:231:10)
    at _callCircusTest (/Users/mohitmendiratta/Projects/bots/w1/astro-whatsapp-bot/node_modules/jest-circus/build/run.js:316:40)
    at processTicksAndRejections (node:internal/process/task_queues:105:5)
    at _runTest (/Users/mohitmendiratta/Projects/bots/w1/astro-whatsapp-bot/node_modules/jest-circus/build/run.js:252:3)
    at _runTestsForDescribeBlock (/Users/mohitmendiratta/Projects/bots/w1/astro-whatsapp-bot/node_modules/jest-circus/build/run.js:126:9)
    at _runTestsForDescribeBlock (/Users/mohitmendiratta/Projects/bots/w1/astro-whatsapp-bot/node_modules/jest-circus/build/run.js:121:9)
    at _runTestsForDescribeBlock (/Users/mohitmendiratta/Projects/bots/w1/astro-whatsapp-bot/node_modules/jest-circus/build/run.js:121:9)
    at run (/Users/mohitmendiratta/Projects/bots/w1/astro-whatsapp-bot/node_modules/jest-circus/build/run.js:71:3)
    at runAndTransformResultsToJestFormat (/Users/mohitmendiratta/Projects/bots/w1/astro-whatsapp-bot/node_modules/jest-circus/build/legacy-code-todo-rewrite/jestAdapterInit.js:122:21)
    at jestAdapter (/Users/mohitmendiratta/Projects/bots/w1/astro-whatsapp-bot/node_modules/jest-circus/build/legacy-code-todo-rewrite/jestAdapter.js:79:19)
    at runTestInternal (/Users/mohitmendiratta/Projects/bots/w1/astro-whatsapp-bot/node_modules/jest-runner/build/runTest.js:367:16)
    at runTest (/Users/mohitmendiratta/Projects/bots/w1/astro-whatsapp-bot/node_modules/jest-runner/build/runTest.js:444:34)</failure>
    </testcase>
  </testsuite>
  <testsuite name="Astrology Button Integration" errors="0" failures="0" skipped="0" timestamp="2025-10-28T20:51:27" time="6.91" tests="7">
    <testcase classname="Astrology Button Integration Tarot Reading Buttons should process single card tarot reading button" name="Astrology Button Integration Tarot Reading Buttons should process single card tarot reading button" time="0.075">
    </testcase>
    <testcase classname="Astrology Button Integration Tarot Reading Buttons should process three-card spread tarot reading button" name="Astrology Button Integration Tarot Reading Buttons should process three-card spread tarot reading button" time="0.053">
    </testcase>
    <testcase classname="Astrology Button Integration Palmistry Reading Buttons should process palmistry reading button" name="Astrology Button Integration Palmistry Reading Buttons should process palmistry reading button" time="0.025">
    </testcase>
    <testcase classname="Astrology Button Integration Nadi Astrology Buttons should process Nadi reading button" name="Astrology Button Integration Nadi Astrology Buttons should process Nadi reading button" time="0.03">
    </testcase>
    <testcase classname="Astrology Button Integration Compatibility Check Buttons should process compatibility check button" name="Astrology Button Integration Compatibility Check Buttons should process compatibility check button" time="0.018">
    </testcase>
    <testcase classname="Astrology Button Integration Subscription and Payment Buttons should process subscription upgrade button" name="Astrology Button Integration Subscription and Payment Buttons should process subscription upgrade button" time="0.036">
    </testcase>
    <testcase classname="Astrology Button Integration Subscription and Payment Buttons should process payment method selection button" name="Astrology Button Integration Subscription and Payment Buttons should process payment method selection button" time="0.425">
    </testcase>
  </testsuite>
  <testsuite name="ConversationEngine" errors="0" failures="0" skipped="0" timestamp="2025-10-28T20:51:36" time="8.386" tests="5">
    <testcase classname="ConversationEngine processFlowMessage should initialize session for new flow and access flow.start_step without temporal dead zone error" name="ConversationEngine processFlowMessage should initialize session for new flow and access flow.start_step without temporal dead zone error" time="0.006">
    </testcase>
    <testcase classname="ConversationEngine processFlowMessage should handle existing session correctly" name="ConversationEngine processFlowMessage should handle existing session correctly" time="0.005">
    </testcase>
    <testcase classname="ConversationEngine processFlowMessage should handle interactive messages without validation" name="ConversationEngine processFlowMessage should handle interactive messages without validation" time="0.005">
    </testcase>
    <testcase classname="ConversationEngine processFlowMessage should handle flow not found error" name="ConversationEngine processFlowMessage should handle flow not found error" time="0.005">
    </testcase>
    <testcase classname="ConversationEngine processFlowMessage should handle invalid phone number" name="ConversationEngine processFlowMessage should handle invalid phone number" time="0.004">
    </testcase>
  </testsuite>
  <testsuite name="WhatsApp Webhook Integration" errors="0" failures="0" skipped="0" timestamp="2025-10-28T20:51:45" time="10.755" tests="11">
    <testcase classname="WhatsApp Webhook Integration GET /webhook - Verification should verify webhook with correct token" name="WhatsApp Webhook Integration GET /webhook - Verification should verify webhook with correct token" time="0.097">
    </testcase>
    <testcase classname="WhatsApp Webhook Integration GET /webhook - Verification should reject webhook verification with wrong token" name="WhatsApp Webhook Integration GET /webhook - Verification should reject webhook verification with wrong token" time="0.053">
    </testcase>
    <testcase classname="WhatsApp Webhook Integration GET /webhook - Verification should return ready status for verification request without parameters" name="WhatsApp Webhook Integration GET /webhook - Verification should return ready status for verification request without parameters" time="0.032">
    </testcase>
    <testcase classname="WhatsApp Webhook Integration POST /webhook - Message Processing should process valid webhook with text message" name="WhatsApp Webhook Integration POST /webhook - Message Processing should process valid webhook with text message" time="0.062">
    </testcase>
    <testcase classname="WhatsApp Webhook Integration POST /webhook - Message Processing should process valid webhook with interactive message" name="WhatsApp Webhook Integration POST /webhook - Message Processing should process valid webhook with interactive message" time="0.08">
    </testcase>
    <testcase classname="WhatsApp Webhook Integration POST /webhook - Message Processing should process valid webhook with button message" name="WhatsApp Webhook Integration POST /webhook - Message Processing should process valid webhook with button message" time="0.037">
    </testcase>
    <testcase classname="WhatsApp Webhook Integration POST /webhook - Message Processing should process valid webhook with media message" name="WhatsApp Webhook Integration POST /webhook - Message Processing should process valid webhook with media message" time="0.147">
    </testcase>
    <testcase classname="WhatsApp Webhook Integration POST /webhook - Message Processing should handle invalid webhook payload gracefully" name="WhatsApp Webhook Integration POST /webhook - Message Processing should handle invalid webhook payload gracefully" time="0.057">
    </testcase>
    <testcase classname="WhatsApp Webhook Integration POST /webhook - Message Processing should handle webhook processing errors gracefully" name="WhatsApp Webhook Integration POST /webhook - Message Processing should handle webhook processing errors gracefully" time="3.055">
    </testcase>
    <testcase classname="WhatsApp Webhook Integration POST /webhook - Message Processing should validate webhook signature when provided" name="WhatsApp Webhook Integration POST /webhook - Message Processing should validate webhook signature when provided" time="0.042">
    </testcase>
    <testcase classname="WhatsApp Webhook Integration Error Handling should handle missing environment variables gracefully" name="WhatsApp Webhook Integration Error Handling should handle missing environment variables gracefully" time="0.051">
    </testcase>
  </testsuite>
  <testsuite name="WhatsApp Message Processor" errors="0" failures="0" skipped="0" timestamp="2025-10-28T20:51:57" time="4.431" tests="9">
    <testcase classname="WhatsApp Message Processor processIncomingMessage should create new user for unknown phone number" name="WhatsApp Message Processor processIncomingMessage should create new user for unknown phone number" time="0.008">
    </testcase>
    <testcase classname="WhatsApp Message Processor processIncomingMessage should process existing user message" name="WhatsApp Message Processor processIncomingMessage should process existing user message" time="0.006">
    </testcase>
    <testcase classname="WhatsApp Message Processor processIncomingMessage should handle text messages correctly" name="WhatsApp Message Processor processIncomingMessage should handle text messages correctly" time="0.005">
    </testcase>
    <testcase classname="WhatsApp Message Processor processIncomingMessage should handle interactive button replies" name="WhatsApp Message Processor processIncomingMessage should handle interactive button replies" time="0.007">
    </testcase>
    <testcase classname="WhatsApp Message Processor processIncomingMessage should handle interactive list replies" name="WhatsApp Message Processor processIncomingMessage should handle interactive list replies" time="0.006">
    </testcase>
    <testcase classname="WhatsApp Message Processor processIncomingMessage should handle button messages" name="WhatsApp Message Processor processIncomingMessage should handle button messages" time="0.008">
    </testcase>
    <testcase classname="WhatsApp Message Processor processIncomingMessage should handle media messages" name="WhatsApp Message Processor processIncomingMessage should handle media messages" time="0.048">
    </testcase>
    <testcase classname="WhatsApp Message Processor processIncomingMessage should handle unsupported message types gracefully" name="WhatsApp Message Processor processIncomingMessage should handle unsupported message types gracefully" time="0.047">
    </testcase>
    <testcase classname="WhatsApp Message Processor processIncomingMessage should handle errors gracefully" name="WhatsApp Message Processor processIncomingMessage should handle errors gracefully" time="0.006">
    </testcase>
  </testsuite>
  <testsuite name="WhatsApp Message Sender" errors="0" failures="0" skipped="0" timestamp="2025-10-28T20:52:02" time="5.54" tests="19">
    <testcase classname="WhatsApp Message Sender sendTextMessage should send text message successfully" name="WhatsApp Message Sender sendTextMessage should send text message successfully" time="0.008">
    </testcase>
    <testcase classname="WhatsApp Message Sender sendTextMessage should send text message with preview URL" name="WhatsApp Message Sender sendTextMessage should send text message with preview URL" time="0.005">
    </testcase>
    <testcase classname="WhatsApp Message Sender sendTextMessage should send text message with context" name="WhatsApp Message Sender sendTextMessage should send text message with context" time="0.005">
    </testcase>
    <testcase classname="WhatsApp Message Sender sendTextMessage should throw error when WhatsApp API credentials are not configured" name="WhatsApp Message Sender sendTextMessage should throw error when WhatsApp API credentials are not configured" time="0.101">
    </testcase>
    <testcase classname="WhatsApp Message Sender sendTextMessage should handle API error gracefully" name="WhatsApp Message Sender sendTextMessage should handle API error gracefully" time="0.013">
    </testcase>
    <testcase classname="WhatsApp Message Sender sendTextMessage should handle network error gracefully" name="WhatsApp Message Sender sendTextMessage should handle network error gracefully" time="0.005">
    </testcase>
    <testcase classname="WhatsApp Message Sender sendInteractiveButtons should send interactive buttons message successfully" name="WhatsApp Message Sender sendInteractiveButtons should send interactive buttons message successfully" time="0.008">
    </testcase>
    <testcase classname="WhatsApp Message Sender sendInteractiveButtons should send interactive buttons with header and footer" name="WhatsApp Message Sender sendInteractiveButtons should send interactive buttons with header and footer" time="0.011">
    </testcase>
    <testcase classname="WhatsApp Message Sender sendInteractiveButtons should handle missing WhatsApp API credentials" name="WhatsApp Message Sender sendInteractiveButtons should handle missing WhatsApp API credentials" time="0.004">
    </testcase>
    <testcase classname="WhatsApp Message Sender sendListMessage should send list message successfully" name="WhatsApp Message Sender sendListMessage should send list message successfully" time="0.004">
    </testcase>
    <testcase classname="WhatsApp Message Sender sendListMessage should send list message with footer" name="WhatsApp Message Sender sendListMessage should send list message with footer" time="0.005">
    </testcase>
    <testcase classname="WhatsApp Message Sender sendListMessage should handle list messages with invalid action keys in rows (would cause API error)" name="WhatsApp Message Sender sendListMessage should handle list messages with invalid action keys in rows (would cause API error)" time="0.004">
    </testcase>
    <testcase classname="WhatsApp Message Sender sendListMessage should accept valid list messages without action keys in rows" name="WhatsApp Message Sender sendListMessage should accept valid list messages without action keys in rows" time="0.003">
    </testcase>
    <testcase classname="WhatsApp Message Sender sendTemplateMessage should send template message successfully" name="WhatsApp Message Sender sendTemplateMessage should send template message successfully" time="0.004">
    </testcase>
    <testcase classname="WhatsApp Message Sender sendTemplateMessage should send template message with components" name="WhatsApp Message Sender sendTemplateMessage should send template message with components" time="0.004">
    </testcase>
    <testcase classname="WhatsApp Message Sender sendMediaMessage should send media message successfully" name="WhatsApp Message Sender sendMediaMessage should send media message successfully" time="0.006">
    </testcase>
    <testcase classname="WhatsApp Message Sender sendMediaMessage should send media message with filename" name="WhatsApp Message Sender sendMediaMessage should send media message with filename" time="0.006">
    </testcase>
    <testcase classname="WhatsApp Message Sender markMessageAsRead should mark message as read successfully" name="WhatsApp Message Sender markMessageAsRead should mark message as read successfully" time="0.009">
    </testcase>
    <testcase classname="WhatsApp Message Sender markMessageAsRead should handle missing WhatsApp API credentials" name="WhatsApp Message Sender markMessageAsRead should handle missing WhatsApp API credentials" time="0.007">
    </testcase>
  </testsuite>
  <testsuite name="Nadi Reader Service" errors="0" failures="0" skipped="0" timestamp="2025-10-28T20:52:08" time="4.601" tests="4">
    <testcase classname="Nadi Reader Service generateNadiReading should generate a Nadi astrology reading" name="Nadi Reader Service generateNadiReading should generate a Nadi astrology reading" time="0.01">
    </testcase>
    <testcase classname="Nadi Reader Service generateNadiReading should handle missing birth date" name="Nadi Reader Service generateNadiReading should handle missing birth date" time="0.003">
    </testcase>
    <testcase classname="Nadi Reader Service generateNadiReading should provide Dasa period calculations" name="Nadi Reader Service generateNadiReading should provide Dasa period calculations" time="0.005">
    </testcase>
    <testcase classname="Nadi Reader Service generateNadiReading should include traditional Nadi remedies" name="Nadi Reader Service generateNadiReading should include traditional Nadi remedies" time="0.005">
    </testcase>
  </testsuite>
  <testsuite name="WhatsApp Controller" errors="0" failures="0" skipped="0" timestamp="2025-10-28T20:52:12" time="7.975" tests="4">
    <testcase classname="WhatsApp Controller handleWhatsAppWebhook should return 400 for invalid webhook payload" name="WhatsApp Controller handleWhatsAppWebhook should return 400 for invalid webhook payload" time="0.007">
    </testcase>
    <testcase classname="WhatsApp Controller handleWhatsAppWebhook should return 200 for valid webhook payload with no entries" name="WhatsApp Controller handleWhatsAppWebhook should return 200 for valid webhook payload with no entries" time="0.005">
    </testcase>
    <testcase classname="WhatsApp Controller handleWhatsAppWebhook should process valid webhook with messages" name="WhatsApp Controller handleWhatsAppWebhook should process valid webhook with messages" time="0.004">
    </testcase>
    <testcase classname="WhatsApp Controller handleWhatsAppWebhook should handle errors gracefully" name="WhatsApp Controller handleWhatsAppWebhook should handle errors gracefully" time="3.017">
    </testcase>
  </testsuite>
  <testsuite name="IChingReader" errors="0" failures="0" skipped="0" timestamp="2025-10-28T20:52:20" time="5.606" tests="3">
    <testcase classname="IChingReader generateIChingReading should generate I Ching reading for valid question" name="IChingReader generateIChingReading should generate I Ching reading for valid question" time="0.05">
    </testcase>
    <testcase classname="IChingReader generateIChingReading should generate I Ching reading without a question" name="IChingReader generateIChingReading should generate I Ching reading without a question" time="0.013">
    </testcase>
    <testcase classname="IChingReader generateIChingReading should handle errors during reading generation" name="IChingReader generateIChingReading should handle errors during reading generation" time="0.041">
    </testcase>
  </testsuite>
  <testsuite name="Real Astrology Calculations Integration Tests" errors="0" failures="0" skipped="0" timestamp="2025-10-28T20:52:26" time="9.64" tests="21">
    <testcase classname="Real Astrology Calculations Integration Tests Western Astrology - Service Integration should load Western astrology services successfully" name="Real Astrology Calculations Integration Tests Western Astrology - Service Integration should load Western astrology services successfully" time="2.782">
    </testcase>
    <testcase classname="Real Astrology Calculations Integration Tests Western Astrology - Service Integration should validate WesternCalculator class structure" name="Real Astrology Calculations Integration Tests Western Astrology - Service Integration should validate WesternCalculator class structure" time="0.002">
    </testcase>
    <testcase classname="Real Astrology Calculations Integration Tests Vedic Astrology - Service Integration should load Vedic astrology services successfully" name="Real Astrology Calculations Integration Tests Vedic Astrology - Service Integration should load Vedic astrology services successfully" time="0.004">
    </testcase>
    <testcase classname="Real Astrology Calculations Integration Tests Vedic Astrology - Service Integration should validate VedicCalculator can be instantiated" name="Real Astrology Calculations Integration Tests Vedic Astrology - Service Integration should validate VedicCalculator can be instantiated" time="0.06">
    </testcase>
    <testcase classname="Real Astrology Calculations Integration Tests Vedic Astrology - Service Integration should validate VimshottariDasha basic functionality" name="Real Astrology Calculations Integration Tests Vedic Astrology - Service Integration should validate VimshottariDasha basic functionality" time="0.004">
    </testcase>
    <testcase classname="Real Astrology Calculations Integration Tests Divination Systems - Service Integration should load divination services successfully" name="Real Astrology Calculations Integration Tests Divination Systems - Service Integration should load divination services successfully" time="0.012">
    </testcase>
    <testcase classname="Real Astrology Calculations Integration Tests Divination Systems - Service Integration should validate TarotReader functionality" name="Real Astrology Calculations Integration Tests Divination Systems - Service Integration should validate TarotReader functionality" time="0.011">
    </testcase>
    <testcase classname="Real Astrology Calculations Integration Tests Divination Systems - Service Integration should validate IChingReader functionality" name="Real Astrology Calculations Integration Tests Divination Systems - Service Integration should validate IChingReader functionality" time="0.054">
    </testcase>
    <testcase classname="Real Astrology Calculations Integration Tests Numerology - Service Integration should load numerology services successfully" name="Real Astrology Calculations Integration Tests Numerology - Service Integration should load numerology services successfully" time="0.017">
    </testcase>
    <testcase classname="Real Astrology Calculations Integration Tests Numerology - Service Integration should validate numerology calculations" name="Real Astrology Calculations Integration Tests Numerology - Service Integration should validate numerology calculations" time="0.007">
    </testcase>
    <testcase classname="Real Astrology Calculations Integration Tests Chinese Astrology - Service Integration should load Chinese astrology services successfully" name="Real Astrology Calculations Integration Tests Chinese Astrology - Service Integration should load Chinese astrology services successfully" time="0.004">
    </testcase>
    <testcase classname="Real Astrology Calculations Integration Tests Astrocartography - Service Integration should load astrocartography services successfully" name="Real Astrology Calculations Integration Tests Astrocartography - Service Integration should load astrocartography services successfully" time="0.003">
    </testcase>
    <testcase classname="Real Astrology Calculations Integration Tests Palmistry - Service Integration should load palmistry services successfully" name="Real Astrology Calculations Integration Tests Palmistry - Service Integration should load palmistry services successfully" time="0.003">
    </testcase>
    <testcase classname="Real Astrology Calculations Integration Tests Palmistry - Service Integration should validate PalmistryReader functionality" name="Real Astrology Calculations Integration Tests Palmistry - Service Integration should validate PalmistryReader functionality" time="0.003">
    </testcase>
    <testcase classname="Real Astrology Calculations Integration Tests Celtic Astrology - Service Integration should load Celtic astrology services successfully" name="Real Astrology Calculations Integration Tests Celtic Astrology - Service Integration should load Celtic astrology services successfully" time="0.002">
    </testcase>
    <testcase classname="Real Astrology Calculations Integration Tests Mayan Astrology - Service Integration should load Mayan astrology services successfully" name="Real Astrology Calculations Integration Tests Mayan Astrology - Service Integration should load Mayan astrology services successfully" time="0.003">
    </testcase>
    <testcase classname="Real Astrology Calculations Integration Tests Islamic Astrology - Service Integration should load Islamic astrology services successfully" name="Real Astrology Calculations Integration Tests Islamic Astrology - Service Integration should load Islamic astrology services successfully" time="0.008">
    </testcase>
    <testcase classname="Real Astrology Calculations Integration Tests Relationships &amp; Compatibility - Service Integration should load compatibility services successfully" name="Real Astrology Calculations Integration Tests Relationships &amp; Compatibility - Service Integration should load compatibility services successfully" time="0.003">
    </testcase>
    <testcase classname="Real Astrology Calculations Integration Tests Special Readings - AI Integration should load AI services successfully" name="Real Astrology Calculations Integration Tests Special Readings - AI Integration should load AI services successfully" time="0.003">
    </testcase>
    <testcase classname="Real Astrology Calculations Integration Tests Service Integration Validation should validate all astrology services can be imported" name="Real Astrology Calculations Integration Tests Service Integration Validation should validate all astrology services can be imported" time="0.005">
    </testcase>
    <testcase classname="Real Astrology Calculations Integration Tests Service Integration Validation should validate core astrology functionality" name="Real Astrology Calculations Integration Tests Service Integration Validation should validate core astrology functionality" time="0.004">
    </testcase>
  </testsuite>
  <testsuite name="MayanReader" errors="0" failures="0" skipped="0" timestamp="2025-10-28T20:52:37" time="4.982" tests="2">
    <testcase classname="MayanReader generateMayanChart should generate Mayan chart for valid birth data" name="MayanReader generateMayanChart should generate Mayan chart for valid birth data" time="0.013">
    </testcase>
    <testcase classname="MayanReader generateMayanChart should handle invalid birth data gracefully" name="MayanReader generateMayanChart should handle invalid birth data gracefully" time="0.007">
    </testcase>
  </testsuite>
  <testsuite name="UserModel Functions" errors="0" failures="0" skipped="0" timestamp="2025-10-28T20:52:42" time="7.843" tests="4">
    <testcase classname="UserModel Functions getUserByPhone should get user by phone number" name="UserModel Functions getUserByPhone should get user by phone number" time="0.907">
    </testcase>
    <testcase classname="UserModel Functions updateUserProfile should update user profile" name="UserModel Functions updateUserProfile should update user profile" time="0.235">
    </testcase>
    <testcase classname="UserModel Functions createUser should create a new user with proper defaults" name="UserModel Functions createUser should create a new user with proper defaults" time="0.13">
    </testcase>
    <testcase classname="UserModel Functions createUser should create user with default name when not provided" name="UserModel Functions createUser should create user with default name when not provided" time="0.215">
    </testcase>
  </testsuite>
  <testsuite name="WebhookValidator" errors="0" failures="0" skipped="0" timestamp="2025-10-28T20:52:50" time="4.762" tests="4">
    <testcase classname="WebhookValidator validateWebhookSignature should validate correct signature" name="WebhookValidator validateWebhookSignature should validate correct signature" time="0.025">
    </testcase>
    <testcase classname="WebhookValidator validateWebhookSignature should reject invalid signature" name="WebhookValidator validateWebhookSignature should reject invalid signature" time="0.003">
    </testcase>
    <testcase classname="WebhookValidator validateWebhookPayload should validate valid payload" name="WebhookValidator validateWebhookPayload should validate valid payload" time="0.006">
    </testcase>
    <testcase classname="WebhookValidator validateWebhookPayload should reject invalid payload" name="WebhookValidator validateWebhookPayload should reject invalid payload" time="0.003">
    </testcase>
  </testsuite>
  <testsuite name="User Model" errors="0" failures="0" skipped="0" timestamp="2025-10-28T20:52:54" time="6.584" tests="2">
    <testcase classname="User Model User Creation should create a new user with valid data" name="User Model User Creation should create a new user with valid data" time="0.417">
    </testcase>
    <testcase classname="User Model User Creation should update user profile" name="User Model User Creation should update user profile" time="0.353">
    </testcase>
  </testsuite>
  <testsuite name="AstrologyEngine" errors="0" failures="0" skipped="0" timestamp="2025-10-28T20:53:01" time="7.04" tests="3">
    <testcase classname="AstrologyEngine generateAstrologyResponse should generate astrology response for valid user" name="AstrologyEngine generateAstrologyResponse should generate astrology response for valid user" time="0.059">
    </testcase>
    <testcase classname="AstrologyEngine validateBirthData should validate valid birth data" name="AstrologyEngine validateBirthData should validate valid birth data" time="0.005">
    </testcase>
    <testcase classname="AstrologyEngine validateBirthData should reject invalid birth data" name="AstrologyEngine validateBirthData should reject invalid birth data" time="0.004">
    </testcase>
  </testsuite>
  <testsuite name="NumerologyService" errors="0" failures="0" skipped="0" timestamp="2025-10-28T20:53:09" time="5.634" tests="2">
    <testcase classname="NumerologyService generateFullReport should generate numerology report with life path, expression, soul urge, personality, destiny, and maturity numbers" name="NumerologyService generateFullReport should generate numerology report with life path, expression, soul urge, personality, destiny, and maturity numbers" time="0.008">
    </testcase>
    <testcase classname="NumerologyService generateFullReport should handle empty name for numerology report" name="NumerologyService generateFullReport should handle empty name for numerology report" time="0.004">
    </testcase>
  </testsuite>
  <testsuite name="Palmistry Reader Service" errors="0" failures="0" skipped="0" timestamp="2025-10-28T20:53:15" time="5.397" tests="3">
    <testcase classname="Palmistry Reader Service generatePalmistryReading should generate a palmistry reading" name="Palmistry Reader Service generatePalmistryReading should generate a palmistry reading" time="0.026">
    </testcase>
    <testcase classname="Palmistry Reader Service generatePalmistryReading should generate sample reading when no user provided" name="Palmistry Reader Service generatePalmistryReading should generate sample reading when no user provided" time="0.004">
    </testcase>
    <testcase classname="Palmistry Reader Service generatePalmistryReading should handle user with hand data" name="Palmistry Reader Service generatePalmistryReading should handle user with hand data" time="0.003">
    </testcase>
  </testsuite>
  <testsuite name="Session Model" errors="0" failures="0" skipped="0" timestamp="2025-10-28T20:53:20" time="5.205" tests="3">
    <testcase classname="Session Model Session Creation should create a new session with valid data" name="Session Model Session Creation should create a new session with valid data" time="0.37">
    </testcase>
    <testcase classname="Session Model Session Queries should find session by phone number" name="Session Model Session Queries should find session by phone number" time="0.129">
    </testcase>
    <testcase classname="Session Model Session Queries should update session flow data" name="Session Model Session Queries should update session flow data" time="0.18">
    </testcase>
  </testsuite>
  <testsuite name="HoraryReader" errors="0" failures="0" skipped="0" timestamp="2025-10-28T20:53:26" time="5.576" tests="4">
    <testcase classname="HoraryReader generateHoraryReading should generate Horary reading for valid question" name="HoraryReader generateHoraryReading should generate Horary reading for valid question" time="0.015">
    </testcase>
    <testcase classname="HoraryReader generateHoraryReading should handle invalid question gracefully" name="HoraryReader generateHoraryReading should handle invalid question gracefully" time="0.009">
    </testcase>
    <testcase classname="HoraryReader generateHoraryReading should handle inappropriate questions" name="HoraryReader generateHoraryReading should handle inappropriate questions" time="0.006">
    </testcase>
    <testcase classname="HoraryReader generateHoraryReading should handle errors during chart generation" name="HoraryReader generateHoraryReading should handle errors during chart generation" time="0.007">
    </testcase>
  </testsuite>
  <testsuite name="TranslationService" errors="0" failures="0" skipped="0" timestamp="2025-10-28T20:53:31" time="4.895" tests="30">
    <testcase classname="TranslationService Initialization should initialize with supported languages" name="TranslationService Initialization should initialize with supported languages" time="0.007">
    </testcase>
    <testcase classname="TranslationService Initialization should have correct language metadata" name="TranslationService Initialization should have correct language metadata" time="0.005">
    </testcase>
    <testcase classname="TranslationService getSupportedLanguages should return all supported languages" name="TranslationService getSupportedLanguages should return all supported languages" time="0.006">
    </testcase>
    <testcase classname="TranslationService detectLanguage should detect language from Indian phone numbers" name="TranslationService detectLanguage should detect language from Indian phone numbers" time="0.025">
    </testcase>
    <testcase classname="TranslationService detectLanguage should detect language from UAE phone numbers" name="TranslationService detectLanguage should detect language from UAE phone numbers" time="0.01">
    </testcase>
    <testcase classname="TranslationService detectLanguage should detect language from Saudi phone numbers" name="TranslationService detectLanguage should detect language from Saudi phone numbers" time="0.009">
    </testcase>
    <testcase classname="TranslationService detectLanguage should detect language from UK phone numbers" name="TranslationService detectLanguage should detect language from UK phone numbers" time="0.006">
    </testcase>
    <testcase classname="TranslationService detectLanguage should return default language for unknown numbers" name="TranslationService detectLanguage should return default language for unknown numbers" time="0.009">
    </testcase>
    <testcase classname="TranslationService detectLanguage should respect explicit language parameter" name="TranslationService detectLanguage should respect explicit language parameter" time="0.007">
    </testcase>
    <testcase classname="TranslationService detectLanguage should handle invalid phone numbers gracefully" name="TranslationService detectLanguage should handle invalid phone numbers gracefully" time="0.005">
    </testcase>
    <testcase classname="TranslationService loadResourceBundle should load and cache resource bundle successfully" name="TranslationService loadResourceBundle should load and cache resource bundle successfully" time="0.04">
    </testcase>
    <testcase classname="TranslationService loadResourceBundle should return cached bundle if available and not expired" name="TranslationService loadResourceBundle should return cached bundle if available and not expired" time="0.005">
    </testcase>
    <testcase classname="TranslationService loadResourceBundle should reload bundle if cache is expired" name="TranslationService loadResourceBundle should reload bundle if cache is expired" time="0.02">
    </testcase>
    <testcase classname="TranslationService loadResourceBundle should handle file read errors gracefully" name="TranslationService loadResourceBundle should handle file read errors gracefully" time="0.005">
    </testcase>
    <testcase classname="TranslationService loadResourceBundle should handle invalid JSON gracefully" name="TranslationService loadResourceBundle should handle invalid JSON gracefully" time="0.005">
    </testcase>
    <testcase classname="TranslationService translate should translate simple keys successfully" name="TranslationService translate should translate simple keys successfully" time="0.006">
    </testcase>
    <testcase classname="TranslationService translate should handle parameter interpolation" name="TranslationService translate should handle parameter interpolation" time="0.006">
    </testcase>
    <testcase classname="TranslationService translate should handle multiple parameters" name="TranslationService translate should handle multiple parameters" time="0.005">
    </testcase>
    <testcase classname="TranslationService translate should fallback to English for missing translations" name="TranslationService translate should fallback to English for missing translations" time="0.006">
    </testcase>
    <testcase classname="TranslationService translate should return key if translation not found in any language" name="TranslationService translate should return key if translation not found in any language" time="0.004">
    </testcase>
    <testcase classname="TranslationService translate should handle nested key access" name="TranslationService translate should handle nested key access" time="0.005">
    </testcase>
    <testcase classname="TranslationService translate should cache translations for performance" name="TranslationService translate should cache translations for performance" time="0.005">
    </testcase>
    <testcase classname="TranslationService translateMultiple should translate multiple keys at once" name="TranslationService translateMultiple should translate multiple keys at once" time="0.005">
    </testcase>
    <testcase classname="TranslationService hasTranslation should check if translation exists" name="TranslationService hasTranslation should check if translation exists" time="0.005">
    </testcase>
    <testcase classname="TranslationService getAvailableKeys should return all available translation keys" name="TranslationService getAvailableKeys should return all available translation keys" time="0.006">
    </testcase>
    <testcase classname="TranslationService reloadBundles should clear cache and reload bundles" name="TranslationService reloadBundles should clear cache and reload bundles" time="0.008">
    </testcase>
    <testcase classname="TranslationService Error handling should handle malformed parameters gracefully" name="TranslationService Error handling should handle malformed parameters gracefully" time="0.008">
    </testcase>
    <testcase classname="TranslationService Error handling should handle missing parameters gracefully" name="TranslationService Error handling should handle missing parameters gracefully" time="0.005">
    </testcase>
    <testcase classname="TranslationService Performance and caching should cache bundles to improve performance" name="TranslationService Performance and caching should cache bundles to improve performance" time="0.004">
    </testcase>
    <testcase classname="TranslationService Performance and caching should expire cache after configured time" name="TranslationService Performance and caching should expire cache after configured time" time="0.004">
    </testcase>
  </testsuite>
  <testsuite name="KabbalisticReader" errors="0" failures="0" skipped="0" timestamp="2025-10-28T20:53:36" time="4.61" tests="2">
    <testcase classname="KabbalisticReader generateKabbalisticChart should generate Kabbalistic chart for valid birth data" name="KabbalisticReader generateKabbalisticChart should generate Kabbalistic chart for valid birth data" time="0.019">
    </testcase>
    <testcase classname="KabbalisticReader generateKabbalisticChart should handle invalid birth data gracefully" name="KabbalisticReader generateKabbalisticChart should handle invalid birth data gracefully" time="0.006">
    </testcase>
  </testsuite>
  <testsuite name="ErrorHandler" errors="0" failures="0" skipped="0" timestamp="2025-10-28T20:53:41" time="4.055" tests="4">
    <testcase classname="ErrorHandler handleError should handle error and log it" name="ErrorHandler handleError should handle error and log it" time="0.006">
    </testcase>
    <testcase classname="ErrorHandler handleError should handle error without context" name="ErrorHandler handleError should handle error without context" time="0.004">
    </testcase>
    <testcase classname="ErrorHandler handleValidationError should handle validation error" name="ErrorHandler handleValidationError should handle validation error" time="0.009">
    </testcase>
    <testcase classname="ErrorHandler handleDatabaseError should handle database error" name="ErrorHandler handleDatabaseError should handle database error" time="0.01">
    </testcase>
  </testsuite>
  <testsuite name="VedicCalculator" errors="0" failures="0" skipped="0" timestamp="2025-10-28T20:53:45" time="5.103" tests="9">
    <testcase classname="VedicCalculator calculateBirthChart should calculate birth chart for valid birth data" name="VedicCalculator calculateBirthChart should calculate birth chart for valid birth data" time="0.018">
    </testcase>
    <testcase classname="VedicCalculator calculateBirthChart should handle invalid birth data gracefully" name="VedicCalculator calculateBirthChart should handle invalid birth data gracefully" time="0.104">
    </testcase>
    <testcase classname="VedicCalculator generateHoroscope should generate horoscope for valid chart" name="VedicCalculator generateHoroscope should generate horoscope for valid chart" time="0.003">
    </testcase>
    <testcase classname="VedicCalculator generateTransitPreview should generate transit preview" name="VedicCalculator generateTransitPreview should generate transit preview" time="0.004">
    </testcase>
    <testcase classname="VedicCalculator checkCompatibility should check compatibility between two charts" name="VedicCalculator checkCompatibility should check compatibility between two charts" time="0.004">
    </testcase>
    <testcase classname="VedicCalculator calculateSecondaryProgressions should calculate secondary progressions for valid birth data" name="VedicCalculator calculateSecondaryProgressions should calculate secondary progressions for valid birth data" time="0.005">
    </testcase>
    <testcase classname="VedicCalculator calculateSecondaryProgressions should handle invalid birth data gracefully" name="VedicCalculator calculateSecondaryProgressions should handle invalid birth data gracefully" time="0.003">
    </testcase>
    <testcase classname="VedicCalculator calculateSolarArcDirections should calculate solar arc directions for valid birth data" name="VedicCalculator calculateSolarArcDirections should calculate solar arc directions for valid birth data" time="0.004">
    </testcase>
    <testcase classname="VedicCalculator calculateSolarArcDirections should handle invalid birth data gracefully" name="VedicCalculator calculateSolarArcDirections should handle invalid birth data gracefully" time="0.002">
    </testcase>
  </testsuite>
  <testsuite name="InputValidator" errors="0" failures="0" skipped="0" timestamp="2025-10-28T20:53:50" time="4.537" tests="5">
    <testcase classname="InputValidator validateEmail should validate valid email" name="InputValidator validateEmail should validate valid email" time="0.005">
    </testcase>
    <testcase classname="InputValidator validateEmail should reject invalid email" name="InputValidator validateEmail should reject invalid email" time="0.003">
    </testcase>
    <testcase classname="InputValidator validatePhoneNumber should validate valid phone number" name="InputValidator validatePhoneNumber should validate valid phone number" time="0.003">
    </testcase>
    <testcase classname="InputValidator validatePhoneNumber should reject invalid phone number" name="InputValidator validatePhoneNumber should reject invalid phone number" time="0.003">
    </testcase>
    <testcase classname="InputValidator sanitizeInput should sanitize input" name="InputValidator sanitizeInput should sanitize input" time="0.006">
    </testcase>
  </testsuite>
  <testsuite name="WhatsApp Service" errors="0" failures="0" skipped="0" timestamp="2025-10-28T20:53:55" time="5.232" tests="7">
    <testcase classname="WhatsApp Service handleWhatsAppWebhook should return 400 for invalid webhook payload" name="WhatsApp Service handleWhatsAppWebhook should return 400 for invalid webhook payload" time="0.008">
    </testcase>
    <testcase classname="WhatsApp Service handleWhatsAppWebhook should return 200 for valid webhook payload with no entries" name="WhatsApp Service handleWhatsAppWebhook should return 200 for valid webhook payload with no entries" time="0.008">
    </testcase>
    <testcase classname="WhatsApp Service handleWhatsAppWebhook should process valid webhook with messages" name="WhatsApp Service handleWhatsAppWebhook should process valid webhook with messages" time="0.006">
    </testcase>
    <testcase classname="WhatsApp Service handleWhatsAppWebhook should handle interactive button reply messages" name="WhatsApp Service handleWhatsAppWebhook should handle interactive button reply messages" time="0.005">
    </testcase>
    <testcase classname="WhatsApp Service handleWhatsAppWebhook should handle webhook with status updates" name="WhatsApp Service handleWhatsAppWebhook should handle webhook with status updates" time="0.004">
    </testcase>
    <testcase classname="WhatsApp Service handleWhatsAppWebhook should handle error during webhook processing" name="WhatsApp Service handleWhatsAppWebhook should handle error during webhook processing" time="0.005">
    </testcase>
    <testcase classname="WhatsApp Service processIncomingMessage should process incoming messages correctly" name="WhatsApp Service processIncomingMessage should process incoming messages correctly" time="0.005">
    </testcase>
  </testsuite>
</testsuites>