<?xml version="1.0" encoding="UTF-8"?>
<testsuites name="jest tests" tests="502" failures="192" errors="0" time="124.525">
  <testsuite name="Critical User Flow End-to-End Tests" errors="0" failures="10" skipped="0" timestamp="2025-10-28T17:56:46" time="21.344" tests="11">
    <testcase classname="Critical User Flow End-to-End Tests Existing User Daily Horoscope Flow should generate real daily horoscope for existing user" name="Critical User Flow End-to-End Tests Existing User Daily Horoscope Flow should generate real daily horoscope for existing user" time="0.186">
      <failure>Error: expected 200 &quot;OK&quot;, got 500 &quot;Internal Server Error&quot;
    at Object.expect (/Users/mohitmendiratta/Projects/bots/w1/astro-whatsapp-bot/tests/e2e/critical-user-flow.test.js:215:10)
    at Promise.then.completed (/Users/mohitmendiratta/Projects/bots/w1/astro-whatsapp-bot/node_modules/jest-circus/build/utils.js:298:28)
    at new Promise (&lt;anonymous&gt;)
    at callAsyncCircusFn (/Users/mohitmendiratta/Projects/bots/w1/astro-whatsapp-bot/node_modules/jest-circus/build/utils.js:231:10)
    at _callCircusTest (/Users/mohitmendiratta/Projects/bots/w1/astro-whatsapp-bot/node_modules/jest-circus/build/run.js:316:40)
    at processTicksAndRejections (node:internal/process/task_queues:105:5)
    at _runTest (/Users/mohitmendiratta/Projects/bots/w1/astro-whatsapp-bot/node_modules/jest-circus/build/run.js:252:3)
    at _runTestsForDescribeBlock (/Users/mohitmendiratta/Projects/bots/w1/astro-whatsapp-bot/node_modules/jest-circus/build/run.js:126:9)
    at _runTestsForDescribeBlock (/Users/mohitmendiratta/Projects/bots/w1/astro-whatsapp-bot/node_modules/jest-circus/build/run.js:121:9)
    at _runTestsForDescribeBlock (/Users/mohitmendiratta/Projects/bots/w1/astro-whatsapp-bot/node_modules/jest-circus/build/run.js:121:9)
    at run (/Users/mohitmendiratta/Projects/bots/w1/astro-whatsapp-bot/node_modules/jest-circus/build/run.js:71:3)
    at runAndTransformResultsToJestFormat (/Users/mohitmendiratta/Projects/bots/w1/astro-whatsapp-bot/node_modules/jest-circus/build/legacy-code-todo-rewrite/jestAdapterInit.js:122:21)
    at jestAdapter (/Users/mohitmendiratta/Projects/bots/w1/astro-whatsapp-bot/node_modules/jest-circus/build/legacy-code-todo-rewrite/jestAdapter.js:79:19)
    at runTestInternal (/Users/mohitmendiratta/Projects/bots/w1/astro-whatsapp-bot/node_modules/jest-runner/build/runTest.js:367:16)
    at runTest (/Users/mohitmendiratta/Projects/bots/w1/astro-whatsapp-bot/node_modules/jest-runner/build/runTest.js:444:34)
----
    at Test._assertStatus (/Users/mohitmendiratta/Projects/bots/w1/astro-whatsapp-bot/node_modules/supertest/lib/test.js:252:14)
    at /Users/mohitmendiratta/Projects/bots/w1/astro-whatsapp-bot/node_modules/supertest/lib/test.js:308:13
    at Test._assertFunction (/Users/mohitmendiratta/Projects/bots/w1/astro-whatsapp-bot/node_modules/supertest/lib/test.js:285:13)
    at Test.assert (/Users/mohitmendiratta/Projects/bots/w1/astro-whatsapp-bot/node_modules/supertest/lib/test.js:164:23)
    at Server.localAssert (/Users/mohitmendiratta/Projects/bots/w1/astro-whatsapp-bot/node_modules/supertest/lib/test.js:120:14)
    at Object.onceWrapper (node:events:622:28)
    at Server.emit (node:events:508:28)
    at emitCloseNT (node:net:2419:8)
    at processTicksAndRejections (node:internal/process/task_queues:89:21)</failure>
    </testcase>
    <testcase classname="Critical User Flow End-to-End Tests Interactive Button Flow should process interactive button reply for compatibility checking" name="Critical User Flow End-to-End Tests Interactive Button Flow should process interactive button reply for compatibility checking" time="1.042">
      <failure>Error: expect(jest.fn()).toHaveBeenCalled()

Expected number of calls: &gt;= 1
Received number of calls:    0
    at Object.toHaveBeenCalled (/Users/mohitmendiratta/Projects/bots/w1/astro-whatsapp-bot/tests/e2e/critical-user-flow.test.js:308:27)</failure>
    </testcase>
    <testcase classname="Critical User Flow End-to-End Tests Error Handling Flow should handle processing errors gracefully" name="Critical User Flow End-to-End Tests Error Handling Flow should handle processing errors gracefully" time="3.032">
      <failure>Error: expect(jest.fn()).toHaveBeenCalledWith(...expected)

Expected: &quot;5566778899&quot;, &quot;I&apos;m sorry, I encountered an error processing your message. Please try again later!&quot;

Number of calls: 0
    at Object.toHaveBeenCalledWith (/Users/mohitmendiratta/Projects/bots/w1/astro-whatsapp-bot/tests/e2e/critical-user-flow.test.js:375:27)
    at processTicksAndRejections (node:internal/process/task_queues:105:5)</failure>
    </testcase>
    <testcase classname="Critical User Flow End-to-End Tests Performance and Scalability Flow should handle high volume of messages without crashing" name="Critical User Flow End-to-End Tests Performance and Scalability Flow should handle high volume of messages without crashing" time="3.387">
      <failure>Error: expect(jest.fn()).toHaveBeenCalledTimes(expected)

Expected number of calls: 20
Received number of calls: 0
    at Object.toHaveBeenCalledTimes (/Users/mohitmendiratta/Projects/bots/w1/astro-whatsapp-bot/tests/e2e/critical-user-flow.test.js:480:27)</failure>
    </testcase>
    <testcase classname="Critical User Flow End-to-End Tests Security and Compliance Flow should validate webhook signatures when provided" name="Critical User Flow End-to-End Tests Security and Compliance Flow should validate webhook signatures when provided" time="0.022">
    </testcase>
    <testcase classname="Critical User Flow End-to-End Tests Subscription and Payment Flow should handle subscription plan inquiry" name="Critical User Flow End-to-End Tests Subscription and Payment Flow should handle subscription plan inquiry" time="1.051">
      <failure>Error: expect(jest.fn()).toHaveBeenCalled()

Expected number of calls: &gt;= 1
Received number of calls:    0
    at Object.toHaveBeenCalled (/Users/mohitmendiratta/Projects/bots/w1/astro-whatsapp-bot/tests/e2e/critical-user-flow.test.js:638:27)</failure>
    </testcase>
    <testcase classname="Critical User Flow End-to-End Tests Subscription and Payment Flow should handle premium subscription request" name="Critical User Flow End-to-End Tests Subscription and Payment Flow should handle premium subscription request" time="1.045">
      <failure>Error: expect(jest.fn()).toHaveBeenCalledTimes(expected)

Expected number of calls: 2
Received number of calls: 0
    at Object.toHaveBeenCalledTimes (/Users/mohitmendiratta/Projects/bots/w1/astro-whatsapp-bot/tests/e2e/critical-user-flow.test.js:703:27)</failure>
    </testcase>
    <testcase classname="Critical User Flow End-to-End Tests Astrology Readings Flow Profile Management Flow should handle profile viewing request" name="Critical User Flow End-to-End Tests Astrology Readings Flow Profile Management Flow should handle profile viewing request" time="1.089">
      <failure>Error: expect(jest.fn()).toHaveBeenCalled()

Expected number of calls: &gt;= 1
Received number of calls:    0
    at Object.toHaveBeenCalled (/Users/mohitmendiratta/Projects/bots/w1/astro-whatsapp-bot/tests/e2e/critical-user-flow.test.js:794:29)</failure>
    </testcase>
    <testcase classname="Critical User Flow End-to-End Tests Astrology Readings Flow should handle tarot reading request" name="Critical User Flow End-to-End Tests Astrology Readings Flow should handle tarot reading request" time="1.046">
      <failure>Error: expect(jest.fn()).toHaveBeenCalled()

Expected number of calls: &gt;= 1
Received number of calls:    0
    at Object.toHaveBeenCalled (/Users/mohitmendiratta/Projects/bots/w1/astro-whatsapp-bot/tests/e2e/critical-user-flow.test.js:869:27)</failure>
    </testcase>
    <testcase classname="Critical User Flow End-to-End Tests Astrology Readings Flow should handle palmistry reading request" name="Critical User Flow End-to-End Tests Astrology Readings Flow should handle palmistry reading request" time="1.043">
      <failure>Error: expect(jest.fn()).toHaveBeenCalled()

Expected number of calls: &gt;= 1
Received number of calls:    0
    at Object.toHaveBeenCalled (/Users/mohitmendiratta/Projects/bots/w1/astro-whatsapp-bot/tests/e2e/critical-user-flow.test.js:927:27)</failure>
    </testcase>
    <testcase classname="Critical User Flow End-to-End Tests Astrology Readings Flow should handle numerology report request" name="Critical User Flow End-to-End Tests Astrology Readings Flow should handle numerology report request" time="1.07">
      <failure>Error: expect(jest.fn()).toHaveBeenCalled()

Expected number of calls: &gt;= 1
Received number of calls:    0
    at Object.toHaveBeenCalled (/Users/mohitmendiratta/Projects/bots/w1/astro-whatsapp-bot/tests/e2e/critical-user-flow.test.js:985:27)</failure>
    </testcase>
  </testsuite>
  <testsuite name="REAL WhatsApp Bot End-to-End Flow Tests" errors="0" failures="3" skipped="0" timestamp="2025-10-28T17:57:07" time="15.772" tests="5">
    <testcase classname="REAL WhatsApp Bot End-to-End Flow Tests Complete User Onboarding Flow should complete full onboarding and generate real astrology reading" name="REAL WhatsApp Bot End-to-End Flow Tests Complete User Onboarding Flow should complete full onboarding and generate real astrology reading" time="7.314">
      <failure>Error: expect(received).toBe(expected) // Object.is equality

Expected: true
Received: false
    at Object.toBe (/Users/mohitmendiratta/Projects/bots/w1/astro-whatsapp-bot/tests/e2e/real-whatsapp-flow.test.js:224:36)
    at processTicksAndRejections (node:internal/process/task_queues:105:5)</failure>
    </testcase>
    <testcase classname="REAL WhatsApp Bot End-to-End Flow Tests Existing User Astrology Requests should generate real daily horoscope for existing user" name="REAL WhatsApp Bot End-to-End Flow Tests Existing User Astrology Requests should generate real daily horoscope for existing user" time="5.155">
      <failure>Error: expect(received).toContain(expected) // indexOf

Expected substring: &quot;🔮 *Your Daily Horoscope*&quot;
Received string:    &quot;[object Promise]·
[object Promise]·
[object Promise]
[object Promise]
[object Promise]
[object Promise]
[object Promise]
[object Promise][object Promise]&quot;
    at Object.toContain (/Users/mohitmendiratta/Projects/bots/w1/astro-whatsapp-bot/tests/e2e/real-whatsapp-flow.test.js:309:37)
    at processTicksAndRejections (node:internal/process/task_queues:105:5)</failure>
    </testcase>
    <testcase classname="REAL WhatsApp Bot End-to-End Flow Tests Existing User Astrology Requests should handle compatibility request with real calculations" name="REAL WhatsApp Bot End-to-End Flow Tests Existing User Astrology Requests should handle compatibility request with real calculations" time="0.074">
      <failure>Error: expect(received).toContain(expected) // indexOf

Expected substring: &quot;💕 *Compatibility Analysis*&quot;
Received string:    &quot;messages.compatibility.error&quot;
    at Object.toContain (/Users/mohitmendiratta/Projects/bots/w1/astro-whatsapp-bot/tests/e2e/real-whatsapp-flow.test.js:349:27)
    at processTicksAndRejections (node:internal/process/task_queues:105:5)</failure>
    </testcase>
    <testcase classname="REAL WhatsApp Bot End-to-End Flow Tests Error Handling and Edge Cases should handle invalid webhook payload gracefully" name="REAL WhatsApp Bot End-to-End Flow Tests Error Handling and Edge Cases should handle invalid webhook payload gracefully" time="0.014">
    </testcase>
    <testcase classname="REAL WhatsApp Bot End-to-End Flow Tests Error Handling and Edge Cases should handle malformed messages gracefully" name="REAL WhatsApp Bot End-to-End Flow Tests Error Handling and Edge Cases should handle malformed messages gracefully" time="0.035">
    </testcase>
  </testsuite>
  <testsuite name="External API Integration Tests - SAFE VALIDATION" errors="0" failures="10" skipped="0" timestamp="2025-10-28T17:57:23" time="4.245" tests="15">
    <testcase classname="External API Integration Tests - SAFE VALIDATION Google Maps Integration - SAFE TESTING should validate Google Maps client setup" name="External API Integration Tests - SAFE VALIDATION Google Maps Integration - SAFE TESTING should validate Google Maps client setup" time="0.005">
    </testcase>
    <testcase classname="External API Integration Tests - SAFE VALIDATION Google Maps Integration - SAFE TESTING should handle astrocartography requests safely" name="External API Integration Tests - SAFE VALIDATION Google Maps Integration - SAFE TESTING should handle astrocartography requests safely" time="0.044">
      <failure>TypeError: Cannot read properties of undefined (reading &apos;data&apos;)
    at data (/Users/mohitmendiratta/Projects/bots/w1/astro-whatsapp-bot/src/services/whatsapp/messageSender.js:73:67)
    at sendMessage (/Users/mohitmendiratta/Projects/bots/w1/astro-whatsapp-bot/src/services/whatsapp/messageSender.js:430:18)
    at sendErrorMessage (/Users/mohitmendiratta/Projects/bots/w1/astro-whatsapp-bot/src/services/whatsapp/messageProcessor.js:2499:3)
    at processIncomingMessage (/Users/mohitmendiratta/Projects/bots/w1/astro-whatsapp-bot/src/services/whatsapp/messageProcessor.js:249:5)
    at Object.&lt;anonymous&gt; (/Users/mohitmendiratta/Projects/bots/w1/astro-whatsapp-bot/tests/e2e/external-api-integration.test.js:94:9)</failure>
    </testcase>
    <testcase classname="External API Integration Tests - SAFE VALIDATION OpenAI/Gemini Integration - SAFE TESTING should validate AI service imports" name="External API Integration Tests - SAFE VALIDATION OpenAI/Gemini Integration - SAFE TESTING should validate AI service imports" time="0.003">
    </testcase>
    <testcase classname="External API Integration Tests - SAFE VALIDATION OpenAI/Gemini Integration - SAFE TESTING should handle AI-powered readings safely" name="External API Integration Tests - SAFE VALIDATION OpenAI/Gemini Integration - SAFE TESTING should handle AI-powered readings safely" time="0.01">
      <failure>TypeError: Cannot read properties of undefined (reading &apos;data&apos;)
    at data (/Users/mohitmendiratta/Projects/bots/w1/astro-whatsapp-bot/src/services/whatsapp/messageSender.js:73:67)
    at processTicksAndRejections (node:internal/process/task_queues:105:5)
    at sendMessage (/Users/mohitmendiratta/Projects/bots/w1/astro-whatsapp-bot/src/services/whatsapp/messageSender.js:430:18)
    at sendErrorMessage (/Users/mohitmendiratta/Projects/bots/w1/astro-whatsapp-bot/src/services/whatsapp/messageProcessor.js:2499:3)
    at processIncomingMessage (/Users/mohitmendiratta/Projects/bots/w1/astro-whatsapp-bot/src/services/whatsapp/messageProcessor.js:249:5)
    at Object.&lt;anonymous&gt; (/Users/mohitmendiratta/Projects/bots/w1/astro-whatsapp-bot/tests/e2e/external-api-integration.test.js:149:9)</failure>
    </testcase>
    <testcase classname="External API Integration Tests - SAFE VALIDATION WhatsApp API Integration - SAFE TESTING should validate WhatsApp service setup" name="External API Integration Tests - SAFE VALIDATION WhatsApp API Integration - SAFE TESTING should validate WhatsApp service setup" time="0.003">
    </testcase>
    <testcase classname="External API Integration Tests - SAFE VALIDATION WhatsApp API Integration - SAFE TESTING should handle WhatsApp message processing" name="External API Integration Tests - SAFE VALIDATION WhatsApp API Integration - SAFE TESTING should handle WhatsApp message processing" time="0.008">
      <failure>TypeError: Cannot read properties of undefined (reading &apos;data&apos;)
    at data (/Users/mohitmendiratta/Projects/bots/w1/astro-whatsapp-bot/src/services/whatsapp/messageSender.js:73:67)
    at processTicksAndRejections (node:internal/process/task_queues:105:5)
    at sendMessage (/Users/mohitmendiratta/Projects/bots/w1/astro-whatsapp-bot/src/services/whatsapp/messageSender.js:430:18)
    at sendErrorMessage (/Users/mohitmendiratta/Projects/bots/w1/astro-whatsapp-bot/src/services/whatsapp/messageProcessor.js:2499:3)
    at processIncomingMessage (/Users/mohitmendiratta/Projects/bots/w1/astro-whatsapp-bot/src/services/whatsapp/messageProcessor.js:249:5)
    at Object.&lt;anonymous&gt; (/Users/mohitmendiratta/Projects/bots/w1/astro-whatsapp-bot/tests/e2e/external-api-integration.test.js:197:9)</failure>
    </testcase>
    <testcase classname="External API Integration Tests - SAFE VALIDATION Database Integration - REAL MONGO OPERATIONS should perform REAL database CRUD operations" name="External API Integration Tests - SAFE VALIDATION Database Integration - REAL MONGO OPERATIONS should perform REAL database CRUD operations" time="0.147">
      <failure>Error: expect(received).toBe(expected) // Object.is equality

Expected: &quot;es&quot;
Received: undefined
    at Object.toBe (/Users/mohitmendiratta/Projects/bots/w1/astro-whatsapp-bot/tests/e2e/external-api-integration.test.js:222:36)
    at processTicksAndRejections (node:internal/process/task_queues:105:5)</failure>
    </testcase>
    <testcase classname="External API Integration Tests - SAFE VALIDATION Database Integration - REAL MONGO OPERATIONS should handle database connection errors gracefully" name="External API Integration Tests - SAFE VALIDATION Database Integration - REAL MONGO OPERATIONS should handle database connection errors gracefully" time="0.008">
    </testcase>
    <testcase classname="External API Integration Tests - SAFE VALIDATION Payment Integration - SAFE TESTING should validate payment service setup" name="External API Integration Tests - SAFE VALIDATION Payment Integration - SAFE TESTING should validate payment service setup" time="0.002">
    </testcase>
    <testcase classname="External API Integration Tests - SAFE VALIDATION Payment Integration - SAFE TESTING should handle payment-related requests safely" name="External API Integration Tests - SAFE VALIDATION Payment Integration - SAFE TESTING should handle payment-related requests safely" time="0.014">
      <failure>TypeError: Cannot read properties of undefined (reading &apos;data&apos;)
    at data (/Users/mohitmendiratta/Projects/bots/w1/astro-whatsapp-bot/src/services/whatsapp/messageSender.js:73:67)
    at processTicksAndRejections (node:internal/process/task_queues:105:5)
    at sendMessage (/Users/mohitmendiratta/Projects/bots/w1/astro-whatsapp-bot/src/services/whatsapp/messageSender.js:430:18)
    at sendErrorMessage (/Users/mohitmendiratta/Projects/bots/w1/astro-whatsapp-bot/src/services/whatsapp/messageProcessor.js:2499:3)
    at processIncomingMessage (/Users/mohitmendiratta/Projects/bots/w1/astro-whatsapp-bot/src/services/whatsapp/messageProcessor.js:249:5)
    at Object.&lt;anonymous&gt; (/Users/mohitmendiratta/Projects/bots/w1/astro-whatsapp-bot/tests/e2e/external-api-integration.test.js:260:9)</failure>
    </testcase>
    <testcase classname="External API Integration Tests - SAFE VALIDATION Error Handling &amp; Resilience should handle network timeouts gracefully" name="External API Integration Tests - SAFE VALIDATION Error Handling &amp; Resilience should handle network timeouts gracefully" time="0.009">
      <failure>TypeError: Cannot read properties of undefined (reading &apos;data&apos;)
    at data (/Users/mohitmendiratta/Projects/bots/w1/astro-whatsapp-bot/src/services/whatsapp/messageSender.js:73:67)
    at processTicksAndRejections (node:internal/process/task_queues:105:5)
    at sendMessage (/Users/mohitmendiratta/Projects/bots/w1/astro-whatsapp-bot/src/services/whatsapp/messageSender.js:430:18)
    at sendErrorMessage (/Users/mohitmendiratta/Projects/bots/w1/astro-whatsapp-bot/src/services/whatsapp/messageProcessor.js:2499:3)
    at processIncomingMessage (/Users/mohitmendiratta/Projects/bots/w1/astro-whatsapp-bot/src/services/whatsapp/messageProcessor.js:249:5)
    at Object.&lt;anonymous&gt; (/Users/mohitmendiratta/Projects/bots/w1/astro-whatsapp-bot/tests/e2e/external-api-integration.test.js:292:9)</failure>
    </testcase>
    <testcase classname="External API Integration Tests - SAFE VALIDATION Error Handling &amp; Resilience should handle malformed data gracefully" name="External API Integration Tests - SAFE VALIDATION Error Handling &amp; Resilience should handle malformed data gracefully" time="0.009">
      <failure>CastError: Cast to string failed for value &quot;{ phoneNumber: &apos;+incomplete&apos;, profileComplete: false }&quot; (type Object) at path &quot;phoneNumber&quot; for model &quot;User&quot;
    at SchemaString.Object.&lt;anonymous&gt;.SchemaString.cast (/Users/mohitmendiratta/Projects/bots/w1/astro-whatsapp-bot/node_modules/mongoose/lib/schema/string.js:606:11)
    at SchemaString.Object.&lt;anonymous&gt;.SchemaType.applySetters (/Users/mohitmendiratta/Projects/bots/w1/astro-whatsapp-bot/node_modules/mongoose/lib/schematype.js:1219:12)
    at SchemaString.Object.&lt;anonymous&gt;.SchemaString.castForQuery (/Users/mohitmendiratta/Projects/bots/w1/astro-whatsapp-bot/node_modules/mongoose/lib/schema/string.js:691:15)
    at cast (/Users/mohitmendiratta/Projects/bots/w1/astro-whatsapp-bot/node_modules/mongoose/lib/cast.js:318:34)
    at model.Query.Object.&lt;anonymous&gt;.Query.cast (/Users/mohitmendiratta/Projects/bots/w1/astro-whatsapp-bot/node_modules/mongoose/lib/query.js:4927:12)
    at model.Query.Object.&lt;anonymous&gt;.Query._castConditions (/Users/mohitmendiratta/Projects/bots/w1/astro-whatsapp-bot/node_modules/mongoose/lib/query.js:2237:10)
    at model.Query._findOne (/Users/mohitmendiratta/Projects/bots/w1/astro-whatsapp-bot/node_modules/mongoose/lib/query.js:2533:8)
    at model.Query.exec (/Users/mohitmendiratta/Projects/bots/w1/astro-whatsapp-bot/node_modules/mongoose/lib/query.js:4447:28)
    at processTicksAndRejections (node:internal/process/task_queues:105:5)
    at Object.createUser (/Users/mohitmendiratta/Projects/bots/w1/astro-whatsapp-bot/src/models/userModel.js:19:26)
    at Object.&lt;anonymous&gt; (/Users/mohitmendiratta/Projects/bots/w1/astro-whatsapp-bot/tests/e2e/external-api-integration.test.js:310:32)</failure>
    </testcase>
    <testcase classname="External API Integration Tests - SAFE VALIDATION Performance &amp; Scalability should handle concurrent requests efficiently" name="External API Integration Tests - SAFE VALIDATION Performance &amp; Scalability should handle concurrent requests efficiently" time="0.02">
      <failure>TypeError: Cannot read properties of undefined (reading &apos;data&apos;)
    at data (/Users/mohitmendiratta/Projects/bots/w1/astro-whatsapp-bot/src/services/whatsapp/messageSender.js:73:67)
    at processTicksAndRejections (node:internal/process/task_queues:105:5)
    at sendMessage (/Users/mohitmendiratta/Projects/bots/w1/astro-whatsapp-bot/src/services/whatsapp/messageSender.js:430:18)
    at sendErrorMessage (/Users/mohitmendiratta/Projects/bots/w1/astro-whatsapp-bot/src/services/whatsapp/messageProcessor.js:2499:3)
    at processIncomingMessage (/Users/mohitmendiratta/Projects/bots/w1/astro-whatsapp-bot/src/services/whatsapp/messageProcessor.js:249:5)
    at async Promise.all (index 0)
    at Object.&lt;anonymous&gt; (/Users/mohitmendiratta/Projects/bots/w1/astro-whatsapp-bot/tests/e2e/external-api-integration.test.js:377:9)</failure>
    </testcase>
    <testcase classname="External API Integration Tests - SAFE VALIDATION Performance &amp; Scalability should handle high-volume user load testing" name="External API Integration Tests - SAFE VALIDATION Performance &amp; Scalability should handle high-volume user load testing" time="0.163">
      <failure>TypeError: Cannot read properties of undefined (reading &apos;data&apos;)
    at data (/Users/mohitmendiratta/Projects/bots/w1/astro-whatsapp-bot/src/services/whatsapp/messageSender.js:73:67)
    at processTicksAndRejections (node:internal/process/task_queues:105:5)
    at sendMessage (/Users/mohitmendiratta/Projects/bots/w1/astro-whatsapp-bot/src/services/whatsapp/messageSender.js:430:18)
    at sendErrorMessage (/Users/mohitmendiratta/Projects/bots/w1/astro-whatsapp-bot/src/services/whatsapp/messageProcessor.js:2499:3)
    at processIncomingMessage (/Users/mohitmendiratta/Projects/bots/w1/astro-whatsapp-bot/src/services/whatsapp/messageProcessor.js:249:5)
    at async Promise.all (index 1)
    at Object.&lt;anonymous&gt; (/Users/mohitmendiratta/Projects/bots/w1/astro-whatsapp-bot/tests/e2e/external-api-integration.test.js:447:9)</failure>
    </testcase>
    <testcase classname="External API Integration Tests - SAFE VALIDATION Performance &amp; Scalability should maintain response times under load" name="External API Integration Tests - SAFE VALIDATION Performance &amp; Scalability should maintain response times under load" time="0.105">
      <failure>TypeError: Cannot read properties of undefined (reading &apos;data&apos;)
    at data (/Users/mohitmendiratta/Projects/bots/w1/astro-whatsapp-bot/src/services/whatsapp/messageSender.js:73:67)
    at processTicksAndRejections (node:internal/process/task_queues:105:5)
    at sendMessage (/Users/mohitmendiratta/Projects/bots/w1/astro-whatsapp-bot/src/services/whatsapp/messageSender.js:430:18)
    at sendErrorMessage (/Users/mohitmendiratta/Projects/bots/w1/astro-whatsapp-bot/src/services/whatsapp/messageProcessor.js:2499:3)
    at processIncomingMessage (/Users/mohitmendiratta/Projects/bots/w1/astro-whatsapp-bot/src/services/whatsapp/messageProcessor.js:249:5)
    at Object.&lt;anonymous&gt; (/Users/mohitmendiratta/Projects/bots/w1/astro-whatsapp-bot/tests/e2e/external-api-integration.test.js:494:11)</failure>
    </testcase>
  </testsuite>
  <testsuite name="MENU NAVIGATION INTEGRATION: Complete Menu Tree Validation" errors="0" failures="122" skipped="0" timestamp="2025-10-28T17:57:28" time="12.799" tests="155">
    <testcase classname="MENU NAVIGATION INTEGRATION: Complete Menu Tree Validation Deep Menu Path Traversals (45 tests) should allow 6+ level deep navigation: Main -&gt; Western -&gt; Basic -&gt; Birth Chart" name="MENU NAVIGATION INTEGRATION: Complete Menu Tree Validation Deep Menu Path Traversals (45 tests) should allow 6+ level deep navigation: Main -&gt; Western -&gt; Basic -&gt; Birth Chart" time="0.671">
      <failure>Error: expect(jest.fn()).toHaveBeenCalledWith(...expected)

Expected: &quot;+menu_test_user&quot;, StringContaining &quot;You are now in Birth Chart Analysis. What would you like to explore?&quot;

Number of calls: 0
    at Object.toHaveBeenCalledWith (/Users/mohitmendiratta/Projects/bots/w1/astro-whatsapp-bot/tests/e2e/comprehensive-test-suite/comprehensive-menu-navigation.test.js:48:51)
    at processTicksAndRejections (node:internal/process/task_queues:105:5)</failure>
    </testcase>
    <testcase classname="MENU NAVIGATION INTEGRATION: Complete Menu Tree Validation Deep Menu Path Traversals (45 tests) should allow 6+ level deep navigation: Main -&gt; Vedic -&gt; Advanced -&gt; Dasha Analysis" name="MENU NAVIGATION INTEGRATION: Complete Menu Tree Validation Deep Menu Path Traversals (45 tests) should allow 6+ level deep navigation: Main -&gt; Vedic -&gt; Advanced -&gt; Dasha Analysis" time="0.077">
      <failure>Error: expect(jest.fn()).toHaveBeenCalledWith(...expected)

Expected: &quot;+menu_test_user&quot;, StringContaining &quot;You are now in Dasha Analysis. Please select a Dasha period.&quot;

Number of calls: 0
    at Object.toHaveBeenCalledWith (/Users/mohitmendiratta/Projects/bots/w1/astro-whatsapp-bot/tests/e2e/comprehensive-test-suite/comprehensive-menu-navigation.test.js:64:51)
    at processTicksAndRejections (node:internal/process/task_queues:105:5)</failure>
    </testcase>
    <testcase classname="MENU NAVIGATION INTEGRATION: Complete Menu Tree Validation Deep Menu Path Traversals (45 tests) should preserve menu state across sessions (return to last menu position)" name="MENU NAVIGATION INTEGRATION: Complete Menu Tree Validation Deep Menu Path Traversals (45 tests) should preserve menu state across sessions (return to last menu position)" time="0.071">
      <failure>Error: expect(jest.fn()).toHaveBeenCalledWith(...expected)

Expected: &quot;+menu_test_user&quot;, StringContaining &quot;Welcome back! You were last in Western Astrology. Would you like to continue?&quot;

Number of calls: 0
    at Object.toHaveBeenCalledWith (/Users/mohitmendiratta/Projects/bots/w1/astro-whatsapp-bot/tests/e2e/comprehensive-test-suite/comprehensive-menu-navigation.test.js:80:51)
    at processTicksAndRejections (node:internal/process/task_queues:105:5)</failure>
    </testcase>
    <testcase classname="MENU NAVIGATION INTEGRATION: Complete Menu Tree Validation Deep Menu Path Traversals (45 tests) should display breadcrumb navigation for multi-level back functionality" name="MENU NAVIGATION INTEGRATION: Complete Menu Tree Validation Deep Menu Path Traversals (45 tests) should display breadcrumb navigation for multi-level back functionality" time="0.141">
      <failure>Error: expect(jest.fn()).toHaveBeenCalledWith(...expected)

Expected: &quot;+menu_test_user&quot;, StringContaining &quot;Main Menu &gt; Vedic Astrology &gt; Advanced Readings&quot;

Number of calls: 0
    at Object.toHaveBeenCalledWith (/Users/mohitmendiratta/Projects/bots/w1/astro-whatsapp-bot/tests/e2e/comprehensive-test-suite/comprehensive-menu-navigation.test.js:94:51)
    at processTicksAndRejections (node:internal/process/task_queues:105:5)</failure>
    </testcase>
    <testcase classname="MENU NAVIGATION INTEGRATION: Complete Menu Tree Validation Deep Menu Path Traversals (45 tests) should show premium options only for subscribed users (Subscription-tier menu differences)" name="MENU NAVIGATION INTEGRATION: Complete Menu Tree Validation Deep Menu Path Traversals (45 tests) should show premium options only for subscribed users (Subscription-tier menu differences)" time="0.072">
      <failure>Error: expect(jest.fn()).toHaveBeenCalledWith(...expected)

Expected: &quot;+menu_test_user&quot;, StringContaining &quot;Premium Features&quot;

Number of calls: 0
    at Object.toHaveBeenCalledWith (/Users/mohitmendiratta/Projects/bots/w1/astro-whatsapp-bot/tests/e2e/comprehensive-test-suite/comprehensive-menu-navigation.test.js:117:51)
    at processTicksAndRejections (node:internal/process/task_queues:105:5)</failure>
    </testcase>
    <testcase classname="MENU NAVIGATION INTEGRATION: Complete Menu Tree Validation Deep Menu Path Traversals (45 tests) should display language-dependent menu options based on user preference" name="MENU NAVIGATION INTEGRATION: Complete Menu Tree Validation Deep Menu Path Traversals (45 tests) should display language-dependent menu options based on user preference" time="0.061">
      <failure>Error: expect(jest.fn()).toHaveBeenCalledWith(...expected)

Expected: &quot;+menu_test_user&quot;, StringContaining &quot;Western Astrology&quot;

Number of calls: 0
    at Object.toHaveBeenCalledWith (/Users/mohitmendiratta/Projects/bots/w1/astro-whatsapp-bot/tests/e2e/comprehensive-test-suite/comprehensive-menu-navigation.test.js:128:51)
    at processTicksAndRejections (node:internal/process/task_queues:105:5)</failure>
    </testcase>
    <testcase classname="MENU NAVIGATION INTEGRATION: Complete Menu Tree Validation Deep Menu Path Traversals (45 tests) should dynamically change menu options based on profile completion status" name="MENU NAVIGATION INTEGRATION: Complete Menu Tree Validation Deep Menu Path Traversals (45 tests) should dynamically change menu options based on profile completion status" time="0.054">
      <failure>Error: expect(jest.fn()).toHaveBeenCalledWith(...expected)

Expected: &quot;+menu_test_user&quot;, StringContaining &quot;Complete Profile&quot;

Number of calls: 0
    at Object.toHaveBeenCalledWith (/Users/mohitmendiratta/Projects/bots/w1/astro-whatsapp-bot/tests/e2e/comprehensive-test-suite/comprehensive-menu-navigation.test.js:153:51)
    at processTicksAndRejections (node:internal/process/task_queues:105:5)</failure>
    </testcase>
    <testcase classname="MENU NAVIGATION INTEGRATION: Complete Menu Tree Validation Deep Menu Path Traversals (45 tests) should prioritize frequently used menu options (Adaptive menu ordering)" name="MENU NAVIGATION INTEGRATION: Complete Menu Tree Validation Deep Menu Path Traversals (45 tests) should prioritize frequently used menu options (Adaptive menu ordering)" time="0.092">
      <failure>Error: expect(jest.fn()).toHaveBeenCalledWith(...expected)

Expected: &quot;+menu_test_user&quot;, StringContaining &quot;✨ Daily Horoscope (Recommended) ✨&quot;

Number of calls: 0
    at Object.toHaveBeenCalledWith (/Users/mohitmendiratta/Projects/bots/w1/astro-whatsapp-bot/tests/e2e/comprehensive-test-suite/comprehensive-menu-navigation.test.js:173:51)
    at processTicksAndRejections (node:internal/process/task_queues:105:5)</failure>
    </testcase>
    <testcase classname="MENU NAVIGATION INTEGRATION: Complete Menu Tree Validation Deep Menu Path Traversals (45 tests) should navigate to Western -&gt; Basic -&gt; Planets in Birth Chart" name="MENU NAVIGATION INTEGRATION: Complete Menu Tree Validation Deep Menu Path Traversals (45 tests) should navigate to Western -&gt; Basic -&gt; Planets in Birth Chart" time="0.079">
      <failure>Error: expect(jest.fn()).toHaveBeenCalledWith(...expected)

Expected: &quot;+menu_test_user&quot;, StringContaining &quot;Exploring Planets in your Birth Chart.&quot;

Number of calls: 0
    at Object.toHaveBeenCalledWith (/Users/mohitmendiratta/Projects/bots/w1/astro-whatsapp-bot/tests/e2e/comprehensive-test-suite/comprehensive-menu-navigation.test.js:189:51)
    at processTicksAndRejections (node:internal/process/task_queues:105:5)</failure>
    </testcase>
    <testcase classname="MENU NAVIGATION INTEGRATION: Complete Menu Tree Validation Deep Menu Path Traversals (45 tests) should navigate to Western -&gt; Basic -&gt; Houses in Birth Chart" name="MENU NAVIGATION INTEGRATION: Complete Menu Tree Validation Deep Menu Path Traversals (45 tests) should navigate to Western -&gt; Basic -&gt; Houses in Birth Chart" time="0.074">
      <failure>Error: expect(jest.fn()).toHaveBeenCalledWith(...expected)

Expected: &quot;+menu_test_user&quot;, StringContaining &quot;Exploring Houses in your Birth Chart.&quot;

Number of calls: 0
    at Object.toHaveBeenCalledWith (/Users/mohitmendiratta/Projects/bots/w1/astro-whatsapp-bot/tests/e2e/comprehensive-test-suite/comprehensive-menu-navigation.test.js:199:51)
    at processTicksAndRejections (node:internal/process/task_queues:105:5)</failure>
    </testcase>
    <testcase classname="MENU NAVIGATION INTEGRATION: Complete Menu Tree Validation Deep Menu Path Traversals (45 tests) should navigate to Western -&gt; Basic -&gt; Aspects in Birth Chart" name="MENU NAVIGATION INTEGRATION: Complete Menu Tree Validation Deep Menu Path Traversals (45 tests) should navigate to Western -&gt; Basic -&gt; Aspects in Birth Chart" time="0.075">
      <failure>Error: expect(jest.fn()).toHaveBeenCalledWith(...expected)

Expected: &quot;+menu_test_user&quot;, StringContaining &quot;Exploring Aspects in your Birth Chart.&quot;

Number of calls: 0
    at Object.toHaveBeenCalledWith (/Users/mohitmendiratta/Projects/bots/w1/astro-whatsapp-bot/tests/e2e/comprehensive-test-suite/comprehensive-menu-navigation.test.js:209:51)
    at processTicksAndRejections (node:internal/process/task_queues:105:5)</failure>
    </testcase>
    <testcase classname="MENU NAVIGATION INTEGRATION: Complete Menu Tree Validation Deep Menu Path Traversals (45 tests) should navigate to Vedic -&gt; Advanced -&gt; Dasha -&gt; Vimshottari" name="MENU NAVIGATION INTEGRATION: Complete Menu Tree Validation Deep Menu Path Traversals (45 tests) should navigate to Vedic -&gt; Advanced -&gt; Dasha -&gt; Vimshottari" time="0.077">
      <failure>Error: expect(jest.fn()).toHaveBeenCalledWith(...expected)

Expected: &quot;+menu_test_user&quot;, StringContaining &quot;Initiating Vimshottari Dasha Analysis.&quot;

Number of calls: 0
    at Object.toHaveBeenCalledWith (/Users/mohitmendiratta/Projects/bots/w1/astro-whatsapp-bot/tests/e2e/comprehensive-test-suite/comprehensive-menu-navigation.test.js:219:51)
    at processTicksAndRejections (node:internal/process/task_queues:105:5)</failure>
    </testcase>
    <testcase classname="MENU NAVIGATION INTEGRATION: Complete Menu Tree Validation Deep Menu Path Traversals (45 tests) should navigate to Vedic -&gt; Advanced -&gt; Dasha -&gt; Yogini" name="MENU NAVIGATION INTEGRATION: Complete Menu Tree Validation Deep Menu Path Traversals (45 tests) should navigate to Vedic -&gt; Advanced -&gt; Dasha -&gt; Yogini" time="0.072">
      <failure>Error: expect(jest.fn()).toHaveBeenCalledWith(...expected)

Expected: &quot;+menu_test_user&quot;, StringContaining &quot;Initiating Yogini Dasha Analysis.&quot;

Number of calls: 0
    at Object.toHaveBeenCalledWith (/Users/mohitmendiratta/Projects/bots/w1/astro-whatsapp-bot/tests/e2e/comprehensive-test-suite/comprehensive-menu-navigation.test.js:229:51)
    at processTicksAndRejections (node:internal/process/task_queues:105:5)</failure>
    </testcase>
    <testcase classname="MENU NAVIGATION INTEGRATION: Complete Menu Tree Validation Deep Menu Path Traversals (45 tests) should navigate to Vedic -&gt; Advanced -&gt; Dasha -&gt; Char Dasha" name="MENU NAVIGATION INTEGRATION: Complete Menu Tree Validation Deep Menu Path Traversals (45 tests) should navigate to Vedic -&gt; Advanced -&gt; Dasha -&gt; Char Dasha" time="0.074">
      <failure>Error: expect(jest.fn()).toHaveBeenCalledWith(...expected)

Expected: &quot;+menu_test_user&quot;, StringContaining &quot;Initiating Char Dasha Analysis.&quot;

Number of calls: 0
    at Object.toHaveBeenCalledWith (/Users/mohitmendiratta/Projects/bots/w1/astro-whatsapp-bot/tests/e2e/comprehensive-test-suite/comprehensive-menu-navigation.test.js:239:51)
    at processTicksAndRejections (node:internal/process/task_queues:105:5)</failure>
    </testcase>
    <testcase classname="MENU NAVIGATION INTEGRATION: Complete Menu Tree Validation Deep Menu Path Traversals (45 tests) should navigate to Vedic -&gt; Advanced -&gt; Dasha -&gt; Narayan Dasha" name="MENU NAVIGATION INTEGRATION: Complete Menu Tree Validation Deep Menu Path Traversals (45 tests) should navigate to Vedic -&gt; Advanced -&gt; Dasha -&gt; Narayan Dasha" time="0.076">
      <failure>Error: expect(jest.fn()).toHaveBeenCalledWith(...expected)

Expected: &quot;+menu_test_user&quot;, StringContaining &quot;Initiating Narayan Dasha Analysis.&quot;

Number of calls: 0
    at Object.toHaveBeenCalledWith (/Users/mohitmendiratta/Projects/bots/w1/astro-whatsapp-bot/tests/e2e/comprehensive-test-suite/comprehensive-menu-navigation.test.js:249:51)
    at processTicksAndRejections (node:internal/process/task_queues:105:5)</failure>
    </testcase>
    <testcase classname="MENU NAVIGATION INTEGRATION: Complete Menu Tree Validation Deep Menu Path Traversals (45 tests) should navigate to Relationships -&gt; Family -&gt; 4-member -&gt; Parent-Child" name="MENU NAVIGATION INTEGRATION: Complete Menu Tree Validation Deep Menu Path Traversals (45 tests) should navigate to Relationships -&gt; Family -&gt; 4-member -&gt; Parent-Child" time="0.077">
      <failure>Error: expect(jest.fn()).toHaveBeenCalledWith(...expected)

Expected: &quot;+menu_test_user&quot;, StringContaining &quot;Beginning Parent-Child relationship analysis.&quot;

Number of calls: 0
    at Object.toHaveBeenCalledWith (/Users/mohitmendiratta/Projects/bots/w1/astro-whatsapp-bot/tests/e2e/comprehensive-test-suite/comprehensive-menu-navigation.test.js:259:51)
    at processTicksAndRejections (node:internal/process/task_queues:105:5)</failure>
    </testcase>
    <testcase classname="MENU NAVIGATION INTEGRATION: Complete Menu Tree Validation Deep Menu Path Traversals (45 tests) should navigate to Relationships -&gt; Family -&gt; 4-member -&gt; Sibling" name="MENU NAVIGATION INTEGRATION: Complete Menu Tree Validation Deep Menu Path Traversals (45 tests) should navigate to Relationships -&gt; Family -&gt; 4-member -&gt; Sibling" time="0.084">
      <failure>Error: expect(jest.fn()).toHaveBeenCalledWith(...expected)

Expected: &quot;+menu_test_user&quot;, StringContaining &quot;Beginning Sibling relationship analysis.&quot;

Number of calls: 0
    at Object.toHaveBeenCalledWith (/Users/mohitmendiratta/Projects/bots/w1/astro-whatsapp-bot/tests/e2e/comprehensive-test-suite/comprehensive-menu-navigation.test.js:269:51)
    at processTicksAndRejections (node:internal/process/task_queues:105:5)</failure>
    </testcase>
    <testcase classname="MENU NAVIGATION INTEGRATION: Complete Menu Tree Validation Deep Menu Path Traversals (45 tests) should navigate to Relationships -&gt; Family -&gt; 4-member -&gt; Spousal" name="MENU NAVIGATION INTEGRATION: Complete Menu Tree Validation Deep Menu Path Traversals (45 tests) should navigate to Relationships -&gt; Family -&gt; 4-member -&gt; Spousal" time="0.079">
      <failure>Error: expect(jest.fn()).toHaveBeenCalledWith(...expected)

Expected: &quot;+menu_test_user&quot;, StringContaining &quot;Beginning Spousal relationship analysis.&quot;

Number of calls: 0
    at Object.toHaveBeenCalledWith (/Users/mohitmendiratta/Projects/bots/w1/astro-whatsapp-bot/tests/e2e/comprehensive-test-suite/comprehensive-menu-navigation.test.js:279:51)
    at processTicksAndRejections (node:internal/process/task_queues:105:5)</failure>
    </testcase>
    <testcase classname="MENU NAVIGATION INTEGRATION: Complete Menu Tree Validation Deep Menu Path Traversals (45 tests) should navigate to Divination -&gt; Ancient Wisdom -&gt; Hellenistic -&gt; Lots" name="MENU NAVIGATION INTEGRATION: Complete Menu Tree Validation Deep Menu Path Traversals (45 tests) should navigate to Divination -&gt; Ancient Wisdom -&gt; Hellenistic -&gt; Lots" time="0.07">
      <failure>Error: expect(jest.fn()).toHaveBeenCalledWith(...expected)

Expected: &quot;+menu_test_user&quot;, StringContaining &quot;Exploring Hellenistic Lots.&quot;

Number of calls: 0
    at Object.toHaveBeenCalledWith (/Users/mohitmendiratta/Projects/bots/w1/astro-whatsapp-bot/tests/e2e/comprehensive-test-suite/comprehensive-menu-navigation.test.js:289:51)
    at processTicksAndRejections (node:internal/process/task_queues:105:5)</failure>
    </testcase>
    <testcase classname="MENU NAVIGATION INTEGRATION: Complete Menu Tree Validation Deep Menu Path Traversals (45 tests) should navigate to Divination -&gt; Ancient Wisdom -&gt; Hellenistic -&gt; Decans" name="MENU NAVIGATION INTEGRATION: Complete Menu Tree Validation Deep Menu Path Traversals (45 tests) should navigate to Divination -&gt; Ancient Wisdom -&gt; Hellenistic -&gt; Decans" time="0.073">
      <failure>Error: expect(jest.fn()).toHaveBeenCalledWith(...expected)

Expected: &quot;+menu_test_user&quot;, StringContaining &quot;Exploring Hellenistic Decans.&quot;

Number of calls: 0
    at Object.toHaveBeenCalledWith (/Users/mohitmendiratta/Projects/bots/w1/astro-whatsapp-bot/tests/e2e/comprehensive-test-suite/comprehensive-menu-navigation.test.js:299:51)
    at processTicksAndRejections (node:internal/process/task_queues:105:5)</failure>
    </testcase>
    <testcase classname="MENU NAVIGATION INTEGRATION: Complete Menu Tree Validation Deep Menu Path Traversals (45 tests) should navigate to Divination -&gt; Ancient Wisdom -&gt; Hellenistic -&gt; Terms" name="MENU NAVIGATION INTEGRATION: Complete Menu Tree Validation Deep Menu Path Traversals (45 tests) should navigate to Divination -&gt; Ancient Wisdom -&gt; Hellenistic -&gt; Terms" time="0.073">
      <failure>Error: expect(jest.fn()).toHaveBeenCalledWith(...expected)

Expected: &quot;+menu_test_user&quot;, StringContaining &quot;Exploring Hellenistic Terms.&quot;

Number of calls: 0
    at Object.toHaveBeenCalledWith (/Users/mohitmendiratta/Projects/bots/w1/astro-whatsapp-bot/tests/e2e/comprehensive-test-suite/comprehensive-menu-navigation.test.js:309:51)
    at processTicksAndRejections (node:internal/process/task_queues:105:5)</failure>
    </testcase>
    <testcase classname="MENU NAVIGATION INTEGRATION: Complete Menu Tree Validation Deep Menu Path Traversals (45 tests) should navigate to Divination -&gt; Ancient Wisdom -&gt; Hellenistic -&gt; Triplicities" name="MENU NAVIGATION INTEGRATION: Complete Menu Tree Validation Deep Menu Path Traversals (45 tests) should navigate to Divination -&gt; Ancient Wisdom -&gt; Hellenistic -&gt; Triplicities" time="0.07">
      <failure>Error: expect(jest.fn()).toHaveBeenCalledWith(...expected)

Expected: &quot;+menu_test_user&quot;, StringContaining &quot;Exploring Hellenistic Triplicities.&quot;

Number of calls: 0
    at Object.toHaveBeenCalledWith (/Users/mohitmendiratta/Projects/bots/w1/astro-whatsapp-bot/tests/e2e/comprehensive-test-suite/comprehensive-menu-navigation.test.js:319:51)
    at processTicksAndRejections (node:internal/process/task_queues:105:5)</failure>
    </testcase>
    <testcase classname="MENU NAVIGATION INTEGRATION: Complete Menu Tree Validation Deep Menu Path Traversals (45 tests) should navigate to Divination -&gt; Ancient Wisdom -&gt; Hellenistic -&gt; Planetary Hours" name="MENU NAVIGATION INTEGRATION: Complete Menu Tree Validation Deep Menu Path Traversals (45 tests) should navigate to Divination -&gt; Ancient Wisdom -&gt; Hellenistic -&gt; Planetary Hours" time="0.075">
      <failure>Error: expect(jest.fn()).toHaveBeenCalledWith(...expected)

Expected: &quot;+menu_test_user&quot;, StringContaining &quot;Exploring Hellenistic Planetary Hours.&quot;

Number of calls: 0
    at Object.toHaveBeenCalledWith (/Users/mohitmendiratta/Projects/bots/w1/astro-whatsapp-bot/tests/e2e/comprehensive-test-suite/comprehensive-menu-navigation.test.js:329:51)
    at processTicksAndRejections (node:internal/process/task_queues:105:5)</failure>
    </testcase>
    <testcase classname="MENU NAVIGATION INTEGRATION: Complete Menu Tree Validation Deep Menu Path Traversals (45 tests) should allow saving quick access bookmarks to favorite menu shortcuts" name="MENU NAVIGATION INTEGRATION: Complete Menu Tree Validation Deep Menu Path Traversals (45 tests) should allow saving quick access bookmarks to favorite menu shortcuts" time="0.07">
      <failure>Error: expect(jest.fn()).toHaveBeenCalledWith(...expected)

Expected: &quot;+menu_test_user&quot;, StringContaining &quot;&apos;Western&apos; added to your favorites.&quot;

Number of calls: 0
    at Object.toHaveBeenCalledWith (/Users/mohitmendiratta/Projects/bots/w1/astro-whatsapp-bot/tests/e2e/comprehensive-test-suite/comprehensive-menu-navigation.test.js:338:51)
    at processTicksAndRejections (node:internal/process/task_queues:105:5)</failure>
    </testcase>
    <testcase classname="MENU NAVIGATION INTEGRATION: Complete Menu Tree Validation Deep Menu Path Traversals (45 tests) should recall recent path memory for frequently used shortcuts" name="MENU NAVIGATION INTEGRATION: Complete Menu Tree Validation Deep Menu Path Traversals (45 tests) should recall recent path memory for frequently used shortcuts" time="0.067">
      <failure>Error: expect(jest.fn()).toHaveBeenCalledWith(...expected)

Expected: &quot;+menu_test_user&quot;, StringContaining &quot;Your recent path: Vedic Astrology. Continue?&quot;

Number of calls: 0
    at Object.toHaveBeenCalledWith (/Users/mohitmendiratta/Projects/bots/w1/astro-whatsapp-bot/tests/e2e/comprehensive-test-suite/comprehensive-menu-navigation.test.js:348:51)
    at processTicksAndRejections (node:internal/process/task_queues:105:5)</failure>
    </testcase>
    <testcase classname="MENU NAVIGATION INTEGRATION: Complete Menu Tree Validation Deep Menu Path Traversals (45 tests) should list available shortcuts from recent path memory" name="MENU NAVIGATION INTEGRATION: Complete Menu Tree Validation Deep Menu Path Traversals (45 tests) should list available shortcuts from recent path memory" time="0.074">
      <failure>Error: expect(jest.fn()).toHaveBeenCalledWith(...expected)

Expected: &quot;+menu_test_user&quot;, StringContaining &quot;Available shortcuts: Western Astrology, Basic Readings.&quot;

Number of calls: 0
    at Object.toHaveBeenCalledWith (/Users/mohitmendiratta/Projects/bots/w1/astro-whatsapp-bot/tests/e2e/comprehensive-test-suite/comprehensive-menu-navigation.test.js:359:51)
    at processTicksAndRejections (node:internal/process/task_queues:105:5)</failure>
    </testcase>
    <testcase classname="MENU NAVIGATION INTEGRATION: Complete Menu Tree Validation Deep Menu Path Traversals (45 tests) should correctly restore state after network interruption mid-navigation" name="MENU NAVIGATION INTEGRATION: Complete Menu Tree Validation Deep Menu Path Traversals (45 tests) should correctly restore state after network interruption mid-navigation" time="0.066">
      <failure>Error: expect(jest.fn()).toHaveBeenCalledWith(...expected)

Expected: &quot;+menu_test_user&quot;, StringContaining &quot;Connection restored. You are in Western Astrology.&quot;

Number of calls: 0
    at Object.toHaveBeenCalledWith (/Users/mohitmendiratta/Projects/bots/w1/astro-whatsapp-bot/tests/e2e/comprehensive-test-suite/comprehensive-menu-navigation.test.js:369:51)
    at processTicksAndRejections (node:internal/process/task_queues:105:5)</failure>
    </testcase>
    <testcase classname="MENU NAVIGATION INTEGRATION: Complete Menu Tree Validation Deep Menu Path Traversals (45 tests) should allow user to jump to a bookmarked menu item" name="MENU NAVIGATION INTEGRATION: Complete Menu Tree Validation Deep Menu Path Traversals (45 tests) should allow user to jump to a bookmarked menu item" time="0.072">
      <failure>Error: expect(jest.fn()).toHaveBeenCalledWith(...expected)

Expected: &quot;+menu_test_user&quot;, StringContaining &quot;You are now in Western Astrology menu.&quot;

Number of calls: 0
    at Object.toHaveBeenCalledWith (/Users/mohitmendiratta/Projects/bots/w1/astro-whatsapp-bot/tests/e2e/comprehensive-test-suite/comprehensive-menu-navigation.test.js:380:51)
    at processTicksAndRejections (node:internal/process/task_queues:105:5)</failure>
    </testcase>
    <testcase classname="MENU NAVIGATION INTEGRATION: Complete Menu Tree Validation Deep Menu Path Traversals (45 tests) should clear recent path memory upon user explicit clear command" name="MENU NAVIGATION INTEGRATION: Complete Menu Tree Validation Deep Menu Path Traversals (45 tests) should clear recent path memory upon user explicit clear command" time="0.071">
      <failure>Error: expect(jest.fn()).toHaveBeenCalledWith(...expected)

Expected: &quot;+menu_test_user&quot;, StringContaining &quot;Your navigation history has been cleared.&quot;

Number of calls: 0
    at Object.toHaveBeenCalledWith (/Users/mohitmendiratta/Projects/bots/w1/astro-whatsapp-bot/tests/e2e/comprehensive-test-suite/comprehensive-menu-navigation.test.js:390:51)
    at processTicksAndRejections (node:internal/process/task_queues:105:5)</failure>
    </testcase>
    <testcase classname="MENU NAVIGATION INTEGRATION: Complete Menu Tree Validation Deep Menu Path Traversals (45 tests) should display exclusive premium options for Gold tier subscribers" name="MENU NAVIGATION INTEGRATION: Complete Menu Tree Validation Deep Menu Path Traversals (45 tests) should display exclusive premium options for Gold tier subscribers" time="0.055">
      <failure>Error: expect(jest.fn()).toHaveBeenCalledWith(...expected)

Expected: &quot;+menu_test_user&quot;, StringContaining &quot;Gold Exclusive Insights&quot;

Number of calls: 0
    at Object.toHaveBeenCalledWith (/Users/mohitmendiratta/Projects/bots/w1/astro-whatsapp-bot/tests/e2e/comprehensive-test-suite/comprehensive-menu-navigation.test.js:399:51)
    at processTicksAndRejections (node:internal/process/task_queues:105:5)</failure>
    </testcase>
    <testcase classname="MENU NAVIGATION INTEGRATION: Complete Menu Tree Validation Deep Menu Path Traversals (45 tests) should display exclusive premium options for Platinum tier subscribers" name="MENU NAVIGATION INTEGRATION: Complete Menu Tree Validation Deep Menu Path Traversals (45 tests) should display exclusive premium options for Platinum tier subscribers" time="0.054">
      <failure>Error: expect(jest.fn()).toHaveBeenCalledWith(...expected)

Expected: &quot;+menu_test_user&quot;, StringContaining &quot;Platinum VIP Access&quot;

Number of calls: 0
    at Object.toHaveBeenCalledWith (/Users/mohitmendiratta/Projects/bots/w1/astro-whatsapp-bot/tests/e2e/comprehensive-test-suite/comprehensive-menu-navigation.test.js:408:51)
    at processTicksAndRejections (node:internal/process/task_queues:105:5)</failure>
    </testcase>
    <testcase classname="MENU NAVIGATION INTEGRATION: Complete Menu Tree Validation Deep Menu Path Traversals (45 tests) should prompt for missing birth time before showing advanced astrological options" name="MENU NAVIGATION INTEGRATION: Complete Menu Tree Validation Deep Menu Path Traversals (45 tests) should prompt for missing birth time before showing advanced astrological options" time="0.05">
      <failure>Error: expect(jest.fn()).toHaveBeenCalledWith(...expected)

Expected: &quot;+menu_test_user&quot;, StringContaining &quot;Please provide your exact birth time to access advanced readings.&quot;

Number of calls: 0
    at Object.toHaveBeenCalledWith (/Users/mohitmendiratta/Projects/bots/w1/astro-whatsapp-bot/tests/e2e/comprehensive-test-suite/comprehensive-menu-navigation.test.js:421:51)
    at processTicksAndRejections (node:internal/process/task_queues:105:5)</failure>
    </testcase>
    <testcase classname="MENU NAVIGATION INTEGRATION: Complete Menu Tree Validation Deep Menu Path Traversals (45 tests) should prompt for missing birth place before showing location-based astrological options" name="MENU NAVIGATION INTEGRATION: Complete Menu Tree Validation Deep Menu Path Traversals (45 tests) should prompt for missing birth place before showing location-based astrological options" time="0.055">
      <failure>Error: expect(jest.fn()).toHaveBeenCalledWith(...expected)

Expected: &quot;+menu_test_user&quot;, StringContaining &quot;Please provide your birth place to access location-based astrology.&quot;

Number of calls: 0
    at Object.toHaveBeenCalledWith (/Users/mohitmendiratta/Projects/bots/w1/astro-whatsapp-bot/tests/e2e/comprehensive-test-suite/comprehensive-menu-navigation.test.js:434:51)
    at processTicksAndRejections (node:internal/process/task_queues:105:5)</failure>
    </testcase>
    <testcase classname="MENU NAVIGATION INTEGRATION: Complete Menu Tree Validation Deep Menu Path Traversals (45 tests) should not show &apos;Complete Profile&apos; after full profile completion" name="MENU NAVIGATION INTEGRATION: Complete Menu Tree Validation Deep Menu Path Traversals (45 tests) should not show &apos;Complete Profile&apos; after full profile completion" time="0.049">
    </testcase>
    <testcase classname="MENU NAVIGATION INTEGRATION: Complete Menu Tree Validation Deep Menu Path Traversals (45 tests) should display a personalized welcome message based on recent activity" name="MENU NAVIGATION INTEGRATION: Complete Menu Tree Validation Deep Menu Path Traversals (45 tests) should display a personalized welcome message based on recent activity" time="0.058">
      <failure>Error: expect(jest.fn()).toHaveBeenCalledWith(...expected)

Expected: &quot;+menu_test_user&quot;, StringContaining &quot;Welcome back! Your last request was Daily Horoscope.&quot;

Number of calls: 0
    at Object.toHaveBeenCalledWith (/Users/mohitmendiratta/Projects/bots/w1/astro-whatsapp-bot/tests/e2e/comprehensive-test-suite/comprehensive-menu-navigation.test.js:453:51)
    at processTicksAndRejections (node:internal/process/task_queues:105:5)</failure>
    </testcase>
    <testcase classname="MENU NAVIGATION INTEGRATION: Complete Menu Tree Validation Deep Menu Path Traversals (45 tests) should navigate to Western -&gt; Transits -&gt; Weekly Transits" name="MENU NAVIGATION INTEGRATION: Complete Menu Tree Validation Deep Menu Path Traversals (45 tests) should navigate to Western -&gt; Transits -&gt; Weekly Transits" time="0.063">
      <failure>Error: expect(jest.fn()).toHaveBeenCalledWith(...expected)

Expected: &quot;+menu_test_user&quot;, StringContaining &quot;Displaying Weekly Transits.&quot;

Number of calls: 0
    at Object.toHaveBeenCalledWith (/Users/mohitmendiratta/Projects/bots/w1/astro-whatsapp-bot/tests/e2e/comprehensive-test-suite/comprehensive-menu-navigation.test.js:462:51)
    at processTicksAndRejections (node:internal/process/task_queues:105:5)</failure>
    </testcase>
    <testcase classname="MENU NAVIGATION INTEGRATION: Complete Menu Tree Validation Deep Menu Path Traversals (45 tests) should navigate to Western -&gt; Transits -&gt; Monthly Transits" name="MENU NAVIGATION INTEGRATION: Complete Menu Tree Validation Deep Menu Path Traversals (45 tests) should navigate to Western -&gt; Transits -&gt; Monthly Transits" time="0.066">
      <failure>Error: expect(jest.fn()).toHaveBeenCalledWith(...expected)

Expected: &quot;+menu_test_user&quot;, StringContaining &quot;Displaying Monthly Transits.&quot;

Number of calls: 0
    at Object.toHaveBeenCalledWith (/Users/mohitmendiratta/Projects/bots/w1/astro-whatsapp-bot/tests/e2e/comprehensive-test-suite/comprehensive-menu-navigation.test.js:471:51)
    at processTicksAndRejections (node:internal/process/task_queues:105:5)</failure>
    </testcase>
    <testcase classname="MENU NAVIGATION INTEGRATION: Complete Menu Tree Validation Deep Menu Path Traversals (45 tests) should navigate to Western -&gt; Progressions -&gt; Secondary Progressions" name="MENU NAVIGATION INTEGRATION: Complete Menu Tree Validation Deep Menu Path Traversals (45 tests) should navigate to Western -&gt; Progressions -&gt; Secondary Progressions" time="0.066">
      <failure>Error: expect(jest.fn()).toHaveBeenCalledWith(...expected)

Expected: &quot;+menu_test_user&quot;, StringContaining &quot;Initiating Secondary Progressions Analysis.&quot;

Number of calls: 0
    at Object.toHaveBeenCalledWith (/Users/mohitmendiratta/Projects/bots/w1/astro-whatsapp-bot/tests/e2e/comprehensive-test-suite/comprehensive-menu-navigation.test.js:480:51)
    at processTicksAndRejections (node:internal/process/task_queues:105:5)</failure>
    </testcase>
    <testcase classname="MENU NAVIGATION INTEGRATION: Complete Menu Tree Validation Deep Menu Path Traversals (45 tests) should navigate to Western -&gt; Progressions -&gt; Solar Arc Directions" name="MENU NAVIGATION INTEGRATION: Complete Menu Tree Validation Deep Menu Path Traversals (45 tests) should navigate to Western -&gt; Progressions -&gt; Solar Arc Directions" time="0.064">
      <failure>Error: expect(jest.fn()).toHaveBeenCalledWith(...expected)

Expected: &quot;+menu_test_user&quot;, StringContaining &quot;Initiating Solar Arc Directions Analysis.&quot;

Number of calls: 0
    at Object.toHaveBeenCalledWith (/Users/mohitmendiratta/Projects/bots/w1/astro-whatsapp-bot/tests/e2e/comprehensive-test-suite/comprehensive-menu-navigation.test.js:489:51)
    at processTicksAndRejections (node:internal/process/task_queues:105:5)</failure>
    </testcase>
    <testcase classname="MENU NAVIGATION INTEGRATION: Complete Menu Tree Validation Deep Menu Path Traversals (45 tests) should navigate to Vedic -&gt; Basic -&gt; Sidereal Birth Chart" name="MENU NAVIGATION INTEGRATION: Complete Menu Tree Validation Deep Menu Path Traversals (45 tests) should navigate to Vedic -&gt; Basic -&gt; Sidereal Birth Chart" time="0.066">
      <failure>Error: expect(jest.fn()).toHaveBeenCalledWith(...expected)

Expected: &quot;+menu_test_user&quot;, StringContaining &quot;Displaying Sidereal Birth Chart.&quot;

Number of calls: 0
    at Object.toHaveBeenCalledWith (/Users/mohitmendiratta/Projects/bots/w1/astro-whatsapp-bot/tests/e2e/comprehensive-test-suite/comprehensive-menu-navigation.test.js:498:51)
    at processTicksAndRejections (node:internal/process/task_queues:105:5)</failure>
    </testcase>
    <testcase classname="MENU NAVIGATION INTEGRATION: Complete Menu Tree Validation Deep Menu Path Traversals (45 tests) should navigate to Vedic -&gt; Basic -&gt; Divisional Charts (Varga)" name="MENU NAVIGATION INTEGRATION: Complete Menu Tree Validation Deep Menu Path Traversals (45 tests) should navigate to Vedic -&gt; Basic -&gt; Divisional Charts (Varga)" time="0.066">
      <failure>Error: expect(jest.fn()).toHaveBeenCalledWith(...expected)

Expected: &quot;+menu_test_user&quot;, StringContaining &quot;Exploring Divisional Charts (Varga).&quot;

Number of calls: 0
    at Object.toHaveBeenCalledWith (/Users/mohitmendiratta/Projects/bots/w1/astro-whatsapp-bot/tests/e2e/comprehensive-test-suite/comprehensive-menu-navigation.test.js:507:51)
    at processTicksAndRejections (node:internal/process/task_queues:105:5)</failure>
    </testcase>
    <testcase classname="MENU NAVIGATION INTEGRATION: Complete Menu Tree Validation Deep Menu Path Traversals (45 tests) should navigate to Vedic -&gt; Advanced -&gt; Remedial Measures -&gt; Gemstones" name="MENU NAVIGATION INTEGRATION: Complete Menu Tree Validation Deep Menu Path Traversals (45 tests) should navigate to Vedic -&gt; Advanced -&gt; Remedial Measures -&gt; Gemstones" time="0.072">
      <failure>Error: expect(jest.fn()).toHaveBeenCalledWith(...expected)

Expected: &quot;+menu_test_user&quot;, StringContaining &quot;Suggesting Gemstones as remedial measures.&quot;

Number of calls: 0
    at Object.toHaveBeenCalledWith (/Users/mohitmendiratta/Projects/bots/w1/astro-whatsapp-bot/tests/e2e/comprehensive-test-suite/comprehensive-menu-navigation.test.js:517:51)
    at processTicksAndRejections (node:internal/process/task_queues:105:5)</failure>
    </testcase>
    <testcase classname="MENU NAVIGATION INTEGRATION: Complete Menu Tree Validation Deep Menu Path Traversals (45 tests) should navigate to Vedic -&gt; Advanced -&gt; Remedial Measures -&gt; Mantras" name="MENU NAVIGATION INTEGRATION: Complete Menu Tree Validation Deep Menu Path Traversals (45 tests) should navigate to Vedic -&gt; Advanced -&gt; Remedial Measures -&gt; Mantras" time="0.072">
      <failure>Error: expect(jest.fn()).toHaveBeenCalledWith(...expected)

Expected: &quot;+menu_test_user&quot;, StringContaining &quot;Suggesting Mantras as remedial measures.&quot;

Number of calls: 0
    at Object.toHaveBeenCalledWith (/Users/mohitmendiratta/Projects/bots/w1/astro-whatsapp-bot/tests/e2e/comprehensive-test-suite/comprehensive-menu-navigation.test.js:527:51)
    at processTicksAndRejections (node:internal/process/task_queues:105:5)</failure>
    </testcase>
    <testcase classname="MENU NAVIGATION INTEGRATION: Complete Menu Tree Validation Deep Menu Path Traversals (45 tests) should navigate to Relationships -&gt; Romantic -&gt; Compatibility Report" name="MENU NAVIGATION INTEGRATION: Complete Menu Tree Validation Deep Menu Path Traversals (45 tests) should navigate to Relationships -&gt; Romantic -&gt; Compatibility Report" time="0.062">
      <failure>Error: expect(jest.fn()).toHaveBeenCalledWith(...expected)

Expected: &quot;+menu_test_user&quot;, StringContaining &quot;Generating Romantic Compatibility Report.&quot;

Number of calls: 0
    at Object.toHaveBeenCalledWith (/Users/mohitmendiratta/Projects/bots/w1/astro-whatsapp-bot/tests/e2e/comprehensive-test-suite/comprehensive-menu-navigation.test.js:536:51)
    at processTicksAndRejections (node:internal/process/task_queues:105:5)</failure>
    </testcase>
    <testcase classname="MENU NAVIGATION INTEGRATION: Complete Menu Tree Validation Deep Menu Path Traversals (45 tests) should navigate to Relationships -&gt; Friendship -&gt; Friendship Analysis" name="MENU NAVIGATION INTEGRATION: Complete Menu Tree Validation Deep Menu Path Traversals (45 tests) should navigate to Relationships -&gt; Friendship -&gt; Friendship Analysis" time="0.065">
      <failure>Error: expect(jest.fn()).toHaveBeenCalledWith(...expected)

Expected: &quot;+menu_test_user&quot;, StringContaining &quot;Generating Friendship Analysis.&quot;

Number of calls: 0
    at Object.toHaveBeenCalledWith (/Users/mohitmendiratta/Projects/bots/w1/astro-whatsapp-bot/tests/e2e/comprehensive-test-suite/comprehensive-menu-navigation.test.js:545:51)
    at processTicksAndRejections (node:internal/process/task_queues:105:5)</failure>
    </testcase>
    <testcase classname="MENU NAVIGATION INTEGRATION: Complete Menu Tree Validation Deep Menu Path Traversals (45 tests) should navigate to Divination -&gt; I Ching -&gt; Hexagram Reading" name="MENU NAVIGATION INTEGRATION: Complete Menu Tree Validation Deep Menu Path Traversals (45 tests) should navigate to Divination -&gt; I Ching -&gt; Hexagram Reading" time="0.062">
      <failure>Error: expect(jest.fn()).toHaveBeenCalledWith(...expected)

Expected: &quot;+menu_test_user&quot;, StringContaining &quot;Initiating I Ching Hexagram Reading.&quot;

Number of calls: 0
    at Object.toHaveBeenCalledWith (/Users/mohitmendiratta/Projects/bots/w1/astro-whatsapp-bot/tests/e2e/comprehensive-test-suite/comprehensive-menu-navigation.test.js:554:51)
    at processTicksAndRejections (node:internal/process/task_queues:105:5)</failure>
    </testcase>
    <testcase classname="MENU NAVIGATION INTEGRATION: Complete Menu Tree Validation Deep Menu Path Traversals (45 tests) should navigate to Divination -&gt; Tarot -&gt; Daily Card Pull" name="MENU NAVIGATION INTEGRATION: Complete Menu Tree Validation Deep Menu Path Traversals (45 tests) should navigate to Divination -&gt; Tarot -&gt; Daily Card Pull" time="0.066">
      <failure>Error: expect(jest.fn()).toHaveBeenCalledWith(...expected)

Expected: &quot;+menu_test_user&quot;, StringContaining &quot;Pulling your Daily Tarot Card.&quot;

Number of calls: 0
    at Object.toHaveBeenCalledWith (/Users/mohitmendiratta/Projects/bots/w1/astro-whatsapp-bot/tests/e2e/comprehensive-test-suite/comprehensive-menu-navigation.test.js:563:51)
    at processTicksAndRejections (node:internal/process/task_queues:105:5)</failure>
    </testcase>
    <testcase classname="MENU NAVIGATION INTEGRATION: Complete Menu Tree Validation Deep Menu Path Traversals (45 tests) should navigate to Divination -&gt; Ancient Wisdom -&gt; Hermetic -&gt; Astrological Magic" name="MENU NAVIGATION INTEGRATION: Complete Menu Tree Validation Deep Menu Path Traversals (45 tests) should navigate to Divination -&gt; Ancient Wisdom -&gt; Hermetic -&gt; Astrological Magic" time="0.074">
      <failure>Error: expect(jest.fn()).toHaveBeenCalledWith(...expected)

Expected: &quot;+menu_test_user&quot;, StringContaining &quot;Exploring Astrological Magic principles.&quot;

Number of calls: 0
    at Object.toHaveBeenCalledWith (/Users/mohitmendiratta/Projects/bots/w1/astro-whatsapp-bot/tests/e2e/comprehensive-test-suite/comprehensive-menu-navigation.test.js:573:51)
    at processTicksAndRejections (node:internal/process/task_queues:105:5)</failure>
    </testcase>
    <testcase classname="MENU NAVIGATION INTEGRATION: Complete Menu Tree Validation Deep Menu Path Traversals (45 tests) should navigate to Settings -&gt; Profile Management -&gt; Edit Birth Data" name="MENU NAVIGATION INTEGRATION: Complete Menu Tree Validation Deep Menu Path Traversals (45 tests) should navigate to Settings -&gt; Profile Management -&gt; Edit Birth Data" time="0.063">
      <failure>Error: expect(jest.fn()).toHaveBeenCalledWith(...expected)

Expected: &quot;+menu_test_user&quot;, StringContaining &quot;What would you like to edit? (Date, Time, Place)&quot;

Number of calls: 0
    at Object.toHaveBeenCalledWith (/Users/mohitmendiratta/Projects/bots/w1/astro-whatsapp-bot/tests/e2e/comprehensive-test-suite/comprehensive-menu-navigation.test.js:582:51)
    at processTicksAndRejections (node:internal/process/task_queues:105:5)</failure>
    </testcase>
    <testcase classname="MENU NAVIGATION INTEGRATION: Complete Menu Tree Validation Deep Menu Path Traversals (45 tests) should navigate to Settings -&gt; Language Preferences -&gt; Change Language" name="MENU NAVIGATION INTEGRATION: Complete Menu Tree Validation Deep Menu Path Traversals (45 tests) should navigate to Settings -&gt; Language Preferences -&gt; Change Language" time="0.066">
      <failure>Error: expect(jest.fn()).toHaveBeenCalledWith(...expected)

Expected: &quot;+menu_test_user&quot;, StringContaining &quot;Please choose your preferred language.&quot;

Number of calls: 0
    at Object.toHaveBeenCalledWith (/Users/mohitmendiratta/Projects/bots/w1/astro-whatsapp-bot/tests/e2e/comprehensive-test-suite/comprehensive-menu-navigation.test.js:591:51)
    at processTicksAndRejections (node:internal/process/task_queues:105:5)</failure>
    </testcase>
    <testcase classname="MENU NAVIGATION INTEGRATION: Complete Menu Tree Validation Deep Menu Path Traversals (45 tests) should navigate to Help -&gt; FAQ -&gt; Getting Started" name="MENU NAVIGATION INTEGRATION: Complete Menu Tree Validation Deep Menu Path Traversals (45 tests) should navigate to Help -&gt; FAQ -&gt; Getting Started" time="0.062">
      <failure>Error: expect(jest.fn()).toHaveBeenCalledWith(...expected)

Expected: &quot;+menu_test_user&quot;, StringContaining &quot;Welcome to the FAQ for Getting Started.&quot;

Number of calls: 0
    at Object.toHaveBeenCalledWith (/Users/mohitmendiratta/Projects/bots/w1/astro-whatsapp-bot/tests/e2e/comprehensive-test-suite/comprehensive-menu-navigation.test.js:600:51)
    at processTicksAndRejections (node:internal/process/task_queues:105:5)</failure>
    </testcase>
    <testcase classname="MENU NAVIGATION INTEGRATION: Complete Menu Tree Validation Deep Menu Path Traversals (45 tests) should navigate back multiple levels using &quot;back&quot; command" name="MENU NAVIGATION INTEGRATION: Complete Menu Tree Validation Deep Menu Path Traversals (45 tests) should navigate back multiple levels using &quot;back&quot; command" time="0.072">
      <failure>Error: expect(jest.fn()).toHaveBeenCalledWith(...expected)

Expected: &quot;+menu_test_user&quot;, StringContaining &quot;You are now in Vedic Astrology menu.&quot;

Number of calls: 0
    at Object.toHaveBeenCalledWith (/Users/mohitmendiratta/Projects/bots/w1/astro-whatsapp-bot/tests/e2e/comprehensive-test-suite/comprehensive-menu-navigation.test.js:611:51)
    at processTicksAndRejections (node:internal/process/task_queues:105:5)</failure>
    </testcase>
    <testcase classname="MENU NAVIGATION INTEGRATION: Complete Menu Tree Validation Deep Menu Path Traversals (45 tests) should return to Main Menu from a deep level using &quot;Main Menu&quot; command" name="MENU NAVIGATION INTEGRATION: Complete Menu Tree Validation Deep Menu Path Traversals (45 tests) should return to Main Menu from a deep level using &quot;Main Menu&quot; command" time="0.072">
      <failure>Error: expect(jest.fn()).toHaveBeenCalledWith(...expected)

Expected: &quot;+menu_test_user&quot;, StringContaining &quot;Welcome to the Main Menu!&quot;

Number of calls: 0
    at Object.toHaveBeenCalledWith (/Users/mohitmendiratta/Projects/bots/w1/astro-whatsapp-bot/tests/e2e/comprehensive-test-suite/comprehensive-menu-navigation.test.js:622:51)
    at processTicksAndRejections (node:internal/process/task_queues:105:5)</failure>
    </testcase>
    <testcase classname="MENU NAVIGATION INTEGRATION: Complete Menu Tree Validation Deep Menu Path Traversals (45 tests) should correctly restore state after network interruption mid-navigation" name="MENU NAVIGATION INTEGRATION: Complete Menu Tree Validation Deep Menu Path Traversals (45 tests) should correctly restore state after network interruption mid-navigation" time="0.061">
      <failure>Error: expect(jest.fn()).toHaveBeenCalledWith(...expected)

Expected: &quot;+menu_test_user&quot;, StringContaining &quot;Connection restored. You are in Western Astrology.&quot;

Number of calls: 0
    at Object.toHaveBeenCalledWith (/Users/mohitmendiratta/Projects/bots/w1/astro-whatsapp-bot/tests/e2e/comprehensive-test-suite/comprehensive-menu-navigation.test.js:632:51)
    at processTicksAndRejections (node:internal/process/task_queues:105:5)</failure>
    </testcase>
    <testcase classname="MENU NAVIGATION INTEGRATION: Complete Menu Tree Validation Deep Menu Path Traversals (45 tests) should allow user to jump to a bookmarked menu item" name="MENU NAVIGATION INTEGRATION: Complete Menu Tree Validation Deep Menu Path Traversals (45 tests) should allow user to jump to a bookmarked menu item" time="0.071">
      <failure>Error: expect(jest.fn()).toHaveBeenCalledWith(...expected)

Expected: &quot;+menu_test_user&quot;, StringContaining &quot;You are now in Western Astrology menu.&quot;

Number of calls: 0
    at Object.toHaveBeenCalledWith (/Users/mohitmendiratta/Projects/bots/w1/astro-whatsapp-bot/tests/e2e/comprehensive-test-suite/comprehensive-menu-navigation.test.js:643:51)
    at processTicksAndRejections (node:internal/process/task_queues:105:5)</failure>
    </testcase>
    <testcase classname="MENU NAVIGATION INTEGRATION: Complete Menu Tree Validation Deep Menu Path Traversals (45 tests) should clear recent path memory upon user explicit clear command" name="MENU NAVIGATION INTEGRATION: Complete Menu Tree Validation Deep Menu Path Traversals (45 tests) should clear recent path memory upon user explicit clear command" time="0.067">
      <failure>Error: expect(jest.fn()).toHaveBeenCalledWith(...expected)

Expected: &quot;+menu_test_user&quot;, StringContaining &quot;Your navigation history has been cleared.&quot;

Number of calls: 0
    at Object.toHaveBeenCalledWith (/Users/mohitmendiratta/Projects/bots/w1/astro-whatsapp-bot/tests/e2e/comprehensive-test-suite/comprehensive-menu-navigation.test.js:653:51)
    at processTicksAndRejections (node:internal/process/task_queues:105:5)</failure>
    </testcase>
    <testcase classname="MENU NAVIGATION INTEGRATION: Complete Menu Tree Validation Deep Menu Path Traversals (45 tests) should display exclusive premium options for Gold tier subscribers" name="MENU NAVIGATION INTEGRATION: Complete Menu Tree Validation Deep Menu Path Traversals (45 tests) should display exclusive premium options for Gold tier subscribers" time="0.05">
      <failure>Error: expect(jest.fn()).toHaveBeenCalledWith(...expected)

Expected: &quot;+menu_test_user&quot;, StringContaining &quot;Gold Exclusive Insights&quot;

Number of calls: 0
    at Object.toHaveBeenCalledWith (/Users/mohitmendiratta/Projects/bots/w1/astro-whatsapp-bot/tests/e2e/comprehensive-test-suite/comprehensive-menu-navigation.test.js:662:51)
    at processTicksAndRejections (node:internal/process/task_queues:105:5)</failure>
    </testcase>
    <testcase classname="MENU NAVIGATION INTEGRATION: Complete Menu Tree Validation Deep Menu Path Traversals (45 tests) should display exclusive premium options for Platinum tier subscribers" name="MENU NAVIGATION INTEGRATION: Complete Menu Tree Validation Deep Menu Path Traversals (45 tests) should display exclusive premium options for Platinum tier subscribers" time="0.053">
      <failure>Error: expect(jest.fn()).toHaveBeenCalledWith(...expected)

Expected: &quot;+menu_test_user&quot;, StringContaining &quot;Platinum VIP Access&quot;

Number of calls: 0
    at Object.toHaveBeenCalledWith (/Users/mohitmendiratta/Projects/bots/w1/astro-whatsapp-bot/tests/e2e/comprehensive-test-suite/comprehensive-menu-navigation.test.js:671:51)
    at processTicksAndRejections (node:internal/process/task_queues:105:5)</failure>
    </testcase>
    <testcase classname="MENU NAVIGATION INTEGRATION: Complete Menu Tree Validation Deep Menu Path Traversals (45 tests) should prompt for missing birth time before showing advanced astrological options" name="MENU NAVIGATION INTEGRATION: Complete Menu Tree Validation Deep Menu Path Traversals (45 tests) should prompt for missing birth time before showing advanced astrological options" time="0.048">
      <failure>Error: expect(jest.fn()).toHaveBeenCalledWith(...expected)

Expected: &quot;+menu_test_user&quot;, StringContaining &quot;Please provide your exact birth time to access advanced readings.&quot;

Number of calls: 0
    at Object.toHaveBeenCalledWith (/Users/mohitmendiratta/Projects/bots/w1/astro-whatsapp-bot/tests/e2e/comprehensive-test-suite/comprehensive-menu-navigation.test.js:684:51)
    at processTicksAndRejections (node:internal/process/task_queues:105:5)</failure>
    </testcase>
    <testcase classname="MENU NAVIGATION INTEGRATION: Complete Menu Tree Validation Deep Menu Path Traversals (45 tests) should prompt for missing birth place before showing location-based astrological options" name="MENU NAVIGATION INTEGRATION: Complete Menu Tree Validation Deep Menu Path Traversals (45 tests) should prompt for missing birth place before showing location-based astrological options" time="0.051">
      <failure>Error: expect(jest.fn()).toHaveBeenCalledWith(...expected)

Expected: &quot;+menu_test_user&quot;, StringContaining &quot;Please provide your birth place to access location-based astrology.&quot;

Number of calls: 0
    at Object.toHaveBeenCalledWith (/Users/mohitmendiratta/Projects/bots/w1/astro-whatsapp-bot/tests/e2e/comprehensive-test-suite/comprehensive-menu-navigation.test.js:697:51)
    at processTicksAndRejections (node:internal/process/task_queues:105:5)</failure>
    </testcase>
    <testcase classname="MENU NAVIGATION INTEGRATION: Complete Menu Tree Validation Deep Menu Path Traversals (45 tests) should not show &apos;Complete Profile&apos; after full profile completion" name="MENU NAVIGATION INTEGRATION: Complete Menu Tree Validation Deep Menu Path Traversals (45 tests) should not show &apos;Complete Profile&apos; after full profile completion" time="0.048">
    </testcase>
    <testcase classname="MENU NAVIGATION INTEGRATION: Complete Menu Tree Validation Deep Menu Path Traversals (45 tests) should display a personalized welcome message based on recent activity" name="MENU NAVIGATION INTEGRATION: Complete Menu Tree Validation Deep Menu Path Traversals (45 tests) should display a personalized welcome message based on recent activity" time="0.058">
      <failure>Error: expect(jest.fn()).toHaveBeenCalledWith(...expected)

Expected: &quot;+menu_test_user&quot;, StringContaining &quot;Welcome back! Your last request was Daily Horoscope.&quot;

Number of calls: 0
    at Object.toHaveBeenCalledWith (/Users/mohitmendiratta/Projects/bots/w1/astro-whatsapp-bot/tests/e2e/comprehensive-test-suite/comprehensive-menu-navigation.test.js:716:51)
    at processTicksAndRejections (node:internal/process/task_queues:105:5)</failure>
    </testcase>
    <testcase classname="MENU NAVIGATION INTEGRATION: Complete Menu Tree Validation Deep Menu Path Traversals (45 tests) should navigate to Western -&gt; Compatibility -&gt; Synastry Analysis" name="MENU NAVIGATION INTEGRATION: Complete Menu Tree Validation Deep Menu Path Traversals (45 tests) should navigate to Western -&gt; Compatibility -&gt; Synastry Analysis" time="0.063">
      <failure>Error: expect(jest.fn()).toHaveBeenCalledWith(...expected)

Expected: &quot;+menu_test_user&quot;, StringContaining &quot;Initiating Synastry Analysis.&quot;

Number of calls: 0
    at Object.toHaveBeenCalledWith (/Users/mohitmendiratta/Projects/bots/w1/astro-whatsapp-bot/tests/e2e/comprehensive-test-suite/comprehensive-menu-navigation.test.js:725:51)
    at processTicksAndRejections (node:internal/process/task_queues:105:5)</failure>
    </testcase>
    <testcase classname="MENU NAVIGATION INTEGRATION: Complete Menu Tree Validation Deep Menu Path Traversals (45 tests) should navigate to Western -&gt; Compatibility -&gt; Composite Chart" name="MENU NAVIGATION INTEGRATION: Complete Menu Tree Validation Deep Menu Path Traversals (45 tests) should navigate to Western -&gt; Compatibility -&gt; Composite Chart" time="0.065">
      <failure>Error: expect(jest.fn()).toHaveBeenCalledWith(...expected)

Expected: &quot;+menu_test_user&quot;, StringContaining &quot;Generating Composite Chart.&quot;

Number of calls: 0
    at Object.toHaveBeenCalledWith (/Users/mohitmendiratta/Projects/bots/w1/astro-whatsapp-bot/tests/e2e/comprehensive-test-suite/comprehensive-menu-navigation.test.js:734:51)
    at processTicksAndRejections (node:internal/process/task_queues:105:5)</failure>
    </testcase>
    <testcase classname="MENU NAVIGATION INTEGRATION: Complete Menu Tree Validation Deep Menu Path Traversals (45 tests) should navigate to Vedic -&gt; Muhurta -&gt; Electional Astrology" name="MENU NAVIGATION INTEGRATION: Complete Menu Tree Validation Deep Menu Path Traversals (45 tests) should navigate to Vedic -&gt; Muhurta -&gt; Electional Astrology" time="0.065">
      <failure>Error: expect(jest.fn()).toHaveBeenCalledWith(...expected)

Expected: &quot;+menu_test_user&quot;, StringContaining &quot;Exploring Electional Astrology for auspicious timings.&quot;

Number of calls: 0
    at Object.toHaveBeenCalledWith (/Users/mohitmendiratta/Projects/bots/w1/astro-whatsapp-bot/tests/e2e/comprehensive-test-suite/comprehensive-menu-navigation.test.js:743:51)
    at processTicksAndRejections (node:internal/process/task_queues:105:5)</failure>
    </testcase>
    <testcase classname="MENU NAVIGATION INTEGRATION: Complete Menu Tree Validation Deep Menu Path Traversals (45 tests) should navigate to Vedic -&gt; Muhurta -&gt; Daily Planetary Hours" name="MENU NAVIGATION INTEGRATION: Complete Menu Tree Validation Deep Menu Path Traversals (45 tests) should navigate to Vedic -&gt; Muhurta -&gt; Daily Planetary Hours" time="0.066">
      <failure>Error: expect(jest.fn()).toHaveBeenCalledWith(...expected)

Expected: &quot;+menu_test_user&quot;, StringContaining &quot;Displaying Daily Planetary Hours.&quot;

Number of calls: 0
    at Object.toHaveBeenCalledWith (/Users/mohitmendiratta/Projects/bots/w1/astro-whatsapp-bot/tests/e2e/comprehensive-test-suite/comprehensive-menu-navigation.test.js:752:51)
    at processTicksAndRejections (node:internal/process/task_queues:105:5)</failure>
    </testcase>
    <testcase classname="MENU NAVIGATION INTEGRATION: Complete Menu Tree Validation Deep Menu Path Traversals (45 tests) should navigate to Relationships -&gt; Events -&gt; Wedding Timing" name="MENU NAVIGATION INTEGRATION: Complete Menu Tree Validation Deep Menu Path Traversals (45 tests) should navigate to Relationships -&gt; Events -&gt; Wedding Timing" time="0.065">
      <failure>Error: expect(jest.fn()).toHaveBeenCalledWith(...expected)

Expected: &quot;+menu_test_user&quot;, StringContaining &quot;Calculating auspicious wedding timings.&quot;

Number of calls: 0
    at Object.toHaveBeenCalledWith (/Users/mohitmendiratta/Projects/bots/w1/astro-whatsapp-bot/tests/e2e/comprehensive-test-suite/comprehensive-menu-navigation.test.js:761:51)
    at processTicksAndRejections (node:internal/process/task_queues:105:5)</failure>
    </testcase>
    <testcase classname="MENU NAVIGATION INTEGRATION: Complete Menu Tree Validation Deep Menu Path Traversals (45 tests) should navigate to Relationships -&gt; Business -&gt; Team Dynamics" name="MENU NAVIGATION INTEGRATION: Complete Menu Tree Validation Deep Menu Path Traversals (45 tests) should navigate to Relationships -&gt; Business -&gt; Team Dynamics" time="0.061">
      <failure>Error: expect(jest.fn()).toHaveBeenCalledWith(...expected)

Expected: &quot;+menu_test_user&quot;, StringContaining &quot;Analyzing Team Dynamics.&quot;

Number of calls: 0
    at Object.toHaveBeenCalledWith (/Users/mohitmendiratta/Projects/bots/w1/astro-whatsapp-bot/tests/e2e/comprehensive-test-suite/comprehensive-menu-navigation.test.js:770:51)
    at processTicksAndRejections (node:internal/process/task_queues:105:5)</failure>
    </testcase>
    <testcase classname="MENU NAVIGATION INTEGRATION: Complete Menu Tree Validation Deep Menu Path Traversals (45 tests) should navigate to Divination -&gt; Horary -&gt; Question Analysis" name="MENU NAVIGATION INTEGRATION: Complete Menu Tree Validation Deep Menu Path Traversals (45 tests) should navigate to Divination -&gt; Horary -&gt; Question Analysis" time="0.064">
      <failure>Error: expect(jest.fn()).toHaveBeenCalledWith(...expected)

Expected: &quot;+menu_test_user&quot;, StringContaining &quot;Submitting your question for Horary Analysis.&quot;

Number of calls: 0
    at Object.toHaveBeenCalledWith (/Users/mohitmendiratta/Projects/bots/w1/astro-whatsapp-bot/tests/e2e/comprehensive-test-suite/comprehensive-menu-navigation.test.js:779:51)
    at processTicksAndRejections (node:internal/process/task_queues:105:5)</failure>
    </testcase>
    <testcase classname="MENU NAVIGATION INTEGRATION: Complete Menu Tree Validation Deep Menu Path Traversals (45 tests) should navigate to Divination -&gt; Auspicious Timings -&gt; Daily" name="MENU NAVIGATION INTEGRATION: Complete Menu Tree Validation Deep Menu Path Traversals (45 tests) should navigate to Divination -&gt; Auspicious Timings -&gt; Daily" time="0.062">
      <failure>Error: expect(jest.fn()).toHaveBeenCalledWith(...expected)

Expected: &quot;+menu_test_user&quot;, StringContaining &quot;Displaying Daily Auspicious Timings.&quot;

Number of calls: 0
    at Object.toHaveBeenCalledWith (/Users/mohitmendiratta/Projects/bots/w1/astro-whatsapp-bot/tests/e2e/comprehensive-test-suite/comprehensive-menu-navigation.test.js:788:51)
    at processTicksAndRejections (node:internal/process/task_queues:105:5)</failure>
    </testcase>
    <testcase classname="MENU NAVIGATION INTEGRATION: Complete Menu Tree Validation Deep Menu Path Traversals (45 tests) should navigate to Settings -&gt; Notifications -&gt; Manage Alerts" name="MENU NAVIGATION INTEGRATION: Complete Menu Tree Validation Deep Menu Path Traversals (45 tests) should navigate to Settings -&gt; Notifications -&gt; Manage Alerts" time="0.065">
      <failure>Error: expect(jest.fn()).toHaveBeenCalledWith(...expected)

Expected: &quot;+menu_test_user&quot;, StringContaining &quot;Manage your astrological alerts.&quot;

Number of calls: 0
    at Object.toHaveBeenCalledWith (/Users/mohitmendiratta/Projects/bots/w1/astro-whatsapp-bot/tests/e2e/comprehensive-test-suite/comprehensive-menu-navigation.test.js:797:51)
    at processTicksAndRejections (node:internal/process/task_queues:105:5)</failure>
    </testcase>
    <testcase classname="MENU NAVIGATION INTEGRATION: Complete Menu Tree Validation Deep Menu Path Traversals (45 tests) should navigate to Settings -&gt; Account -&gt; Change Password" name="MENU NAVIGATION INTEGRATION: Complete Menu Tree Validation Deep Menu Path Traversals (45 tests) should navigate to Settings -&gt; Account -&gt; Change Password" time="0.064">
      <failure>Error: expect(jest.fn()).toHaveBeenCalledWith(...expected)

Expected: &quot;+menu_test_user&quot;, StringContaining &quot;Please enter your old password to change it.&quot;

Number of calls: 0
    at Object.toHaveBeenCalledWith (/Users/mohitmendiratta/Projects/bots/w1/astro-whatsapp-bot/tests/e2e/comprehensive-test-suite/comprehensive-menu-navigation.test.js:806:51)
    at processTicksAndRejections (node:internal/process/task_queues:105:5)</failure>
    </testcase>
    <testcase classname="MENU NAVIGATION INTEGRATION: Complete Menu Tree Validation Deep Menu Path Traversals (45 tests) should navigate to Help -&gt; FAQ -&gt; Getting Started" name="MENU NAVIGATION INTEGRATION: Complete Menu Tree Validation Deep Menu Path Traversals (45 tests) should navigate to Help -&gt; FAQ -&gt; Getting Started" time="0.065">
      <failure>Error: expect(jest.fn()).toHaveBeenCalledWith(...expected)

Expected: &quot;+menu_test_user&quot;, StringContaining &quot;Welcome to the FAQ for Getting Started.&quot;

Number of calls: 0
    at Object.toHaveBeenCalledWith (/Users/mohitmendiratta/Projects/bots/w1/astro-whatsapp-bot/tests/e2e/comprehensive-test-suite/comprehensive-menu-navigation.test.js:815:51)
    at processTicksAndRejections (node:internal/process/task_queues:105:5)</failure>
    </testcase>
    <testcase classname="MENU NAVIGATION INTEGRATION: Complete Menu Tree Validation Deep Menu Path Traversals (45 tests) should navigate to Help -&gt; Contact Support -&gt; Live Chat" name="MENU NAVIGATION INTEGRATION: Complete Menu Tree Validation Deep Menu Path Traversals (45 tests) should navigate to Help -&gt; Contact Support -&gt; Live Chat" time="0.064">
      <failure>Error: expect(jest.fn()).toHaveBeenCalledWith(...expected)

Expected: &quot;+menu_test_user&quot;, StringContaining &quot;Connecting you to a live support agent.&quot;

Number of calls: 0
    at Object.toHaveBeenCalledWith (/Users/mohitmendiratta/Projects/bots/w1/astro-whatsapp-bot/tests/e2e/comprehensive-test-suite/comprehensive-menu-navigation.test.js:824:51)
    at processTicksAndRejections (node:internal/process/task_queues:105:5)</failure>
    </testcase>
    <testcase classname="MENU NAVIGATION INTEGRATION: Complete Menu Tree Validation Deep Menu Path Traversals (45 tests) should navigate to Help -&gt; Tutorials -&gt; Video Guides" name="MENU NAVIGATION INTEGRATION: Complete Menu Tree Validation Deep Menu Path Traversals (45 tests) should navigate to Help -&gt; Tutorials -&gt; Video Guides" time="0.062">
      <failure>Error: expect(jest.fn()).toHaveBeenCalledWith(...expected)

Expected: &quot;+menu_test_user&quot;, StringContaining &quot;Here are our video guides to get you started.&quot;

Number of calls: 0
    at Object.toHaveBeenCalledWith (/Users/mohitmendiratta/Projects/bots/w1/astro-whatsapp-bot/tests/e2e/comprehensive-test-suite/comprehensive-menu-navigation.test.js:833:51)
    at processTicksAndRejections (node:internal/process/task_queues:105:5)</failure>
    </testcase>
    <testcase classname="MENU NAVIGATION INTEGRATION: Complete Menu Tree Validation Deep Menu Path Traversals (45 tests) should navigate to Resources -&gt; Glossary -&gt; Astrological Terms" name="MENU NAVIGATION INTEGRATION: Complete Menu Tree Validation Deep Menu Path Traversals (45 tests) should navigate to Resources -&gt; Glossary -&gt; Astrological Terms" time="0.064">
      <failure>Error: expect(jest.fn()).toHaveBeenCalledWith(...expected)

Expected: &quot;+menu_test_user&quot;, StringContaining &quot;Welcome to the Astrological Terms Glossary.&quot;

Number of calls: 0
    at Object.toHaveBeenCalledWith (/Users/mohitmendiratta/Projects/bots/w1/astro-whatsapp-bot/tests/e2e/comprehensive-test-suite/comprehensive-menu-navigation.test.js:842:51)
    at processTicksAndRejections (node:internal/process/task_queues:105:5)</failure>
    </testcase>
    <testcase classname="MENU NAVIGATION INTEGRATION: Complete Menu Tree Validation Deep Menu Path Traversals (45 tests) should handle navigation through a 7-level deep path correctly" name="MENU NAVIGATION INTEGRATION: Complete Menu Tree Validation Deep Menu Path Traversals (45 tests) should handle navigation through a 7-level deep path correctly" time="0.084">
      <failure>Error: expect(jest.fn()).toHaveBeenCalledWith(...expected)

Expected: &quot;+menu_test_user&quot;, StringContaining &quot;Displaying Major Dasha Periods.&quot;

Number of calls: 0
    at Object.toHaveBeenCalledWith (/Users/mohitmendiratta/Projects/bots/w1/astro-whatsapp-bot/tests/e2e/comprehensive-test-suite/comprehensive-menu-navigation.test.js:854:51)
    at processTicksAndRejections (node:internal/process/task_queues:105:5)</failure>
    </testcase>
    <testcase classname="MENU NAVIGATION INTEGRATION: Complete Menu Tree Validation Deep Menu Path Traversals (45 tests) should handle navigation through a 8-level deep path correctly" name="MENU NAVIGATION INTEGRATION: Complete Menu Tree Validation Deep Menu Path Traversals (45 tests) should handle navigation through a 8-level deep path correctly" time="0.091">
      <failure>Error: expect(jest.fn()).toHaveBeenCalledWith(...expected)

Expected: &quot;+menu_test_user&quot;, StringContaining &quot;Details for Sun Dasha Period.&quot;

Number of calls: 0
    at Object.toHaveBeenCalledWith (/Users/mohitmendiratta/Projects/bots/w1/astro-whatsapp-bot/tests/e2e/comprehensive-test-suite/comprehensive-menu-navigation.test.js:867:51)
    at processTicksAndRejections (node:internal/process/task_queues:105:5)</failure>
    </testcase>
    <testcase classname="MENU NAVIGATION INTEGRATION: Complete Menu Tree Validation Deep Menu Path Traversals (45 tests) should display unique submenu options for &apos;relationships&apos; focused users" name="MENU NAVIGATION INTEGRATION: Complete Menu Tree Validation Deep Menu Path Traversals (45 tests) should display unique submenu options for &apos;relationships&apos; focused users" time="0.049">
      <failure>Error: expect(jest.fn()).toHaveBeenCalledWith(...expected)

Expected: &quot;+menu_test_user&quot;, StringContaining &quot;Marriage Compatibility&quot;

Number of calls: 0
    at Object.toHaveBeenCalledWith (/Users/mohitmendiratta/Projects/bots/w1/astro-whatsapp-bot/tests/e2e/comprehensive-test-suite/comprehensive-menu-navigation.test.js:876:51)
    at processTicksAndRejections (node:internal/process/task_queues:105:5)</failure>
    </testcase>
    <testcase classname="MENU NAVIGATION INTEGRATION: Complete Menu Tree Validation Deep Menu Path Traversals (45 tests) should show specific menu items to users who have completed specific readings" name="MENU NAVIGATION INTEGRATION: Complete Menu Tree Validation Deep Menu Path Traversals (45 tests) should show specific menu items to users who have completed specific readings" time="0.056">
      <failure>Error: expect(jest.fn()).toHaveBeenCalledWith(...expected)

Expected: &quot;+menu_test_user&quot;, StringContaining &quot;Recommended: Advanced Chart Interpretations&quot;

Number of calls: 0
    at Object.toHaveBeenCalledWith (/Users/mohitmendiratta/Projects/bots/w1/astro-whatsapp-bot/tests/e2e/comprehensive-test-suite/comprehensive-menu-navigation.test.js:886:51)
    at processTicksAndRejections (node:internal/process/task_queues:105:5)</failure>
    </testcase>
    <testcase classname="MENU NAVIGATION INTEGRATION: Complete Menu Tree Validation Deep Menu Path Traversals (45 tests) should hide &quot;Beginner&quot; options for users who have accessed &quot;Advanced&quot; readings multiple times" name="MENU NAVIGATION INTEGRATION: Complete Menu Tree Validation Deep Menu Path Traversals (45 tests) should hide &quot;Beginner&quot; options for users who have accessed &quot;Advanced&quot; readings multiple times" time="0.088">
    </testcase>
    <testcase classname="MENU NAVIGATION INTEGRATION: Complete Menu Tree Validation Deep Menu Path Traversals (45 tests) should offer quick access to &quot;Subscription management&quot; for premium users" name="MENU NAVIGATION INTEGRATION: Complete Menu Tree Validation Deep Menu Path Traversals (45 tests) should offer quick access to &quot;Subscription management&quot; for premium users" time="0.052">
      <failure>Error: expect(jest.fn()).toHaveBeenCalledWith(...expected)

Expected: &quot;+menu_test_user&quot;, StringContaining &quot;Subscription Management&quot;

Number of calls: 0
    at Object.toHaveBeenCalledWith (/Users/mohitmendiratta/Projects/bots/w1/astro-whatsapp-bot/tests/e2e/comprehensive-test-suite/comprehensive-menu-navigation.test.js:907:51)
    at processTicksAndRejections (node:internal/process/task_queues:105:5)</failure>
    </testcase>
    <testcase classname="MENU NAVIGATION INTEGRATION: Complete Menu Tree Validation Deep Menu Path Traversals (45 tests) should promote a specific new feature to all users upon launch" name="MENU NAVIGATION INTEGRATION: Complete Menu Tree Validation Deep Menu Path Traversals (45 tests) should promote a specific new feature to all users upon launch" time="0.049">
      <failure>Error: expect(jest.fn()).toHaveBeenCalledWith(...expected)

Expected: &quot;+menu_test_user&quot;, StringContaining &quot;🎉 New! Explore Daily Horoscopes 2.0! 🎉&quot;

Number of calls: 0
    at Object.toHaveBeenCalledWith (/Users/mohitmendiratta/Projects/bots/w1/astro-whatsapp-bot/tests/e2e/comprehensive-test-suite/comprehensive-menu-navigation.test.js:915:51)
    at processTicksAndRejections (node:internal/process/task_queues:105:5)</failure>
    </testcase>
    <testcase classname="MENU NAVIGATION INTEGRATION: Complete Menu Tree Validation Deep Menu Path Traversals (45 tests) should indicate menu options with pending actions/notifications" name="MENU NAVIGATION INTEGRATION: Complete Menu Tree Validation Deep Menu Path Traversals (45 tests) should indicate menu options with pending actions/notifications" time="0.053">
      <failure>Error: expect(jest.fn()).toHaveBeenCalledWith(...expected)

Expected: &quot;+menu_test_user&quot;, StringContaining &quot;Daily Horoscope (New!)&quot;

Number of calls: 0
    at Object.toHaveBeenCalledWith (/Users/mohitmendiratta/Projects/bots/w1/astro-whatsapp-bot/tests/e2e/comprehensive-test-suite/comprehensive-menu-navigation.test.js:924:51)
    at processTicksAndRejections (node:internal/process/task_queues:105:5)</failure>
    </testcase>
    <testcase classname="MENU NAVIGATION INTEGRATION: Complete Menu Tree Validation Deep Menu Path Traversals (45 tests) should offer a &quot;Go to top&quot; or &quot;Home&quot; option from any deep menu level" name="MENU NAVIGATION INTEGRATION: Complete Menu Tree Validation Deep Menu Path Traversals (45 tests) should offer a &quot;Go to top&quot; or &quot;Home&quot; option from any deep menu level" time="0.071">
      <failure>Error: expect(jest.fn()).toHaveBeenCalledWith(...expected)

Expected: &quot;+menu_test_user&quot;, StringContaining &quot;Welcome to the Main Menu!&quot;

Number of calls: 0
    at Object.toHaveBeenCalledWith (/Users/mohitmendiratta/Projects/bots/w1/astro-whatsapp-bot/tests/e2e/comprehensive-test-suite/comprehensive-menu-navigation.test.js:935:51)
    at processTicksAndRejections (node:internal/process/task_queues:105:5)</failure>
    </testcase>
    <testcase classname="MENU NAVIGATION INTEGRATION: Complete Menu Tree Validation Deep Menu Path Traversals (45 tests) should allow partial input matching for menu navigation to some depth" name="MENU NAVIGATION INTEGRATION: Complete Menu Tree Validation Deep Menu Path Traversals (45 tests) should allow partial input matching for menu navigation to some depth" time="0.047">
      <failure>Error: expect(jest.fn()).toHaveBeenCalledWith(...expected)

Expected: &quot;+menu_test_user&quot;, StringContaining &quot;You are now in Western Astrology menu.&quot;

Number of calls: 0
    at Object.toHaveBeenCalledWith (/Users/mohitmendiratta/Projects/bots/w1/astro-whatsapp-bot/tests/e2e/comprehensive-test-suite/comprehensive-menu-navigation.test.js:942:51)
    at processTicksAndRejections (node:internal/process/task_queues:105:5)</failure>
    </testcase>
    <testcase classname="MENU NAVIGATION INTEGRATION: Complete Menu Tree Validation Deep Menu Path Traversals (45 tests) should offer &quot;back&quot; option even if current menu has no sub-options" name="MENU NAVIGATION INTEGRATION: Complete Menu Tree Validation Deep Menu Path Traversals (45 tests) should offer &quot;back&quot; option even if current menu has no sub-options" time="0.077">
      <failure>Error: expect(jest.fn()).toHaveBeenCalledWith(...expected)

Expected: &quot;+menu_test_user&quot;, StringContaining &quot;You are now in Basic Readings menu.&quot;

Number of calls: 0
    at Object.toHaveBeenCalledWith (/Users/mohitmendiratta/Projects/bots/w1/astro-whatsapp-bot/tests/e2e/comprehensive-test-suite/comprehensive-menu-navigation.test.js:954:51)
    at processTicksAndRejections (node:internal/process/task_queues:105:5)</failure>
    </testcase>
    <testcase classname="MENU NAVIGATION INTEGRATION: Complete Menu Tree Validation Deep Menu Path Traversals (45 tests) should confirm irreversible actions before proceeding with navigation" name="MENU NAVIGATION INTEGRATION: Complete Menu Tree Validation Deep Menu Path Traversals (45 tests) should confirm irreversible actions before proceeding with navigation" time="0.058">
      <failure>Error: expect(jest.fn()).toHaveBeenCalledWith(...expected)

Expected: &quot;+menu_test_user&quot;, StringContaining &quot;Are you sure you want to delete your profile? This action is irreversible. (Yes/No)&quot;

Number of calls: 0
    at Object.toHaveBeenCalledWith (/Users/mohitmendiratta/Projects/bots/w1/astro-whatsapp-bot/tests/e2e/comprehensive-test-suite/comprehensive-menu-navigation.test.js:963:51)
    at processTicksAndRejections (node:internal/process/task_queues:105:5)</failure>
    </testcase>
    <testcase classname="MENU NAVIGATION INTEGRATION: Complete Menu Tree Validation Deep Menu Path Traversals (45 tests) should limit navigation depth for non-premium users in advanced sections" name="MENU NAVIGATION INTEGRATION: Complete Menu Tree Validation Deep Menu Path Traversals (45 tests) should limit navigation depth for non-premium users in advanced sections" time="0.065">
      <failure>Error: expect(jest.fn()).toHaveBeenCalledWith(...expected)

Expected: &quot;+menu_test_user&quot;, StringContaining &quot;This advanced option is only available for premium subscribers.&quot;

Number of calls: 0
    at Object.toHaveBeenCalledWith (/Users/mohitmendiratta/Projects/bots/w1/astro-whatsapp-bot/tests/e2e/comprehensive-test-suite/comprehensive-menu-navigation.test.js:973:51)
    at processTicksAndRejections (node:internal/process/task_queues:105:5)</failure>
    </testcase>
    <testcase classname="MENU NAVIGATION INTEGRATION: Complete Menu Tree Validation Deep Menu Path Traversals (45 tests) should adapt menu options for users tagged with specific astrological interests" name="MENU NAVIGATION INTEGRATION: Complete Menu Tree Validation Deep Menu Path Traversals (45 tests) should adapt menu options for users tagged with specific astrological interests" time="0.05">
      <failure>Error: expect(jest.fn()).toHaveBeenCalledWith(...expected)

Expected: &quot;+menu_test_user&quot;, StringContaining &quot;Horary (Recommended for your interests)&quot;

Number of calls: 0
    at Object.toHaveBeenCalledWith (/Users/mohitmendiratta/Projects/bots/w1/astro-whatsapp-bot/tests/e2e/comprehensive-test-suite/comprehensive-menu-navigation.test.js:982:51)
    at processTicksAndRejections (node:internal/process/task_queues:105:5)</failure>
    </testcase>
    <testcase classname="MENU NAVIGATION INTEGRATION: Complete Menu Tree Validation Deep Menu Path Traversals (45 tests) should offer a return to previous interaction point after completing a reading" name="MENU NAVIGATION INTEGRATION: Complete Menu Tree Validation Deep Menu Path Traversals (45 tests) should offer a return to previous interaction point after completing a reading" time="0.078">
      <failure>Error: expect(jest.fn()).toHaveBeenCalledWith(...expected)

Expected: &quot;+menu_test_user&quot;, StringContaining &quot;You are back in Birth Chart Analysis.&quot;

Number of calls: 0
    at Object.toHaveBeenCalledWith (/Users/mohitmendiratta/Projects/bots/w1/astro-whatsapp-bot/tests/e2e/comprehensive-test-suite/comprehensive-menu-navigation.test.js:994:51)
    at processTicksAndRejections (node:internal/process/task_queues:105:5)</failure>
    </testcase>
    <testcase classname="MENU NAVIGATION INTEGRATION: Complete Menu Tree Validation Deep Menu Path Traversals (45 tests) should provide a searchable menu if options are too numerous to list" name="MENU NAVIGATION INTEGRATION: Complete Menu Tree Validation Deep Menu Path Traversals (45 tests) should provide a searchable menu if options are too numerous to list" time="0.05">
      <failure>Error: expect(jest.fn()).toHaveBeenCalledWith(...expected)

Expected: &quot;+menu_test_user&quot;, StringContaining &quot;Too many options to list. Please type keywords to search for a service.&quot;

Number of calls: 0
    at Object.toHaveBeenCalledWith (/Users/mohitmendiratta/Projects/bots/w1/astro-whatsapp-bot/tests/e2e/comprehensive-test-suite/comprehensive-menu-navigation.test.js:1002:51)
    at processTicksAndRejections (node:internal/process/task_queues:105:5)</failure>
    </testcase>
    <testcase classname="MENU NAVIGATION INTEGRATION: Complete Menu Tree Validation Deep Menu Path Traversals (45 tests) should navigate using direct commands regardless of current menu depth" name="MENU NAVIGATION INTEGRATION: Complete Menu Tree Validation Deep Menu Path Traversals (45 tests) should navigate using direct commands regardless of current menu depth" time="0.068">
      <failure>Error: expect(jest.fn()).toHaveBeenCalledWith(...expected)

Expected: &quot;+menu_test_user&quot;, StringContaining &quot;Your Daily Horoscope is being prepared.&quot;

Number of calls: 0
    at Object.toHaveBeenCalledWith (/Users/mohitmendiratta/Projects/bots/w1/astro-whatsapp-bot/tests/e2e/comprehensive-test-suite/comprehensive-menu-navigation.test.js:1013:51)
    at processTicksAndRejections (node:internal/process/task_queues:105:5)</failure>
    </testcase>
    <testcase classname="MENU NAVIGATION INTEGRATION: Complete Menu Tree Validation Contextual Menu Behaviors (8 tests) should suggest recent interactions based on user history" name="MENU NAVIGATION INTEGRATION: Complete Menu Tree Validation Contextual Menu Behaviors (8 tests) should suggest recent interactions based on user history" time="0.064">
      <failure>Error: expect(jest.fn()).toHaveBeenCalledWith(...expected)

Expected: &quot;+menu_test_user&quot;, StringContaining &quot;Recent: Daily Horoscope, Compatibility Analysis&quot;

Number of calls: 0
    at Object.toHaveBeenCalledWith (/Users/mohitmendiratta/Projects/bots/w1/astro-whatsapp-bot/tests/e2e/comprehensive-test-suite/comprehensive-menu-navigation.test.js:1030:51)
    at processTicksAndRejections (node:internal/process/task_queues:105:5)</failure>
    </testcase>
    <testcase classname="MENU NAVIGATION INTEGRATION: Complete Menu Tree Validation Contextual Menu Behaviors (8 tests) should highlight favorite services based on usage patterns" name="MENU NAVIGATION INTEGRATION: Complete Menu Tree Validation Contextual Menu Behaviors (8 tests) should highlight favorite services based on usage patterns" time="0.123">
      <failure>Error: expect(jest.fn()).toHaveBeenCalledWith(...expected)

Expected: &quot;+menu_test_user&quot;, StringContaining &quot;⭐ Birth Chart Analysis&quot;

Number of calls: 0
    at Object.toHaveBeenCalledWith (/Users/mohitmendiratta/Projects/bots/w1/astro-whatsapp-bot/tests/e2e/comprehensive-test-suite/comprehensive-menu-navigation.test.js:1047:51)
    at processTicksAndRejections (node:internal/process/task_queues:105:5)</failure>
    </testcase>
    <testcase classname="MENU NAVIGATION INTEGRATION: Complete Menu Tree Validation Contextual Menu Behaviors (8 tests) should offer service completion continuations (follow-up recommendations)" name="MENU NAVIGATION INTEGRATION: Complete Menu Tree Validation Contextual Menu Behaviors (8 tests) should offer service completion continuations (follow-up recommendations)" time="0.065">
      <failure>Error: expect(jest.fn()).toHaveBeenCalledWith(...expected)

Expected: &quot;+menu_test_user&quot;, StringContaining &quot;You just viewed your Birth Chart. Would you like to explore Transits or Progressions?&quot;

Number of calls: 0
    at Object.toHaveBeenCalledWith (/Users/mohitmendiratta/Projects/bots/w1/astro-whatsapp-bot/tests/e2e/comprehensive-test-suite/comprehensive-menu-navigation.test.js:1063:51)
    at processTicksAndRejections (node:internal/process/task_queues:105:5)</failure>
    </testcase>
    <testcase classname="MENU NAVIGATION INTEGRATION: Complete Menu Tree Validation Contextual Menu Behaviors (8 tests) should provide interest-based suggestions (Behavioral personalization)" name="MENU NAVIGATION INTEGRATION: Complete Menu Tree Validation Contextual Menu Behaviors (8 tests) should provide interest-based suggestions (Behavioral personalization)" time="0.061">
      <failure>Error: expect(jest.fn()).toHaveBeenCalledWith(...expected)

Expected: &quot;+menu_test_user&quot;, StringContaining &quot;Based on your interest in Vedic Astrology, you might like: Remedial Measures.&quot;

Number of calls: 0
    at Object.toHaveBeenCalledWith (/Users/mohitmendiratta/Projects/bots/w1/astro-whatsapp-bot/tests/e2e/comprehensive-test-suite/comprehensive-menu-navigation.test.js:1079:51)
    at processTicksAndRejections (node:internal/process/task_queues:105:5)</failure>
    </testcase>
    <testcase classname="MENU NAVIGATION INTEGRATION: Complete Menu Tree Validation Contextual Menu Behaviors (8 tests) should apply free tier limitations and prompt for upgrade" name="MENU NAVIGATION INTEGRATION: Complete Menu Tree Validation Contextual Menu Behaviors (8 tests) should apply free tier limitations and prompt for upgrade" time="0.051">
      <failure>Error: expect(jest.fn()).toHaveBeenCalledWith(...expected)

Expected: &quot;+menu_test_user&quot;, StringContaining &quot;This is a premium feature. Please upgrade your subscription to access it.&quot;

Number of calls: 0
    at Object.toHaveBeenCalledWith (/Users/mohitmendiratta/Projects/bots/w1/astro-whatsapp-bot/tests/e2e/comprehensive-test-suite/comprehensive-menu-navigation.test.js:1092:51)
    at processTicksAndRejections (node:internal/process/task_queues:105:5)</failure>
    </testcase>
    <testcase classname="MENU NAVIGATION INTEGRATION: Complete Menu Tree Validation Contextual Menu Behaviors (8 tests) should unlock premium features upon subscription activation" name="MENU NAVIGATION INTEGRATION: Complete Menu Tree Validation Contextual Menu Behaviors (8 tests) should unlock premium features upon subscription activation" time="0.048">
      <failure>Error: expect(jest.fn()).toHaveBeenCalledWith(...expected)

Expected: &quot;+menu_test_user&quot;, StringContaining &quot;This is a premium feature.&quot;

Number of calls: 0
    at Object.toHaveBeenCalledWith (/Users/mohitmendiratta/Projects/bots/w1/astro-whatsapp-bot/tests/e2e/comprehensive-test-suite/comprehensive-menu-navigation.test.js:1108:51)
    at processTicksAndRejections (node:internal/process/task_queues:105:5)</failure>
    </testcase>
    <testcase classname="MENU NAVIGATION INTEGRATION: Complete Menu Tree Validation Contextual Menu Behaviors (8 tests) should modify menus for trial period users" name="MENU NAVIGATION INTEGRATION: Complete Menu Tree Validation Contextual Menu Behaviors (8 tests) should modify menus for trial period users" time="0.053">
      <failure>Error: expect(jest.fn()).toHaveBeenCalledWith(...expected)

Expected: &quot;+menu_test_user&quot;, StringContaining &quot;You are on a free trial. Enjoy premium features until [date].&quot;

Number of calls: 0
    at Object.toHaveBeenCalledWith (/Users/mohitmendiratta/Projects/bots/w1/astro-whatsapp-bot/tests/e2e/comprehensive-test-suite/comprehensive-menu-navigation.test.js:1134:51)
    at processTicksAndRejections (node:internal/process/task_queues:105:5)</failure>
    </testcase>
    <testcase classname="MENU NAVIGATION INTEGRATION: Complete Menu Tree Validation Contextual Menu Behaviors (8 tests) should display billing issue indicators in menu overlays" name="MENU NAVIGATION INTEGRATION: Complete Menu Tree Validation Contextual Menu Behaviors (8 tests) should display billing issue indicators in menu overlays" time="0.05">
      <failure>Error: expect(jest.fn()).toHaveBeenCalledWith(...expected)

Expected: &quot;+menu_test_user&quot;, StringContaining &quot;⚠️ Billing Issue: Please update your payment method.&quot;

Number of calls: 0
    at Object.toHaveBeenCalledWith (/Users/mohitmendiratta/Projects/bots/w1/astro-whatsapp-bot/tests/e2e/comprehensive-test-suite/comprehensive-menu-navigation.test.js:1153:51)
    at processTicksAndRejections (node:internal/process/task_queues:105:5)</failure>
    </testcase>
    <testcase classname="MENU NAVIGATION INTEGRATION: Complete Menu Tree Validation Error Recovery (23 tests) should handle invalid action IDs gracefully with error message" name="MENU NAVIGATION INTEGRATION: Complete Menu Tree Validation Error Recovery (23 tests) should handle invalid action IDs gracefully with error message" time="0.007">
      <failure>ReferenceError: TEST_PHONES is not defined
    at Object.TEST_PHONES (/Users/mohitmendiratta/Projects/bots/w1/astro-whatsapp-bot/tests/e2e/comprehensive-test-suite/comprehensive-menu-navigation.test.js:1167:15)
    at Promise.then.completed (/Users/mohitmendiratta/Projects/bots/w1/astro-whatsapp-bot/node_modules/jest-circus/build/utils.js:298:28)
    at new Promise (&lt;anonymous&gt;)
    at callAsyncCircusFn (/Users/mohitmendiratta/Projects/bots/w1/astro-whatsapp-bot/node_modules/jest-circus/build/utils.js:231:10)
    at _callCircusTest (/Users/mohitmendiratta/Projects/bots/w1/astro-whatsapp-bot/node_modules/jest-circus/build/run.js:316:40)
    at processTicksAndRejections (node:internal/process/task_queues:105:5)
    at _runTest (/Users/mohitmendiratta/Projects/bots/w1/astro-whatsapp-bot/node_modules/jest-circus/build/run.js:252:3)
    at _runTestsForDescribeBlock (/Users/mohitmendiratta/Projects/bots/w1/astro-whatsapp-bot/node_modules/jest-circus/build/run.js:126:9)
    at _runTestsForDescribeBlock (/Users/mohitmendiratta/Projects/bots/w1/astro-whatsapp-bot/node_modules/jest-circus/build/run.js:121:9)
    at _runTestsForDescribeBlock (/Users/mohitmendiratta/Projects/bots/w1/astro-whatsapp-bot/node_modules/jest-circus/build/run.js:121:9)
    at run (/Users/mohitmendiratta/Projects/bots/w1/astro-whatsapp-bot/node_modules/jest-circus/build/run.js:71:3)
    at runAndTransformResultsToJestFormat (/Users/mohitmendiratta/Projects/bots/w1/astro-whatsapp-bot/node_modules/jest-circus/build/legacy-code-todo-rewrite/jestAdapterInit.js:122:21)
    at jestAdapter (/Users/mohitmendiratta/Projects/bots/w1/astro-whatsapp-bot/node_modules/jest-circus/build/legacy-code-todo-rewrite/jestAdapter.js:79:19)
    at runTestInternal (/Users/mohitmendiratta/Projects/bots/w1/astro-whatsapp-bot/node_modules/jest-runner/build/runTest.js:367:16)
    at runTest (/Users/mohitmendiratta/Projects/bots/w1/astro-whatsapp-bot/node_modules/jest-runner/build/runTest.js:444:34)</failure>
    </testcase>
    <testcase classname="MENU NAVIGATION INTEGRATION: Complete Menu Tree Validation Error Recovery (23 tests) expired session navigation → fresh menu initialization" name="MENU NAVIGATION INTEGRATION: Complete Menu Tree Validation Error Recovery (23 tests) expired session navigation → fresh menu initialization" time="0.007">
      <failure>ReferenceError: Session is not defined
    at Object.&lt;anonymous&gt; (/Users/mohitmendiratta/Projects/bots/w1/astro-whatsapp-bot/tests/e2e/comprehensive-test-suite/comprehensive-menu-navigation.test.js:1192:7)
    at Promise.then.completed (/Users/mohitmendiratta/Projects/bots/w1/astro-whatsapp-bot/node_modules/jest-circus/build/utils.js:298:28)
    at new Promise (&lt;anonymous&gt;)
    at callAsyncCircusFn (/Users/mohitmendiratta/Projects/bots/w1/astro-whatsapp-bot/node_modules/jest-circus/build/utils.js:231:10)
    at _callCircusTest (/Users/mohitmendiratta/Projects/bots/w1/astro-whatsapp-bot/node_modules/jest-circus/build/run.js:316:40)
    at processTicksAndRejections (node:internal/process/task_queues:105:5)
    at _runTest (/Users/mohitmendiratta/Projects/bots/w1/astro-whatsapp-bot/node_modules/jest-circus/build/run.js:252:3)
    at _runTestsForDescribeBlock (/Users/mohitmendiratta/Projects/bots/w1/astro-whatsapp-bot/node_modules/jest-circus/build/run.js:126:9)
    at _runTestsForDescribeBlock (/Users/mohitmendiratta/Projects/bots/w1/astro-whatsapp-bot/node_modules/jest-circus/build/run.js:121:9)
    at _runTestsForDescribeBlock (/Users/mohitmendiratta/Projects/bots/w1/astro-whatsapp-bot/node_modules/jest-circus/build/run.js:121:9)
    at run (/Users/mohitmendiratta/Projects/bots/w1/astro-whatsapp-bot/node_modules/jest-circus/build/run.js:71:3)
    at runAndTransformResultsToJestFormat (/Users/mohitmendiratta/Projects/bots/w1/astro-whatsapp-bot/node_modules/jest-circus/build/legacy-code-todo-rewrite/jestAdapterInit.js:122:21)
    at jestAdapter (/Users/mohitmendiratta/Projects/bots/w1/astro-whatsapp-bot/node_modules/jest-circus/build/legacy-code-todo-rewrite/jestAdapter.js:79:19)
    at runTestInternal (/Users/mohitmendiratta/Projects/bots/w1/astro-whatsapp-bot/node_modules/jest-runner/build/runTest.js:367:16)
    at runTest (/Users/mohitmendiratta/Projects/bots/w1/astro-whatsapp-bot/node_modules/jest-runner/build/runTest.js:444:34)</failure>
    </testcase>
    <testcase classname="MENU NAVIGATION INTEGRATION: Complete Menu Tree Validation Error Recovery (23 tests) concurrent access conflicts → session isolation" name="MENU NAVIGATION INTEGRATION: Complete Menu Tree Validation Error Recovery (23 tests) concurrent access conflicts → session isolation" time="0.006">
      <failure>ReferenceError: TEST_PHONES is not defined
    at Object.TEST_PHONES (/Users/mohitmendiratta/Projects/bots/w1/astro-whatsapp-bot/tests/e2e/comprehensive-test-suite/comprehensive-menu-navigation.test.js:1212:38)
    at Promise.then.completed (/Users/mohitmendiratta/Projects/bots/w1/astro-whatsapp-bot/node_modules/jest-circus/build/utils.js:298:28)
    at new Promise (&lt;anonymous&gt;)
    at callAsyncCircusFn (/Users/mohitmendiratta/Projects/bots/w1/astro-whatsapp-bot/node_modules/jest-circus/build/utils.js:231:10)
    at _callCircusTest (/Users/mohitmendiratta/Projects/bots/w1/astro-whatsapp-bot/node_modules/jest-circus/build/run.js:316:40)
    at processTicksAndRejections (node:internal/process/task_queues:105:5)
    at _runTest (/Users/mohitmendiratta/Projects/bots/w1/astro-whatsapp-bot/node_modules/jest-circus/build/run.js:252:3)
    at _runTestsForDescribeBlock (/Users/mohitmendiratta/Projects/bots/w1/astro-whatsapp-bot/node_modules/jest-circus/build/run.js:126:9)
    at _runTestsForDescribeBlock (/Users/mohitmendiratta/Projects/bots/w1/astro-whatsapp-bot/node_modules/jest-circus/build/run.js:121:9)
    at _runTestsForDescribeBlock (/Users/mohitmendiratta/Projects/bots/w1/astro-whatsapp-bot/node_modules/jest-circus/build/run.js:121:9)
    at run (/Users/mohitmendiratta/Projects/bots/w1/astro-whatsapp-bot/node_modules/jest-circus/build/run.js:71:3)
    at runAndTransformResultsToJestFormat (/Users/mohitmendiratta/Projects/bots/w1/astro-whatsapp-bot/node_modules/jest-circus/build/legacy-code-todo-rewrite/jestAdapterInit.js:122:21)
    at jestAdapter (/Users/mohitmendiratta/Projects/bots/w1/astro-whatsapp-bot/node_modules/jest-circus/build/legacy-code-todo-rewrite/jestAdapter.js:79:19)
    at runTestInternal (/Users/mohitmendiratta/Projects/bots/w1/astro-whatsapp-bot/node_modules/jest-runner/build/runTest.js:367:16)
    at runTest (/Users/mohitmendiratta/Projects/bots/w1/astro-whatsapp-bot/node_modules/jest-runner/build/runTest.js:444:34)</failure>
    </testcase>
    <testcase classname="MENU NAVIGATION INTEGRATION: Complete Menu Tree Validation Error Recovery (23 tests) menu state corruption → recovery and reinitialization" name="MENU NAVIGATION INTEGRATION: Complete Menu Tree Validation Error Recovery (23 tests) menu state corruption → recovery and reinitialization" time="0.006">
      <failure>ReferenceError: TEST_PHONES is not defined
    at Object.TEST_PHONES (/Users/mohitmendiratta/Projects/bots/w1/astro-whatsapp-bot/tests/e2e/comprehensive-test-suite/comprehensive-menu-navigation.test.js:1236:15)
    at Promise.then.completed (/Users/mohitmendiratta/Projects/bots/w1/astro-whatsapp-bot/node_modules/jest-circus/build/utils.js:298:28)
    at new Promise (&lt;anonymous&gt;)
    at callAsyncCircusFn (/Users/mohitmendiratta/Projects/bots/w1/astro-whatsapp-bot/node_modules/jest-circus/build/utils.js:231:10)
    at _callCircusTest (/Users/mohitmendiratta/Projects/bots/w1/astro-whatsapp-bot/node_modules/jest-circus/build/run.js:316:40)
    at processTicksAndRejections (node:internal/process/task_queues:105:5)
    at _runTest (/Users/mohitmendiratta/Projects/bots/w1/astro-whatsapp-bot/node_modules/jest-circus/build/run.js:252:3)
    at _runTestsForDescribeBlock (/Users/mohitmendiratta/Projects/bots/w1/astro-whatsapp-bot/node_modules/jest-circus/build/run.js:126:9)
    at _runTestsForDescribeBlock (/Users/mohitmendiratta/Projects/bots/w1/astro-whatsapp-bot/node_modules/jest-circus/build/run.js:121:9)
    at _runTestsForDescribeBlock (/Users/mohitmendiratta/Projects/bots/w1/astro-whatsapp-bot/node_modules/jest-circus/build/run.js:121:9)
    at run (/Users/mohitmendiratta/Projects/bots/w1/astro-whatsapp-bot/node_modules/jest-circus/build/run.js:71:3)
    at runAndTransformResultsToJestFormat (/Users/mohitmendiratta/Projects/bots/w1/astro-whatsapp-bot/node_modules/jest-circus/build/legacy-code-todo-rewrite/jestAdapterInit.js:122:21)
    at jestAdapter (/Users/mohitmendiratta/Projects/bots/w1/astro-whatsapp-bot/node_modules/jest-circus/build/legacy-code-todo-rewrite/jestAdapter.js:79:19)
    at runTestInternal (/Users/mohitmendiratta/Projects/bots/w1/astro-whatsapp-bot/node_modules/jest-runner/build/runTest.js:367:16)
    at runTest (/Users/mohitmendiratta/Projects/bots/w1/astro-whatsapp-bot/node_modules/jest-runner/build/runTest.js:444:34)</failure>
    </testcase>
    <testcase classname="MENU NAVIGATION INTEGRATION: Complete Menu Tree Validation Error Recovery (23 tests) partial message delivery → state consistency" name="MENU NAVIGATION INTEGRATION: Complete Menu Tree Validation Error Recovery (23 tests) partial message delivery → state consistency" time="0.007">
      <failure>ReferenceError: TEST_PHONES is not defined
    at Object.TEST_PHONES (/Users/mohitmendiratta/Projects/bots/w1/astro-whatsapp-bot/tests/e2e/comprehensive-test-suite/comprehensive-menu-navigation.test.js:1254:15)
    at Promise.then.completed (/Users/mohitmendiratta/Projects/bots/w1/astro-whatsapp-bot/node_modules/jest-circus/build/utils.js:298:28)
    at new Promise (&lt;anonymous&gt;)
    at callAsyncCircusFn (/Users/mohitmendiratta/Projects/bots/w1/astro-whatsapp-bot/node_modules/jest-circus/build/utils.js:231:10)
    at _callCircusTest (/Users/mohitmendiratta/Projects/bots/w1/astro-whatsapp-bot/node_modules/jest-circus/build/run.js:316:40)
    at processTicksAndRejections (node:internal/process/task_queues:105:5)
    at _runTest (/Users/mohitmendiratta/Projects/bots/w1/astro-whatsapp-bot/node_modules/jest-circus/build/run.js:252:3)
    at _runTestsForDescribeBlock (/Users/mohitmendiratta/Projects/bots/w1/astro-whatsapp-bot/node_modules/jest-circus/build/run.js:126:9)
    at _runTestsForDescribeBlock (/Users/mohitmendiratta/Projects/bots/w1/astro-whatsapp-bot/node_modules/jest-circus/build/run.js:121:9)
    at _runTestsForDescribeBlock (/Users/mohitmendiratta/Projects/bots/w1/astro-whatsapp-bot/node_modules/jest-circus/build/run.js:121:9)
    at run (/Users/mohitmendiratta/Projects/bots/w1/astro-whatsapp-bot/node_modules/jest-circus/build/run.js:71:3)
    at runAndTransformResultsToJestFormat (/Users/mohitmendiratta/Projects/bots/w1/astro-whatsapp-bot/node_modules/jest-circus/build/legacy-code-todo-rewrite/jestAdapterInit.js:122:21)
    at jestAdapter (/Users/mohitmendiratta/Projects/bots/w1/astro-whatsapp-bot/node_modules/jest-circus/build/legacy-code-todo-rewrite/jestAdapter.js:79:19)
    at runTestInternal (/Users/mohitmendiratta/Projects/bots/w1/astro-whatsapp-bot/node_modules/jest-runner/build/runTest.js:367:16)
    at runTest (/Users/mohitmendiratta/Projects/bots/w1/astro-whatsapp-bot/node_modules/jest-runner/build/runTest.js:444:34)</failure>
    </testcase>
    <testcase classname="MENU NAVIGATION INTEGRATION: Complete Menu Tree Validation Error Recovery (23 tests) invalid menu structure handling → fallback to main menu" name="MENU NAVIGATION INTEGRATION: Complete Menu Tree Validation Error Recovery (23 tests) invalid menu structure handling → fallback to main menu" time="0.011">
    </testcase>
    <testcase classname="MENU NAVIGATION INTEGRATION: Complete Menu Tree Validation Error Recovery (23 tests) network failure mid-navigation → graceful degradation" name="MENU NAVIGATION INTEGRATION: Complete Menu Tree Validation Error Recovery (23 tests) network failure mid-navigation → graceful degradation" time="0.006">
    </testcase>
    <testcase classname="MENU NAVIGATION INTEGRATION: Complete Menu Tree Validation Error Recovery (23 tests) message timeout during selection → automatic retry" name="MENU NAVIGATION INTEGRATION: Complete Menu Tree Validation Error Recovery (23 tests) message timeout during selection → automatic retry" time="0.006">
    </testcase>
    <testcase classname="MENU NAVIGATION INTEGRATION: Complete Menu Tree Validation Error Recovery (23 tests) service interruption recovery → graceful handling" name="MENU NAVIGATION INTEGRATION: Complete Menu Tree Validation Error Recovery (23 tests) service interruption recovery → graceful handling" time="0.006">
    </testcase>
    <testcase classname="MENU NAVIGATION INTEGRATION: Complete Menu Tree Validation Error Recovery (23 tests) API quota exhaustion → menu throttling" name="MENU NAVIGATION INTEGRATION: Complete Menu Tree Validation Error Recovery (23 tests) API quota exhaustion → menu throttling" time="0.006">
    </testcase>
    <testcase classname="MENU NAVIGATION INTEGRATION: Complete Menu Tree Validation Error Recovery (23 tests) memory overflow protection → large menu truncation" name="MENU NAVIGATION INTEGRATION: Complete Menu Tree Validation Error Recovery (23 tests) memory overflow protection → large menu truncation" time="0.006">
    </testcase>
    <testcase classname="MENU NAVIGATION INTEGRATION: Complete Menu Tree Validation Error Recovery (23 tests) recursive menu loop prevention → depth limiting" name="MENU NAVIGATION INTEGRATION: Complete Menu Tree Validation Error Recovery (23 tests) recursive menu loop prevention → depth limiting" time="0.006">
    </testcase>
    <testcase classname="MENU NAVIGATION INTEGRATION: Complete Menu Tree Validation Error Recovery (23 tests) character encoding issues → menu display correction" name="MENU NAVIGATION INTEGRATION: Complete Menu Tree Validation Error Recovery (23 tests) character encoding issues → menu display correction" time="0.007">
    </testcase>
    <testcase classname="MENU NAVIGATION INTEGRATION: Complete Menu Tree Validation Error Recovery (23 tests) timezone calculation errors → menu timing corrections" name="MENU NAVIGATION INTEGRATION: Complete Menu Tree Validation Error Recovery (23 tests) timezone calculation errors → menu timing corrections" time="0.006">
    </testcase>
    <testcase classname="MENU NAVIGATION INTEGRATION: Complete Menu Tree Validation Error Recovery (23 tests) subscription validation failures → permission-based menus" name="MENU NAVIGATION INTEGRATION: Complete Menu Tree Validation Error Recovery (23 tests) subscription validation failures → permission-based menus" time="0.007">
    </testcase>
    <testcase classname="MENU NAVIGATION INTEGRATION: Complete Menu Tree Validation Error Recovery (23 tests) profile incomplete errors → menu restriction enforcement" name="MENU NAVIGATION INTEGRATION: Complete Menu Tree Validation Error Recovery (23 tests) profile incomplete errors → menu restriction enforcement" time="0.006">
    </testcase>
    <testcase classname="MENU NAVIGATION INTEGRATION: Complete Menu Tree Validation Error Recovery (23 tests) language translation failures → menu fallback handling" name="MENU NAVIGATION INTEGRATION: Complete Menu Tree Validation Error Recovery (23 tests) language translation failures → menu fallback handling" time="0.006">
    </testcase>
    <testcase classname="MENU NAVIGATION INTEGRATION: Complete Menu Tree Validation Error Recovery (23 tests) image loading failures → menu text-only fallbacks" name="MENU NAVIGATION INTEGRATION: Complete Menu Tree Validation Error Recovery (23 tests) image loading failures → menu text-only fallbacks" time="0.007">
    </testcase>
    <testcase classname="MENU NAVIGATION INTEGRATION: Complete Menu Tree Validation Error Recovery (23 tests) button limit exceeded → menu pagination" name="MENU NAVIGATION INTEGRATION: Complete Menu Tree Validation Error Recovery (23 tests) button limit exceeded → menu pagination" time="0.006">
    </testcase>
    <testcase classname="MENU NAVIGATION INTEGRATION: Complete Menu Tree Validation Error Recovery (23 tests) malformed JSON responses → menu parsing error recovery" name="MENU NAVIGATION INTEGRATION: Complete Menu Tree Validation Error Recovery (23 tests) malformed JSON responses → menu parsing error recovery" time="0.007">
    </testcase>
    <testcase classname="MENU NAVIGATION INTEGRATION: Complete Menu Tree Validation Error Recovery (23 tests) external service timeout → menu async error handling" name="MENU NAVIGATION INTEGRATION: Complete Menu Tree Validation Error Recovery (23 tests) external service timeout → menu async error handling" time="0.013">
    </testcase>
    <testcase classname="MENU NAVIGATION INTEGRATION: Complete Menu Tree Validation Error Recovery (23 tests) user input sanitization → menu injection prevention" name="MENU NAVIGATION INTEGRATION: Complete Menu Tree Validation Error Recovery (23 tests) user input sanitization → menu injection prevention" time="0.006">
    </testcase>
    <testcase classname="MENU NAVIGATION INTEGRATION: Complete Menu Tree Validation Session Management (14 tests) clears expired sessions automatically after timeout" name="MENU NAVIGATION INTEGRATION: Complete Menu Tree Validation Session Management (14 tests) clears expired sessions automatically after timeout" time="0.006">
      <failure>ReferenceError: Session is not defined
    at Object.&lt;anonymous&gt; (/Users/mohitmendiratta/Projects/bots/w1/astro-whatsapp-bot/tests/e2e/comprehensive-test-suite/comprehensive-menu-navigation.test.js:1355:7)
    at Promise.then.completed (/Users/mohitmendiratta/Projects/bots/w1/astro-whatsapp-bot/node_modules/jest-circus/build/utils.js:298:28)
    at new Promise (&lt;anonymous&gt;)
    at callAsyncCircusFn (/Users/mohitmendiratta/Projects/bots/w1/astro-whatsapp-bot/node_modules/jest-circus/build/utils.js:231:10)
    at _callCircusTest (/Users/mohitmendiratta/Projects/bots/w1/astro-whatsapp-bot/node_modules/jest-circus/build/run.js:316:40)
    at processTicksAndRejections (node:internal/process/task_queues:105:5)
    at _runTest (/Users/mohitmendiratta/Projects/bots/w1/astro-whatsapp-bot/node_modules/jest-circus/build/run.js:252:3)
    at _runTestsForDescribeBlock (/Users/mohitmendiratta/Projects/bots/w1/astro-whatsapp-bot/node_modules/jest-circus/build/run.js:126:9)
    at _runTestsForDescribeBlock (/Users/mohitmendiratta/Projects/bots/w1/astro-whatsapp-bot/node_modules/jest-circus/build/run.js:121:9)
    at _runTestsForDescribeBlock (/Users/mohitmendiratta/Projects/bots/w1/astro-whatsapp-bot/node_modules/jest-circus/build/run.js:121:9)
    at run (/Users/mohitmendiratta/Projects/bots/w1/astro-whatsapp-bot/node_modules/jest-circus/build/run.js:71:3)
    at runAndTransformResultsToJestFormat (/Users/mohitmendiratta/Projects/bots/w1/astro-whatsapp-bot/node_modules/jest-circus/build/legacy-code-todo-rewrite/jestAdapterInit.js:122:21)
    at jestAdapter (/Users/mohitmendiratta/Projects/bots/w1/astro-whatsapp-bot/node_modules/jest-circus/build/legacy-code-todo-rewrite/jestAdapter.js:79:19)
    at runTestInternal (/Users/mohitmendiratta/Projects/bots/w1/astro-whatsapp-bot/node_modules/jest-runner/build/runTest.js:367:16)
    at runTest (/Users/mohitmendiratta/Projects/bots/w1/astro-whatsapp-bot/node_modules/jest-runner/build/runTest.js:444:34)</failure>
    </testcase>
    <testcase classname="MENU NAVIGATION INTEGRATION: Complete Menu Tree Validation Session Management (14 tests) breadcrumb navigation → multi-level back functionality" name="MENU NAVIGATION INTEGRATION: Complete Menu Tree Validation Session Management (14 tests) breadcrumb navigation → multi-level back functionality" time="0.006">
    </testcase>
    <testcase classname="MENU NAVIGATION INTEGRATION: Complete Menu Tree Validation Session Management (14 tests) quick access bookmarks → favorite menu shortcuts" name="MENU NAVIGATION INTEGRATION: Complete Menu Tree Validation Session Management (14 tests) quick access bookmarks → favorite menu shortcuts" time="0.006">
    </testcase>
    <testcase classname="MENU NAVIGATION INTEGRATION: Complete Menu Tree Validation Session Management (14 tests) recent path memory → frequently used path shortcuts" name="MENU NAVIGATION INTEGRATION: Complete Menu Tree Validation Session Management (14 tests) recent path memory → frequently used path shortcuts" time="0.006">
    </testcase>
    <testcase classname="MENU NAVIGATION INTEGRATION: Complete Menu Tree Validation Session Management (14 tests) return to last menu position persistence" name="MENU NAVIGATION INTEGRATION: Complete Menu Tree Validation Session Management (14 tests) return to last menu position persistence" time="0.006">
    </testcase>
    <testcase classname="MENU NAVIGATION INTEGRATION: Complete Menu Tree Validation Session Management (14 tests) session isolation between concurrent users" name="MENU NAVIGATION INTEGRATION: Complete Menu Tree Validation Session Management (14 tests) session isolation between concurrent users" time="0.006">
    </testcase>
    <testcase classname="MENU NAVIGATION INTEGRATION: Complete Menu Tree Validation Session Management (14 tests) menu state synchronization across devices" name="MENU NAVIGATION INTEGRATION: Complete Menu Tree Validation Session Management (14 tests) menu state synchronization across devices" time="0.006">
    </testcase>
    <testcase classname="MENU NAVIGATION INTEGRATION: Complete Menu Tree Validation Session Management (14 tests) automatic session cleanup on logout" name="MENU NAVIGATION INTEGRATION: Complete Menu Tree Validation Session Management (14 tests) automatic session cleanup on logout" time="0.006">
    </testcase>
    <testcase classname="MENU NAVIGATION INTEGRATION: Complete Menu Tree Validation Session Management (14 tests) session state recovery after app restart" name="MENU NAVIGATION INTEGRATION: Complete Menu Tree Validation Session Management (14 tests) session state recovery after app restart" time="0.006">
    </testcase>
    <testcase classname="MENU NAVIGATION INTEGRATION: Complete Menu Tree Validation Session Management (14 tests) idle timeout warnings and grace periods" name="MENU NAVIGATION INTEGRATION: Complete Menu Tree Validation Session Management (14 tests) idle timeout warnings and grace periods" time="0.006">
    </testcase>
    <testcase classname="MENU NAVIGATION INTEGRATION: Complete Menu Tree Validation Session Management (14 tests) session migration between phone numbers" name="MENU NAVIGATION INTEGRATION: Complete Menu Tree Validation Session Management (14 tests) session migration between phone numbers" time="0.005">
    </testcase>
    <testcase classname="MENU NAVIGATION INTEGRATION: Complete Menu Tree Validation Session Management (14 tests) multi-tab session handling and conflicts" name="MENU NAVIGATION INTEGRATION: Complete Menu Tree Validation Session Management (14 tests) multi-tab session handling and conflicts" time="0.006">
    </testcase>
    <testcase classname="MENU NAVIGATION INTEGRATION: Complete Menu Tree Validation Session Management (14 tests) session export and import capabilities" name="MENU NAVIGATION INTEGRATION: Complete Menu Tree Validation Session Management (14 tests) session export and import capabilities" time="0.006">
    </testcase>
    <testcase classname="MENU NAVIGATION INTEGRATION: Complete Menu Tree Validation Session Management (14 tests) audit logging of session activities" name="MENU NAVIGATION INTEGRATION: Complete Menu Tree Validation Session Management (14 tests) audit logging of session activities" time="0.01">
    </testcase>
    <testcase classname="MENU NAVIGATION INTEGRATION: Complete Menu Tree Validation Additional Specialized Menu Navigation (16 tests for complete 99 total coverage) should navigate to Chinese astrology → Bazi compatibility analysis" name="MENU NAVIGATION INTEGRATION: Complete Menu Tree Validation Additional Specialized Menu Navigation (16 tests for complete 99 total coverage) should navigate to Chinese astrology → Bazi compatibility analysis" time="0.054">
      <failure>Error: expect(jest.fn()).toHaveBeenCalledWith(...expected)

Expected: &quot;+menu_test_user&quot;, StringContaining &quot;Analyzing Bazi compatibility.&quot;

Number of calls: 0
    at Object.toHaveBeenCalledWith (/Users/mohitmendiratta/Projects/bots/w1/astro-whatsapp-bot/tests/e2e/comprehensive-test-suite/comprehensive-menu-navigation.test.js:1450:51)
    at processTicksAndRejections (node:internal/process/task_queues:105:5)</failure>
    </testcase>
    <testcase classname="MENU NAVIGATION INTEGRATION: Complete Menu Tree Validation Additional Specialized Menu Navigation (16 tests for complete 99 total coverage) should navigate to Kabbalistic astrology → Tree of Life analysis" name="MENU NAVIGATION INTEGRATION: Complete Menu Tree Validation Additional Specialized Menu Navigation (16 tests for complete 99 total coverage) should navigate to Kabbalistic astrology → Tree of Life analysis" time="0.057">
      <failure>Error: expect(jest.fn()).toHaveBeenCalledWith(...expected)

Expected: &quot;+menu_test_user&quot;, StringContaining &quot;Exploring your Tree of Life placement.&quot;

Number of calls: 0
    at Object.toHaveBeenCalledWith (/Users/mohitmendiratta/Projects/bots/w1/astro-whatsapp-bot/tests/e2e/comprehensive-test-suite/comprehensive-menu-navigation.test.js:1458:51)
    at processTicksAndRejections (node:internal/process/task_queues:105:5)</failure>
    </testcase>
    <testcase classname="MENU NAVIGATION INTEGRATION: Complete Menu Tree Validation Additional Specialized Menu Navigation (16 tests for complete 99 total coverage) should navigate to Mayan astrology → Kin analysis" name="MENU NAVIGATION INTEGRATION: Complete Menu Tree Validation Additional Specialized Menu Navigation (16 tests for complete 99 total coverage) should navigate to Mayan astrology → Kin analysis" time="0.054">
      <failure>Error: expect(jest.fn()).toHaveBeenCalledWith(...expected)

Expected: &quot;+menu_test_user&quot;, StringContaining &quot;Analyzing your Mayan day sign energy.&quot;

Number of calls: 0
    at Object.toHaveBeenCalledWith (/Users/mohitmendiratta/Projects/bots/w1/astro-whatsapp-bot/tests/e2e/comprehensive-test-suite/comprehensive-menu-navigation.test.js:1466:51)
    at processTicksAndRejections (node:internal/process/task_queues:105:5)</failure>
    </testcase>
    <testcase classname="MENU NAVIGATION INTEGRATION: Complete Menu Tree Validation Additional Specialized Menu Navigation (16 tests for complete 99 total coverage) should navigate to Celtic astrology → Ogham reading" name="MENU NAVIGATION INTEGRATION: Complete Menu Tree Validation Additional Specialized Menu Navigation (16 tests for complete 99 total coverage) should navigate to Celtic astrology → Ogham reading" time="0.058">
      <failure>Error: expect(jest.fn()).toHaveBeenCalledWith(...expected)

Expected: &quot;+menu_test_user&quot;, StringContaining &quot;Drawing your Celtic Ogham symbol.&quot;

Number of calls: 0
    at Object.toHaveBeenCalledWith (/Users/mohitmendiratta/Projects/bots/w1/astro-whatsapp-bot/tests/e2e/comprehensive-test-suite/comprehensive-menu-navigation.test.js:1474:51)
    at processTicksAndRejections (node:internal/process/task_queues:105:5)</failure>
    </testcase>
    <testcase classname="MENU NAVIGATION INTEGRATION: Complete Menu Tree Validation Additional Specialized Menu Navigation (16 tests for complete 99 total coverage) should navigate to Hellenistic astrology → Arabian Parts" name="MENU NAVIGATION INTEGRATION: Complete Menu Tree Validation Additional Specialized Menu Navigation (16 tests for complete 99 total coverage) should navigate to Hellenistic astrology → Arabian Parts" time="0.055">
      <failure>Error: expect(jest.fn()).toHaveBeenCalledWith(...expected)

Expected: &quot;+menu_test_user&quot;, StringContaining &quot;Calculating Arabian Parts (lots).&quot;

Number of calls: 0
    at Object.toHaveBeenCalledWith (/Users/mohitmendiratta/Projects/bots/w1/astro-whatsapp-bot/tests/e2e/comprehensive-test-suite/comprehensive-menu-navigation.test.js:1482:51)
    at processTicksAndRejections (node:internal/process/task_queues:105:5)</failure>
    </testcase>
    <testcase classname="MENU NAVIGATION INTEGRATION: Complete Menu Tree Validation Additional Specialized Menu Navigation (16 tests for complete 99 total coverage) should navigate to Islamic astrology → Falak analysis" name="MENU NAVIGATION INTEGRATION: Complete Menu Tree Validation Additional Specialized Menu Navigation (16 tests for complete 99 total coverage) should navigate to Islamic astrology → Falak analysis" time="0.057">
      <failure>Error: expect(jest.fn()).toHaveBeenCalledWith(...expected)

Expected: &quot;+menu_test_user&quot;, StringContaining &quot;Performing astronomical calculations.&quot;

Number of calls: 0
    at Object.toHaveBeenCalledWith (/Users/mohitmendiratta/Projects/bots/w1/astro-whatsapp-bot/tests/e2e/comprehensive-test-suite/comprehensive-menu-navigation.test.js:1490:51)
    at processTicksAndRejections (node:internal/process/task_queues:105:5)</failure>
    </testcase>
    <testcase classname="MENU NAVIGATION INTEGRATION: Complete Menu Tree Validation Additional Specialized Menu Navigation (16 tests for complete 99 total coverage) should navigate to Palmistry → Life line analysis" name="MENU NAVIGATION INTEGRATION: Complete Menu Tree Validation Additional Specialized Menu Navigation (16 tests for complete 99 total coverage) should navigate to Palmistry → Life line analysis" time="0.066">
      <failure>Error: expect(jest.fn()).toHaveBeenCalledWith(...expected)

Expected: &quot;+menu_test_user&quot;, StringContaining &quot;Examining your life line for longevity and vitality.&quot;

Number of calls: 0
    at Object.toHaveBeenCalledWith (/Users/mohitmendiratta/Projects/bots/w1/astro-whatsapp-bot/tests/e2e/comprehensive-test-suite/comprehensive-menu-navigation.test.js:1499:51)
    at processTicksAndRejections (node:internal/process/task_queues:105:5)</failure>
    </testcase>
    <testcase classname="MENU NAVIGATION INTEGRATION: Complete Menu Tree Validation Additional Specialized Menu Navigation (16 tests for complete 99 total coverage) should navigate to Medical astrology → Planetary rulers" name="MENU NAVIGATION INTEGRATION: Complete Menu Tree Validation Additional Specialized Menu Navigation (16 tests for complete 99 total coverage) should navigate to Medical astrology → Planetary rulers" time="0.062">
      <failure>Error: expect(jest.fn()).toHaveBeenCalledWith(...expected)

Expected: &quot;+menu_test_user&quot;, StringContaining &quot;Analyzing which planets rule your health.&quot;

Number of calls: 0
    at Object.toHaveBeenCalledWith (/Users/mohitmendiratta/Projects/bots/w1/astro-whatsapp-bot/tests/e2e/comprehensive-test-suite/comprehensive-menu-navigation.test.js:1507:51)
    at processTicksAndRejections (node:internal/process/task_queues:105:5)</failure>
    </testcase>
    <testcase classname="MENU NAVIGATION INTEGRATION: Complete Menu Tree Validation Additional Specialized Menu Navigation (16 tests for complete 99 total coverage) should navigate to Mundane astrology → World transits" name="MENU NAVIGATION INTEGRATION: Complete Menu Tree Validation Additional Specialized Menu Navigation (16 tests for complete 99 total coverage) should navigate to Mundane astrology → World transits" time="0.056">
      <failure>Error: expect(jest.fn()).toHaveBeenCalledWith(...expected)

Expected: &quot;+menu_test_user&quot;, StringContaining &quot;Examining planetary movements affecting world events.&quot;

Number of calls: 0
    at Object.toHaveBeenCalledWith (/Users/mohitmendiratta/Projects/bots/w1/astro-whatsapp-bot/tests/e2e/comprehensive-test-suite/comprehensive-menu-navigation.test.js:1515:51)
    at processTicksAndRejections (node:internal/process/task_queues:105:5)</failure>
    </testcase>
    <testcase classname="MENU NAVIGATION INTEGRATION: Complete Menu Tree Validation Additional Specialized Menu Navigation (16 tests for complete 99 total coverage) should navigate to Horary astrology → Question analysis" name="MENU NAVIGATION INTEGRATION: Complete Menu Tree Validation Additional Specialized Menu Navigation (16 tests for complete 99 total coverage) should navigate to Horary astrology → Question analysis" time="0.058">
      <failure>Error: expect(jest.fn()).toHaveBeenCalledWith(...expected)

Expected: &quot;+menu_test_user&quot;, StringContaining &quot;Please ask your specific question for horary analysis.&quot;

Number of calls: 0
    at Object.toHaveBeenCalledWith (/Users/mohitmendiratta/Projects/bots/w1/astro-whatsapp-bot/tests/e2e/comprehensive-test-suite/comprehensive-menu-navigation.test.js:1523:51)
    at processTicksAndRejections (node:internal/process/task_queues:105:5)</failure>
    </testcase>
    <testcase classname="MENU NAVIGATION INTEGRATION: Complete Menu Tree Validation Additional Specialized Menu Navigation (16 tests for complete 99 total coverage) should navigate to Astrocartography → Jupiter lines" name="MENU NAVIGATION INTEGRATION: Complete Menu Tree Validation Additional Specialized Menu Navigation (16 tests for complete 99 total coverage) should navigate to Astrocartography → Jupiter lines" time="0.055">
      <failure>Error: expect(jest.fn()).toHaveBeenCalledWith(...expected)

Expected: &quot;+menu_test_user&quot;, StringContaining &quot;Showing locations where Jupiter influences your life.&quot;

Number of calls: 0
    at Object.toHaveBeenCalledWith (/Users/mohitmendiratta/Projects/bots/w1/astro-whatsapp-bot/tests/e2e/comprehensive-test-suite/comprehensive-menu-navigation.test.js:1531:51)
    at processTicksAndRejections (node:internal/process/task_queues:105:5)</failure>
    </testcase>
    <testcase classname="MENU NAVIGATION INTEGRATION: Complete Menu Tree Validation Additional Specialized Menu Navigation (16 tests for complete 99 total coverage) should navigate to Career astrology → MC analysis" name="MENU NAVIGATION INTEGRATION: Complete Menu Tree Validation Additional Specialized Menu Navigation (16 tests for complete 99 total coverage) should navigate to Career astrology → MC analysis" time="0.057">
      <failure>Error: expect(jest.fn()).toHaveBeenCalledWith(...expected)

Expected: &quot;+menu_test_user&quot;, StringContaining &quot;Analyzing your MC (Midheaven) for career insights.&quot;

Number of calls: 0
    at Object.toHaveBeenCalledWith (/Users/mohitmendiratta/Projects/bots/w1/astro-whatsapp-bot/tests/e2e/comprehensive-test-suite/comprehensive-menu-navigation.test.js:1539:51)
    at processTicksAndRejections (node:internal/process/task_queues:105:5)</failure>
    </testcase>
    <testcase classname="MENU NAVIGATION INTEGRATION: Complete Menu Tree Validation Additional Specialized Menu Navigation (16 tests for complete 99 total coverage) should navigate to Financial astrology → Venus/Jupiter analysis" name="MENU NAVIGATION INTEGRATION: Complete Menu Tree Validation Additional Specialized Menu Navigation (16 tests for complete 99 total coverage) should navigate to Financial astrology → Venus/Jupiter analysis" time="0.058">
      <failure>Error: expect(jest.fn()).toHaveBeenCalledWith(...expected)

Expected: &quot;+menu_test_user&quot;, StringContaining &quot;Examining your Venus and Jupiter for money attitudes.&quot;

Number of calls: 0
    at Object.toHaveBeenCalledWith (/Users/mohitmendiratta/Projects/bots/w1/astro-whatsapp-bot/tests/e2e/comprehensive-test-suite/comprehensive-menu-navigation.test.js:1547:51)
    at processTicksAndRejections (node:internal/process/task_queues:105:5)</failure>
    </testcase>
    <testcase classname="MENU NAVIGATION INTEGRATION: Complete Menu Tree Validation Additional Specialized Menu Navigation (16 tests for complete 99 total coverage) should navigate to Family astrology → Parent-child dynamics" name="MENU NAVIGATION INTEGRATION: Complete Menu Tree Validation Additional Specialized Menu Navigation (16 tests for complete 99 total coverage) should navigate to Family astrology → Parent-child dynamics" time="0.055">
      <failure>Error: expect(jest.fn()).toHaveBeenCalledWith(...expected)

Expected: &quot;+menu_test_user&quot;, StringContaining &quot;Analyzing 4th and 10th house relationships.&quot;

Number of calls: 0
    at Object.toHaveBeenCalledWith (/Users/mohitmendiratta/Projects/bots/w1/astro-whatsapp-bot/tests/e2e/comprehensive-test-suite/comprehensive-menu-navigation.test.js:1555:51)
    at processTicksAndRejections (node:internal/process/task_queues:105:5)</failure>
    </testcase>
    <testcase classname="MENU NAVIGATION INTEGRATION: Complete Menu Tree Validation Additional Specialized Menu Navigation (16 tests for complete 99 total coverage) should navigate to Nadi astrology → Ancient leaf readings" name="MENU NAVIGATION INTEGRATION: Complete Menu Tree Validation Additional Specialized Menu Navigation (16 tests for complete 99 total coverage) should navigate to Nadi astrology → Ancient leaf readings" time="0.059">
      <failure>Error: expect(jest.fn()).toHaveBeenCalledWith(...expected)

Expected: &quot;+menu_test_user&quot;, StringContaining &quot;Initiating Nadi palm leaf analysis.&quot;

Number of calls: 0
    at Object.toHaveBeenCalledWith (/Users/mohitmendiratta/Projects/bots/w1/astro-whatsapp-bot/tests/e2e/comprehensive-test-suite/comprehensive-menu-navigation.test.js:1563:51)
    at processTicksAndRejections (node:internal/process/task_queues:105:5)</failure>
    </testcase>
    <testcase classname="MENU NAVIGATION INTEGRATION: Complete Menu Tree Validation Additional Specialized Menu Navigation (16 tests for complete 99 total coverage) should navigate to Marketplace → Personalized crystals" name="MENU NAVIGATION INTEGRATION: Complete Menu Tree Validation Additional Specialized Menu Navigation (16 tests for complete 99 total coverage) should navigate to Marketplace → Personalized crystals" time="0.064">
      <failure>Error: expect(jest.fn()).toHaveBeenCalledWith(...expected)

Expected: &quot;+menu_test_user&quot;, StringContaining &quot;Getting crystal recommendations based on your chart.&quot;

Number of calls: 0
    at Object.toHaveBeenCalledWith (/Users/mohitmendiratta/Projects/bots/w1/astro-whatsapp-bot/tests/e2e/comprehensive-test-suite/comprehensive-menu-navigation.test.js:1572:51)
    at processTicksAndRejections (node:internal/process/task_queues:105:5)</failure>
    </testcase>
    <testcase classname="MENU NAVIGATION INTEGRATION: Complete Menu Tree Validation Additional Specialized Menu Navigation (16 tests for complete 99 total coverage) should navigate to Support → Live chat" name="MENU NAVIGATION INTEGRATION: Complete Menu Tree Validation Additional Specialized Menu Navigation (16 tests for complete 99 total coverage) should navigate to Support → Live chat" time="0.057">
      <failure>Error: expect(jest.fn()).toHaveBeenCalledWith(...expected)

Expected: &quot;+menu_test_user&quot;, StringContaining &quot;Opening live chat with an astrologer.&quot;

Number of calls: 0
    at Object.toHaveBeenCalledWith (/Users/mohitmendiratta/Projects/bots/w1/astro-whatsapp-bot/tests/e2e/comprehensive-test-suite/comprehensive-menu-navigation.test.js:1580:51)
    at processTicksAndRejections (node:internal/process/task_queues:105:5)</failure>
    </testcase>
    <testcase classname="MENU NAVIGATION INTEGRATION: Complete Menu Tree Validation Additional Specialized Menu Navigation (16 tests for complete 99 total coverage) should navigate to Language settings → Arabic selection" name="MENU NAVIGATION INTEGRATION: Complete Menu Tree Validation Additional Specialized Menu Navigation (16 tests for complete 99 total coverage) should navigate to Language settings → Arabic selection" time="0.062">
      <failure>Error: expect(jest.fn()).toHaveBeenCalledWith(...expected)

Expected: &quot;+menu_test_user&quot;, StringContaining &quot;Language changed to Arabic.&quot;

Number of calls: 0
    at Object.toHaveBeenCalledWith (/Users/mohitmendiratta/Projects/bots/w1/astro-whatsapp-bot/tests/e2e/comprehensive-test-suite/comprehensive-menu-navigation.test.js:1589:51)
    at processTicksAndRejections (node:internal/process/task_queues:105:5)</failure>
    </testcase>
  </testsuite>
  <testsuite name="COMPREHENSIVE CONVERSATION FLOWS: User Interaction Scenarios (148 tests)" errors="0" failures="20" skipped="0" timestamp="2025-10-28T17:57:41" time="4.891" tests="36">
    <testcase classname="COMPREHENSIVE CONVERSATION FLOWS: User Interaction Scenarios (148 tests) Onboarding Flow (23 tests) handles invalid date formats (abc123 → error message)" name="COMPREHENSIVE CONVERSATION FLOWS: User Interaction Scenarios (148 tests) Onboarding Flow (23 tests) handles invalid date formats (abc123 → error message)" time="0.587">
      <failure>Error: expect(jest.fn()).toHaveBeenCalledWith(...expected)

Expected: &quot;+conversation_test&quot;, StringContaining &quot;Please provide date in DDMMYY or DDMMYYYY format&quot;

Number of calls: 0
    at Object.toHaveBeenCalledWith (/Users/mohitmendiratta/Projects/bots/w1/astro-whatsapp-bot/tests/e2e/comprehensive-test-suite/comprehensive-conversation-flows.test.js:52:51)
    at processTicksAndRejections (node:internal/process/task_queues:105:5)</failure>
    </testcase>
    <testcase classname="COMPREHENSIVE CONVERSATION FLOWS: User Interaction Scenarios (148 tests) Onboarding Flow (23 tests) rejects future dates (31122025 → rejection)" name="COMPREHENSIVE CONVERSATION FLOWS: User Interaction Scenarios (148 tests) Onboarding Flow (23 tests) rejects future dates (31122025 → rejection)" time="0.033">
      <failure>Error: expect(jest.fn()).toHaveBeenCalledWith(...expected)

Expected: &quot;+conversation_test&quot;, StringContaining &quot;Birth date cannot be in the future&quot;

Number of calls: 0
    at Object.toHaveBeenCalledWith (/Users/mohitmendiratta/Projects/bots/w1/astro-whatsapp-bot/tests/e2e/comprehensive-test-suite/comprehensive-conversation-flows.test.js:64:51)
    at processTicksAndRejections (node:internal/process/task_queues:105:5)</failure>
    </testcase>
    <testcase classname="COMPREHENSIVE CONVERSATION FLOWS: User Interaction Scenarios (148 tests) Onboarding Flow (23 tests) auto-corrects malformed date (15/06/90 → 150690) and proceeds" name="COMPREHENSIVE CONVERSATION FLOWS: User Interaction Scenarios (148 tests) Onboarding Flow (23 tests) auto-corrects malformed date (15/06/90 → 150690) and proceeds" time="0.035">
      <failure>Error: expect(jest.fn()).toHaveBeenCalledWith(...expected)

Expected: &quot;+conversation_test&quot;, StringContaining &quot;Now, please provide your birth time&quot;

Number of calls: 0
    at Object.toHaveBeenCalledWith (/Users/mohitmendiratta/Projects/bots/w1/astro-whatsapp-bot/tests/e2e/comprehensive-test-suite/comprehensive-conversation-flows.test.js:78:51)
    at processTicksAndRejections (node:internal/process/task_queues:105:5)</failure>
    </testcase>
    <testcase classname="COMPREHENSIVE CONVERSATION FLOWS: User Interaction Scenarios (148 tests) Onboarding Flow (23 tests) accepts very old valid dates (01011800) and proceeds" name="COMPREHENSIVE CONVERSATION FLOWS: User Interaction Scenarios (148 tests) Onboarding Flow (23 tests) accepts very old valid dates (01011800) and proceeds" time="0.025">
      <failure>Error: expect(jest.fn()).toHaveBeenCalledWith(...expected)

Expected: &quot;+conversation_test&quot;, StringContaining &quot;Now, please provide your birth time&quot;

Number of calls: 0
    at Object.toHaveBeenCalledWith (/Users/mohitmendiratta/Projects/bots/w1/astro-whatsapp-bot/tests/e2e/comprehensive-test-suite/comprehensive-conversation-flows.test.js:95:51)
    at processTicksAndRejections (node:internal/process/task_queues:105:5)</failure>
    </testcase>
    <testcase classname="COMPREHENSIVE CONVERSATION FLOWS: User Interaction Scenarios (148 tests) Onboarding Flow (23 tests) shows error for literal date format text (DDMMYY) and re-prompts" name="COMPREHENSIVE CONVERSATION FLOWS: User Interaction Scenarios (148 tests) Onboarding Flow (23 tests) shows error for literal date format text (DDMMYY) and re-prompts" time="0.024">
      <failure>Error: expect(jest.fn()).toHaveBeenCalledWith(...expected)

Expected: &quot;+conversation_test&quot;, StringContaining &quot;Please provide date in DDMMYY&quot;

Number of calls: 0
    at Object.toHaveBeenCalledWith (/Users/mohitmendiratta/Projects/bots/w1/astro-whatsapp-bot/tests/e2e/comprehensive-test-suite/comprehensive-conversation-flows.test.js:109:51)
    at processTicksAndRejections (node:internal/process/task_queues:105:5)</failure>
    </testcase>
    <testcase classname="COMPREHENSIVE CONVERSATION FLOWS: User Interaction Scenarios (148 tests) Onboarding Flow (23 tests) rejects time in colon format (9:30 → error)" name="COMPREHENSIVE CONVERSATION FLOWS: User Interaction Scenarios (148 tests) Onboarding Flow (23 tests) rejects time in colon format (9:30 → error)" time="0.028">
      <failure>Error: expect(jest.fn()).toHaveBeenCalledWith(...expected)

Expected: &quot;+conversation_test&quot;, StringContaining &quot;Please use 24-hour format without colon: 0930&quot;

Number of calls: 0
    at Object.toHaveBeenCalledWith (/Users/mohitmendiratta/Projects/bots/w1/astro-whatsapp-bot/tests/e2e/comprehensive-test-suite/comprehensive-conversation-flows.test.js:123:51)
    at processTicksAndRejections (node:internal/process/task_queues:105:5)</failure>
    </testcase>
    <testcase classname="COMPREHENSIVE CONVERSATION FLOWS: User Interaction Scenarios (148 tests) Onboarding Flow (23 tests) rejects invalid hour (2530 → validation error)" name="COMPREHENSIVE CONVERSATION FLOWS: User Interaction Scenarios (148 tests) Onboarding Flow (23 tests) rejects invalid hour (2530 → validation error)" time="0.025">
      <failure>Error: expect(jest.fn()).toHaveBeenCalledWith(...expected)

Expected: &quot;+conversation_test&quot;, StringContaining &quot;Hour must be between 00-23&quot;

Number of calls: 0
    at Object.toHaveBeenCalledWith (/Users/mohitmendiratta/Projects/bots/w1/astro-whatsapp-bot/tests/e2e/comprehensive-test-suite/comprehensive-conversation-flows.test.js:137:51)
    at processTicksAndRejections (node:internal/process/task_queues:105:5)</failure>
    </testcase>
    <testcase classname="COMPREHENSIVE CONVERSATION FLOWS: User Interaction Scenarios (148 tests) Onboarding Flow (23 tests) rejects invalid minutes (2460 → validation error)" name="COMPREHENSIVE CONVERSATION FLOWS: User Interaction Scenarios (148 tests) Onboarding Flow (23 tests) rejects invalid minutes (2460 → validation error)" time="0.023">
      <failure>Error: expect(jest.fn()).toHaveBeenCalledWith(...expected)

Expected: &quot;+conversation_test&quot;, StringContaining &quot;Minutes must be between 00-59&quot;

Number of calls: 0
    at Object.toHaveBeenCalledWith (/Users/mohitmendiratta/Projects/bots/w1/astro-whatsapp-bot/tests/e2e/comprehensive-test-suite/comprehensive-conversation-flows.test.js:151:51)
    at processTicksAndRejections (node:internal/process/task_queues:105:5)</failure>
    </testcase>
    <testcase classname="COMPREHENSIVE CONVERSATION FLOWS: User Interaction Scenarios (148 tests) Onboarding Flow (23 tests) auto-formats short time input (930 → 0930) and proceeds" name="COMPREHENSIVE CONVERSATION FLOWS: User Interaction Scenarios (148 tests) Onboarding Flow (23 tests) auto-formats short time input (930 → 0930) and proceeds" time="0.048">
      <failure>Error: expect(jest.fn()).toHaveBeenCalledWith(...expected)

Expected: &quot;+conversation_test&quot;, StringContaining &quot;Please confirm your birth location&quot;

Number of calls: 0
    at Object.toHaveBeenCalledWith (/Users/mohitmendiratta/Projects/bots/w1/astro-whatsapp-bot/tests/e2e/comprehensive-test-suite/comprehensive-conversation-flows.test.js:165:51)
    at processTicksAndRejections (node:internal/process/task_queues:105:5)</failure>
    </testcase>
    <testcase classname="COMPREHENSIVE CONVERSATION FLOWS: User Interaction Scenarios (148 tests) Onboarding Flow (23 tests) recognizes time skip functionality with various capitalizations" name="COMPREHENSIVE CONVERSATION FLOWS: User Interaction Scenarios (148 tests) Onboarding Flow (23 tests) recognizes time skip functionality with various capitalizations" time="0.12">
      <failure>Error: expect(jest.fn()).toHaveBeenCalledWith(...expected)

Expected: &quot;+conversation_test&quot;, StringContaining &quot;Please confirm your birth location&quot;

Number of calls: 0
    at Object.toHaveBeenCalledWith (/Users/mohitmendiratta/Projects/bots/w1/astro-whatsapp-bot/tests/e2e/comprehensive-test-suite/comprehensive-conversation-flows.test.js:180:51)
    at processTicksAndRejections (node:internal/process/task_queues:105:5)</failure>
    </testcase>
    <testcase classname="COMPREHENSIVE CONVERSATION FLOWS: User Interaction Scenarios (148 tests) Onboarding Flow (23 tests) handles geocoding failures gracefully" name="COMPREHENSIVE CONVERSATION FLOWS: User Interaction Scenarios (148 tests) Onboarding Flow (23 tests) handles geocoding failures gracefully" time="0.055">
      <failure>Error: expect(jest.fn()).toHaveBeenCalledWith(...expected)

Expected: &quot;+conversation_test&quot;, StringContaining &quot;Could not find location for \&quot;Atlantis, Pacific\&quot;&quot;

Number of calls: 0
    at Object.toHaveBeenCalledWith (/Users/mohitmendiratta/Projects/bots/w1/astro-whatsapp-bot/tests/e2e/comprehensive-test-suite/comprehensive-conversation-flows.test.js:198:51)
    at processTicksAndRejections (node:internal/process/task_queues:105:5)</failure>
    </testcase>
    <testcase classname="COMPREHENSIVE CONVERSATION FLOWS: User Interaction Scenarios (148 tests) Onboarding Flow (23 tests) accepts timezone calculations for birth location" name="COMPREHENSIVE CONVERSATION FLOWS: User Interaction Scenarios (148 tests) Onboarding Flow (23 tests) accepts timezone calculations for birth location" time="0.031">
      <failure>Error: expect(jest.fn()).toHaveBeenCalledWith(...expected)

Expected: &quot;+conversation_test&quot;, StringContaining &quot;Please confirm your details&quot;

Number of calls: 0
    at Object.toHaveBeenCalledWith (/Users/mohitmendiratta/Projects/bots/w1/astro-whatsapp-bot/tests/e2e/comprehensive-test-suite/comprehensive-conversation-flows.test.js:215:51)
    at processTicksAndRejections (node:internal/process/task_queues:105:5)</failure>
    </testcase>
    <testcase classname="COMPREHENSIVE CONVERSATION FLOWS: User Interaction Scenarios (148 tests) Onboarding Flow (23 tests) handles DST transition in birth time correctly" name="COMPREHENSIVE CONVERSATION FLOWS: User Interaction Scenarios (148 tests) Onboarding Flow (23 tests) handles DST transition in birth time correctly" time="0.029">
      <failure>Error: expect(jest.fn()).toHaveBeenCalledWith(...expected)

Expected: &quot;+conversation_test&quot;, StringContaining &quot;Please confirm your details&quot;

Number of calls: 0
    at Object.toHaveBeenCalledWith (/Users/mohitmendiratta/Projects/bots/w1/astro-whatsapp-bot/tests/e2e/comprehensive-test-suite/comprehensive-conversation-flows.test.js:232:51)
    at processTicksAndRejections (node:internal/process/task_queues:105:5)</failure>
    </testcase>
    <testcase classname="COMPREHENSIVE CONVERSATION FLOWS: User Interaction Scenarios (148 tests) Onboarding Flow (23 tests) validates international location geocoding" name="COMPREHENSIVE CONVERSATION FLOWS: User Interaction Scenarios (148 tests) Onboarding Flow (23 tests) validates international location geocoding" time="0.032">
      <failure>Error: expect(jest.fn()).toHaveBeenCalledWith(...expected)

Expected: &quot;+conversation_test&quot;, StringContaining &quot;Please confirm your details&quot;

Number of calls: 0
    at Object.toHaveBeenCalledWith (/Users/mohitmendiratta/Projects/bots/w1/astro-whatsapp-bot/tests/e2e/comprehensive-test-suite/comprehensive-conversation-flows.test.js:249:51)
    at processTicksAndRejections (node:internal/process/task_queues:105:5)</failure>
    </testcase>
    <testcase classname="COMPREHENSIVE CONVERSATION FLOWS: User Interaction Scenarios (148 tests) Onboarding Flow (23 tests) defaults to English for invalid language codes" name="COMPREHENSIVE CONVERSATION FLOWS: User Interaction Scenarios (148 tests) Onboarding Flow (23 tests) defaults to English for invalid language codes" time="0.015">
      <failure>Error: expect(jest.fn()).toHaveBeenCalledWith(...expected)

Expected: &quot;+conversation_test&quot;, StringContaining &quot;Unsupported language&quot;

Number of calls: 0
    at Object.toHaveBeenCalledWith (/Users/mohitmendiratta/Projects/bots/w1/astro-whatsapp-bot/tests/e2e/comprehensive-test-suite/comprehensive-conversation-flows.test.js:257:51)
    at processTicksAndRejections (node:internal/process/task_queues:105:5)</failure>
    </testcase>
    <testcase classname="COMPREHENSIVE CONVERSATION FLOWS: User Interaction Scenarios (148 tests) Onboarding Flow (23 tests) lists available options for unsupported language" name="COMPREHENSIVE CONVERSATION FLOWS: User Interaction Scenarios (148 tests) Onboarding Flow (23 tests) lists available options for unsupported language" time="0.014">
      <failure>Error: expect(jest.fn()).toHaveBeenCalledWith(...expected)

Expected: &quot;+conversation_test&quot;, StringContaining &quot;Please choose from available options&quot;

Number of calls: 0
    at Object.toHaveBeenCalledWith (/Users/mohitmendiratta/Projects/bots/w1/astro-whatsapp-bot/tests/e2e/comprehensive-test-suite/comprehensive-conversation-flows.test.js:265:51)
    at processTicksAndRejections (node:internal/process/task_queues:105:5)</failure>
    </testcase>
    <testcase classname="COMPREHENSIVE CONVERSATION FLOWS: User Interaction Scenarios (148 tests) Onboarding Flow (23 tests) handles language change mid-flow" name="COMPREHENSIVE CONVERSATION FLOWS: User Interaction Scenarios (148 tests) Onboarding Flow (23 tests) handles language change mid-flow" time="0.026">
      <failure>Error: expect(jest.fn()).toHaveBeenCalledWith(...expected)

Expected: &quot;+conversation_test&quot;, StringContaining &quot;¡Hola! Bienvenido al bot&quot;

Number of calls: 0
    at Object.toHaveBeenCalledWith (/Users/mohitmendiratta/Projects/bots/w1/astro-whatsapp-bot/tests/e2e/comprehensive-test-suite/comprehensive-conversation-flows.test.js:277:51)
    at processTicksAndRejections (node:internal/process/task_queues:105:5)</failure>
    </testcase>
    <testcase classname="COMPREHENSIVE CONVERSATION FLOWS: User Interaction Scenarios (148 tests) Onboarding Flow (23 tests) activates Hindi interface for emoji response" name="COMPREHENSIVE CONVERSATION FLOWS: User Interaction Scenarios (148 tests) Onboarding Flow (23 tests) activates Hindi interface for emoji response" time="0.024">
      <failure>Error: expect(jest.fn()).toHaveBeenCalledWith(...expected)

Expected: &quot;+conversation_test&quot;, StringContaining &quot;नमस्ते! ज्योतिष बॉट&quot;

Number of calls: 0
    at Object.toHaveBeenCalledWith (/Users/mohitmendiratta/Projects/bots/w1/astro-whatsapp-bot/tests/e2e/comprehensive-test-suite/comprehensive-conversation-flows.test.js:289:51)
    at processTicksAndRejections (node:internal/process/task_queues:105:5)</failure>
    </testcase>
    <testcase classname="COMPREHENSIVE CONVERSATION FLOWS: User Interaction Scenarios (148 tests) Onboarding Flow (23 tests) returns to date input when &quot;No&quot; is sent during confirmation" name="COMPREHENSIVE CONVERSATION FLOWS: User Interaction Scenarios (148 tests) Onboarding Flow (23 tests) returns to date input when &quot;No&quot; is sent during confirmation" time="0.047">
      <failure>Error: expect(jest.fn()).toHaveBeenCalledWith(...expected)

Expected: &quot;+conversation_test&quot;, StringContaining &quot;Please re-enter your birth date&quot;

Number of calls: 0
    at Object.toHaveBeenCalledWith (/Users/mohitmendiratta/Projects/bots/w1/astro-whatsapp-bot/tests/e2e/comprehensive-test-suite/comprehensive-conversation-flows.test.js:304:51)
    at processTicksAndRejections (node:internal/process/task_queues:105:5)</failure>
    </testcase>
    <testcase classname="COMPREHENSIVE CONVERSATION FLOWS: User Interaction Scenarios (148 tests) Onboarding Flow (23 tests) restarts complete flow if confirmation attempted with missing data" name="COMPREHENSIVE CONVERSATION FLOWS: User Interaction Scenarios (148 tests) Onboarding Flow (23 tests) restarts complete flow if confirmation attempted with missing data" time="0.055">
      <failure>Error: expect(jest.fn()).toHaveBeenCalledWith(...expected)

Expected: &quot;+conversation_test&quot;, StringContaining &quot;Let&apos;s start over. Please provide your birth date&quot;

Number of calls: 0
    at Object.toHaveBeenCalledWith (/Users/mohitmendiratta/Projects/bots/w1/astro-whatsapp-bot/tests/e2e/comprehensive-test-suite/comprehensive-conversation-flows.test.js:317:51)
    at processTicksAndRejections (node:internal/process/task_queues:105:5)</failure>
    </testcase>
    <testcase classname="COMPREHENSIVE CONVERSATION FLOWS: User Interaction Scenarios (148 tests) Compatibility Analysis Flow (18 tests) allows partner data validation edge cases" name="COMPREHENSIVE CONVERSATION FLOWS: User Interaction Scenarios (148 tests) Compatibility Analysis Flow (18 tests) allows partner data validation edge cases" time="0.006">
    </testcase>
    <testcase classname="COMPREHENSIVE CONVERSATION FLOWS: User Interaction Scenarios (148 tests) Compatibility Analysis Flow (18 tests) handles same-sex partnership compatibility" name="COMPREHENSIVE CONVERSATION FLOWS: User Interaction Scenarios (148 tests) Compatibility Analysis Flow (18 tests) handles same-sex partnership compatibility" time="0.006">
    </testcase>
    <testcase classname="COMPREHENSIVE CONVERSATION FLOWS: User Interaction Scenarios (148 tests) Compatibility Analysis Flow (18 tests) supports multi-partner compatibility checks" name="COMPREHENSIVE CONVERSATION FLOWS: User Interaction Scenarios (148 tests) Compatibility Analysis Flow (18 tests) supports multi-partner compatibility checks" time="0.007">
    </testcase>
    <testcase classname="COMPREHENSIVE CONVERSATION FLOWS: User Interaction Scenarios (148 tests) Compatibility Analysis Flow (18 tests) relationship context variations (romantic vs friendship)" name="COMPREHENSIVE CONVERSATION FLOWS: User Interaction Scenarios (148 tests) Compatibility Analysis Flow (18 tests) relationship context variations (romantic vs friendship)" time="0.006">
    </testcase>
    <testcase classname="COMPREHENSIVE CONVERSATION FLOWS: User Interaction Scenarios (148 tests) Subscription Flow (27 tests) handles payment provider timeouts and failures" name="COMPREHENSIVE CONVERSATION FLOWS: User Interaction Scenarios (148 tests) Subscription Flow (27 tests) handles payment provider timeouts and failures" time="0.009">
    </testcase>
    <testcase classname="COMPREHENSIVE CONVERSATION FLOWS: User Interaction Scenarios (148 tests) Subscription Flow (27 tests) manages subscription state transitions correctly" name="COMPREHENSIVE CONVERSATION FLOWS: User Interaction Scenarios (148 tests) Subscription Flow (27 tests) manages subscription state transitions correctly" time="0.007">
    </testcase>
    <testcase classname="COMPREHENSIVE CONVERSATION FLOWS: User Interaction Scenarios (148 tests) Subscription Flow (27 tests) supports multiple currency handling" name="COMPREHENSIVE CONVERSATION FLOWS: User Interaction Scenarios (148 tests) Subscription Flow (27 tests) supports multiple currency handling" time="0.006">
    </testcase>
    <testcase classname="COMPREHENSIVE CONVERSATION FLOWS: User Interaction Scenarios (148 tests) Numerology Analysis Flow (15 tests) handles special character processing in names" name="COMPREHENSIVE CONVERSATION FLOWS: User Interaction Scenarios (148 tests) Numerology Analysis Flow (15 tests) handles special character processing in names" time="0.006">
    </testcase>
    <testcase classname="COMPREHENSIVE CONVERSATION FLOWS: User Interaction Scenarios (148 tests) Numerology Analysis Flow (15 tests) supports non-English names in numerological calculations" name="COMPREHENSIVE CONVERSATION FLOWS: User Interaction Scenarios (148 tests) Numerology Analysis Flow (15 tests) supports non-English names in numerological calculations" time="0.007">
    </testcase>
    <testcase classname="COMPREHENSIVE CONVERSATION FLOWS: User Interaction Scenarios (148 tests) Numerology Analysis Flow (15 tests) provides Vedic vs Pythagorean numerology differences" name="COMPREHENSIVE CONVERSATION FLOWS: User Interaction Scenarios (148 tests) Numerology Analysis Flow (15 tests) provides Vedic vs Pythagorean numerology differences" time="0.006">
    </testcase>
    <testcase classname="COMPREHENSIVE CONVERSATION FLOWS: User Interaction Scenarios (148 tests) Nadi Astrology Flow (12 tests) validates traditional Nadi leaf authentication methods" name="COMPREHENSIVE CONVERSATION FLOWS: User Interaction Scenarios (148 tests) Nadi Astrology Flow (12 tests) validates traditional Nadi leaf authentication methods" time="0.007">
    </testcase>
    <testcase classname="COMPREHENSIVE CONVERSATION FLOWS: User Interaction Scenarios (148 tests) Nadi Astrology Flow (12 tests) maintains predictability accuracy validation" name="COMPREHENSIVE CONVERSATION FLOWS: User Interaction Scenarios (148 tests) Nadi Astrology Flow (12 tests) maintains predictability accuracy validation" time="0.006">
    </testcase>
    <testcase classname="COMPREHENSIVE CONVERSATION FLOWS: User Interaction Scenarios (148 tests) Chinese Astrology Flow (14 tests) validates Four Pillars completeness according to traditional rules" name="COMPREHENSIVE CONVERSATION FLOWS: User Interaction Scenarios (148 tests) Chinese Astrology Flow (14 tests) validates Four Pillars completeness according to traditional rules" time="0.006">
    </testcase>
    <testcase classname="COMPREHENSIVE CONVERSATION FLOWS: User Interaction Scenarios (148 tests) Chinese Astrology Flow (14 tests) performs seasonal strength calculations for Five Element variations" name="COMPREHENSIVE CONVERSATION FLOWS: User Interaction Scenarios (148 tests) Chinese Astrology Flow (14 tests) performs seasonal strength calculations for Five Element variations" time="0.007">
    </testcase>
    <testcase classname="COMPREHENSIVE CONVERSATION FLOWS: User Interaction Scenarios (148 tests) Group Astrology Flows (39 tests) analyzes multi-generational family chart complexity" name="COMPREHENSIVE CONVERSATION FLOWS: User Interaction Scenarios (148 tests) Group Astrology Flows (39 tests) analyzes multi-generational family chart complexity" time="0.009">
    </testcase>
    <testcase classname="COMPREHENSIVE CONVERSATION FLOWS: User Interaction Scenarios (148 tests) Group Astrology Flows (39 tests) supports business partnership synastry calculations" name="COMPREHENSIVE CONVERSATION FLOWS: User Interaction Scenarios (148 tests) Group Astrology Flows (39 tests) supports business partnership synastry calculations" time="0.006">
    </testcase>
  </testsuite>
  <testsuite name="COMPREHENSIVE REAL-TIME INTEGRATION: API &amp; Database Operations (72 tests)" errors="0" failures="8" skipped="0" timestamp="2025-10-28T17:57:46" time="5.836" tests="71">
    <testcase classname="COMPREHENSIVE REAL-TIME INTEGRATION: API &amp; Database Operations (72 tests) API Failure Recovery (22 tests) handles Google Maps geocoding service failures gracefully" name="COMPREHENSIVE REAL-TIME INTEGRATION: API &amp; Database Operations (72 tests) API Failure Recovery (22 tests) handles Google Maps geocoding service failures gracefully" time="0.838">
      <failure>Error: expect(jest.fn()).toHaveBeenCalledWith(...expected)

Expected: &quot;+integration_test&quot;, StringContaining &quot;Geocoding service temporarily unavailable&quot;

Number of calls: 0
    at Object.toHaveBeenCalledWith (/Users/mohitmendiratta/Projects/bots/w1/astro-whatsapp-bot/tests/e2e/comprehensive-test-suite/comprehensive-real-time-integration.test.js:46:51)
    at processTicksAndRejections (node:internal/process/task_queues:105:5)</failure>
    </testcase>
    <testcase classname="COMPREHENSIVE REAL-TIME INTEGRATION: API &amp; Database Operations (72 tests) API Failure Recovery (22 tests) manages Google Maps API quota exhaustion with fallback" name="COMPREHENSIVE REAL-TIME INTEGRATION: API &amp; Database Operations (72 tests) API Failure Recovery (22 tests) manages Google Maps API quota exhaustion with fallback" time="0.053">
      <failure>Error: expect(jest.fn()).toHaveBeenCalledWith(...expected)

Expected: &quot;+integration_test&quot;, StringContaining &quot;API quota exceeded&quot;

Number of calls: 0
    at Object.toHaveBeenCalledWith (/Users/mohitmendiratta/Projects/bots/w1/astro-whatsapp-bot/tests/e2e/comprehensive-test-suite/comprehensive-real-time-integration.test.js:64:51)
    at processTicksAndRejections (node:internal/process/task_queues:105:5)</failure>
    </testcase>
    <testcase classname="COMPREHENSIVE REAL-TIME INTEGRATION: API &amp; Database Operations (72 tests) API Failure Recovery (22 tests) handles Google Maps API rate limiting correctly" name="COMPREHENSIVE REAL-TIME INTEGRATION: API &amp; Database Operations (72 tests) API Failure Recovery (22 tests) handles Google Maps API rate limiting correctly" time="0.04">
      <failure>Error: expect(jest.fn()).toHaveBeenCalledWith(...expected)

Expected: &quot;+integration_test&quot;, StringContaining &quot;Too many requests&quot;

Number of calls: 0
    at Object.toHaveBeenCalledWith (/Users/mohitmendiratta/Projects/bots/w1/astro-whatsapp-bot/tests/e2e/comprehensive-test-suite/comprehensive-real-time-integration.test.js:82:51)
    at processTicksAndRejections (node:internal/process/task_queues:105:5)</failure>
    </testcase>
    <testcase classname="COMPREHENSIVE REAL-TIME INTEGRATION: API &amp; Database Operations (72 tests) API Failure Recovery (22 tests) manages Mistral AI content filtering violations" name="COMPREHENSIVE REAL-TIME INTEGRATION: API &amp; Database Operations (72 tests) API Failure Recovery (22 tests) manages Mistral AI content filtering violations" time="0.055">
      <failure>Error: expect(jest.fn()).toHaveBeenCalledWith(...expected)

Expected: &quot;+integration_test&quot;, StringContaining &quot;Content generation failed due to filtering&quot;

Number of calls: 0
    at Object.toHaveBeenCalledWith (/Users/mohitmendiratta/Projects/bots/w1/astro-whatsapp-bot/tests/e2e/comprehensive-test-suite/comprehensive-real-time-integration.test.js:102:51)
    at processTicksAndRejections (node:internal/process/task_queues:105:5)</failure>
    </testcase>
    <testcase classname="COMPREHENSIVE REAL-TIME INTEGRATION: API &amp; Database Operations (72 tests) API Failure Recovery (22 tests) handles Mistral AI API timeout gracefully" name="COMPREHENSIVE REAL-TIME INTEGRATION: API &amp; Database Operations (72 tests) API Failure Recovery (22 tests) handles Mistral AI API timeout gracefully" time="0.054">
      <failure>Error: expect(jest.fn()).toHaveBeenCalledWith(...expected)

Expected: &quot;+integration_test&quot;, StringContaining &quot;AI service timeout&quot;

Number of calls: 0
    at Object.toHaveBeenCalledWith (/Users/mohitmendiratta/Projects/bots/w1/astro-whatsapp-bot/tests/e2e/comprehensive-test-suite/comprehensive-real-time-integration.test.js:122:51)
    at processTicksAndRejections (node:internal/process/task_queues:105:5)</failure>
    </testcase>
    <testcase classname="COMPREHENSIVE REAL-TIME INTEGRATION: API &amp; Database Operations (72 tests) API Failure Recovery (22 tests) manages Mistral AI rate limit exceeded scenarios" name="COMPREHENSIVE REAL-TIME INTEGRATION: API &amp; Database Operations (72 tests) API Failure Recovery (22 tests) manages Mistral AI rate limit exceeded scenarios" time="0.195">
      <failure>Error: expect(jest.fn()).toHaveBeenCalledWith(...expected)

Expected: &quot;+integration_test&quot;, StringContaining &quot;AI service rate limit exceeded&quot;

Number of calls: 0
    at Object.toHaveBeenCalledWith (/Users/mohitmendiratta/Projects/bots/w1/astro-whatsapp-bot/tests/e2e/comprehensive-test-suite/comprehensive-real-time-integration.test.js:142:51)
    at processTicksAndRejections (node:internal/process/task_queues:105:5)</failure>
    </testcase>
    <testcase classname="COMPREHENSIVE REAL-TIME INTEGRATION: API &amp; Database Operations (72 tests) API Failure Recovery (22 tests) exponential backoff for Google Maps API failures" name="COMPREHENSIVE REAL-TIME INTEGRATION: API &amp; Database Operations (72 tests) API Failure Recovery (22 tests) exponential backoff for Google Maps API failures" time="0.023">
      <failure>Error: expect(received).toBeGreaterThan(expected)

Expected: &gt; 1
Received:   0
    at Object.toBeGreaterThan (/Users/mohitmendiratta/Projects/bots/w1/astro-whatsapp-bot/tests/e2e/comprehensive-test-suite/comprehensive-real-time-integration.test.js:160:28)
    at processTicksAndRejections (node:internal/process/task_queues:105:5)</failure>
    </testcase>
    <testcase classname="COMPREHENSIVE REAL-TIME INTEGRATION: API &amp; Database Operations (72 tests) API Failure Recovery (22 tests) fallback content generation when AI filters trigger" name="COMPREHENSIVE REAL-TIME INTEGRATION: API &amp; Database Operations (72 tests) API Failure Recovery (22 tests) fallback content generation when AI filters trigger" time="0.007">
    </testcase>
    <testcase classname="COMPREHENSIVE REAL-TIME INTEGRATION: API &amp; Database Operations (72 tests) API Failure Recovery (22 tests) partial API response handling and data reconstruction" name="COMPREHENSIVE REAL-TIME INTEGRATION: API &amp; Database Operations (72 tests) API Failure Recovery (22 tests) partial API response handling and data reconstruction" time="0.007">
    </testcase>
    <testcase classname="COMPREHENSIVE REAL-TIME INTEGRATION: API &amp; Database Operations (72 tests) API Failure Recovery (22 tests) handles network timeout scenarios with retry logic" name="COMPREHENSIVE REAL-TIME INTEGRATION: API &amp; Database Operations (72 tests) API Failure Recovery (22 tests) handles network timeout scenarios with retry logic" time="0.007">
    </testcase>
    <testcase classname="COMPREHENSIVE REAL-TIME INTEGRATION: API &amp; Database Operations (72 tests) API Failure Recovery (22 tests) manages DNS resolution failures for external services" name="COMPREHENSIVE REAL-TIME INTEGRATION: API &amp; Database Operations (72 tests) API Failure Recovery (22 tests) manages DNS resolution failures for external services" time="0.007">
    </testcase>
    <testcase classname="COMPREHENSIVE REAL-TIME INTEGRATION: API &amp; Database Operations (72 tests) API Failure Recovery (22 tests) handles SSL certificate validation failures" name="COMPREHENSIVE REAL-TIME INTEGRATION: API &amp; Database Operations (72 tests) API Failure Recovery (22 tests) handles SSL certificate validation failures" time="0.009">
    </testcase>
    <testcase classname="COMPREHENSIVE REAL-TIME INTEGRATION: API &amp; Database Operations (72 tests) API Failure Recovery (22 tests) manages proxy authentication failures" name="COMPREHENSIVE REAL-TIME INTEGRATION: API &amp; Database Operations (72 tests) API Failure Recovery (22 tests) manages proxy authentication failures" time="0.006">
    </testcase>
    <testcase classname="COMPREHENSIVE REAL-TIME INTEGRATION: API &amp; Database Operations (72 tests) API Failure Recovery (22 tests) handles HTTP status code 5xx server errors" name="COMPREHENSIVE REAL-TIME INTEGRATION: API &amp; Database Operations (72 tests) API Failure Recovery (22 tests) handles HTTP status code 5xx server errors" time="0.007">
    </testcase>
    <testcase classname="COMPREHENSIVE REAL-TIME INTEGRATION: API &amp; Database Operations (72 tests) API Failure Recovery (22 tests) manages HTTP status code 4xx client errors" name="COMPREHENSIVE REAL-TIME INTEGRATION: API &amp; Database Operations (72 tests) API Failure Recovery (22 tests) manages HTTP status code 4xx client errors" time="0.006">
    </testcase>
    <testcase classname="COMPREHENSIVE REAL-TIME INTEGRATION: API &amp; Database Operations (72 tests) API Failure Recovery (22 tests) handles JSON parsing failures from APIs" name="COMPREHENSIVE REAL-TIME INTEGRATION: API &amp; Database Operations (72 tests) API Failure Recovery (22 tests) handles JSON parsing failures from APIs" time="0.007">
    </testcase>
    <testcase classname="COMPREHENSIVE REAL-TIME INTEGRATION: API &amp; Database Operations (72 tests) API Failure Recovery (22 tests) manages API version incompatibility issues" name="COMPREHENSIVE REAL-TIME INTEGRATION: API &amp; Database Operations (72 tests) API Failure Recovery (22 tests) manages API version incompatibility issues" time="0.007">
    </testcase>
    <testcase classname="COMPREHENSIVE REAL-TIME INTEGRATION: API &amp; Database Operations (72 tests) API Failure Recovery (22 tests) handles API authentication token expiration" name="COMPREHENSIVE REAL-TIME INTEGRATION: API &amp; Database Operations (72 tests) API Failure Recovery (22 tests) handles API authentication token expiration" time="0.006">
    </testcase>
    <testcase classname="COMPREHENSIVE REAL-TIME INTEGRATION: API &amp; Database Operations (72 tests) API Failure Recovery (22 tests) manages API parameter validation errors" name="COMPREHENSIVE REAL-TIME INTEGRATION: API &amp; Database Operations (72 tests) API Failure Recovery (22 tests) manages API parameter validation errors" time="0.006">
    </testcase>
    <testcase classname="COMPREHENSIVE REAL-TIME INTEGRATION: API &amp; Database Operations (72 tests) API Failure Recovery (22 tests) handles circuit breaker tripped scenarios" name="COMPREHENSIVE REAL-TIME INTEGRATION: API &amp; Database Operations (72 tests) API Failure Recovery (22 tests) handles circuit breaker tripped scenarios" time="0.006">
    </testcase>
    <testcase classname="COMPREHENSIVE REAL-TIME INTEGRATION: API &amp; Database Operations (72 tests) API Failure Recovery (22 tests) manages API response schema changes" name="COMPREHENSIVE REAL-TIME INTEGRATION: API &amp; Database Operations (72 tests) API Failure Recovery (22 tests) manages API response schema changes" time="0.011">
    </testcase>
    <testcase classname="COMPREHENSIVE REAL-TIME INTEGRATION: API &amp; Database Operations (72 tests) API Failure Recovery (22 tests) handles slow API responses with user notifications" name="COMPREHENSIVE REAL-TIME INTEGRATION: API &amp; Database Operations (72 tests) API Failure Recovery (22 tests) handles slow API responses with user notifications" time="0.007">
    </testcase>
    <testcase classname="COMPREHENSIVE REAL-TIME INTEGRATION: API &amp; Database Operations (72 tests) Database Transaction Integrity (34 tests) handles concurrent user registration conflicts" name="COMPREHENSIVE REAL-TIME INTEGRATION: API &amp; Database Operations (72 tests) Database Transaction Integrity (34 tests) handles concurrent user registration conflicts" time="0.997">
      <failure>AxiosError: Request failed with status code 401
    at settle (/Users/mohitmendiratta/Projects/bots/w1/astro-whatsapp-bot/node_modules/axios/lib/core/settle.js:19:12)
    at IncomingMessage.handleStreamEnd (/Users/mohitmendiratta/Projects/bots/w1/astro-whatsapp-bot/node_modules/axios/lib/adapters/http.js:617:11)
    at IncomingMessage.emit (node:events:520:35)
    at endReadableNT (node:internal/streams/readable:1701:12)
    at processTicksAndRejections (node:internal/process/task_queues:90:21)
    at Axios.request (/Users/mohitmendiratta/Projects/bots/w1/astro-whatsapp-bot/node_modules/axios/lib/core/Axios.js:45:41)
    at processTicksAndRejections (node:internal/process/task_queues:105:5)
    at sendTextMessage (/Users/mohitmendiratta/Projects/bots/w1/astro-whatsapp-bot/src/services/whatsapp/messageSender.js:64:22)
    at sendMessage (/Users/mohitmendiratta/Projects/bots/w1/astro-whatsapp-bot/src/services/whatsapp/messageSender.js:430:18)
    at sendErrorMessage (/Users/mohitmendiratta/Projects/bots/w1/astro-whatsapp-bot/src/services/whatsapp/messageProcessor.js:2499:3)
    at processIncomingMessage (/Users/mohitmendiratta/Projects/bots/w1/astro-whatsapp-bot/src/services/whatsapp/messageProcessor.js:249:5)
    at async Promise.all (index 4)
    at Object.&lt;anonymous&gt; (/Users/mohitmendiratta/Projects/bots/w1/astro-whatsapp-bot/tests/e2e/comprehensive-test-suite/comprehensive-real-time-integration.test.js:239:7)</failure>
    </testcase>
    <testcase classname="COMPREHENSIVE REAL-TIME INTEGRATION: API &amp; Database Operations (72 tests) Database Transaction Integrity (34 tests) manages database connection pool exhaustion" name="COMPREHENSIVE REAL-TIME INTEGRATION: API &amp; Database Operations (72 tests) Database Transaction Integrity (34 tests) manages database connection pool exhaustion" time="0.029">
    </testcase>
    <testcase classname="COMPREHENSIVE REAL-TIME INTEGRATION: API &amp; Database Operations (72 tests) Database Transaction Integrity (34 tests) handles transaction rollback on partial failures" name="COMPREHENSIVE REAL-TIME INTEGRATION: API &amp; Database Operations (72 tests) Database Transaction Integrity (34 tests) handles transaction rollback on partial failures" time="0.016">
    </testcase>
    <testcase classname="COMPREHENSIVE REAL-TIME INTEGRATION: API &amp; Database Operations (72 tests) Database Transaction Integrity (34 tests) manages database index query performance" name="COMPREHENSIVE REAL-TIME INTEGRATION: API &amp; Database Operations (72 tests) Database Transaction Integrity (34 tests) manages database index query performance" time="0.009">
    </testcase>
    <testcase classname="COMPREHENSIVE REAL-TIME INTEGRATION: API &amp; Database Operations (72 tests) Database Transaction Integrity (34 tests) handles MongoDB replica set failover scenarios" name="COMPREHENSIVE REAL-TIME INTEGRATION: API &amp; Database Operations (72 tests) Database Transaction Integrity (34 tests) handles MongoDB replica set failover scenarios" time="0.008">
    </testcase>
    <testcase classname="COMPREHENSIVE REAL-TIME INTEGRATION: API &amp; Database Operations (72 tests) Database Transaction Integrity (34 tests) manages large data operation batch processing" name="COMPREHENSIVE REAL-TIME INTEGRATION: API &amp; Database Operations (72 tests) Database Transaction Integrity (34 tests) manages large data operation batch processing" time="0.008">
    </testcase>
    <testcase classname="COMPREHENSIVE REAL-TIME INTEGRATION: API &amp; Database Operations (72 tests) Database Transaction Integrity (34 tests) handles database read/write replica lag" name="COMPREHENSIVE REAL-TIME INTEGRATION: API &amp; Database Operations (72 tests) Database Transaction Integrity (34 tests) handles database read/write replica lag" time="0.007">
    </testcase>
    <testcase classname="COMPREHENSIVE REAL-TIME INTEGRATION: API &amp; Database Operations (72 tests) Database Transaction Integrity (34 tests) manages schema migration conflicts" name="COMPREHENSIVE REAL-TIME INTEGRATION: API &amp; Database Operations (72 tests) Database Transaction Integrity (34 tests) manages schema migration conflicts" time="0.006">
    </testcase>
    <testcase classname="COMPREHENSIVE REAL-TIME INTEGRATION: API &amp; Database Operations (72 tests) Database Transaction Integrity (34 tests) handles database deadlock situations" name="COMPREHENSIVE REAL-TIME INTEGRATION: API &amp; Database Operations (72 tests) Database Transaction Integrity (34 tests) handles database deadlock situations" time="0.006">
    </testcase>
    <testcase classname="COMPREHENSIVE REAL-TIME INTEGRATION: API &amp; Database Operations (72 tests) Database Transaction Integrity (34 tests) manages memory exhausted query scenarios" name="COMPREHENSIVE REAL-TIME INTEGRATION: API &amp; Database Operations (72 tests) Database Transaction Integrity (34 tests) manages memory exhausted query scenarios" time="0.006">
    </testcase>
    <testcase classname="COMPREHENSIVE REAL-TIME INTEGRATION: API &amp; Database Operations (72 tests) Database Transaction Integrity (34 tests) handles database operational mode switches" name="COMPREHENSIVE REAL-TIME INTEGRATION: API &amp; Database Operations (72 tests) Database Transaction Integrity (34 tests) handles database operational mode switches" time="0.007">
    </testcase>
    <testcase classname="COMPREHENSIVE REAL-TIME INTEGRATION: API &amp; Database Operations (72 tests) Database Transaction Integrity (34 tests) manages archive data restoration failures" name="COMPREHENSIVE REAL-TIME INTEGRATION: API &amp; Database Operations (72 tests) Database Transaction Integrity (34 tests) manages archive data restoration failures" time="0.006">
    </testcase>
    <testcase classname="COMPREHENSIVE REAL-TIME INTEGRATION: API &amp; Database Operations (72 tests) Database Transaction Integrity (34 tests) handles database encryption key rotation" name="COMPREHENSIVE REAL-TIME INTEGRATION: API &amp; Database Operations (72 tests) Database Transaction Integrity (34 tests) handles database encryption key rotation" time="0.006">
    </testcase>
    <testcase classname="COMPREHENSIVE REAL-TIME INTEGRATION: API &amp; Database Operations (72 tests) Database Transaction Integrity (34 tests) manages cross-collection transaction consistency" name="COMPREHENSIVE REAL-TIME INTEGRATION: API &amp; Database Operations (72 tests) Database Transaction Integrity (34 tests) manages cross-collection transaction consistency" time="0.006">
    </testcase>
    <testcase classname="COMPREHENSIVE REAL-TIME INTEGRATION: API &amp; Database Operations (72 tests) Database Transaction Integrity (34 tests) handles database connection string failures" name="COMPREHENSIVE REAL-TIME INTEGRATION: API &amp; Database Operations (72 tests) Database Transaction Integrity (34 tests) handles database connection string failures" time="0.007">
    </testcase>
    <testcase classname="COMPREHENSIVE REAL-TIME INTEGRATION: API &amp; Database Operations (72 tests) Database Transaction Integrity (34 tests) manages document size limit exceeded errors" name="COMPREHENSIVE REAL-TIME INTEGRATION: API &amp; Database Operations (72 tests) Database Transaction Integrity (34 tests) manages document size limit exceeded errors" time="0.006">
    </testcase>
    <testcase classname="COMPREHENSIVE REAL-TIME INTEGRATION: API &amp; Database Operations (72 tests) Database Transaction Integrity (34 tests) handles field name limitations and conflicts" name="COMPREHENSIVE REAL-TIME INTEGRATION: API &amp; Database Operations (72 tests) Database Transaction Integrity (34 tests) handles field name limitations and conflicts" time="0.012">
    </testcase>
    <testcase classname="COMPREHENSIVE REAL-TIME INTEGRATION: API &amp; Database Operations (72 tests) Database Transaction Integrity (34 tests) manages collection naming validation errors" name="COMPREHENSIVE REAL-TIME INTEGRATION: API &amp; Database Operations (72 tests) Database Transaction Integrity (34 tests) manages collection naming validation errors" time="0.007">
    </testcase>
    <testcase classname="COMPREHENSIVE REAL-TIME INTEGRATION: API &amp; Database Operations (72 tests) Database Transaction Integrity (34 tests) handles database collation setting conflicts" name="COMPREHENSIVE REAL-TIME INTEGRATION: API &amp; Database Operations (72 tests) Database Transaction Integrity (34 tests) handles database collation setting conflicts" time="0.007">
    </testcase>
    <testcase classname="COMPREHENSIVE REAL-TIME INTEGRATION: API &amp; Database Operations (72 tests) Database Transaction Integrity (34 tests) manages index key size limit scenarios" name="COMPREHENSIVE REAL-TIME INTEGRATION: API &amp; Database Operations (72 tests) Database Transaction Integrity (34 tests) manages index key size limit scenarios" time="0.006">
    </testcase>
    <testcase classname="COMPREHENSIVE REAL-TIME INTEGRATION: API &amp; Database Operations (72 tests) Database Transaction Integrity (34 tests) handles write concern level failures" name="COMPREHENSIVE REAL-TIME INTEGRATION: API &amp; Database Operations (72 tests) Database Transaction Integrity (34 tests) handles write concern level failures" time="0.007">
    </testcase>
    <testcase classname="COMPREHENSIVE REAL-TIME INTEGRATION: API &amp; Database Operations (72 tests) Database Transaction Integrity (34 tests) manages read preference configuration issues" name="COMPREHENSIVE REAL-TIME INTEGRATION: API &amp; Database Operations (72 tests) Database Transaction Integrity (34 tests) manages read preference configuration issues" time="0.006">
    </testcase>
    <testcase classname="COMPREHENSIVE REAL-TIME INTEGRATION: API &amp; Database Operations (72 tests) Database Transaction Integrity (34 tests) handles cursor timeout scenarios" name="COMPREHENSIVE REAL-TIME INTEGRATION: API &amp; Database Operations (72 tests) Database Transaction Integrity (34 tests) handles cursor timeout scenarios" time="0.006">
    </testcase>
    <testcase classname="COMPREHENSIVE REAL-TIME INTEGRATION: API &amp; Database Operations (72 tests) Database Transaction Integrity (34 tests) manages aggregation pipeline failures" name="COMPREHENSIVE REAL-TIME INTEGRATION: API &amp; Database Operations (72 tests) Database Transaction Integrity (34 tests) manages aggregation pipeline failures" time="0.006">
    </testcase>
    <testcase classname="COMPREHENSIVE REAL-TIME INTEGRATION: API &amp; Database Operations (72 tests) Database Transaction Integrity (34 tests) handles geospatial query validation errors" name="COMPREHENSIVE REAL-TIME INTEGRATION: API &amp; Database Operations (72 tests) Database Transaction Integrity (34 tests) handles geospatial query validation errors" time="0.007">
    </testcase>
    <testcase classname="COMPREHENSIVE REAL-TIME INTEGRATION: API &amp; Database Operations (72 tests) Database Transaction Integrity (34 tests) manages text search index failures" name="COMPREHENSIVE REAL-TIME INTEGRATION: API &amp; Database Operations (72 tests) Database Transaction Integrity (34 tests) manages text search index failures" time="0.006">
    </testcase>
    <testcase classname="COMPREHENSIVE REAL-TIME INTEGRATION: API &amp; Database Operations (72 tests) Database Transaction Integrity (34 tests) handles change stream connection issues" name="COMPREHENSIVE REAL-TIME INTEGRATION: API &amp; Database Operations (72 tests) Database Transaction Integrity (34 tests) handles change stream connection issues" time="0.007">
    </testcase>
    <testcase classname="COMPREHENSIVE REAL-TIME INTEGRATION: API &amp; Database Operations (72 tests) Database Transaction Integrity (34 tests) manages session management conflicts" name="COMPREHENSIVE REAL-TIME INTEGRATION: API &amp; Database Operations (72 tests) Database Transaction Integrity (34 tests) manages session management conflicts" time="0.006">
    </testcase>
    <testcase classname="COMPREHENSIVE REAL-TIME INTEGRATION: API &amp; Database Operations (72 tests) Database Transaction Integrity (34 tests) handles database audit log failures" name="COMPREHENSIVE REAL-TIME INTEGRATION: API &amp; Database Operations (72 tests) Database Transaction Integrity (34 tests) handles database audit log failures" time="0.006">
    </testcase>
    <testcase classname="COMPREHENSIVE REAL-TIME INTEGRATION: API &amp; Database Operations (72 tests) Database Transaction Integrity (34 tests) manages bulk write operation failures" name="COMPREHENSIVE REAL-TIME INTEGRATION: API &amp; Database Operations (72 tests) Database Transaction Integrity (34 tests) manages bulk write operation failures" time="0.007">
    </testcase>
    <testcase classname="COMPREHENSIVE REAL-TIME INTEGRATION: API &amp; Database Operations (72 tests) Database Transaction Integrity (34 tests) handles database maintenance window conflicts" name="COMPREHENSIVE REAL-TIME INTEGRATION: API &amp; Database Operations (72 tests) Database Transaction Integrity (34 tests) handles database maintenance window conflicts" time="0.012">
    </testcase>
    <testcase classname="COMPREHENSIVE REAL-TIME INTEGRATION: API &amp; Database Operations (72 tests) Database Transaction Integrity (34 tests) manages read-only mode operation restrictions" name="COMPREHENSIVE REAL-TIME INTEGRATION: API &amp; Database Operations (72 tests) Database Transaction Integrity (34 tests) manages read-only mode operation restrictions" time="0.011">
    </testcase>
    <testcase classname="COMPREHENSIVE REAL-TIME INTEGRATION: API &amp; Database Operations (72 tests) Database Transaction Integrity (34 tests) handles database diagnostic command failures" name="COMPREHENSIVE REAL-TIME INTEGRATION: API &amp; Database Operations (72 tests) Database Transaction Integrity (34 tests) handles database diagnostic command failures" time="0.008">
    </testcase>
    <testcase classname="COMPREHENSIVE REAL-TIME INTEGRATION: API &amp; Database Operations (72 tests) Real-time Synchronization (16 tests) handles live planetary position calculations" name="COMPREHENSIVE REAL-TIME INTEGRATION: API &amp; Database Operations (72 tests) Real-time Synchronization (16 tests) handles live planetary position calculations" time="0.012">
    </testcase>
    <testcase classname="COMPREHENSIVE REAL-TIME INTEGRATION: API &amp; Database Operations (72 tests) Real-time Synchronization (16 tests) manages ephemeris data synchronization accuracy" name="COMPREHENSIVE REAL-TIME INTEGRATION: API &amp; Database Operations (72 tests) Real-time Synchronization (16 tests) manages ephemeris data synchronization accuracy" time="0.011">
    </testcase>
    <testcase classname="COMPREHENSIVE REAL-TIME INTEGRATION: API &amp; Database Operations (72 tests) Real-time Synchronization (16 tests) handles time-sensitive prediction accuracy" name="COMPREHENSIVE REAL-TIME INTEGRATION: API &amp; Database Operations (72 tests) Real-time Synchronization (16 tests) handles time-sensitive prediction accuracy" time="0.01">
    </testcase>
    <testcase classname="COMPREHENSIVE REAL-TIME INTEGRATION: API &amp; Database Operations (72 tests) Real-time Synchronization (16 tests) manages real-time event scheduling conflicts" name="COMPREHENSIVE REAL-TIME INTEGRATION: API &amp; Database Operations (72 tests) Real-time Synchronization (16 tests) manages real-time event scheduling conflicts" time="0.011">
    </testcase>
    <testcase classname="COMPREHENSIVE REAL-TIME INTEGRATION: API &amp; Database Operations (72 tests) Real-time Synchronization (16 tests) handles live transit calculation caching" name="COMPREHENSIVE REAL-TIME INTEGRATION: API &amp; Database Operations (72 tests) Real-time Synchronization (16 tests) handles live transit calculation caching" time="0.007">
    </testcase>
    <testcase classname="COMPREHENSIVE REAL-TIME INTEGRATION: API &amp; Database Operations (72 tests) Real-time Synchronization (16 tests) manages real-time user preference synchronization" name="COMPREHENSIVE REAL-TIME INTEGRATION: API &amp; Database Operations (72 tests) Real-time Synchronization (16 tests) manages real-time user preference synchronization" time="0.008">
    </testcase>
    <testcase classname="COMPREHENSIVE REAL-TIME INTEGRATION: API &amp; Database Operations (72 tests) Real-time Synchronization (16 tests) handles session state real-time persistence" name="COMPREHENSIVE REAL-TIME INTEGRATION: API &amp; Database Operations (72 tests) Real-time Synchronization (16 tests) handles session state real-time persistence" time="0.011">
    </testcase>
    <testcase classname="COMPREHENSIVE REAL-TIME INTEGRATION: API &amp; Database Operations (72 tests) Real-time Synchronization (16 tests) manages push notification delivery conflicts" name="COMPREHENSIVE REAL-TIME INTEGRATION: API &amp; Database Operations (72 tests) Real-time Synchronization (16 tests) manages push notification delivery conflicts" time="0.008">
    </testcase>
    <testcase classname="COMPREHENSIVE REAL-TIME INTEGRATION: API &amp; Database Operations (72 tests) Real-time Synchronization (16 tests) handles real-time astrology data streaming" name="COMPREHENSIVE REAL-TIME INTEGRATION: API &amp; Database Operations (72 tests) Real-time Synchronization (16 tests) handles real-time astrology data streaming" time="0.007">
    </testcase>
    <testcase classname="COMPREHENSIVE REAL-TIME INTEGRATION: API &amp; Database Operations (72 tests) Real-time Synchronization (16 tests) manages live compatibility result generation" name="COMPREHENSIVE REAL-TIME INTEGRATION: API &amp; Database Operations (72 tests) Real-time Synchronization (16 tests) manages live compatibility result generation" time="0.01">
    </testcase>
    <testcase classname="COMPREHENSIVE REAL-TIME INTEGRATION: API &amp; Database Operations (72 tests) Real-time Synchronization (16 tests) handles real-time prediction updates" name="COMPREHENSIVE REAL-TIME INTEGRATION: API &amp; Database Operations (72 tests) Real-time Synchronization (16 tests) handles real-time prediction updates" time="0.006">
    </testcase>
    <testcase classname="COMPREHENSIVE REAL-TIME INTEGRATION: API &amp; Database Operations (72 tests) Real-time Synchronization (16 tests) manages live horoscope content generation" name="COMPREHENSIVE REAL-TIME INTEGRATION: API &amp; Database Operations (72 tests) Real-time Synchronization (16 tests) manages live horoscope content generation" time="0.008">
    </testcase>
    <testcase classname="COMPREHENSIVE REAL-TIME INTEGRATION: API &amp; Database Operations (72 tests) Real-time Synchronization (16 tests) handles real-time user interaction tracking" name="COMPREHENSIVE REAL-TIME INTEGRATION: API &amp; Database Operations (72 tests) Real-time Synchronization (16 tests) handles real-time user interaction tracking" time="0.01">
    </testcase>
    <testcase classname="COMPREHENSIVE REAL-TIME INTEGRATION: API &amp; Database Operations (72 tests) Real-time Synchronization (16 tests) manages live data broadcasting scenarios" name="COMPREHENSIVE REAL-TIME INTEGRATION: API &amp; Database Operations (72 tests) Real-time Synchronization (16 tests) manages live data broadcasting scenarios" time="0.011">
    </testcase>
    <testcase classname="COMPREHENSIVE REAL-TIME INTEGRATION: API &amp; Database Operations (72 tests) Real-time Synchronization (16 tests) handles real-time analytics data collection" name="COMPREHENSIVE REAL-TIME INTEGRATION: API &amp; Database Operations (72 tests) Real-time Synchronization (16 tests) handles real-time analytics data collection" time="0.007">
    </testcase>
    <testcase classname="COMPREHENSIVE REAL-TIME INTEGRATION: API &amp; Database Operations (72 tests) Real-time Synchronization (16 tests) manages concurrent real-time operation conflicts" name="COMPREHENSIVE REAL-TIME INTEGRATION: API &amp; Database Operations (72 tests) Real-time Synchronization (16 tests) manages concurrent real-time operation conflicts" time="0.01">
    </testcase>
  </testsuite>
  <testsuite name="COMPREHENSIVE ASTROLOGY CALCULATIONS: Birth Charts &amp; Predictions (114 tests)" errors="0" failures="5" skipped="0" timestamp="2025-10-28T17:57:52" time="4.864" tests="37">
    <testcase classname="COMPREHENSIVE ASTROLOGY CALCULATIONS: Birth Charts &amp; Predictions (114 tests) Birth Data Edge Cases (67 tests) calculates chart accurately for exact solstice birth moment" name="COMPREHENSIVE ASTROLOGY CALCULATIONS: Birth Charts &amp; Predictions (114 tests) Birth Data Edge Cases (67 tests) calculates chart accurately for exact solstice birth moment" time="0.657">
      <failure>Error: expect(jest.fn()).toHaveBeenCalledWith(...expected)

Expected: &quot;+calc_test_user&quot;, StringContaining &quot;Calculating your birth chart for the exact moment of the solstice&quot;

Number of calls: 0
    at Object.toHaveBeenCalledWith (/Users/mohitmendiratta/Projects/bots/w1/astro-whatsapp-bot/tests/e2e/comprehensive-test-suite/comprehensive-astrology-calculations.test.js:44:51)
    at processTicksAndRejections (node:internal/process/task_queues:105:5)</failure>
    </testcase>
    <testcase classname="COMPREHENSIVE ASTROLOGY CALCULATIONS: Birth Charts &amp; Predictions (114 tests) Birth Data Edge Cases (67 tests) handles February 29th leap year birth correctly" name="COMPREHENSIVE ASTROLOGY CALCULATIONS: Birth Charts &amp; Predictions (114 tests) Birth Data Edge Cases (67 tests) handles February 29th leap year birth correctly" time="0.069">
      <failure>Error: expect(jest.fn()).toHaveBeenCalledWith(...expected)

Expected: &quot;+calc_test_user&quot;, StringContaining &quot;Calculating your birth chart, correctly accounting for the leap day&quot;

Number of calls: 0
    at Object.toHaveBeenCalledWith (/Users/mohitmendiratta/Projects/bots/w1/astro-whatsapp-bot/tests/e2e/comprehensive-test-suite/comprehensive-astrology-calculations.test.js:60:51)
    at processTicksAndRejections (node:internal/process/task_queues:105:5)</failure>
    </testcase>
    <testcase classname="COMPREHENSIVE ASTROLOGY CALCULATIONS: Birth Charts &amp; Predictions (114 tests) Birth Data Edge Cases (67 tests) handles polar latitude birth calculations" name="COMPREHENSIVE ASTROLOGY CALCULATIONS: Birth Charts &amp; Predictions (114 tests) Birth Data Edge Cases (67 tests) handles polar latitude birth calculations" time="0.052">
    </testcase>
    <testcase classname="COMPREHENSIVE ASTROLOGY CALCULATIONS: Birth Charts &amp; Predictions (114 tests) Birth Data Edge Cases (67 tests) incorporates eclipse energy in birth chart" name="COMPREHENSIVE ASTROLOGY CALCULATIONS: Birth Charts &amp; Predictions (114 tests) Birth Data Edge Cases (67 tests) incorporates eclipse energy in birth chart" time="0.196">
      <failure>Error: expect(jest.fn()).toHaveBeenCalledWith(...expected)

Expected: &quot;+calc_test_user&quot;, StringContaining &quot;eclipse indicates significant planetary influence&quot;

Number of calls: 0
    at Object.toHaveBeenCalledWith (/Users/mohitmendiratta/Projects/bots/w1/astro-whatsapp-bot/tests/e2e/comprehensive-test-suite/comprehensive-astrology-calculations.test.js:86:51)
    at processTicksAndRejections (node:internal/process/task_queues:105:5)</failure>
    </testcase>
    <testcase classname="COMPREHENSIVE ASTROLOGY CALCULATIONS: Birth Charts &amp; Predictions (114 tests) Birth Data Edge Cases (67 tests) calculates accurate midnight boundary charts" name="COMPREHENSIVE ASTROLOGY CALCULATIONS: Birth Charts &amp; Predictions (114 tests) Birth Data Edge Cases (67 tests) calculates accurate midnight boundary charts" time="0.051">
    </testcase>
    <testcase classname="COMPREHENSIVE ASTROLOGY CALCULATIONS: Birth Charts &amp; Predictions (114 tests) Birth Data Edge Cases (67 tests) accurately calculates pre-1900 historical charts" name="COMPREHENSIVE ASTROLOGY CALCULATIONS: Birth Charts &amp; Predictions (114 tests) Birth Data Edge Cases (67 tests) accurately calculates pre-1900 historical charts" time="0.055">
    </testcase>
    <testcase classname="COMPREHENSIVE ASTROLOGY CALCULATIONS: Birth Charts &amp; Predictions (114 tests) Birth Data Edge Cases (67 tests) handles ancient birth date astronomical verification" name="COMPREHENSIVE ASTROLOGY CALCULATIONS: Birth Charts &amp; Predictions (114 tests) Birth Data Edge Cases (67 tests) handles ancient birth date astronomical verification" time="0.049">
    </testcase>
    <testcase classname="COMPREHENSIVE ASTROLOGY CALCULATIONS: Birth Charts &amp; Predictions (114 tests) Birth Data Edge Cases (67 tests) provides future birth predictive calculations" name="COMPREHENSIVE ASTROLOGY CALCULATIONS: Birth Charts &amp; Predictions (114 tests) Birth Data Edge Cases (67 tests) provides future birth predictive calculations" time="0.063">
      <failure>Error: expect(jest.fn()).toHaveBeenCalledWith(...expected)

Expected: &quot;+calc_test_user&quot;, StringContaining &quot;future planetary transits and progressions are calculated accurately&quot;

Number of calls: 0
    at Object.toHaveBeenCalledWith (/Users/mohitmendiratta/Projects/bots/w1/astro-whatsapp-bot/tests/e2e/comprehensive-test-suite/comprehensive-astrology-calculations.test.js:132:51)
    at processTicksAndRejections (node:internal/process/task_queues:105:5)</failure>
    </testcase>
    <testcase classname="COMPREHENSIVE ASTROLOGY CALCULATIONS: Birth Charts &amp; Predictions (114 tests) Birth Data Edge Cases (67 tests) reproduces famous birth charts accurately" name="COMPREHENSIVE ASTROLOGY CALCULATIONS: Birth Charts &amp; Predictions (114 tests) Birth Data Edge Cases (67 tests) reproduces famous birth charts accurately" time="0.057">
      <failure>Error: expect(jest.fn()).toHaveBeenCalledWith(...expected)

Expected: &quot;+calc_test_user&quot;, StringContaining &quot;Michael Jackson&quot;

Number of calls: 0
    at Object.toHaveBeenCalledWith (/Users/mohitmendiratta/Projects/bots/w1/astro-whatsapp-bot/tests/e2e/comprehensive-test-suite/comprehensive-astrology-calculations.test.js:148:51)
    at processTicksAndRejections (node:internal/process/task_queues:105:5)</failure>
    </testcase>
    <testcase classname="COMPREHENSIVE ASTROLOGY CALCULATIONS: Birth Charts &amp; Predictions (114 tests) Birth Data Edge Cases (67 tests) maintains accuracy with seconds-level precision" name="COMPREHENSIVE ASTROLOGY CALCULATIONS: Birth Charts &amp; Predictions (114 tests) Birth Data Edge Cases (67 tests) maintains accuracy with seconds-level precision" time="0.047">
    </testcase>
    <testcase classname="COMPREHENSIVE ASTROLOGY CALCULATIONS: Birth Charts &amp; Predictions (114 tests) Birth Data Edge Cases (67 tests) handles global timezone offset calculations correctly" name="COMPREHENSIVE ASTROLOGY CALCULATIONS: Birth Charts &amp; Predictions (114 tests) Birth Data Edge Cases (67 tests) handles global timezone offset calculations correctly" time="0.048">
    </testcase>
    <testcase classname="COMPREHENSIVE ASTROLOGY CALCULATIONS: Birth Charts &amp; Predictions (114 tests) Birth Data Edge Cases (67 tests) correctly handles DST transition adjustments" name="COMPREHENSIVE ASTROLOGY CALCULATIONS: Birth Charts &amp; Predictions (114 tests) Birth Data Edge Cases (67 tests) correctly handles DST transition adjustments" time="0.043">
    </testcase>
    <testcase classname="COMPREHENSIVE ASTROLOGY CALCULATIONS: Birth Charts &amp; Predictions (114 tests) Birth Data Edge Cases (67 tests) handles extreme latitude polar region calculations" name="COMPREHENSIVE ASTROLOGY CALCULATIONS: Birth Charts &amp; Predictions (114 tests) Birth Data Edge Cases (67 tests) handles extreme latitude polar region calculations" time="0.009">
    </testcase>
    <testcase classname="COMPREHENSIVE ASTROLOGY CALCULATIONS: Birth Charts &amp; Predictions (114 tests) Birth Data Edge Cases (67 tests) processes birth charts for mountains and subterranean locations" name="COMPREHENSIVE ASTROLOGY CALCULATIONS: Birth Charts &amp; Predictions (114 tests) Birth Data Edge Cases (67 tests) processes birth charts for mountains and subterranean locations" time="0.006">
    </testcase>
    <testcase classname="COMPREHENSIVE ASTROLOGY CALCULATIONS: Birth Charts &amp; Predictions (114 tests) Birth Data Edge Cases (67 tests) calculates mobile births for planes/cars with motion" name="COMPREHENSIVE ASTROLOGY CALCULATIONS: Birth Charts &amp; Predictions (114 tests) Birth Data Edge Cases (67 tests) calculates mobile births for planes/cars with motion" time="0.007">
    </testcase>
    <testcase classname="COMPREHENSIVE ASTROLOGY CALCULATIONS: Birth Charts &amp; Predictions (114 tests) Birth Data Edge Cases (67 tests) integrates sacred site spiritual energy factors" name="COMPREHENSIVE ASTROLOGY CALCULATIONS: Birth Charts &amp; Predictions (114 tests) Birth Data Edge Cases (67 tests) integrates sacred site spiritual energy factors" time="0.01">
    </testcase>
    <testcase classname="COMPREHENSIVE ASTROLOGY CALCULATIONS: Birth Charts &amp; Predictions (114 tests) Birth Data Edge Cases (67 tests) incorporates historical battleground karmic influences" name="COMPREHENSIVE ASTROLOGY CALCULATIONS: Birth Charts &amp; Predictions (114 tests) Birth Data Edge Cases (67 tests) incorporates historical battleground karmic influences" time="0.006">
    </testcase>
    <testcase classname="COMPREHENSIVE ASTROLOGY CALCULATIONS: Birth Charts &amp; Predictions (114 tests) Birth Data Edge Cases (67 tests) considers natural disaster environmental energy patterns" name="COMPREHENSIVE ASTROLOGY CALCULATIONS: Birth Charts &amp; Predictions (114 tests) Birth Data Edge Cases (67 tests) considers natural disaster environmental energy patterns" time="0.006">
    </testcase>
    <testcase classname="COMPREHENSIVE ASTROLOGY CALCULATIONS: Birth Charts &amp; Predictions (114 tests) Location-Based Calculations (28 tests) calculates accurately for North Pole coordinates" name="COMPREHENSIVE ASTROLOGY CALCULATIONS: Birth Charts &amp; Predictions (114 tests) Location-Based Calculations (28 tests) calculates accurately for North Pole coordinates" time="0.007">
    </testcase>
    <testcase classname="COMPREHENSIVE ASTROLOGY CALCULATIONS: Birth Charts &amp; Predictions (114 tests) Location-Based Calculations (28 tests) handles Pacific International Dateline transitions" name="COMPREHENSIVE ASTROLOGY CALCULATIONS: Birth Charts &amp; Predictions (114 tests) Location-Based Calculations (28 tests) handles Pacific International Dateline transitions" time="0.006">
    </testcase>
    <testcase classname="COMPREHENSIVE ASTROLOGY CALCULATIONS: Birth Charts &amp; Predictions (114 tests) Location-Based Calculations (28 tests) accounts for mountain peak altitude astronomical corrections" name="COMPREHENSIVE ASTROLOGY CALCULATIONS: Birth Charts &amp; Predictions (114 tests) Location-Based Calculations (28 tests) accounts for mountain peak altitude astronomical corrections" time="0.007">
    </testcase>
    <testcase classname="COMPREHENSIVE ASTROLOGY CALCULATIONS: Birth Charts &amp; Predictions (114 tests) Location-Based Calculations (28 tests) processes subterranean birth location charts" name="COMPREHENSIVE ASTROLOGY CALCULATIONS: Birth Charts &amp; Predictions (114 tests) Location-Based Calculations (28 tests) processes subterranean birth location charts" time="0.006">
    </testcase>
    <testcase classname="COMPREHENSIVE ASTROLOGY CALCULATIONS: Birth Charts &amp; Predictions (114 tests) Location-Based Calculations (28 tests) calculates moving location charts for aircraft/airports" name="COMPREHENSIVE ASTROLOGY CALCULATIONS: Birth Charts &amp; Predictions (114 tests) Location-Based Calculations (28 tests) calculates moving location charts for aircraft/airports" time="0.006">
    </testcase>
    <testcase classname="COMPREHENSIVE ASTROLOGY CALCULATIONS: Birth Charts &amp; Predictions (114 tests) Location-Based Calculations (28 tests) integrates sacred site spiritual geographic energy" name="COMPREHENSIVE ASTROLOGY CALCULATIONS: Birth Charts &amp; Predictions (114 tests) Location-Based Calculations (28 tests) integrates sacred site spiritual geographic energy" time="0.006">
    </testcase>
    <testcase classname="COMPREHENSIVE ASTROLOGY CALCULATIONS: Birth Charts &amp; Predictions (114 tests) Location-Based Calculations (28 tests) incorporates historical karmic energy from battlefields" name="COMPREHENSIVE ASTROLOGY CALCULATIONS: Birth Charts &amp; Predictions (114 tests) Location-Based Calculations (28 tests) incorporates historical karmic energy from battlefields" time="0.007">
    </testcase>
    <testcase classname="COMPREHENSIVE ASTROLOGY CALCULATIONS: Birth Charts &amp; Predictions (114 tests) Location-Based Calculations (28 tests) considers disaster zone environmental energy patterns" name="COMPREHENSIVE ASTROLOGY CALCULATIONS: Birth Charts &amp; Predictions (114 tests) Location-Based Calculations (28 tests) considers disaster zone environmental energy patterns" time="0.006">
    </testcase>
    <testcase classname="COMPREHENSIVE ASTROLOGY CALCULATIONS: Birth Charts &amp; Predictions (114 tests) Location-Based Calculations (28 tests) handles tropical zone eclipse calculations" name="COMPREHENSIVE ASTROLOGY CALCULATIONS: Birth Charts &amp; Predictions (114 tests) Location-Based Calculations (28 tests) handles tropical zone eclipse calculations" time="0.007">
    </testcase>
    <testcase classname="COMPREHENSIVE ASTROLOGY CALCULATIONS: Birth Charts &amp; Predictions (114 tests) Location-Based Calculations (28 tests) processes equatorial region planetary position variations" name="COMPREHENSIVE ASTROLOGY CALCULATIONS: Birth Charts &amp; Predictions (114 tests) Location-Based Calculations (28 tests) processes equatorial region planetary position variations" time="0.007">
    </testcase>
    <testcase classname="COMPREHENSIVE ASTROLOGY CALCULATIONS: Birth Charts &amp; Predictions (114 tests) Planetary Configuration Edges (19 tests) reflects accurate retrograde influence patterns" name="COMPREHENSIVE ASTROLOGY CALCULATIONS: Birth Charts &amp; Predictions (114 tests) Planetary Configuration Edges (19 tests) reflects accurate retrograde influence patterns" time="0.007">
    </testcase>
    <testcase classname="COMPREHENSIVE ASTROLOGY CALCULATIONS: Birth Charts &amp; Predictions (114 tests) Planetary Configuration Edges (19 tests) handles multiple planet conjunction complexity" name="COMPREHENSIVE ASTROLOGY CALCULATIONS: Birth Charts &amp; Predictions (114 tests) Planetary Configuration Edges (19 tests) handles multiple planet conjunction complexity" time="0.007">
    </testcase>
    <testcase classname="COMPREHENSIVE ASTROLOGY CALCULATIONS: Birth Charts &amp; Predictions (114 tests) Planetary Configuration Edges (19 tests) incorporates eclipse energy during planetary birth moments" name="COMPREHENSIVE ASTROLOGY CALCULATIONS: Birth Charts &amp; Predictions (114 tests) Planetary Configuration Edges (19 tests) incorporates eclipse energy during planetary birth moments" time="0.01">
    </testcase>
    <testcase classname="COMPREHENSIVE ASTROLOGY CALCULATIONS: Birth Charts &amp; Predictions (114 tests) Planetary Configuration Edges (19 tests) considers comet visitation astronomical rare event energy" name="COMPREHENSIVE ASTROLOGY CALCULATIONS: Birth Charts &amp; Predictions (114 tests) Planetary Configuration Edges (19 tests) considers comet visitation astronomical rare event energy" time="0.007">
    </testcase>
    <testcase classname="COMPREHENSIVE ASTROLOGY CALCULATIONS: Birth Charts &amp; Predictions (114 tests) Planetary Configuration Edges (19 tests) validates Grand Trine formation harmonious calculations" name="COMPREHENSIVE ASTROLOGY CALCULATIONS: Birth Charts &amp; Predictions (114 tests) Planetary Configuration Edges (19 tests) validates Grand Trine formation harmonious calculations" time="0.006">
    </testcase>
    <testcase classname="COMPREHENSIVE ASTROLOGY CALCULATIONS: Birth Charts &amp; Predictions (114 tests) Planetary Configuration Edges (19 tests) accurately interprets T-Square tension pattern interactions" name="COMPREHENSIVE ASTROLOGY CALCULATIONS: Birth Charts &amp; Predictions (114 tests) Planetary Configuration Edges (19 tests) accurately interprets T-Square tension pattern interactions" time="0.006">
    </testcase>
    <testcase classname="COMPREHENSIVE ASTROLOGY CALCULATIONS: Birth Charts &amp; Predictions (114 tests) Planetary Configuration Edges (19 tests) recognizes Kite formation unique opportunity signatures" name="COMPREHENSIVE ASTROLOGY CALCULATIONS: Birth Charts &amp; Predictions (114 tests) Planetary Configuration Edges (19 tests) recognizes Kite formation unique opportunity signatures" time="0.006">
    </testcase>
    <testcase classname="COMPREHENSIVE ASTROLOGY CALCULATIONS: Birth Charts &amp; Predictions (114 tests) Planetary Configuration Edges (19 tests) analyzes complex aspect web energy flow patterns" name="COMPREHENSIVE ASTROLOGY CALCULATIONS: Birth Charts &amp; Predictions (114 tests) Planetary Configuration Edges (19 tests) analyzes complex aspect web energy flow patterns" time="0.006">
    </testcase>
    <testcase classname="COMPREHENSIVE ASTROLOGY CALCULATIONS: Birth Charts &amp; Predictions (114 tests) Planetary Configuration Edges (19 tests) handles mysterious outer planet transit patterns" name="COMPREHENSIVE ASTROLOGY CALCULATIONS: Birth Charts &amp; Predictions (114 tests) Planetary Configuration Edges (19 tests) handles mysterious outer planet transit patterns" time="0.006">
    </testcase>
  </testsuite>
  <testsuite name="COMPREHENSIVE SECURITY TESTS: Input &amp; Access Control Validation (44 tests)" errors="0" failures="6" skipped="0" timestamp="2025-10-28T17:57:58" time="4.169" tests="44">
    <testcase classname="COMPREHENSIVE SECURITY TESTS: Input &amp; Access Control Validation (44 tests) Input Validation &amp; Sanitization (25 tests) prevents SQL injection through date input sanitization" name="COMPREHENSIVE SECURITY TESTS: Input &amp; Access Control Validation (44 tests) Input Validation &amp; Sanitization (25 tests) prevents SQL injection through date input sanitization" time="0.585">
      <failure>Error: expect(jest.fn()).toHaveBeenCalledWith(...expected)

Expected: &quot;+security_test&quot;, StringContaining &quot;Please provide date in DDMMYY&quot;

Number of calls: 0
    at Object.toHaveBeenCalledWith (/Users/mohitmendiratta/Projects/bots/w1/astro-whatsapp-bot/tests/e2e/comprehensive-test-suite/comprehensive-security.test.js:39:51)
    at processTicksAndRejections (node:internal/process/task_queues:105:5)</failure>
    </testcase>
    <testcase classname="COMPREHENSIVE SECURITY TESTS: Input &amp; Access Control Validation (44 tests) Input Validation &amp; Sanitization (25 tests) sanitizes XSS payloads in location inputs" name="COMPREHENSIVE SECURITY TESTS: Input &amp; Access Control Validation (44 tests) Input Validation &amp; Sanitization (25 tests) sanitizes XSS payloads in location inputs" time="0.074">
    </testcase>
    <testcase classname="COMPREHENSIVE SECURITY TESTS: Input &amp; Access Control Validation (44 tests) Input Validation &amp; Sanitization (25 tests) blocks command injection in geocoding service calls" name="COMPREHENSIVE SECURITY TESTS: Input &amp; Access Control Validation (44 tests) Input Validation &amp; Sanitization (25 tests) blocks command injection in geocoding service calls" time="0.034">
      <failure>Error: expect(jest.fn()).toHaveBeenCalledWith(...expected)

Expected: &quot;+security_test&quot;, StringContaining &quot;Could not find location&quot;

Number of calls: 0
    at Object.toHaveBeenCalledWith (/Users/mohitmendiratta/Projects/bots/w1/astro-whatsapp-bot/tests/e2e/comprehensive-test-suite/comprehensive-security.test.js:76:51)
    at processTicksAndRejections (node:internal/process/task_queues:105:5)</failure>
    </testcase>
    <testcase classname="COMPREHENSIVE SECURITY TESTS: Input &amp; Access Control Validation (44 tests) Input Validation &amp; Sanitization (25 tests) handles buffer overflow attempts in name inputs" name="COMPREHENSIVE SECURITY TESTS: Input &amp; Access Control Validation (44 tests) Input Validation &amp; Sanitization (25 tests) handles buffer overflow attempts in name inputs" time="0.018">
      <failure>Error: expect(jest.fn()).toHaveBeenCalledWith(...expected)

Expected: &quot;+security_test&quot;, StringContaining &quot;Please provide date in DDMMYY&quot;

Number of calls: 0
    at Object.toHaveBeenCalledWith (/Users/mohitmendiratta/Projects/bots/w1/astro-whatsapp-bot/tests/e2e/comprehensive-test-suite/comprehensive-security.test.js:89:51)
    at processTicksAndRejections (node:internal/process/task_queues:105:5)</failure>
    </testcase>
    <testcase classname="COMPREHENSIVE SECURITY TESTS: Input &amp; Access Control Validation (44 tests) Input Validation &amp; Sanitization (25 tests) prevents Unicode attack vectors in user data" name="COMPREHENSIVE SECURITY TESTS: Input &amp; Access Control Validation (44 tests) Input Validation &amp; Sanitization (25 tests) prevents Unicode attack vectors in user data" time="0.016">
      <failure>Error: expect(jest.fn()).toBeCalled()

Expected number of calls: &gt;= 1
Received number of calls:    0
    at Object.toBeCalled (/Users/mohitmendiratta/Projects/bots/w1/astro-whatsapp-bot/tests/e2e/comprehensive-test-suite/comprehensive-security.test.js:111:53)
    at processTicksAndRejections (node:internal/process/task_queues:105:5)</failure>
    </testcase>
    <testcase classname="COMPREHENSIVE SECURITY TESTS: Input &amp; Access Control Validation (44 tests) Input Validation &amp; Sanitization (25 tests) sanitizes control character abuse in messages" name="COMPREHENSIVE SECURITY TESTS: Input &amp; Access Control Validation (44 tests) Input Validation &amp; Sanitization (25 tests) sanitizes control character abuse in messages" time="0.018">
      <failure>Error: expect(jest.fn()).toHaveBeenCalledWith(...expected)

Expected: &quot;+security_test&quot;, StringContaining &quot;Please provide date in DDMMYY&quot;

Number of calls: 0
    at Object.toHaveBeenCalledWith (/Users/mohitmendiratta/Projects/bots/w1/astro-whatsapp-bot/tests/e2e/comprehensive-test-suite/comprehensive-security.test.js:122:51)
    at processTicksAndRejections (node:internal/process/task_queues:105:5)</failure>
    </testcase>
    <testcase classname="COMPREHENSIVE SECURITY TESTS: Input &amp; Access Control Validation (44 tests) Input Validation &amp; Sanitization (25 tests) validates input length limits to prevent memory exhaustion" name="COMPREHENSIVE SECURITY TESTS: Input &amp; Access Control Validation (44 tests) Input Validation &amp; Sanitization (25 tests) validates input length limits to prevent memory exhaustion" time="0.02">
      <failure>Error: expect(jest.fn()).toHaveBeenCalledWith(...expected)

Expected: &quot;+security_test&quot;, StringContaining &quot;Input too long&quot;

Number of calls: 0
    at Object.toHaveBeenCalledWith (/Users/mohitmendiratta/Projects/bots/w1/astro-whatsapp-bot/tests/e2e/comprehensive-test-suite/comprehensive-security.test.js:134:51)
    at processTicksAndRejections (node:internal/process/task_queues:105:5)</failure>
    </testcase>
    <testcase classname="COMPREHENSIVE SECURITY TESTS: Input &amp; Access Control Validation (44 tests) Input Validation &amp; Sanitization (25 tests) prevents path traversal in ephemeris file requests" name="COMPREHENSIVE SECURITY TESTS: Input &amp; Access Control Validation (44 tests) Input Validation &amp; Sanitization (25 tests) prevents path traversal in ephemeris file requests" time="0.018">
    </testcase>
    <testcase classname="COMPREHENSIVE SECURITY TESTS: Input &amp; Access Control Validation (44 tests) Input Validation &amp; Sanitization (25 tests) sanitizes HTML content in message responses" name="COMPREHENSIVE SECURITY TESTS: Input &amp; Access Control Validation (44 tests) Input Validation &amp; Sanitization (25 tests) sanitizes HTML content in message responses" time="0.014">
    </testcase>
    <testcase classname="COMPREHENSIVE SECURITY TESTS: Input &amp; Access Control Validation (44 tests) Input Validation &amp; Sanitization (25 tests) validates email format protection against injection" name="COMPREHENSIVE SECURITY TESTS: Input &amp; Access Control Validation (44 tests) Input Validation &amp; Sanitization (25 tests) validates email format protection against injection" time="0.007">
    </testcase>
    <testcase classname="COMPREHENSIVE SECURITY TESTS: Input &amp; Access Control Validation (44 tests) Input Validation &amp; Sanitization (25 tests) prevents CRLF injection in HTTP headers" name="COMPREHENSIVE SECURITY TESTS: Input &amp; Access Control Validation (44 tests) Input Validation &amp; Sanitization (25 tests) prevents CRLF injection in HTTP headers" time="0.007">
    </testcase>
    <testcase classname="COMPREHENSIVE SECURITY TESTS: Input &amp; Access Control Validation (44 tests) Input Validation &amp; Sanitization (25 tests) sanitizes JSON input from external APIs" name="COMPREHENSIVE SECURITY TESTS: Input &amp; Access Control Validation (44 tests) Input Validation &amp; Sanitization (25 tests) sanitizes JSON input from external APIs" time="0.009">
    </testcase>
    <testcase classname="COMPREHENSIVE SECURITY TESTS: Input &amp; Access Control Validation (44 tests) Input Validation &amp; Sanitization (25 tests) validates URL scheme restrictions for external links" name="COMPREHENSIVE SECURITY TESTS: Input &amp; Access Control Validation (44 tests) Input Validation &amp; Sanitization (25 tests) validates URL scheme restrictions for external links" time="0.007">
    </testcase>
    <testcase classname="COMPREHENSIVE SECURITY TESTS: Input &amp; Access Control Validation (44 tests) Input Validation &amp; Sanitization (25 tests) prevents directory listing through file path inputs" name="COMPREHENSIVE SECURITY TESTS: Input &amp; Access Control Validation (44 tests) Input Validation &amp; Sanitization (25 tests) prevents directory listing through file path inputs" time="0.007">
    </testcase>
    <testcase classname="COMPREHENSIVE SECURITY TESTS: Input &amp; Access Control Validation (44 tests) Input Validation &amp; Sanitization (25 tests) handles integer overflow in numerical calculations" name="COMPREHENSIVE SECURITY TESTS: Input &amp; Access Control Validation (44 tests) Input Validation &amp; Sanitization (25 tests) handles integer overflow in numerical calculations" time="0.007">
    </testcase>
    <testcase classname="COMPREHENSIVE SECURITY TESTS: Input &amp; Access Control Validation (44 tests) Input Validation &amp; Sanitization (25 tests) validates timezone offset ranges to prevent abuse" name="COMPREHENSIVE SECURITY TESTS: Input &amp; Access Control Validation (44 tests) Input Validation &amp; Sanitization (25 tests) validates timezone offset ranges to prevent abuse" time="0.006">
    </testcase>
    <testcase classname="COMPREHENSIVE SECURITY TESTS: Input &amp; Access Control Validation (44 tests) Input Validation &amp; Sanitization (25 tests) prevents symlink following in file operations" name="COMPREHENSIVE SECURITY TESTS: Input &amp; Access Control Validation (44 tests) Input Validation &amp; Sanitization (25 tests) prevents symlink following in file operations" time="0.007">
    </testcase>
    <testcase classname="COMPREHENSIVE SECURITY TESTS: Input &amp; Access Control Validation (44 tests) Input Validation &amp; Sanitization (25 tests) sanitizes CSV data from external sources" name="COMPREHENSIVE SECURITY TESTS: Input &amp; Access Control Validation (44 tests) Input Validation &amp; Sanitization (25 tests) sanitizes CSV data from external sources" time="0.01">
    </testcase>
    <testcase classname="COMPREHENSIVE SECURITY TESTS: Input &amp; Access Control Validation (44 tests) Input Validation &amp; Sanitization (25 tests) validates XML input for XXE attack prevention" name="COMPREHENSIVE SECURITY TESTS: Input &amp; Access Control Validation (44 tests) Input Validation &amp; Sanitization (25 tests) validates XML input for XXE attack prevention" time="0.01">
    </testcase>
    <testcase classname="COMPREHENSIVE SECURITY TESTS: Input &amp; Access Control Validation (44 tests) Input Validation &amp; Sanitization (25 tests) handles floating point precision errors in calculations" name="COMPREHENSIVE SECURITY TESTS: Input &amp; Access Control Validation (44 tests) Input Validation &amp; Sanitization (25 tests) handles floating point precision errors in calculations" time="0.006">
    </testcase>
    <testcase classname="COMPREHENSIVE SECURITY TESTS: Input &amp; Access Control Validation (44 tests) Input Validation &amp; Sanitization (25 tests) prevents race conditions in concurrent user operations" name="COMPREHENSIVE SECURITY TESTS: Input &amp; Access Control Validation (44 tests) Input Validation &amp; Sanitization (25 tests) prevents race conditions in concurrent user operations" time="0.007">
    </testcase>
    <testcase classname="COMPREHENSIVE SECURITY TESTS: Input &amp; Access Control Validation (44 tests) Input Validation &amp; Sanitization (25 tests) validates regular expression input patterns" name="COMPREHENSIVE SECURITY TESTS: Input &amp; Access Control Validation (44 tests) Input Validation &amp; Sanitization (25 tests) validates regular expression input patterns" time="0.007">
    </testcase>
    <testcase classname="COMPREHENSIVE SECURITY TESTS: Input &amp; Access Control Validation (44 tests) Input Validation &amp; Sanitization (25 tests) prevents infinite loops in input processing" name="COMPREHENSIVE SECURITY TESTS: Input &amp; Access Control Validation (44 tests) Input Validation &amp; Sanitization (25 tests) prevents infinite loops in input processing" time="0.006">
    </testcase>
    <testcase classname="COMPREHENSIVE SECURITY TESTS: Input &amp; Access Control Validation (44 tests) Input Validation &amp; Sanitization (25 tests) sanitizes error messages to prevent information leakage" name="COMPREHENSIVE SECURITY TESTS: Input &amp; Access Control Validation (44 tests) Input Validation &amp; Sanitization (25 tests) sanitizes error messages to prevent information leakage" time="0.007">
    </testcase>
    <testcase classname="COMPREHENSIVE SECURITY TESTS: Input &amp; Access Control Validation (44 tests) Input Validation &amp; Sanitization (25 tests) handles memory pressure from large input processing" name="COMPREHENSIVE SECURITY TESTS: Input &amp; Access Control Validation (44 tests) Input Validation &amp; Sanitization (25 tests) handles memory pressure from large input processing" time="0.007">
    </testcase>
    <testcase classname="COMPREHENSIVE SECURITY TESTS: Input &amp; Access Control Validation (44 tests) Authentication &amp; Authorization (19 tests) prevents session fixation through proper session ID regeneration" name="COMPREHENSIVE SECURITY TESTS: Input &amp; Access Control Validation (44 tests) Authentication &amp; Authorization (19 tests) prevents session fixation through proper session ID regeneration" time="0.006">
    </testcase>
    <testcase classname="COMPREHENSIVE SECURITY TESTS: Input &amp; Access Control Validation (44 tests) Authentication &amp; Authorization (19 tests) enforces session timeout limits for inactive users" name="COMPREHENSIVE SECURITY TESTS: Input &amp; Access Control Validation (44 tests) Authentication &amp; Authorization (19 tests) enforces session timeout limits for inactive users" time="0.006">
    </testcase>
    <testcase classname="COMPREHENSIVE SECURITY TESTS: Input &amp; Access Control Validation (44 tests) Authentication &amp; Authorization (19 tests) limits concurrent sessions per user account" name="COMPREHENSIVE SECURITY TESTS: Input &amp; Access Control Validation (44 tests) Authentication &amp; Authorization (19 tests) limits concurrent sessions per user account" time="0.007">
    </testcase>
    <testcase classname="COMPREHENSIVE SECURITY TESTS: Input &amp; Access Control Validation (44 tests) Authentication &amp; Authorization (19 tests) validates request origin to prevent hijacking" name="COMPREHENSIVE SECURITY TESTS: Input &amp; Access Control Validation (44 tests) Authentication &amp; Authorization (19 tests) validates request origin to prevent hijacking" time="0.007">
    </testcase>
    <testcase classname="COMPREHENSIVE SECURITY TESTS: Input &amp; Access Control Validation (44 tests) Authentication &amp; Authorization (19 tests) prevents session hijacking through secure session handling" name="COMPREHENSIVE SECURITY TESTS: Input &amp; Access Control Validation (44 tests) Authentication &amp; Authorization (19 tests) prevents session hijacking through secure session handling" time="0.007">
    </testcase>
    <testcase classname="COMPREHENSIVE SECURITY TESTS: Input &amp; Access Control Validation (44 tests) Authentication &amp; Authorization (19 tests) enforces password complexity for authenticated users" name="COMPREHENSIVE SECURITY TESTS: Input &amp; Access Control Validation (44 tests) Authentication &amp; Authorization (19 tests) enforces password complexity for authenticated users" time="0.006">
    </testcase>
    <testcase classname="COMPREHENSIVE SECURITY TESTS: Input &amp; Access Control Validation (44 tests) Authentication &amp; Authorization (19 tests) validates two-factor authentication integration" name="COMPREHENSIVE SECURITY TESTS: Input &amp; Access Control Validation (44 tests) Authentication &amp; Authorization (19 tests) validates two-factor authentication integration" time="0.007">
    </testcase>
    <testcase classname="COMPREHENSIVE SECURITY TESTS: Input &amp; Access Control Validation (44 tests) Authentication &amp; Authorization (19 tests) handles account lockout after failed login attempts" name="COMPREHENSIVE SECURITY TESTS: Input &amp; Access Control Validation (44 tests) Authentication &amp; Authorization (19 tests) handles account lockout after failed login attempts" time="0.007">
    </testcase>
    <testcase classname="COMPREHENSIVE SECURITY TESTS: Input &amp; Access Control Validation (44 tests) Authentication &amp; Authorization (19 tests) prevents brute force attacks on user accounts" name="COMPREHENSIVE SECURITY TESTS: Input &amp; Access Control Validation (44 tests) Authentication &amp; Authorization (19 tests) prevents brute force attacks on user accounts" time="0.01">
    </testcase>
    <testcase classname="COMPREHENSIVE SECURITY TESTS: Input &amp; Access Control Validation (44 tests) Authentication &amp; Authorization (19 tests) validates API key security for external services" name="COMPREHENSIVE SECURITY TESTS: Input &amp; Access Control Validation (44 tests) Authentication &amp; Authorization (19 tests) validates API key security for external services" time="0.006">
    </testcase>
    <testcase classname="COMPREHENSIVE SECURITY TESTS: Input &amp; Access Control Validation (44 tests) Authentication &amp; Authorization (19 tests) handles secure token expiration and refresh" name="COMPREHENSIVE SECURITY TESTS: Input &amp; Access Control Validation (44 tests) Authentication &amp; Authorization (19 tests) handles secure token expiration and refresh" time="0.007">
    </testcase>
    <testcase classname="COMPREHENSIVE SECURITY TESTS: Input &amp; Access Control Validation (44 tests) Authentication &amp; Authorization (19 tests) prevents unauthorized access to premium features" name="COMPREHENSIVE SECURITY TESTS: Input &amp; Access Control Validation (44 tests) Authentication &amp; Authorization (19 tests) prevents unauthorized access to premium features" time="0.006">
    </testcase>
    <testcase classname="COMPREHENSIVE SECURITY TESTS: Input &amp; Access Control Validation (44 tests) Authentication &amp; Authorization (19 tests) validates role-based permission systems" name="COMPREHENSIVE SECURITY TESTS: Input &amp; Access Control Validation (44 tests) Authentication &amp; Authorization (19 tests) validates role-based permission systems" time="0.007">
    </testcase>
    <testcase classname="COMPREHENSIVE SECURITY TESTS: Input &amp; Access Control Validation (44 tests) Authentication &amp; Authorization (19 tests) handles secure logout and session cleanup" name="COMPREHENSIVE SECURITY TESTS: Input &amp; Access Control Validation (44 tests) Authentication &amp; Authorization (19 tests) handles secure logout and session cleanup" time="0.007">
    </testcase>
    <testcase classname="COMPREHENSIVE SECURITY TESTS: Input &amp; Access Control Validation (44 tests) Authentication &amp; Authorization (19 tests) prevents privilege escalation through parameter manipulation" name="COMPREHENSIVE SECURITY TESTS: Input &amp; Access Control Validation (44 tests) Authentication &amp; Authorization (19 tests) prevents privilege escalation through parameter manipulation" time="0.006">
    </testcase>
    <testcase classname="COMPREHENSIVE SECURITY TESTS: Input &amp; Access Control Validation (44 tests) Authentication &amp; Authorization (19 tests) validates cross-site request forgery protections" name="COMPREHENSIVE SECURITY TESTS: Input &amp; Access Control Validation (44 tests) Authentication &amp; Authorization (19 tests) validates cross-site request forgery protections" time="0.007">
    </testcase>
    <testcase classname="COMPREHENSIVE SECURITY TESTS: Input &amp; Access Control Validation (44 tests) Authentication &amp; Authorization (19 tests) handles secure password reset workflows" name="COMPREHENSIVE SECURITY TESTS: Input &amp; Access Control Validation (44 tests) Authentication &amp; Authorization (19 tests) handles secure password reset workflows" time="0.008">
    </testcase>
    <testcase classname="COMPREHENSIVE SECURITY TESTS: Input &amp; Access Control Validation (44 tests) Authentication &amp; Authorization (19 tests) prevents clickjacking through frame options" name="COMPREHENSIVE SECURITY TESTS: Input &amp; Access Control Validation (44 tests) Authentication &amp; Authorization (19 tests) prevents clickjacking through frame options" time="0.007">
    </testcase>
    <testcase classname="COMPREHENSIVE SECURITY TESTS: Input &amp; Access Control Validation (44 tests) Authentication &amp; Authorization (19 tests) validates secure headers implementation" name="COMPREHENSIVE SECURITY TESTS: Input &amp; Access Control Validation (44 tests) Authentication &amp; Authorization (19 tests) validates secure headers implementation" time="0.007">
    </testcase>
  </testsuite>
  <testsuite name="COMPREHENSIVE USER EXPERIENCE: Language &amp; Accessibility Testing (51 tests)" errors="0" failures="4" skipped="0" timestamp="2025-10-28T17:58:02" time="4.013" tests="53">
    <testcase classname="COMPREHENSIVE USER EXPERIENCE: Language &amp; Accessibility Testing (51 tests) Multi-Language Support (33 tests) defaults to English for invalid language codes" name="COMPREHENSIVE USER EXPERIENCE: Language &amp; Accessibility Testing (51 tests) Multi-Language Support (33 tests) defaults to English for invalid language codes" time="0.619">
      <failure>Error: expect(jest.fn()).toHaveBeenCalledWith(...expected)

Expected: &quot;+ux_test&quot;, StringContaining &quot;Unsupported language&quot;

Number of calls: 0
    at Object.toHaveBeenCalledWith (/Users/mohitmendiratta/Projects/bots/w1/astro-whatsapp-bot/tests/e2e/comprehensive-test-suite/comprehensive-user-experience.test.js:37:51)
    at processTicksAndRejections (node:internal/process/task_queues:105:5)</failure>
    </testcase>
    <testcase classname="COMPREHENSIVE USER EXPERIENCE: Language &amp; Accessibility Testing (51 tests) Multi-Language Support (33 tests) lists available options for unsupported Klingon language" name="COMPREHENSIVE USER EXPERIENCE: Language &amp; Accessibility Testing (51 tests) Multi-Language Support (33 tests) lists available options for unsupported Klingon language" time="0.034">
      <failure>Error: expect(jest.fn()).toHaveBeenCalledWith(...expected)

Expected: &quot;+ux_test&quot;, StringContaining &quot;Please choose from available options&quot;

Number of calls: 0
    at Object.toHaveBeenCalledWith (/Users/mohitmendiratta/Projects/bots/w1/astro-whatsapp-bot/tests/e2e/comprehensive-test-suite/comprehensive-user-experience.test.js:47:51)
    at processTicksAndRejections (node:internal/process/task_queues:105:5)</failure>
    </testcase>
    <testcase classname="COMPREHENSIVE USER EXPERIENCE: Language &amp; Accessibility Testing (51 tests) Multi-Language Support (33 tests) handles Spanish language switching mid-flow" name="COMPREHENSIVE USER EXPERIENCE: Language &amp; Accessibility Testing (51 tests) Multi-Language Support (33 tests) handles Spanish language switching mid-flow" time="0.034">
      <failure>Error: expect(jest.fn()).toHaveBeenCalledWith(...expected)

Expected: &quot;+ux_test&quot;, StringContaining &quot;¡Hola! Bienvenido al bot&quot;

Number of calls: 0
    at Object.toHaveBeenCalledWith (/Users/mohitmendiratta/Projects/bots/w1/astro-whatsapp-bot/tests/e2e/comprehensive-test-suite/comprehensive-user-experience.test.js:60:51)
    at processTicksAndRejections (node:internal/process/task_queues:105:5)</failure>
    </testcase>
    <testcase classname="COMPREHENSIVE USER EXPERIENCE: Language &amp; Accessibility Testing (51 tests) Multi-Language Support (33 tests) activates Hindi interface with emoji flag input" name="COMPREHENSIVE USER EXPERIENCE: Language &amp; Accessibility Testing (51 tests) Multi-Language Support (33 tests) activates Hindi interface with emoji flag input" time="0.016">
      <failure>Error: expect(jest.fn()).toHaveBeenCalledWith(...expected)

Expected: &quot;+ux_test&quot;, StringContaining &quot;नमस्ते! ज्योतिष बॉट&quot;

Number of calls: 0
    at Object.toHaveBeenCalledWith (/Users/mohitmendiratta/Projects/bots/w1/astro-whatsapp-bot/tests/e2e/comprehensive-test-suite/comprehensive-user-experience.test.js:70:51)
    at processTicksAndRejections (node:internal/process/task_queues:105:5)</failure>
    </testcase>
    <testcase classname="COMPREHENSIVE USER EXPERIENCE: Language &amp; Accessibility Testing (51 tests) Multi-Language Support (33 tests) translates date input validation messages in Spanish" name="COMPREHENSIVE USER EXPERIENCE: Language &amp; Accessibility Testing (51 tests) Multi-Language Support (33 tests) translates date input validation messages in Spanish" time="0.012">
    </testcase>
    <testcase classname="COMPREHENSIVE USER EXPERIENCE: Language &amp; Accessibility Testing (51 tests) Multi-Language Support (33 tests) handles Arabic right-to-left text display correctly" name="COMPREHENSIVE USER EXPERIENCE: Language &amp; Accessibility Testing (51 tests) Multi-Language Support (33 tests) handles Arabic right-to-left text display correctly" time="0.008">
    </testcase>
    <testcase classname="COMPREHENSIVE USER EXPERIENCE: Language &amp; Accessibility Testing (51 tests) Multi-Language Support (33 tests) translates time validation errors in Hindi" name="COMPREHENSIVE USER EXPERIENCE: Language &amp; Accessibility Testing (51 tests) Multi-Language Support (33 tests) translates time validation errors in Hindi" time="0.007">
    </testcase>
    <testcase classname="COMPREHENSIVE USER EXPERIENCE: Language &amp; Accessibility Testing (51 tests) Multi-Language Support (33 tests) manages language persistence across user sessions" name="COMPREHENSIVE USER EXPERIENCE: Language &amp; Accessibility Testing (51 tests) Multi-Language Support (33 tests) manages language persistence across user sessions" time="0.007">
    </testcase>
    <testcase classname="COMPREHENSIVE USER EXPERIENCE: Language &amp; Accessibility Testing (51 tests) Multi-Language Support (33 tests) handles language switching during onboarding flow" name="COMPREHENSIVE USER EXPERIENCE: Language &amp; Accessibility Testing (51 tests) Multi-Language Support (33 tests) handles language switching during onboarding flow" time="0.006">
    </testcase>
    <testcase classname="COMPREHENSIVE USER EXPERIENCE: Language &amp; Accessibility Testing (51 tests) Multi-Language Support (33 tests) provides consistent terminology in Malayalam" name="COMPREHENSIVE USER EXPERIENCE: Language &amp; Accessibility Testing (51 tests) Multi-Language Support (33 tests) provides consistent terminology in Malayalam" time="0.007">
    </testcase>
    <testcase classname="COMPREHENSIVE USER EXPERIENCE: Language &amp; Accessibility Testing (51 tests) Multi-Language Support (33 tests) supports Telugu astrological term translations" name="COMPREHENSIVE USER EXPERIENCE: Language &amp; Accessibility Testing (51 tests) Multi-Language Support (33 tests) supports Telugu astrological term translations" time="0.006">
    </testcase>
    <testcase classname="COMPREHENSIVE USER EXPERIENCE: Language &amp; Accessibility Testing (51 tests) Multi-Language Support (33 tests) validates Tamil interface character encoding" name="COMPREHENSIVE USER EXPERIENCE: Language &amp; Accessibility Testing (51 tests) Multi-Language Support (33 tests) validates Tamil interface character encoding" time="0.007">
    </testcase>
    <testcase classname="COMPREHENSIVE USER EXPERIENCE: Language &amp; Accessibility Testing (51 tests) Multi-Language Support (33 tests) translations preserve cultural context in Kannada" name="COMPREHENSIVE USER EXPERIENCE: Language &amp; Accessibility Testing (51 tests) Multi-Language Support (33 tests) translations preserve cultural context in Kannada" time="0.007">
    </testcase>
    <testcase classname="COMPREHENSIVE USER EXPERIENCE: Language &amp; Accessibility Testing (51 tests) Multi-Language Support (33 tests) language resources load correctly for Gujarati users" name="COMPREHENSIVE USER EXPERIENCE: Language &amp; Accessibility Testing (51 tests) Multi-Language Support (33 tests) language resources load correctly for Gujarati users" time="0.006">
    </testcase>
    <testcase classname="COMPREHENSIVE USER EXPERIENCE: Language &amp; Accessibility Testing (51 tests) Multi-Language Support (33 tests) processes Marathi date format variations" name="COMPREHENSIVE USER EXPERIENCE: Language &amp; Accessibility Testing (51 tests) Multi-Language Support (33 tests) processes Marathi date format variations" time="0.006">
    </testcase>
    <testcase classname="COMPREHENSIVE USER EXPERIENCE: Language &amp; Accessibility Testing (51 tests) Multi-Language Support (33 tests) handles Bengali script complex character combinations" name="COMPREHENSIVE USER EXPERIENCE: Language &amp; Accessibility Testing (51 tests) Multi-Language Support (33 tests) handles Bengali script complex character combinations" time="0.007">
    </testcase>
    <testcase classname="COMPREHENSIVE USER EXPERIENCE: Language &amp; Accessibility Testing (51 tests) Multi-Language Support (33 tests) linguistically validates Punjabi greeting responses" name="COMPREHENSIVE USER EXPERIENCE: Language &amp; Accessibility Testing (51 tests) Multi-Language Support (33 tests) linguistically validates Punjabi greeting responses" time="0.006">
    </testcase>
    <testcase classname="COMPREHENSIVE USER EXPERIENCE: Language &amp; Accessibility Testing (51 tests) Multi-Language Support (33 tests) persists Urdu text direction preferences" name="COMPREHENSIVE USER EXPERIENCE: Language &amp; Accessibility Testing (51 tests) Multi-Language Support (33 tests) persists Urdu text direction preferences" time="0.006">
    </testcase>
    <testcase classname="COMPREHENSIVE USER EXPERIENCE: Language &amp; Accessibility Testing (51 tests) Multi-Language Support (33 tests) validates Tagalog celestial terminology accuracy" name="COMPREHENSIVE USER EXPERIENCE: Language &amp; Accessibility Testing (51 tests) Multi-Language Support (33 tests) validates Tagalog celestial terminology accuracy" time="0.011">
    </testcase>
    <testcase classname="COMPREHENSIVE USER EXPERIENCE: Language &amp; Accessibility Testing (51 tests) Multi-Language Support (33 tests) handles Malay zodiac concept adaptations" name="COMPREHENSIVE USER EXPERIENCE: Language &amp; Accessibility Testing (51 tests) Multi-Language Support (33 tests) handles Malay zodiac concept adaptations" time="0.007">
    </testcase>
    <testcase classname="COMPREHENSIVE USER EXPERIENCE: Language &amp; Accessibility Testing (51 tests) Multi-Language Support (33 tests) validates Indonesian cultural astrology interpretations" name="COMPREHENSIVE USER EXPERIENCE: Language &amp; Accessibility Testing (51 tests) Multi-Language Support (33 tests) validates Indonesian cultural astrology interpretations" time="0.007">
    </testcase>
    <testcase classname="COMPREHENSIVE USER EXPERIENCE: Language &amp; Accessibility Testing (51 tests) Multi-Language Support (33 tests) defaults to English when language server is unavailable" name="COMPREHENSIVE USER EXPERIENCE: Language &amp; Accessibility Testing (51 tests) Multi-Language Support (33 tests) defaults to English when language server is unavailable" time="0.006">
    </testcase>
    <testcase classname="COMPREHENSIVE USER EXPERIENCE: Language &amp; Accessibility Testing (51 tests) Multi-Language Support (33 tests) handles concurrent multi-language user support" name="COMPREHENSIVE USER EXPERIENCE: Language &amp; Accessibility Testing (51 tests) Multi-Language Support (33 tests) handles concurrent multi-language user support" time="0.006">
    </testcase>
    <testcase classname="COMPREHENSIVE USER EXPERIENCE: Language &amp; Accessibility Testing (51 tests) Multi-Language Support (33 tests) validates message truncation in shorter languages" name="COMPREHENSIVE USER EXPERIENCE: Language &amp; Accessibility Testing (51 tests) Multi-Language Support (33 tests) validates message truncation in shorter languages" time="0.007">
    </testcase>
    <testcase classname="COMPREHENSIVE USER EXPERIENCE: Language &amp; Accessibility Testing (51 tests) Multi-Language Support (33 tests) supports keyboard input methods for all languages" name="COMPREHENSIVE USER EXPERIENCE: Language &amp; Accessibility Testing (51 tests) Multi-Language Support (33 tests) supports keyboard input methods for all languages" time="0.006">
    </testcase>
    <testcase classname="COMPREHENSIVE USER EXPERIENCE: Language &amp; Accessibility Testing (51 tests) Multi-Language Support (33 tests) handles voice input language detection accuracy" name="COMPREHENSIVE USER EXPERIENCE: Language &amp; Accessibility Testing (51 tests) Multi-Language Support (33 tests) handles voice input language detection accuracy" time="0.007">
    </testcase>
    <testcase classname="COMPREHENSIVE USER EXPERIENCE: Language &amp; Accessibility Testing (51 tests) Multi-Language Support (33 tests) supports mixed script user names (e.g., Tamil Sangam periods)" name="COMPREHENSIVE USER EXPERIENCE: Language &amp; Accessibility Testing (51 tests) Multi-Language Support (33 tests) supports mixed script user names (e.g., Tamil Sangam periods)" time="0.009">
    </testcase>
    <testcase classname="COMPREHENSIVE USER EXPERIENCE: Language &amp; Accessibility Testing (51 tests) Multi-Language Support (33 tests) adapts emoji responses based on cultural context" name="COMPREHENSIVE USER EXPERIENCE: Language &amp; Accessibility Testing (51 tests) Multi-Language Support (33 tests) adapts emoji responses based on cultural context" time="0.006">
    </testcase>
    <testcase classname="COMPREHENSIVE USER EXPERIENCE: Language &amp; Accessibility Testing (51 tests) Multi-Language Support (33 tests) handles language-specific astrological symbol representations" name="COMPREHENSIVE USER EXPERIENCE: Language &amp; Accessibility Testing (51 tests) Multi-Language Support (33 tests) handles language-specific astrological symbol representations" time="0.009">
    </testcase>
    <testcase classname="COMPREHENSIVE USER EXPERIENCE: Language &amp; Accessibility Testing (51 tests) Multi-Language Support (33 tests) validates festival notification language accuracy" name="COMPREHENSIVE USER EXPERIENCE: Language &amp; Accessibility Testing (51 tests) Multi-Language Support (33 tests) validates festival notification language accuracy" time="0.008">
    </testcase>
    <testcase classname="COMPREHENSIVE USER EXPERIENCE: Language &amp; Accessibility Testing (51 tests) Multi-Language Support (33 tests) supports administrative region language variations" name="COMPREHENSIVE USER EXPERIENCE: Language &amp; Accessibility Testing (51 tests) Multi-Language Support (33 tests) supports administrative region language variations" time="0.008">
    </testcase>
    <testcase classname="COMPREHENSIVE USER EXPERIENCE: Language &amp; Accessibility Testing (51 tests) Multi-Language Support (33 tests) handles mixed language conversation scenarios" name="COMPREHENSIVE USER EXPERIENCE: Language &amp; Accessibility Testing (51 tests) Multi-Language Support (33 tests) handles mixed language conversation scenarios" time="0.006">
    </testcase>
    <testcase classname="COMPREHENSIVE USER EXPERIENCE: Language &amp; Accessibility Testing (51 tests) Multi-Language Support (33 tests) validates backup language fallback mechanisms" name="COMPREHENSIVE USER EXPERIENCE: Language &amp; Accessibility Testing (51 tests) Multi-Language Support (33 tests) validates backup language fallback mechanisms" time="0.006">
    </testcase>
    <testcase classname="COMPREHENSIVE USER EXPERIENCE: Language &amp; Accessibility Testing (51 tests) Multi-Language Support (33 tests) language context preservation in chart interpretations" name="COMPREHENSIVE USER EXPERIENCE: Language &amp; Accessibility Testing (51 tests) Multi-Language Support (33 tests) language context preservation in chart interpretations" time="0.011">
    </testcase>
    <testcase classname="COMPREHENSIVE USER EXPERIENCE: Language &amp; Accessibility Testing (51 tests) Multi-Language Support (33 tests) economy typing adaptations for short-form languages" name="COMPREHENSIVE USER EXPERIENCE: Language &amp; Accessibility Testing (51 tests) Multi-Language Support (33 tests) economy typing adaptations for short-form languages" time="0.008">
    </testcase>
    <testcase classname="COMPREHENSIVE USER EXPERIENCE: Language &amp; Accessibility Testing (51 tests) Accessibility Testing (18 tests) provides consistent navigation structure across all interfaces" name="COMPREHENSIVE USER EXPERIENCE: Language &amp; Accessibility Testing (51 tests) Accessibility Testing (18 tests) provides consistent navigation structure across all interfaces" time="0.007">
    </testcase>
    <testcase classname="COMPREHENSIVE USER EXPERIENCE: Language &amp; Accessibility Testing (51 tests) Accessibility Testing (18 tests) implements accessible menu hierarchy patterns" name="COMPREHENSIVE USER EXPERIENCE: Language &amp; Accessibility Testing (51 tests) Accessibility Testing (18 tests) implements accessible menu hierarchy patterns" time="0.006">
    </testcase>
    <testcase classname="COMPREHENSIVE USER EXPERIENCE: Language &amp; Accessibility Testing (51 tests) Accessibility Testing (18 tests) supports screen reader text announcement clarity" name="COMPREHENSIVE USER EXPERIENCE: Language &amp; Accessibility Testing (51 tests) Accessibility Testing (18 tests) supports screen reader text announcement clarity" time="0.006">
    </testcase>
    <testcase classname="COMPREHENSIVE USER EXPERIENCE: Language &amp; Accessibility Testing (51 tests) Accessibility Testing (18 tests) validates semantic markup for assistive technologies" name="COMPREHENSIVE USER EXPERIENCE: Language &amp; Accessibility Testing (51 tests) Accessibility Testing (18 tests) validates semantic markup for assistive technologies" time="0.007">
    </testcase>
    <testcase classname="COMPREHENSIVE USER EXPERIENCE: Language &amp; Accessibility Testing (51 tests) Accessibility Testing (18 tests) ensures adequate color contrast ratios throughout" name="COMPREHENSIVE USER EXPERIENCE: Language &amp; Accessibility Testing (51 tests) Accessibility Testing (18 tests) ensures adequate color contrast ratios throughout" time="0.007">
    </testcase>
    <testcase classname="COMPREHENSIVE USER EXPERIENCE: Language &amp; Accessibility Testing (51 tests) Accessibility Testing (18 tests) provides keyboard-only navigation support" name="COMPREHENSIVE USER EXPERIENCE: Language &amp; Accessibility Testing (51 tests) Accessibility Testing (18 tests) provides keyboard-only navigation support" time="0.007">
    </testcase>
    <testcase classname="COMPREHENSIVE USER EXPERIENCE: Language &amp; Accessibility Testing (51 tests) Accessibility Testing (18 tests) handles complex input field accessibility patterns" name="COMPREHENSIVE USER EXPERIENCE: Language &amp; Accessibility Testing (51 tests) Accessibility Testing (18 tests) handles complex input field accessibility patterns" time="0.006">
    </testcase>
    <testcase classname="COMPREHENSIVE USER EXPERIENCE: Language &amp; Accessibility Testing (51 tests) Accessibility Testing (18 tests) validates error message presentation in accessible formats" name="COMPREHENSIVE USER EXPERIENCE: Language &amp; Accessibility Testing (51 tests) Accessibility Testing (18 tests) validates error message presentation in accessible formats" time="0.007">
    </testcase>
    <testcase classname="COMPREHENSIVE USER EXPERIENCE: Language &amp; Accessibility Testing (51 tests) Accessibility Testing (18 tests) supports multiple assistive technology combinations" name="COMPREHENSIVE USER EXPERIENCE: Language &amp; Accessibility Testing (51 tests) Accessibility Testing (18 tests) supports multiple assistive technology combinations" time="0.007">
    </testcase>
    <testcase classname="COMPREHENSIVE USER EXPERIENCE: Language &amp; Accessibility Testing (51 tests) Accessibility Testing (18 tests) provides accessible form validation feedback mechanisms" name="COMPREHENSIVE USER EXPERIENCE: Language &amp; Accessibility Testing (51 tests) Accessibility Testing (18 tests) provides accessible form validation feedback mechanisms" time="0.008">
    </testcase>
    <testcase classname="COMPREHENSIVE USER EXPERIENCE: Language &amp; Accessibility Testing (51 tests) Accessibility Testing (18 tests) validates image alternative text completeness" name="COMPREHENSIVE USER EXPERIENCE: Language &amp; Accessibility Testing (51 tests) Accessibility Testing (18 tests) validates image alternative text completeness" time="0.006">
    </testcase>
    <testcase classname="COMPREHENSIVE USER EXPERIENCE: Language &amp; Accessibility Testing (51 tests) Accessibility Testing (18 tests) supports focus management in dynamic content updates" name="COMPREHENSIVE USER EXPERIENCE: Language &amp; Accessibility Testing (51 tests) Accessibility Testing (18 tests) supports focus management in dynamic content updates" time="0.007">
    </testcase>
    <testcase classname="COMPREHENSIVE USER EXPERIENCE: Language &amp; Accessibility Testing (51 tests) Accessibility Testing (18 tests) handles gesture-based navigation accessibility" name="COMPREHENSIVE USER EXPERIENCE: Language &amp; Accessibility Testing (51 tests) Accessibility Testing (18 tests) handles gesture-based navigation accessibility" time="0.007">
    </testcase>
    <testcase classname="COMPREHENSIVE USER EXPERIENCE: Language &amp; Accessibility Testing (51 tests) Accessibility Testing (18 tests) validates spoken text clarity and pacing" name="COMPREHENSIVE USER EXPERIENCE: Language &amp; Accessibility Testing (51 tests) Accessibility Testing (18 tests) validates spoken text clarity and pacing" time="0.011">
    </testcase>
    <testcase classname="COMPREHENSIVE USER EXPERIENCE: Language &amp; Accessibility Testing (51 tests) Accessibility Testing (18 tests) provides accessible chart visualization alternatives" name="COMPREHENSIVE USER EXPERIENCE: Language &amp; Accessibility Testing (51 tests) Accessibility Testing (18 tests) provides accessible chart visualization alternatives" time="0.006">
    </testcase>
    <testcase classname="COMPREHENSIVE USER EXPERIENCE: Language &amp; Accessibility Testing (51 tests) Accessibility Testing (18 tests) supports multiple cognitive processing patterns" name="COMPREHENSIVE USER EXPERIENCE: Language &amp; Accessibility Testing (51 tests) Accessibility Testing (18 tests) supports multiple cognitive processing patterns" time="0.006">
    </testcase>
    <testcase classname="COMPREHENSIVE USER EXPERIENCE: Language &amp; Accessibility Testing (51 tests) Accessibility Testing (18 tests) validates hearing accessibility for audio content" name="COMPREHENSIVE USER EXPERIENCE: Language &amp; Accessibility Testing (51 tests) Accessibility Testing (18 tests) validates hearing accessibility for audio content" time="0.007">
    </testcase>
    <testcase classname="COMPREHENSIVE USER EXPERIENCE: Language &amp; Accessibility Testing (51 tests) Accessibility Testing (18 tests) handles mobility accessibility for motor control variations" name="COMPREHENSIVE USER EXPERIENCE: Language &amp; Accessibility Testing (51 tests) Accessibility Testing (18 tests) handles mobility accessibility for motor control variations" time="0.006">
    </testcase>
  </testsuite>
  <testsuite name="COMPREHENSIVE PERFORMANCE TESTS: Load &amp; Database Efficiency (27 tests)" errors="0" failures="2" skipped="0" timestamp="2025-10-28T17:58:06" time="34.151" tests="27">
    <testcase classname="COMPREHENSIVE PERFORMANCE TESTS: Load &amp; Database Efficiency (27 tests) Load Testing Scenarios (15 tests) handles sustained 1000 concurrent horoscope requests" name="COMPREHENSIVE PERFORMANCE TESTS: Load &amp; Database Efficiency (27 tests) Load Testing Scenarios (15 tests) handles sustained 1000 concurrent horoscope requests" time="19.2">
      <failure>AxiosError: Request failed with status code 401
    at settle (/Users/mohitmendiratta/Projects/bots/w1/astro-whatsapp-bot/node_modules/axios/lib/core/settle.js:19:12)
    at IncomingMessage.handleStreamEnd (/Users/mohitmendiratta/Projects/bots/w1/astro-whatsapp-bot/node_modules/axios/lib/adapters/http.js:617:11)
    at IncomingMessage.emit (node:events:520:35)
    at endReadableNT (node:internal/streams/readable:1701:12)
    at processTicksAndRejections (node:internal/process/task_queues:90:21)
    at Axios.request (/Users/mohitmendiratta/Projects/bots/w1/astro-whatsapp-bot/node_modules/axios/lib/core/Axios.js:45:41)
    at processTicksAndRejections (node:internal/process/task_queues:105:5)
    at sendTextMessage (/Users/mohitmendiratta/Projects/bots/w1/astro-whatsapp-bot/src/services/whatsapp/messageSender.js:64:22)
    at sendMessage (/Users/mohitmendiratta/Projects/bots/w1/astro-whatsapp-bot/src/services/whatsapp/messageSender.js:430:18)
    at sendErrorMessage (/Users/mohitmendiratta/Projects/bots/w1/astro-whatsapp-bot/src/services/whatsapp/messageProcessor.js:2499:3)
    at processIncomingMessage (/Users/mohitmendiratta/Projects/bots/w1/astro-whatsapp-bot/src/services/whatsapp/messageProcessor.js:249:5)
    at async Promise.all (index 92)
    at Object.&lt;anonymous&gt; (/Users/mohitmendiratta/Projects/bots/w1/astro-whatsapp-bot/tests/e2e/comprehensive-test-suite/comprehensive-performance.test.js:49:7)</failure>
    </testcase>
    <testcase classname="COMPREHENSIVE PERFORMANCE TESTS: Load &amp; Database Efficiency (27 tests) Load Testing Scenarios (15 tests) manages heavy planetary calculation load balancing" name="COMPREHENSIVE PERFORMANCE TESTS: Load &amp; Database Efficiency (27 tests) Load Testing Scenarios (15 tests) manages heavy planetary calculation load balancing" time="0.684">
    </testcase>
    <testcase classname="COMPREHENSIVE PERFORMANCE TESTS: Load &amp; Database Efficiency (27 tests) Load Testing Scenarios (15 tests) detects memory leaks in long-running astrology sessions" name="COMPREHENSIVE PERFORMANCE TESTS: Load &amp; Database Efficiency (27 tests) Load Testing Scenarios (15 tests) detects memory leaks in long-running astrology sessions" time="10.803">
      <failure>AxiosError: Request failed with status code 401
    at settle (/Users/mohitmendiratta/Projects/bots/w1/astro-whatsapp-bot/node_modules/axios/lib/core/settle.js:19:12)
    at IncomingMessage.handleStreamEnd (/Users/mohitmendiratta/Projects/bots/w1/astro-whatsapp-bot/node_modules/axios/lib/adapters/http.js:617:11)
    at IncomingMessage.emit (node:events:520:35)
    at endReadableNT (node:internal/streams/readable:1701:12)
    at processTicksAndRejections (node:internal/process/task_queues:90:21)
    at Axios.request (/Users/mohitmendiratta/Projects/bots/w1/astro-whatsapp-bot/node_modules/axios/lib/core/Axios.js:45:41)
    at processTicksAndRejections (node:internal/process/task_queues:105:5)
    at sendTextMessage (/Users/mohitmendiratta/Projects/bots/w1/astro-whatsapp-bot/src/services/whatsapp/messageSender.js:64:22)
    at sendMessage (/Users/mohitmendiratta/Projects/bots/w1/astro-whatsapp-bot/src/services/whatsapp/messageSender.js:430:18)
    at sendErrorMessage (/Users/mohitmendiratta/Projects/bots/w1/astro-whatsapp-bot/src/services/whatsapp/messageProcessor.js:2499:3)
    at processIncomingMessage (/Users/mohitmendiratta/Projects/bots/w1/astro-whatsapp-bot/src/services/whatsapp/messageProcessor.js:249:5)
    at Object.&lt;anonymous&gt; (/Users/mohitmendiratta/Projects/bots/w1/astro-whatsapp-bot/tests/e2e/comprehensive-test-suite/comprehensive-performance.test.js:67:9)</failure>
    </testcase>
    <testcase classname="COMPREHENSIVE PERFORMANCE TESTS: Load &amp; Database Efficiency (27 tests) Load Testing Scenarios (15 tests) optimizes CPU resource allocation during peak usage" name="COMPREHENSIVE PERFORMANCE TESTS: Load &amp; Database Efficiency (27 tests) Load Testing Scenarios (15 tests) optimizes CPU resource allocation during peak usage" time="0.016">
    </testcase>
    <testcase classname="COMPREHENSIVE PERFORMANCE TESTS: Load &amp; Database Efficiency (27 tests) Load Testing Scenarios (15 tests) handles message queue depth during traffic spikes" name="COMPREHENSIVE PERFORMANCE TESTS: Load &amp; Database Efficiency (27 tests) Load Testing Scenarios (15 tests) handles message queue depth during traffic spikes" time="0.012">
    </testcase>
    <testcase classname="COMPREHENSIVE PERFORMANCE TESTS: Load &amp; Database Efficiency (27 tests) Load Testing Scenarios (15 tests) validates auto-scaling response to demand fluctuations" name="COMPREHENSIVE PERFORMANCE TESTS: Load &amp; Database Efficiency (27 tests) Load Testing Scenarios (15 tests) validates auto-scaling response to demand fluctuations" time="0.012">
    </testcase>
    <testcase classname="COMPREHENSIVE PERFORMANCE TESTS: Load &amp; Database Efficiency (27 tests) Load Testing Scenarios (15 tests) measures cache hit rates for ephemeris data" name="COMPREHENSIVE PERFORMANCE TESTS: Load &amp; Database Efficiency (27 tests) Load Testing Scenarios (15 tests) measures cache hit rates for ephemeris data" time="0.009">
    </testcase>
    <testcase classname="COMPREHENSIVE PERFORMANCE TESTS: Load &amp; Database Efficiency (27 tests) Load Testing Scenarios (15 tests) handles backpressure from overwhelmed processing queues" name="COMPREHENSIVE PERFORMANCE TESTS: Load &amp; Database Efficiency (27 tests) Load Testing Scenarios (15 tests) handles backpressure from overwhelmed processing queues" time="0.008">
    </testcase>
    <testcase classname="COMPREHENSIVE PERFORMANCE TESTS: Load &amp; Database Efficiency (27 tests) Load Testing Scenarios (15 tests) validates response time degradation during sustained load" name="COMPREHENSIVE PERFORMANCE TESTS: Load &amp; Database Efficiency (27 tests) Load Testing Scenarios (15 tests) validates response time degradation during sustained load" time="0.009">
    </testcase>
    <testcase classname="COMPREHENSIVE PERFORMANCE TESTS: Load &amp; Database Efficiency (27 tests) Load Testing Scenarios (15 tests) measures concurrent user session management overhead" name="COMPREHENSIVE PERFORMANCE TESTS: Load &amp; Database Efficiency (27 tests) Load Testing Scenarios (15 tests) measures concurrent user session management overhead" time="0.007">
    </testcase>
    <testcase classname="COMPREHENSIVE PERFORMANCE TESTS: Load &amp; Database Efficiency (27 tests) Load Testing Scenarios (15 tests) handles resource cleanup after large user influx events" name="COMPREHENSIVE PERFORMANCE TESTS: Load &amp; Database Efficiency (27 tests) Load Testing Scenarios (15 tests) handles resource cleanup after large user influx events" time="0.008">
    </testcase>
    <testcase classname="COMPREHENSIVE PERFORMANCE TESTS: Load &amp; Database Efficiency (27 tests) Load Testing Scenarios (15 tests) validates fault tolerance under resource exhaustion" name="COMPREHENSIVE PERFORMANCE TESTS: Load &amp; Database Efficiency (27 tests) Load Testing Scenarios (15 tests) validates fault tolerance under resource exhaustion" time="0.008">
    </testcase>
    <testcase classname="COMPREHENSIVE PERFORMANCE TESTS: Load &amp; Database Efficiency (27 tests) Load Testing Scenarios (15 tests) measures peak throughput for chart generation operations" name="COMPREHENSIVE PERFORMANCE TESTS: Load &amp; Database Efficiency (27 tests) Load Testing Scenarios (15 tests) measures peak throughput for chart generation operations" time="0.007">
    </testcase>
    <testcase classname="COMPREHENSIVE PERFORMANCE TESTS: Load &amp; Database Efficiency (27 tests) Load Testing Scenarios (15 tests) handles graceful degradation during system overload" name="COMPREHENSIVE PERFORMANCE TESTS: Load &amp; Database Efficiency (27 tests) Load Testing Scenarios (15 tests) handles graceful degradation during system overload" time="0.006">
    </testcase>
    <testcase classname="COMPREHENSIVE PERFORMANCE TESTS: Load &amp; Database Efficiency (27 tests) Load Testing Scenarios (15 tests) validates performance monitoring alert thresholds" name="COMPREHENSIVE PERFORMANCE TESTS: Load &amp; Database Efficiency (27 tests) Load Testing Scenarios (15 tests) validates performance monitoring alert thresholds" time="0.007">
    </testcase>
    <testcase classname="COMPREHENSIVE PERFORMANCE TESTS: Load &amp; Database Efficiency (27 tests) Database Performance (12 tests) optimizes complex query patterns for birth chart retrieval" name="COMPREHENSIVE PERFORMANCE TESTS: Load &amp; Database Efficiency (27 tests) Database Performance (12 tests) optimizes complex query patterns for birth chart retrieval" time="0.006">
    </testcase>
    <testcase classname="COMPREHENSIVE PERFORMANCE TESTS: Load &amp; Database Efficiency (27 tests) Database Performance (12 tests) validates index effectiveness on frequently accessed fields" name="COMPREHENSIVE PERFORMANCE TESTS: Load &amp; Database Efficiency (27 tests) Database Performance (12 tests) validates index effectiveness on frequently accessed fields" time="0.006">
    </testcase>
    <testcase classname="COMPREHENSIVE PERFORMANCE TESTS: Load &amp; Database Efficiency (27 tests) Database Performance (12 tests) measures database connection pool utilization rates" name="COMPREHENSIVE PERFORMANCE TESTS: Load &amp; Database Efficiency (27 tests) Database Performance (12 tests) measures database connection pool utilization rates" time="0.006">
    </testcase>
    <testcase classname="COMPREHENSIVE PERFORMANCE TESTS: Load &amp; Database Efficiency (27 tests) Database Performance (12 tests) handles database transaction deadlock resolution" name="COMPREHENSIVE PERFORMANCE TESTS: Load &amp; Database Efficiency (27 tests) Database Performance (12 tests) handles database transaction deadlock resolution" time="0.012">
    </testcase>
    <testcase classname="COMPREHENSIVE PERFORMANCE TESTS: Load &amp; Database Efficiency (27 tests) Database Performance (12 tests) validates read/write operation distribution efficiency" name="COMPREHENSIVE PERFORMANCE TESTS: Load &amp; Database Efficiency (27 tests) Database Performance (12 tests) validates read/write operation distribution efficiency" time="0.006">
    </testcase>
    <testcase classname="COMPREHENSIVE PERFORMANCE TESTS: Load &amp; Database Efficiency (27 tests) Database Performance (12 tests) measures query execution plan optimization" name="COMPREHENSIVE PERFORMANCE TESTS: Load &amp; Database Efficiency (27 tests) Database Performance (12 tests) measures query execution plan optimization" time="0.006">
    </testcase>
    <testcase classname="COMPREHENSIVE PERFORMANCE TESTS: Load &amp; Database Efficiency (27 tests) Database Performance (12 tests) handles large result set pagination performance" name="COMPREHENSIVE PERFORMANCE TESTS: Load &amp; Database Efficiency (27 tests) Database Performance (12 tests) handles large result set pagination performance" time="0.006">
    </testcase>
    <testcase classname="COMPREHENSIVE PERFORMANCE TESTS: Load &amp; Database Efficiency (27 tests) Database Performance (12 tests) validates database backup operation impact assessment" name="COMPREHENSIVE PERFORMANCE TESTS: Load &amp; Database Efficiency (27 tests) Database Performance (12 tests) validates database backup operation impact assessment" time="0.006">
    </testcase>
    <testcase classname="COMPREHENSIVE PERFORMANCE TESTS: Load &amp; Database Efficiency (27 tests) Database Performance (12 tests) measures aggregation pipeline execution efficiency" name="COMPREHENSIVE PERFORMANCE TESTS: Load &amp; Database Efficiency (27 tests) Database Performance (12 tests) measures aggregation pipeline execution efficiency" time="0.007">
    </testcase>
    <testcase classname="COMPREHENSIVE PERFORMANCE TESTS: Load &amp; Database Efficiency (27 tests) Database Performance (12 tests) handles concurrent document lock contention" name="COMPREHENSIVE PERFORMANCE TESTS: Load &amp; Database Efficiency (27 tests) Database Performance (12 tests) handles concurrent document lock contention" time="0.006">
    </testcase>
    <testcase classname="COMPREHENSIVE PERFORMANCE TESTS: Load &amp; Database Efficiency (27 tests) Database Performance (12 tests) validates database maintenance window scheduling efficiency" name="COMPREHENSIVE PERFORMANCE TESTS: Load &amp; Database Efficiency (27 tests) Database Performance (12 tests) validates database maintenance window scheduling efficiency" time="0.007">
    </testcase>
    <testcase classname="COMPREHENSIVE PERFORMANCE TESTS: Load &amp; Database Efficiency (27 tests) Database Performance (12 tests) measures database storage and retrieval throughput" name="COMPREHENSIVE PERFORMANCE TESTS: Load &amp; Database Efficiency (27 tests) Database Performance (12 tests) measures database storage and retrieval throughput" time="0.006">
    </testcase>
  </testsuite>
  <testsuite name="COMPREHENSIVE CROSS-PLATFORM TESTS: Device &amp; Network Compatibility (27 tests)" errors="0" failures="2" skipped="0" timestamp="2025-10-28T17:58:41" time="3.978" tests="27">
    <testcase classname="COMPREHENSIVE CROSS-PLATFORM TESTS: Device &amp; Network Compatibility (27 tests) Device Type Variations (16 tests) validates iOS WhatsApp message handling consistency" name="COMPREHENSIVE CROSS-PLATFORM TESTS: Device &amp; Network Compatibility (27 tests) Device Type Variations (16 tests) validates iOS WhatsApp message handling consistency" time="0.537">
      <failure>Error: expect(jest.fn()).toHaveBeenCalledWith(...expected)

Expected: &quot;+platform_test&quot;, StringContaining &quot;Welcome&quot;

Number of calls: 0
    at Object.toHaveBeenCalledWith (/Users/mohitmendiratta/Projects/bots/w1/astro-whatsapp-bot/tests/e2e/comprehensive-test-suite/comprehensive-cross-platform.test.js:45:51)
    at processTicksAndRejections (node:internal/process/task_queues:105:5)</failure>
    </testcase>
    <testcase classname="COMPREHENSIVE CROSS-PLATFORM TESTS: Device &amp; Network Compatibility (27 tests) Device Type Variations (16 tests) handles Android WhatsApp UI adaptation requirements" name="COMPREHENSIVE CROSS-PLATFORM TESTS: Device &amp; Network Compatibility (27 tests) Device Type Variations (16 tests) handles Android WhatsApp UI adaptation requirements" time="0.021">
    </testcase>
    <testcase classname="COMPREHENSIVE CROSS-PLATFORM TESTS: Device &amp; Network Compatibility (27 tests) Device Type Variations (16 tests) validates desktop web WhatsApp feature parity" name="COMPREHENSIVE CROSS-PLATFORM TESTS: Device &amp; Network Compatibility (27 tests) Device Type Variations (16 tests) validates desktop web WhatsApp feature parity" time="0.014">
    </testcase>
    <testcase classname="COMPREHENSIVE CROSS-PLATFORM TESTS: Device &amp; Network Compatibility (27 tests) Device Type Variations (16 tests) handles WhatsApp Business API message formatting differences" name="COMPREHENSIVE CROSS-PLATFORM TESTS: Device &amp; Network Compatibility (27 tests) Device Type Variations (16 tests) handles WhatsApp Business API message formatting differences" time="0.014">
    </testcase>
    <testcase classname="COMPREHENSIVE CROSS-PLATFORM TESTS: Device &amp; Network Compatibility (27 tests) Device Type Variations (16 tests) validates tablet landscape orientation compatibility" name="COMPREHENSIVE CROSS-PLATFORM TESTS: Device &amp; Network Compatibility (27 tests) Device Type Variations (16 tests) validates tablet landscape orientation compatibility" time="0.014">
    </testcase>
    <testcase classname="COMPREHENSIVE CROSS-PLATFORM TESTS: Device &amp; Network Compatibility (27 tests) Device Type Variations (16 tests) handles mobile portrait mode navigation patterns" name="COMPREHENSIVE CROSS-PLATFORM TESTS: Device &amp; Network Compatibility (27 tests) Device Type Variations (16 tests) handles mobile portrait mode navigation patterns" time="0.009">
    </testcase>
    <testcase classname="COMPREHENSIVE CROSS-PLATFORM TESTS: Device &amp; Network Compatibility (27 tests) Device Type Variations (16 tests) validates foldable device display adaptability" name="COMPREHENSIVE CROSS-PLATFORM TESTS: Device &amp; Network Compatibility (27 tests) Device Type Variations (16 tests) validates foldable device display adaptability" time="0.007">
    </testcase>
    <testcase classname="COMPREHENSIVE CROSS-PLATFORM TESTS: Device &amp; Network Compatibility (27 tests) Device Type Variations (16 tests) handles watch companion app integration limitations" name="COMPREHENSIVE CROSS-PLATFORM TESTS: Device &amp; Network Compatibility (27 tests) Device Type Variations (16 tests) handles watch companion app integration limitations" time="0.008">
    </testcase>
    <testcase classname="COMPREHENSIVE CROSS-PLATFORM TESTS: Device &amp; Network Compatibility (27 tests) Device Type Variations (16 tests) validates smart TV interface optimization" name="COMPREHENSIVE CROSS-PLATFORM TESTS: Device &amp; Network Compatibility (27 tests) Device Type Variations (16 tests) validates smart TV interface optimization" time="0.008">
    </testcase>
    <testcase classname="COMPREHENSIVE CROSS-PLATFORM TESTS: Device &amp; Network Compatibility (27 tests) Device Type Variations (16 tests) handles e-ink device text rendering optimization" name="COMPREHENSIVE CROSS-PLATFORM TESTS: Device &amp; Network Compatibility (27 tests) Device Type Variations (16 tests) handles e-ink device text rendering optimization" time="0.009">
    </testcase>
    <testcase classname="COMPREHENSIVE CROSS-PLATFORM TESTS: Device &amp; Network Compatibility (27 tests) Device Type Variations (16 tests) validates keyboard navigation for non-touch interfaces" name="COMPREHENSIVE CROSS-PLATFORM TESTS: Device &amp; Network Compatibility (27 tests) Device Type Variations (16 tests) validates keyboard navigation for non-touch interfaces" time="0.007">
    </testcase>
    <testcase classname="COMPREHENSIVE CROSS-PLATFORM TESTS: Device &amp; Network Compatibility (27 tests) Device Type Variations (16 tests) handles gesture-based Android navigation patterns" name="COMPREHENSIVE CROSS-PLATFORM TESTS: Device &amp; Network Compatibility (27 tests) Device Type Variations (16 tests) handles gesture-based Android navigation patterns" time="0.009">
    </testcase>
    <testcase classname="COMPREHENSIVE CROSS-PLATFORM TESTS: Device &amp; Network Compatibility (27 tests) Device Type Variations (16 tests) validates message composition interface variations" name="COMPREHENSIVE CROSS-PLATFORM TESTS: Device &amp; Network Compatibility (27 tests) Device Type Variations (16 tests) validates message composition interface variations" time="0.019">
    </testcase>
    <testcase classname="COMPREHENSIVE CROSS-PLATFORM TESTS: Device &amp; Network Compatibility (27 tests) Device Type Variations (16 tests) handles notification management across platforms" name="COMPREHENSIVE CROSS-PLATFORM TESTS: Device &amp; Network Compatibility (27 tests) Device Type Variations (16 tests) handles notification management across platforms" time="0.007">
    </testcase>
    <testcase classname="COMPREHENSIVE CROSS-PLATFORM TESTS: Device &amp; Network Compatibility (27 tests) Device Type Variations (16 tests) validates offline message queuing behavior" name="COMPREHENSIVE CROSS-PLATFORM TESTS: Device &amp; Network Compatibility (27 tests) Device Type Variations (16 tests) validates offline message queuing behavior" time="0.007">
    </testcase>
    <testcase classname="COMPREHENSIVE CROSS-PLATFORM TESTS: Device &amp; Network Compatibility (27 tests) Device Type Variations (16 tests) handles platform-specific emoji rendering differences" name="COMPREHENSIVE CROSS-PLATFORM TESTS: Device &amp; Network Compatibility (27 tests) Device Type Variations (16 tests) handles platform-specific emoji rendering differences" time="0.007">
    </testcase>
    <testcase classname="COMPREHENSIVE CROSS-PLATFORM TESTS: Device &amp; Network Compatibility (27 tests) Network Condition Testing (11 tests) handles 2G network slow connection performance" name="COMPREHENSIVE CROSS-PLATFORM TESTS: Device &amp; Network Compatibility (27 tests) Network Condition Testing (11 tests) handles 2G network slow connection performance" time="0.126">
      <failure>Error: expect(jest.fn()).toHaveBeenCalledWith(...expected)

Expected: &quot;+platform_test&quot;, StringContaining &quot;Please wait&quot;

Number of calls: 0
    at Object.toHaveBeenCalledWith (/Users/mohitmendiratta/Projects/bots/w1/astro-whatsapp-bot/tests/e2e/comprehensive-test-suite/comprehensive-cross-platform.test.js:127:51)
    at processTicksAndRejections (node:internal/process/task_queues:105:5)</failure>
    </testcase>
    <testcase classname="COMPREHENSIVE CROSS-PLATFORM TESTS: Device &amp; Network Compatibility (27 tests) Network Condition Testing (11 tests) manages intermittent connectivity with retry mechanisms" name="COMPREHENSIVE CROSS-PLATFORM TESTS: Device &amp; Network Compatibility (27 tests) Network Condition Testing (11 tests) manages intermittent connectivity with retry mechanisms" time="0.014">
    </testcase>
    <testcase classname="COMPREHENSIVE CROSS-PLATFORM TESTS: Device &amp; Network Compatibility (27 tests) Network Condition Testing (11 tests) handles bandwidth throttling for large chart data" name="COMPREHENSIVE CROSS-PLATFORM TESTS: Device &amp; Network Compatibility (27 tests) Network Condition Testing (11 tests) handles bandwidth throttling for large chart data" time="0.013">
    </testcase>
    <testcase classname="COMPREHENSIVE CROSS-PLATFORM TESTS: Device &amp; Network Compatibility (27 tests) Network Condition Testing (11 tests) validates compression effectiveness across network types" name="COMPREHENSIVE CROSS-PLATFORM TESTS: Device &amp; Network Compatibility (27 tests) Network Condition Testing (11 tests) validates compression effectiveness across network types" time="0.012">
    </testcase>
    <testcase classname="COMPREHENSIVE CROSS-PLATFORM TESTS: Device &amp; Network Compatibility (27 tests) Network Condition Testing (11 tests) handles network timeout scenarios gracefully" name="COMPREHENSIVE CROSS-PLATFORM TESTS: Device &amp; Network Compatibility (27 tests) Network Condition Testing (11 tests) handles network timeout scenarios gracefully" time="0.011">
    </testcase>
    <testcase classname="COMPREHENSIVE CROSS-PLATFORM TESTS: Device &amp; Network Compatibility (27 tests) Network Condition Testing (11 tests) manages connection pooling for WebSocket operations" name="COMPREHENSIVE CROSS-PLATFORM TESTS: Device &amp; Network Compatibility (27 tests) Network Condition Testing (11 tests) manages connection pooling for WebSocket operations" time="0.008">
    </testcase>
    <testcase classname="COMPREHENSIVE CROSS-PLATFORM TESTS: Device &amp; Network Compatibility (27 tests) Network Condition Testing (11 tests) validates VPN routing transparency" name="COMPREHENSIVE CROSS-PLATFORM TESTS: Device &amp; Network Compatibility (27 tests) Network Condition Testing (11 tests) validates VPN routing transparency" time="0.009">
    </testcase>
    <testcase classname="COMPREHENSIVE CROSS-PLATFORM TESTS: Device &amp; Network Compatibility (27 tests) Network Condition Testing (11 tests) handles proxy server interaction requirements" name="COMPREHENSIVE CROSS-PLATFORM TESTS: Device &amp; Network Compatibility (27 tests) Network Condition Testing (11 tests) handles proxy server interaction requirements" time="0.014">
    </testcase>
    <testcase classname="COMPREHENSIVE CROSS-PLATFORM TESTS: Device &amp; Network Compatibility (27 tests) Network Condition Testing (11 tests) manages firewall traversal for enterprise networks" name="COMPREHENSIVE CROSS-PLATFORM TESTS: Device &amp; Network Compatibility (27 tests) Network Condition Testing (11 tests) manages firewall traversal for enterprise networks" time="0.008">
    </testcase>
    <testcase classname="COMPREHENSIVE CROSS-PLATFORM TESTS: Device &amp; Network Compatibility (27 tests) Network Condition Testing (11 tests) validates satellite internet high-latency tolerance" name="COMPREHENSIVE CROSS-PLATFORM TESTS: Device &amp; Network Compatibility (27 tests) Network Condition Testing (11 tests) validates satellite internet high-latency tolerance" time="0.007">
    </testcase>
    <testcase classname="COMPREHENSIVE CROSS-PLATFORM TESTS: Device &amp; Network Compatibility (27 tests) Network Condition Testing (11 tests) handles mobile data roaming restrictions" name="COMPREHENSIVE CROSS-PLATFORM TESTS: Device &amp; Network Compatibility (27 tests) Network Condition Testing (11 tests) handles mobile data roaming restrictions" time="0.008">
    </testcase>
  </testsuite>
  <testsuite name="Real Astrology Calculations Integration Tests" errors="0" failures="0" skipped="0" timestamp="2025-10-28T17:58:45" time="3.426" tests="21">
    <testcase classname="Real Astrology Calculations Integration Tests Western Astrology - Service Integration should load Western astrology services successfully" name="Real Astrology Calculations Integration Tests Western Astrology - Service Integration should load Western astrology services successfully" time="0.425">
    </testcase>
    <testcase classname="Real Astrology Calculations Integration Tests Western Astrology - Service Integration should validate WesternCalculator class structure" name="Real Astrology Calculations Integration Tests Western Astrology - Service Integration should validate WesternCalculator class structure" time="0.001">
    </testcase>
    <testcase classname="Real Astrology Calculations Integration Tests Vedic Astrology - Service Integration should load Vedic astrology services successfully" name="Real Astrology Calculations Integration Tests Vedic Astrology - Service Integration should load Vedic astrology services successfully" time="0.001">
    </testcase>
    <testcase classname="Real Astrology Calculations Integration Tests Vedic Astrology - Service Integration should validate VedicCalculator can be instantiated" name="Real Astrology Calculations Integration Tests Vedic Astrology - Service Integration should validate VedicCalculator can be instantiated" time="0.002">
    </testcase>
    <testcase classname="Real Astrology Calculations Integration Tests Vedic Astrology - Service Integration should validate VimshottariDasha basic functionality" name="Real Astrology Calculations Integration Tests Vedic Astrology - Service Integration should validate VimshottariDasha basic functionality" time="0.001">
    </testcase>
    <testcase classname="Real Astrology Calculations Integration Tests Divination Systems - Service Integration should load divination services successfully" name="Real Astrology Calculations Integration Tests Divination Systems - Service Integration should load divination services successfully" time="0.001">
    </testcase>
    <testcase classname="Real Astrology Calculations Integration Tests Divination Systems - Service Integration should validate TarotReader functionality" name="Real Astrology Calculations Integration Tests Divination Systems - Service Integration should validate TarotReader functionality" time="0.002">
    </testcase>
    <testcase classname="Real Astrology Calculations Integration Tests Divination Systems - Service Integration should validate IChingReader functionality" name="Real Astrology Calculations Integration Tests Divination Systems - Service Integration should validate IChingReader functionality" time="0.003">
    </testcase>
    <testcase classname="Real Astrology Calculations Integration Tests Numerology - Service Integration should load numerology services successfully" name="Real Astrology Calculations Integration Tests Numerology - Service Integration should load numerology services successfully" time="0.002">
    </testcase>
    <testcase classname="Real Astrology Calculations Integration Tests Numerology - Service Integration should validate numerology calculations" name="Real Astrology Calculations Integration Tests Numerology - Service Integration should validate numerology calculations" time="0.002">
    </testcase>
    <testcase classname="Real Astrology Calculations Integration Tests Chinese Astrology - Service Integration should load Chinese astrology services successfully" name="Real Astrology Calculations Integration Tests Chinese Astrology - Service Integration should load Chinese astrology services successfully" time="0.001">
    </testcase>
    <testcase classname="Real Astrology Calculations Integration Tests Astrocartography - Service Integration should load astrocartography services successfully" name="Real Astrology Calculations Integration Tests Astrocartography - Service Integration should load astrocartography services successfully" time="0.001">
    </testcase>
    <testcase classname="Real Astrology Calculations Integration Tests Palmistry - Service Integration should load palmistry services successfully" name="Real Astrology Calculations Integration Tests Palmistry - Service Integration should load palmistry services successfully" time="0.002">
    </testcase>
    <testcase classname="Real Astrology Calculations Integration Tests Palmistry - Service Integration should validate PalmistryReader functionality" name="Real Astrology Calculations Integration Tests Palmistry - Service Integration should validate PalmistryReader functionality" time="0.001">
    </testcase>
    <testcase classname="Real Astrology Calculations Integration Tests Celtic Astrology - Service Integration should load Celtic astrology services successfully" name="Real Astrology Calculations Integration Tests Celtic Astrology - Service Integration should load Celtic astrology services successfully" time="0.001">
    </testcase>
    <testcase classname="Real Astrology Calculations Integration Tests Mayan Astrology - Service Integration should load Mayan astrology services successfully" name="Real Astrology Calculations Integration Tests Mayan Astrology - Service Integration should load Mayan astrology services successfully" time="0.001">
    </testcase>
    <testcase classname="Real Astrology Calculations Integration Tests Islamic Astrology - Service Integration should load Islamic astrology services successfully" name="Real Astrology Calculations Integration Tests Islamic Astrology - Service Integration should load Islamic astrology services successfully" time="0.001">
    </testcase>
    <testcase classname="Real Astrology Calculations Integration Tests Relationships &amp; Compatibility - Service Integration should load compatibility services successfully" name="Real Astrology Calculations Integration Tests Relationships &amp; Compatibility - Service Integration should load compatibility services successfully" time="0.001">
    </testcase>
    <testcase classname="Real Astrology Calculations Integration Tests Special Readings - AI Integration should load AI services successfully" name="Real Astrology Calculations Integration Tests Special Readings - AI Integration should load AI services successfully" time="0.001">
    </testcase>
    <testcase classname="Real Astrology Calculations Integration Tests Service Integration Validation should validate all astrology services can be imported" name="Real Astrology Calculations Integration Tests Service Integration Validation should validate all astrology services can be imported" time="0.002">
    </testcase>
    <testcase classname="Real Astrology Calculations Integration Tests Service Integration Validation should validate core astrology functionality" name="Real Astrology Calculations Integration Tests Service Integration Validation should validate core astrology functionality" time="0.001">
    </testcase>
  </testsuite>
</testsuites>