<?xml version="1.0" encoding="UTF-8"?>
<testsuites name="jest tests" tests="53" failures="0" errors="0" time="7.749">
  <testsuite name="WhatsApp Message Sender" errors="0" failures="0" skipped="0" timestamp="2025-10-25T12:49:41" time="0.658" tests="17">
    <testcase classname="WhatsApp Message Sender sendTextMessage should send text message successfully" name="WhatsApp Message Sender sendTextMessage should send text message successfully" time="0.011">
    </testcase>
    <testcase classname="WhatsApp Message Sender sendTextMessage should send text message with preview URL" name="WhatsApp Message Sender sendTextMessage should send text message with preview URL" time="0.007">
    </testcase>
    <testcase classname="WhatsApp Message Sender sendTextMessage should send text message with context" name="WhatsApp Message Sender sendTextMessage should send text message with context" time="0.009">
    </testcase>
    <testcase classname="WhatsApp Message Sender sendTextMessage should throw error when WhatsApp API credentials are not configured" name="WhatsApp Message Sender sendTextMessage should throw error when WhatsApp API credentials are not configured" time="0.056">
    </testcase>
    <testcase classname="WhatsApp Message Sender sendTextMessage should handle API error gracefully" name="WhatsApp Message Sender sendTextMessage should handle API error gracefully" time="0.007">
    </testcase>
    <testcase classname="WhatsApp Message Sender sendTextMessage should handle network error gracefully" name="WhatsApp Message Sender sendTextMessage should handle network error gracefully" time="0.008">
    </testcase>
    <testcase classname="WhatsApp Message Sender sendInteractiveButtons should send interactive buttons message successfully" name="WhatsApp Message Sender sendInteractiveButtons should send interactive buttons message successfully" time="0.016">
    </testcase>
    <testcase classname="WhatsApp Message Sender sendInteractiveButtons should send interactive buttons with header and footer" name="WhatsApp Message Sender sendInteractiveButtons should send interactive buttons with header and footer" time="0.003">
    </testcase>
    <testcase classname="WhatsApp Message Sender sendInteractiveButtons should handle missing WhatsApp API credentials" name="WhatsApp Message Sender sendInteractiveButtons should handle missing WhatsApp API credentials" time="0.006">
    </testcase>
    <testcase classname="WhatsApp Message Sender sendListMessage should send list message successfully" name="WhatsApp Message Sender sendListMessage should send list message successfully" time="0.007">
    </testcase>
    <testcase classname="WhatsApp Message Sender sendListMessage should send list message with footer" name="WhatsApp Message Sender sendListMessage should send list message with footer" time="0.004">
    </testcase>
    <testcase classname="WhatsApp Message Sender sendTemplateMessage should send template message successfully" name="WhatsApp Message Sender sendTemplateMessage should send template message successfully" time="0.003">
    </testcase>
    <testcase classname="WhatsApp Message Sender sendTemplateMessage should send template message with components" name="WhatsApp Message Sender sendTemplateMessage should send template message with components" time="0.002">
    </testcase>
    <testcase classname="WhatsApp Message Sender sendMediaMessage should send media message successfully" name="WhatsApp Message Sender sendMediaMessage should send media message successfully" time="0.003">
    </testcase>
    <testcase classname="WhatsApp Message Sender sendMediaMessage should send media message with filename" name="WhatsApp Message Sender sendMediaMessage should send media message with filename" time="0.003">
    </testcase>
    <testcase classname="WhatsApp Message Sender markMessageAsRead should mark message as read successfully" name="WhatsApp Message Sender markMessageAsRead should mark message as read successfully" time="0.003">
    </testcase>
    <testcase classname="WhatsApp Message Sender markMessageAsRead should handle missing WhatsApp API credentials" name="WhatsApp Message Sender markMessageAsRead should handle missing WhatsApp API credentials" time="0.012">
    </testcase>
  </testsuite>
  <testsuite name="WhatsApp Service" errors="0" failures="0" skipped="0" timestamp="2025-10-25T12:49:41" time="0.251" tests="7">
    <testcase classname="WhatsApp Service handleWhatsAppWebhook should return 400 for invalid webhook payload" name="WhatsApp Service handleWhatsAppWebhook should return 400 for invalid webhook payload" time="0.006">
    </testcase>
    <testcase classname="WhatsApp Service handleWhatsAppWebhook should return 200 for valid webhook payload with no entries" name="WhatsApp Service handleWhatsAppWebhook should return 200 for valid webhook payload with no entries" time="0.011">
    </testcase>
    <testcase classname="WhatsApp Service handleWhatsAppWebhook should process valid webhook with messages" name="WhatsApp Service handleWhatsAppWebhook should process valid webhook with messages" time="0.004">
    </testcase>
    <testcase classname="WhatsApp Service handleWhatsAppWebhook should handle interactive button reply messages" name="WhatsApp Service handleWhatsAppWebhook should handle interactive button reply messages" time="0.006">
    </testcase>
    <testcase classname="WhatsApp Service handleWhatsAppWebhook should handle webhook with status updates" name="WhatsApp Service handleWhatsAppWebhook should handle webhook with status updates" time="0.007">
    </testcase>
    <testcase classname="WhatsApp Service handleWhatsAppWebhook should handle error during webhook processing" name="WhatsApp Service handleWhatsAppWebhook should handle error during webhook processing" time="0.006">
    </testcase>
    <testcase classname="WhatsApp Service processIncomingMessage should process incoming messages correctly" name="WhatsApp Service processIncomingMessage should process incoming messages correctly" time="0.005">
    </testcase>
  </testsuite>
  <testsuite name="WhatsApp Message Processor" errors="0" failures="0" skipped="0" timestamp="2025-10-25T12:49:42" time="0.145" tests="9">
    <testcase classname="WhatsApp Message Processor processIncomingMessage should create new user for unknown phone number" name="WhatsApp Message Processor processIncomingMessage should create new user for unknown phone number" time="0.007">
    </testcase>
    <testcase classname="WhatsApp Message Processor processIncomingMessage should process existing user message" name="WhatsApp Message Processor processIncomingMessage should process existing user message" time="0.005">
    </testcase>
    <testcase classname="WhatsApp Message Processor processIncomingMessage should handle text messages correctly" name="WhatsApp Message Processor processIncomingMessage should handle text messages correctly" time="0.003">
    </testcase>
    <testcase classname="WhatsApp Message Processor processIncomingMessage should handle interactive button replies" name="WhatsApp Message Processor processIncomingMessage should handle interactive button replies" time="0.004">
    </testcase>
    <testcase classname="WhatsApp Message Processor processIncomingMessage should handle interactive list replies" name="WhatsApp Message Processor processIncomingMessage should handle interactive list replies" time="0.002">
    </testcase>
    <testcase classname="WhatsApp Message Processor processIncomingMessage should handle button messages" name="WhatsApp Message Processor processIncomingMessage should handle button messages" time="0.003">
    </testcase>
    <testcase classname="WhatsApp Message Processor processIncomingMessage should handle media messages" name="WhatsApp Message Processor processIncomingMessage should handle media messages" time="0.003">
    </testcase>
    <testcase classname="WhatsApp Message Processor processIncomingMessage should handle unsupported message types gracefully" name="WhatsApp Message Processor processIncomingMessage should handle unsupported message types gracefully" time="0.004">
    </testcase>
    <testcase classname="WhatsApp Message Processor processIncomingMessage should handle errors gracefully" name="WhatsApp Message Processor processIncomingMessage should handle errors gracefully" time="0.003">
    </testcase>
  </testsuite>
  <testsuite name="WhatsApp Controller" errors="0" failures="0" skipped="0" timestamp="2025-10-25T12:49:42" time="3.148" tests="4">
    <testcase classname="WhatsApp Controller handleWhatsAppWebhook should return 400 for invalid webhook payload" name="WhatsApp Controller handleWhatsAppWebhook should return 400 for invalid webhook payload" time="0.003">
    </testcase>
    <testcase classname="WhatsApp Controller handleWhatsAppWebhook should return 200 for valid webhook payload with no entries" name="WhatsApp Controller handleWhatsAppWebhook should return 200 for valid webhook payload with no entries" time="0.003">
    </testcase>
    <testcase classname="WhatsApp Controller handleWhatsAppWebhook should process valid webhook with messages" name="WhatsApp Controller handleWhatsAppWebhook should process valid webhook with messages" time="0.004">
    </testcase>
    <testcase classname="WhatsApp Controller handleWhatsAppWebhook should handle errors gracefully" name="WhatsApp Controller handleWhatsAppWebhook should handle errors gracefully" time="3.029">
    </testcase>
  </testsuite>
  <testsuite name="Nadi Reader Service" errors="0" failures="0" skipped="0" timestamp="2025-10-25T12:49:45" time="0.098" tests="4">
    <testcase classname="Nadi Reader Service generateNadiReading should generate a Nadi astrology reading" name="Nadi Reader Service generateNadiReading should generate a Nadi astrology reading" time="0.006">
    </testcase>
    <testcase classname="Nadi Reader Service generateNadiReading should handle missing birth date" name="Nadi Reader Service generateNadiReading should handle missing birth date" time="0.002">
    </testcase>
    <testcase classname="Nadi Reader Service generateNadiReading should provide Dasa period calculations" name="Nadi Reader Service generateNadiReading should provide Dasa period calculations" time="0.003">
    </testcase>
    <testcase classname="Nadi Reader Service generateNadiReading should include traditional Nadi remedies" name="Nadi Reader Service generateNadiReading should include traditional Nadi remedies" time="0.003">
    </testcase>
  </testsuite>
  <testsuite name="Palmistry Reader Service" errors="0" failures="0" skipped="0" timestamp="2025-10-25T12:49:45" time="0.098" tests="3">
    <testcase classname="Palmistry Reader Service generatePalmistryReading should generate a palmistry reading" name="Palmistry Reader Service generatePalmistryReading should generate a palmistry reading" time="0.008">
    </testcase>
    <testcase classname="Palmistry Reader Service generatePalmistryReading should generate sample reading when no user provided" name="Palmistry Reader Service generatePalmistryReading should generate sample reading when no user provided" time="0.003">
    </testcase>
    <testcase classname="Palmistry Reader Service generatePalmistryReading should handle user with hand data" name="Palmistry Reader Service generatePalmistryReading should handle user with hand data" time="0.004">
    </testcase>
  </testsuite>
  <testsuite name="Tarot Reader Service" errors="0" failures="0" skipped="0" timestamp="2025-10-25T12:49:45" time="0.122" tests="5">
    <testcase classname="Tarot Reader Service generateTarotReading should generate a single card reading" name="Tarot Reader Service generateTarotReading should generate a single card reading" time="0.006">
    </testcase>
    <testcase classname="Tarot Reader Service generateTarotReading should generate a three-card spread reading" name="Tarot Reader Service generateTarotReading should generate a three-card spread reading" time="0.003">
    </testcase>
    <testcase classname="Tarot Reader Service generateTarotReading should generate a Celtic cross spread reading" name="Tarot Reader Service generateTarotReading should generate a Celtic cross spread reading" time="0.004">
    </testcase>
    <testcase classname="Tarot Reader Service generateTarotReading should handle invalid spread type" name="Tarot Reader Service generateTarotReading should handle invalid spread type" time="0.003">
    </testcase>
    <testcase classname="Tarot Reader Service generateTarotReading should handle user personalization" name="Tarot Reader Service generateTarotReading should handle user personalization" time="0.003">
    </testcase>
  </testsuite>
  <testsuite name="Server Setup" errors="0" failures="0" skipped="0" timestamp="2025-10-25T12:49:45" time="2.532" tests="4">
    <testcase classname="Server Setup GET /health should return health status with correct structure" name="Server Setup GET /health should return health status with correct structure" time="0.105">
    </testcase>
    <testcase classname="Server Setup GET / should return welcome message with version" name="Server Setup GET / should return welcome message with version" time="0.022">
    </testcase>
    <testcase classname="Server Setup POST /webhook should return webhook ready message" name="Server Setup POST /webhook should return webhook ready message" time="0.032">
    </testcase>
    <testcase classname="Server Setup 404 Handler should return 404 for non-existent routes" name="Server Setup 404 Handler should return 404 for non-existent routes" time="0.026">
    </testcase>
  </testsuite>
</testsuites>