<?xml version="1.0" encoding="UTF-8"?>
<testsuites name="jest tests" tests="3" failures="0" errors="0" time="10.288">
  <testsuite name="AstrologyEngine" errors="0" failures="0" skipped="0" timestamp="2025-10-27T07:44:17" time="9.55" tests="3">
    <testcase classname="AstrologyEngine generateAstrologyResponse should generate astrology response for valid user" name="AstrologyEngine generateAstrologyResponse should generate astrology response for valid user" time="0.009">
    </testcase>
    <testcase classname="AstrologyEngine validateBirthData should validate valid birth data" name="AstrologyEngine validateBirthData should validate valid birth data" time="0.005">
    </testcase>
    <testcase classname="AstrologyEngine validateBirthData should reject invalid birth data" name="AstrologyEngine validateBirthData should reject invalid birth data" time="0.006">
    </testcase>
  </testsuite>
</testsuites>