<?xml version="1.0" encoding="UTF-8"?>
<testsuites name="jest tests" tests="4" failures="3" errors="0" time="9.53">
  <testsuite name="Logger" errors="0" failures="3" skipped="0" timestamp="2025-10-28T20:43:45" time="9.076" tests="4">
    <testcase classname="Logger Logging Methods should log info message" name="Logger Logging Methods should log info message" time="0.027">
      <failure>Error: expect(jest.fn()).toHaveBeenCalledWith(...expected)

Expected: StringContaining &quot;Test info message&quot;

Number of calls: 0
    at Object.toHaveBeenCalledWith (/Users/mohitmendiratta/Projects/bots/w1/astro-whatsapp-bot/tests/unit/utils/logger.test.js:18:26)
    at Promise.then.completed (/Users/mohitmendiratta/Projects/bots/w1/astro-whatsapp-bot/node_modules/jest-circus/build/utils.js:298:28)
    at new Promise (&lt;anonymous&gt;)
    at callAsyncCircusFn (/Users/mohitmendiratta/Projects/bots/w1/astro-whatsapp-bot/node_modules/jest-circus/build/utils.js:231:10)
    at _callCircusTest (/Users/mohitmendiratta/Projects/bots/w1/astro-whatsapp-bot/node_modules/jest-circus/build/run.js:316:40)
    at processTicksAndRejections (node:internal/process/task_queues:105:5)
    at _runTest (/Users/mohitmendiratta/Projects/bots/w1/astro-whatsapp-bot/node_modules/jest-circus/build/run.js:252:3)
    at _runTestsForDescribeBlock (/Users/mohitmendiratta/Projects/bots/w1/astro-whatsapp-bot/node_modules/jest-circus/build/run.js:126:9)
    at _runTestsForDescribeBlock (/Users/mohitmendiratta/Projects/bots/w1/astro-whatsapp-bot/node_modules/jest-circus/build/run.js:121:9)
    at _runTestsForDescribeBlock (/Users/mohitmendiratta/Projects/bots/w1/astro-whatsapp-bot/node_modules/jest-circus/build/run.js:121:9)
    at run (/Users/mohitmendiratta/Projects/bots/w1/astro-whatsapp-bot/node_modules/jest-circus/build/run.js:71:3)
    at runAndTransformResultsToJestFormat (/Users/mohitmendiratta/Projects/bots/w1/astro-whatsapp-bot/node_modules/jest-circus/build/legacy-code-todo-rewrite/jestAdapterInit.js:122:21)
    at jestAdapter (/Users/mohitmendiratta/Projects/bots/w1/astro-whatsapp-bot/node_modules/jest-circus/build/legacy-code-todo-rewrite/jestAdapter.js:79:19)
    at runTestInternal (/Users/mohitmendiratta/Projects/bots/w1/astro-whatsapp-bot/node_modules/jest-runner/build/runTest.js:367:16)
    at runTest (/Users/mohitmendiratta/Projects/bots/w1/astro-whatsapp-bot/node_modules/jest-runner/build/runTest.js:444:34)</failure>
    </testcase>
    <testcase classname="Logger Logging Methods should log error message" name="Logger Logging Methods should log error message" time="0.006">
      <failure>Error: expect(jest.fn()).toHaveBeenCalledWith(...expected)

Expected: StringContaining &quot;Test error message&quot;

Number of calls: 0
    at Object.toHaveBeenCalledWith (/Users/mohitmendiratta/Projects/bots/w1/astro-whatsapp-bot/tests/unit/utils/logger.test.js:28:26)
    at Promise.then.completed (/Users/mohitmendiratta/Projects/bots/w1/astro-whatsapp-bot/node_modules/jest-circus/build/utils.js:298:28)
    at new Promise (&lt;anonymous&gt;)
    at callAsyncCircusFn (/Users/mohitmendiratta/Projects/bots/w1/astro-whatsapp-bot/node_modules/jest-circus/build/utils.js:231:10)
    at _callCircusTest (/Users/mohitmendiratta/Projects/bots/w1/astro-whatsapp-bot/node_modules/jest-circus/build/run.js:316:40)
    at processTicksAndRejections (node:internal/process/task_queues:105:5)
    at _runTest (/Users/mohitmendiratta/Projects/bots/w1/astro-whatsapp-bot/node_modules/jest-circus/build/run.js:252:3)
    at _runTestsForDescribeBlock (/Users/mohitmendiratta/Projects/bots/w1/astro-whatsapp-bot/node_modules/jest-circus/build/run.js:126:9)
    at _runTestsForDescribeBlock (/Users/mohitmendiratta/Projects/bots/w1/astro-whatsapp-bot/node_modules/jest-circus/build/run.js:121:9)
    at _runTestsForDescribeBlock (/Users/mohitmendiratta/Projects/bots/w1/astro-whatsapp-bot/node_modules/jest-circus/build/run.js:121:9)
    at run (/Users/mohitmendiratta/Projects/bots/w1/astro-whatsapp-bot/node_modules/jest-circus/build/run.js:71:3)
    at runAndTransformResultsToJestFormat (/Users/mohitmendiratta/Projects/bots/w1/astro-whatsapp-bot/node_modules/jest-circus/build/legacy-code-todo-rewrite/jestAdapterInit.js:122:21)
    at jestAdapter (/Users/mohitmendiratta/Projects/bots/w1/astro-whatsapp-bot/node_modules/jest-circus/build/legacy-code-todo-rewrite/jestAdapter.js:79:19)
    at runTestInternal (/Users/mohitmendiratta/Projects/bots/w1/astro-whatsapp-bot/node_modules/jest-runner/build/runTest.js:367:16)
    at runTest (/Users/mohitmendiratta/Projects/bots/w1/astro-whatsapp-bot/node_modules/jest-runner/build/runTest.js:444:34)</failure>
    </testcase>
    <testcase classname="Logger Logging Methods should log warn message" name="Logger Logging Methods should log warn message" time="0.006">
      <failure>Error: expect(jest.fn()).toHaveBeenCalledWith(...expected)

Expected: StringContaining &quot;Test warn message&quot;

Number of calls: 0
    at Object.toHaveBeenCalledWith (/Users/mohitmendiratta/Projects/bots/w1/astro-whatsapp-bot/tests/unit/utils/logger.test.js:38:26)
    at Promise.then.completed (/Users/mohitmendiratta/Projects/bots/w1/astro-whatsapp-bot/node_modules/jest-circus/build/utils.js:298:28)
    at new Promise (&lt;anonymous&gt;)
    at callAsyncCircusFn (/Users/mohitmendiratta/Projects/bots/w1/astro-whatsapp-bot/node_modules/jest-circus/build/utils.js:231:10)
    at _callCircusTest (/Users/mohitmendiratta/Projects/bots/w1/astro-whatsapp-bot/node_modules/jest-circus/build/run.js:316:40)
    at processTicksAndRejections (node:internal/process/task_queues:105:5)
    at _runTest (/Users/mohitmendiratta/Projects/bots/w1/astro-whatsapp-bot/node_modules/jest-circus/build/run.js:252:3)
    at _runTestsForDescribeBlock (/Users/mohitmendiratta/Projects/bots/w1/astro-whatsapp-bot/node_modules/jest-circus/build/run.js:126:9)
    at _runTestsForDescribeBlock (/Users/mohitmendiratta/Projects/bots/w1/astro-whatsapp-bot/node_modules/jest-circus/build/run.js:121:9)
    at _runTestsForDescribeBlock (/Users/mohitmendiratta/Projects/bots/w1/astro-whatsapp-bot/node_modules/jest-circus/build/run.js:121:9)
    at run (/Users/mohitmendiratta/Projects/bots/w1/astro-whatsapp-bot/node_modules/jest-circus/build/run.js:71:3)
    at runAndTransformResultsToJestFormat (/Users/mohitmendiratta/Projects/bots/w1/astro-whatsapp-bot/node_modules/jest-circus/build/legacy-code-todo-rewrite/jestAdapterInit.js:122:21)
    at jestAdapter (/Users/mohitmendiratta/Projects/bots/w1/astro-whatsapp-bot/node_modules/jest-circus/build/legacy-code-todo-rewrite/jestAdapter.js:79:19)
    at runTestInternal (/Users/mohitmendiratta/Projects/bots/w1/astro-whatsapp-bot/node_modules/jest-runner/build/runTest.js:367:16)
    at runTest (/Users/mohitmendiratta/Projects/bots/w1/astro-whatsapp-bot/node_modules/jest-runner/build/runTest.js:444:34)</failure>
    </testcase>
    <testcase classname="Logger Logging Methods should log debug message" name="Logger Logging Methods should log debug message" time="0.005">
    </testcase>
  </testsuite>
</testsuites>