<?xml version="1.0" encoding="UTF-8"?>
<testsuites name="jest tests" tests="27" failures="2" errors="0" time="5.588">
  <testsuite name="Comprehensive Performance Test Suite" errors="0" failures="2" skipped="24" timestamp="2025-10-24T11:18:58" time="5.056" tests="27">
    <testcase classname="Comprehensive Performance Test Suite Response Time Performance Testing should maintain sub-2-second response times for health check endpoint as mandated by gemini.md" name="Comprehensive Performance Test Suite Response Time Performance Testing should maintain sub-2-second response times for health check endpoint as mandated by gemini.md" time="0.526">
    </testcase>
    <testcase classname="Comprehensive Performance Test Suite Response Time Performance Testing should maintain sub-2-second response times for webhook endpoint as mandated by gemini.md" name="Comprehensive Performance Test Suite Response Time Performance Testing should maintain sub-2-second response times for webhook endpoint as mandated by gemini.md" time="0.202">
      <failure>Error: expected 200 &quot;OK&quot;, got 401 &quot;Unauthorized&quot;
    at Object.expect (/Users/mohitmendiratta/Projects/bots/w1/astro-whatsapp-bot/tests/performance/comprehensive-performance-test-suite.test.js:69:11)
    at Promise.then.completed (/Users/mohitmendiratta/Projects/bots/w1/astro-whatsapp-bot/node_modules/jest-circus/build/utils.js:298:28)
    at new Promise (&lt;anonymous&gt;)
    at callAsyncCircusFn (/Users/mohitmendiratta/Projects/bots/w1/astro-whatsapp-bot/node_modules/jest-circus/build/utils.js:231:10)
    at _callCircusTest (/Users/mohitmendiratta/Projects/bots/w1/astro-whatsapp-bot/node_modules/jest-circus/build/run.js:316:40)
    at processTicksAndRejections (node:internal/process/task_queues:105:5)
    at _runTest (/Users/mohitmendiratta/Projects/bots/w1/astro-whatsapp-bot/node_modules/jest-circus/build/run.js:252:3)
    at _runTestsForDescribeBlock (/Users/mohitmendiratta/Projects/bots/w1/astro-whatsapp-bot/node_modules/jest-circus/build/run.js:126:9)
    at _runTestsForDescribeBlock (/Users/mohitmendiratta/Projects/bots/w1/astro-whatsapp-bot/node_modules/jest-circus/build/run.js:121:9)
    at _runTestsForDescribeBlock (/Users/mohitmendiratta/Projects/bots/w1/astro-whatsapp-bot/node_modules/jest-circus/build/run.js:121:9)
    at run (/Users/mohitmendiratta/Projects/bots/w1/astro-whatsapp-bot/node_modules/jest-circus/build/run.js:71:3)
    at runAndTransformResultsToJestFormat (/Users/mohitmendiratta/Projects/bots/w1/astro-whatsapp-bot/node_modules/jest-circus/build/legacy-code-todo-rewrite/jestAdapterInit.js:122:21)
    at jestAdapter (/Users/mohitmendiratta/Projects/bots/w1/astro-whatsapp-bot/node_modules/jest-circus/build/legacy-code-todo-rewrite/jestAdapter.js:79:19)
    at runTestInternal (/Users/mohitmendiratta/Projects/bots/w1/astro-whatsapp-bot/node_modules/jest-runner/build/runTest.js:367:16)
    at runTest (/Users/mohitmendiratta/Projects/bots/w1/astro-whatsapp-bot/node_modules/jest-runner/build/runTest.js:444:34)
----
    at Test._assertStatus (/Users/mohitmendiratta/Projects/bots/w1/astro-whatsapp-bot/node_modules/supertest/lib/test.js:252:14)
    at /Users/mohitmendiratta/Projects/bots/w1/astro-whatsapp-bot/node_modules/supertest/lib/test.js:308:13
    at Test._assertFunction (/Users/mohitmendiratta/Projects/bots/w1/astro-whatsapp-bot/node_modules/supertest/lib/test.js:285:13)
    at Test.assert (/Users/mohitmendiratta/Projects/bots/w1/astro-whatsapp-bot/node_modules/supertest/lib/test.js:164:23)
    at Server.localAssert (/Users/mohitmendiratta/Projects/bots/w1/astro-whatsapp-bot/node_modules/supertest/lib/test.js:120:14)
    at Object.onceWrapper (node:events:622:28)
    at Server.emit (node:events:508:28)
    at emitCloseNT (node:net:2419:8)
    at processTicksAndRejections (node:internal/process/task_queues:89:21)</failure>
    </testcase>
    <testcase classname="Comprehensive Performance Test Suite Response Time Performance Testing should maintain sub-2-second response times for all critical endpoints as mandated by gemini.md" name="Comprehensive Performance Test Suite Response Time Performance Testing should maintain sub-2-second response times for all critical endpoints as mandated by gemini.md" time="0.071">
      <failure>Error: expected 200 &quot;OK&quot;, got 401 &quot;Unauthorized&quot;
    at Object.expect (/Users/mohitmendiratta/Projects/bots/w1/astro-whatsapp-bot/tests/performance/comprehensive-performance-test-suite.test.js:103:32)
    at processTicksAndRejections (node:internal/process/task_queues:105:5)
----
    at Test._assertStatus (/Users/mohitmendiratta/Projects/bots/w1/astro-whatsapp-bot/node_modules/supertest/lib/test.js:252:14)
    at /Users/mohitmendiratta/Projects/bots/w1/astro-whatsapp-bot/node_modules/supertest/lib/test.js:308:13
    at Test._assertFunction (/Users/mohitmendiratta/Projects/bots/w1/astro-whatsapp-bot/node_modules/supertest/lib/test.js:285:13)
    at Test.assert (/Users/mohitmendiratta/Projects/bots/w1/astro-whatsapp-bot/node_modules/supertest/lib/test.js:164:23)
    at Server.localAssert (/Users/mohitmendiratta/Projects/bots/w1/astro-whatsapp-bot/node_modules/supertest/lib/test.js:120:14)
    at Object.onceWrapper (node:events:622:28)
    at Server.emit (node:events:508:28)
    at emitCloseNT (node:net:2419:8)
    at processTicksAndRejections (node:internal/process/task_queues:89:21)</failure>
    </testcase>
    <testcase classname="Comprehensive Performance Test Suite Throughput Performance Testing should handle minimum 100 requests per second throughput as mandated by gemini.md" name="Comprehensive Performance Test Suite Throughput Performance Testing should handle minimum 100 requests per second throughput as mandated by gemini.md" time="0">
      <skipped/>
    </testcase>
    <testcase classname="Comprehensive Performance Test Suite Throughput Performance Testing should maintain consistent throughput under sustained load as mandated by gemini.md" name="Comprehensive Performance Test Suite Throughput Performance Testing should maintain consistent throughput under sustained load as mandated by gemini.md" time="0">
      <skipped/>
    </testcase>
    <testcase classname="Comprehensive Performance Test Suite Resource Usage Performance Testing should maintain memory usage under 512MB as mandated by gemini.md" name="Comprehensive Performance Test Suite Resource Usage Performance Testing should maintain memory usage under 512MB as mandated by gemini.md" time="0">
      <skipped/>
    </testcase>
    <testcase classname="Comprehensive Performance Test Suite Resource Usage Performance Testing should maintain CPU usage under 80% as mandated by gemini.md" name="Comprehensive Performance Test Suite Resource Usage Performance Testing should maintain CPU usage under 80% as mandated by gemini.md" time="0">
      <skipped/>
    </testcase>
    <testcase classname="Comprehensive Performance Test Suite Caching Performance Testing should implement caching with hit rate tracking as mandated by gemini.md" name="Comprehensive Performance Test Suite Caching Performance Testing should implement caching with hit rate tracking as mandated by gemini.md" time="0">
      <skipped/>
    </testcase>
    <testcase classname="Comprehensive Performance Test Suite Caching Performance Testing should implement Redis caching with proper configuration as mandated by gemini.md" name="Comprehensive Performance Test Suite Caching Performance Testing should implement Redis caching with proper configuration as mandated by gemini.md" time="0">
      <skipped/>
    </testcase>
    <testcase classname="Comprehensive Performance Test Suite Database Performance Testing should implement database optimization with query tuning as mandated by gemini.md" name="Comprehensive Performance Test Suite Database Performance Testing should implement database optimization with query tuning as mandated by gemini.md" time="0">
      <skipped/>
    </testcase>
    <testcase classname="Comprehensive Performance Test Suite Database Performance Testing should implement connection pooling with resource utilization optimization as mandated by gemini.md" name="Comprehensive Performance Test Suite Database Performance Testing should implement connection pooling with resource utilization optimization as mandated by gemini.md" time="0">
      <skipped/>
    </testcase>
    <testcase classname="Comprehensive Performance Test Suite Asynchronous Processing Performance Testing should implement asynchronous processing with queuing as mandated by gemini.md" name="Comprehensive Performance Test Suite Asynchronous Processing Performance Testing should implement asynchronous processing with queuing as mandated by gemini.md" time="0">
      <skipped/>
    </testcase>
    <testcase classname="Comprehensive Performance Test Suite Asynchronous Processing Performance Testing should implement background jobs with improved throughput as mandated by gemini.md" name="Comprehensive Performance Test Suite Asynchronous Processing Performance Testing should implement background jobs with improved throughput as mandated by gemini.md" time="0">
      <skipped/>
    </testcase>
    <testcase classname="Comprehensive Performance Test Suite Code Profiling and Optimization Testing should implement code profiling with bottleneck identification as mandated by gemini.md" name="Comprehensive Performance Test Suite Code Profiling and Optimization Testing should implement code profiling with bottleneck identification as mandated by gemini.md" time="0">
      <skipped/>
    </testcase>
    <testcase classname="Comprehensive Performance Test Suite Code Profiling and Optimization Testing should implement memory management with leak prevention as mandated by gemini.md" name="Comprehensive Performance Test Suite Code Profiling and Optimization Testing should implement memory management with leak prevention as mandated by gemini.md" time="0">
      <skipped/>
    </testcase>
    <testcase classname="Comprehensive Performance Test Suite API Efficiency Performance Testing should implement API efficiency with round trip reduction as mandated by gemini.md" name="Comprehensive Performance Test Suite API Efficiency Performance Testing should implement API efficiency with round trip reduction as mandated by gemini.md" time="0">
      <skipped/>
    </testcase>
    <testcase classname="Comprehensive Performance Test Suite API Efficiency Performance Testing should implement compression with bandwidth reduction as mandated by gemini.md" name="Comprehensive Performance Test Suite API Efficiency Performance Testing should implement compression with bandwidth reduction as mandated by gemini.md" time="0">
      <skipped/>
    </testcase>
    <testcase classname="Comprehensive Performance Test Suite Lazy Loading Performance Testing should implement lazy loading with faster load times as mandated by gemini.md" name="Comprehensive Performance Test Suite Lazy Loading Performance Testing should implement lazy loading with faster load times as mandated by gemini.md" time="0">
      <skipped/>
    </testcase>
    <testcase classname="Comprehensive Performance Test Suite Lazy Loading Performance Testing should implement resource optimization with faster load times as mandated by gemini.md" name="Comprehensive Performance Test Suite Lazy Loading Performance Testing should implement resource optimization with faster load times as mandated by gemini.md" time="0">
      <skipped/>
    </testcase>
    <testcase classname="Comprehensive Performance Test Suite Connection Pooling Performance Testing should implement connection pooling for external APIs with reduced connection overhead as mandated by gemini.md" name="Comprehensive Performance Test Suite Connection Pooling Performance Testing should implement connection pooling for external APIs with reduced connection overhead as mandated by gemini.md" time="0">
      <skipped/>
    </testcase>
    <testcase classname="Comprehensive Performance Test Suite Connection Pooling Performance Testing should implement CDN usage for static assets with improved delivery performance as mandated by gemini.md" name="Comprehensive Performance Test Suite Connection Pooling Performance Testing should implement CDN usage for static assets with improved delivery performance as mandated by gemini.md" time="0">
      <skipped/>
    </testcase>
    <testcase classname="Comprehensive Performance Test Suite Concurrency Performance Testing should implement concurrency management with optimal resource utilization as mandated by gemini.md" name="Comprehensive Performance Test Suite Concurrency Performance Testing should implement concurrency management with optimal resource utilization as mandated by gemini.md" time="0">
      <skipped/>
    </testcase>
    <testcase classname="Comprehensive Performance Test Suite Concurrency Performance Testing should implement threading with optimal resource utilization as mandated by gemini.md" name="Comprehensive Performance Test Suite Concurrency Performance Testing should implement threading with optimal resource utilization as mandated by gemini.md" time="0">
      <skipped/>
    </testcase>
    <testcase classname="Comprehensive Performance Test Suite Performance Budget Testing should implement performance budget with automated compliance checking as mandated by gemini.md" name="Comprehensive Performance Test Suite Performance Budget Testing should implement performance budget with automated compliance checking as mandated by gemini.md" time="0">
      <skipped/>
    </testcase>
    <testcase classname="Comprehensive Performance Test Suite Performance Budget Testing should implement performance monitoring with real-time dashboards as mandated by gemini.md" name="Comprehensive Performance Test Suite Performance Budget Testing should implement performance monitoring with real-time dashboards as mandated by gemini.md" time="0">
      <skipped/>
    </testcase>
    <testcase classname="Comprehensive Performance Test Suite Performance Optimization Testing should implement performance optimization with monitoring and benchmarking as mandated by gemini.md" name="Comprehensive Performance Test Suite Performance Optimization Testing should implement performance optimization with monitoring and benchmarking as mandated by gemini.md" time="0">
      <skipped/>
    </testcase>
    <testcase classname="Comprehensive Performance Test Suite Performance Optimization Testing should implement monitoring and benchmarking infrastructure as mandated by gemini.md" name="Comprehensive Performance Test Suite Performance Optimization Testing should implement monitoring and benchmarking infrastructure as mandated by gemini.md" time="0">
      <skipped/>
    </testcase>
  </testsuite>
</testsuites>